ARM GAS  C:\Users\stijn\AppData\Local\Temp\ccYVD8Qf.s 			page 1


   1              		.syntax unified
   2              		.cpu cortex-m0plus
   3              		.fpu softvfp
   4              		.eabi_attribute 20, 1
   5              		.eabi_attribute 21, 1
   6              		.eabi_attribute 23, 3
   7              		.eabi_attribute 24, 1
   8              		.eabi_attribute 25, 1
   9              		.eabi_attribute 26, 1
  10              		.eabi_attribute 30, 1
  11              		.eabi_attribute 34, 0
  12              		.eabi_attribute 18, 4
  13              		.thumb
  14              		.syntax unified
  15              		.file	"ADCCtrl_PM.c"
  16              		.text
  17              	.Ltext0:
  18              		.cfi_sections	.debug_frame
  19              		.section	.text.ADCCtrl_SaveConfig,"ax",%progbits
  20              		.align	2
  21              		.global	ADCCtrl_SaveConfig
  22              		.code	16
  23              		.thumb_func
  24              		.type	ADCCtrl_SaveConfig, %function
  25              	ADCCtrl_SaveConfig:
  26              	.LFB45:
  27              		.file 1 "Generated_Source\\PSoC6\\ADCCtrl_PM.c"
   1:Generated_Source\PSoC6/ADCCtrl_PM.c **** /*******************************************************************************
   2:Generated_Source\PSoC6/ADCCtrl_PM.c **** * File Name: ADCCtrl_PM.c
   3:Generated_Source\PSoC6/ADCCtrl_PM.c **** * Version 1.80
   4:Generated_Source\PSoC6/ADCCtrl_PM.c **** *
   5:Generated_Source\PSoC6/ADCCtrl_PM.c **** * Description:
   6:Generated_Source\PSoC6/ADCCtrl_PM.c **** *  This file contains the setup, control, and status commands to support 
   7:Generated_Source\PSoC6/ADCCtrl_PM.c **** *  the component operation in the low power mode. 
   8:Generated_Source\PSoC6/ADCCtrl_PM.c **** *
   9:Generated_Source\PSoC6/ADCCtrl_PM.c **** * Note:
  10:Generated_Source\PSoC6/ADCCtrl_PM.c **** *
  11:Generated_Source\PSoC6/ADCCtrl_PM.c **** ********************************************************************************
  12:Generated_Source\PSoC6/ADCCtrl_PM.c **** * Copyright 2015, Cypress Semiconductor Corporation.  All rights reserved.
  13:Generated_Source\PSoC6/ADCCtrl_PM.c **** * You may use this file only in accordance with the license, terms, conditions, 
  14:Generated_Source\PSoC6/ADCCtrl_PM.c **** * disclaimers, and limitations in the end user license agreement accompanying 
  15:Generated_Source\PSoC6/ADCCtrl_PM.c **** * the software package with which this file was provided.
  16:Generated_Source\PSoC6/ADCCtrl_PM.c **** *******************************************************************************/
  17:Generated_Source\PSoC6/ADCCtrl_PM.c **** 
  18:Generated_Source\PSoC6/ADCCtrl_PM.c **** #include "ADCCtrl.h"
  19:Generated_Source\PSoC6/ADCCtrl_PM.c **** 
  20:Generated_Source\PSoC6/ADCCtrl_PM.c **** /* Check for removal by optimization */
  21:Generated_Source\PSoC6/ADCCtrl_PM.c **** #if !defined(ADCCtrl_Sync_ctrl_reg__REMOVED)
  22:Generated_Source\PSoC6/ADCCtrl_PM.c **** 
  23:Generated_Source\PSoC6/ADCCtrl_PM.c **** static ADCCtrl_BACKUP_STRUCT  ADCCtrl_backup = {0u};
  24:Generated_Source\PSoC6/ADCCtrl_PM.c **** 
  25:Generated_Source\PSoC6/ADCCtrl_PM.c ****     
  26:Generated_Source\PSoC6/ADCCtrl_PM.c **** /*******************************************************************************
  27:Generated_Source\PSoC6/ADCCtrl_PM.c **** * Function Name: ADCCtrl_SaveConfig
  28:Generated_Source\PSoC6/ADCCtrl_PM.c **** ********************************************************************************
  29:Generated_Source\PSoC6/ADCCtrl_PM.c **** *
  30:Generated_Source\PSoC6/ADCCtrl_PM.c **** * Summary:
ARM GAS  C:\Users\stijn\AppData\Local\Temp\ccYVD8Qf.s 			page 2


  31:Generated_Source\PSoC6/ADCCtrl_PM.c **** *  Saves the control register value.
  32:Generated_Source\PSoC6/ADCCtrl_PM.c **** *
  33:Generated_Source\PSoC6/ADCCtrl_PM.c **** * Parameters:
  34:Generated_Source\PSoC6/ADCCtrl_PM.c **** *  None
  35:Generated_Source\PSoC6/ADCCtrl_PM.c **** *
  36:Generated_Source\PSoC6/ADCCtrl_PM.c **** * Return:
  37:Generated_Source\PSoC6/ADCCtrl_PM.c **** *  None
  38:Generated_Source\PSoC6/ADCCtrl_PM.c **** *
  39:Generated_Source\PSoC6/ADCCtrl_PM.c **** *******************************************************************************/
  40:Generated_Source\PSoC6/ADCCtrl_PM.c **** void ADCCtrl_SaveConfig(void) 
  41:Generated_Source\PSoC6/ADCCtrl_PM.c **** {
  28              		.loc 1 41 0
  29              		.cfi_startproc
  30              		@ args = 0, pretend = 0, frame = 0
  31              		@ frame_needed = 0, uses_anonymous_args = 0
  32              		@ link register save eliminated.
  42:Generated_Source\PSoC6/ADCCtrl_PM.c ****     ADCCtrl_backup.controlState = ADCCtrl_Control;
  33              		.loc 1 42 0
  34 0000 024B     		ldr	r3, .L2
  35 0002 1A78     		ldrb	r2, [r3]
  36 0004 024B     		ldr	r3, .L2+4
  37 0006 1A70     		strb	r2, [r3]
  43:Generated_Source\PSoC6/ADCCtrl_PM.c **** }
  38              		.loc 1 43 0
  39              		@ sp needed
  40 0008 7047     		bx	lr
  41              	.L3:
  42 000a C046     		.align	2
  43              	.L2:
  44 000c 18173440 		.word	1077155608
  45 0010 00000000 		.word	.LANCHOR0
  46              		.cfi_endproc
  47              	.LFE45:
  48              		.size	ADCCtrl_SaveConfig, .-ADCCtrl_SaveConfig
  49              		.section	.text.ADCCtrl_RestoreConfig,"ax",%progbits
  50              		.align	2
  51              		.global	ADCCtrl_RestoreConfig
  52              		.code	16
  53              		.thumb_func
  54              		.type	ADCCtrl_RestoreConfig, %function
  55              	ADCCtrl_RestoreConfig:
  56              	.LFB46:
  44:Generated_Source\PSoC6/ADCCtrl_PM.c **** 
  45:Generated_Source\PSoC6/ADCCtrl_PM.c **** 
  46:Generated_Source\PSoC6/ADCCtrl_PM.c **** /*******************************************************************************
  47:Generated_Source\PSoC6/ADCCtrl_PM.c **** * Function Name: ADCCtrl_RestoreConfig
  48:Generated_Source\PSoC6/ADCCtrl_PM.c **** ********************************************************************************
  49:Generated_Source\PSoC6/ADCCtrl_PM.c **** *
  50:Generated_Source\PSoC6/ADCCtrl_PM.c **** * Summary:
  51:Generated_Source\PSoC6/ADCCtrl_PM.c **** *  Restores the control register value.
  52:Generated_Source\PSoC6/ADCCtrl_PM.c **** *
  53:Generated_Source\PSoC6/ADCCtrl_PM.c **** * Parameters:
  54:Generated_Source\PSoC6/ADCCtrl_PM.c **** *  None
  55:Generated_Source\PSoC6/ADCCtrl_PM.c **** *
  56:Generated_Source\PSoC6/ADCCtrl_PM.c **** * Return:
  57:Generated_Source\PSoC6/ADCCtrl_PM.c **** *  None
  58:Generated_Source\PSoC6/ADCCtrl_PM.c **** *
ARM GAS  C:\Users\stijn\AppData\Local\Temp\ccYVD8Qf.s 			page 3


  59:Generated_Source\PSoC6/ADCCtrl_PM.c **** *
  60:Generated_Source\PSoC6/ADCCtrl_PM.c **** *******************************************************************************/
  61:Generated_Source\PSoC6/ADCCtrl_PM.c **** void ADCCtrl_RestoreConfig(void) 
  62:Generated_Source\PSoC6/ADCCtrl_PM.c **** {
  57              		.loc 1 62 0
  58              		.cfi_startproc
  59              		@ args = 0, pretend = 0, frame = 0
  60              		@ frame_needed = 0, uses_anonymous_args = 0
  61              		@ link register save eliminated.
  63:Generated_Source\PSoC6/ADCCtrl_PM.c ****      ADCCtrl_Control = ADCCtrl_backup.controlState;
  62              		.loc 1 63 0
  63 0000 024B     		ldr	r3, .L5
  64 0002 1A78     		ldrb	r2, [r3]
  65 0004 024B     		ldr	r3, .L5+4
  66 0006 1A70     		strb	r2, [r3]
  64:Generated_Source\PSoC6/ADCCtrl_PM.c **** }
  67              		.loc 1 64 0
  68              		@ sp needed
  69 0008 7047     		bx	lr
  70              	.L6:
  71 000a C046     		.align	2
  72              	.L5:
  73 000c 00000000 		.word	.LANCHOR0
  74 0010 18173440 		.word	1077155608
  75              		.cfi_endproc
  76              	.LFE46:
  77              		.size	ADCCtrl_RestoreConfig, .-ADCCtrl_RestoreConfig
  78              		.section	.text.ADCCtrl_Sleep,"ax",%progbits
  79              		.align	2
  80              		.global	ADCCtrl_Sleep
  81              		.code	16
  82              		.thumb_func
  83              		.type	ADCCtrl_Sleep, %function
  84              	ADCCtrl_Sleep:
  85              	.LFB47:
  65:Generated_Source\PSoC6/ADCCtrl_PM.c **** 
  66:Generated_Source\PSoC6/ADCCtrl_PM.c **** 
  67:Generated_Source\PSoC6/ADCCtrl_PM.c **** /*******************************************************************************
  68:Generated_Source\PSoC6/ADCCtrl_PM.c **** * Function Name: ADCCtrl_Sleep
  69:Generated_Source\PSoC6/ADCCtrl_PM.c **** ********************************************************************************
  70:Generated_Source\PSoC6/ADCCtrl_PM.c **** *
  71:Generated_Source\PSoC6/ADCCtrl_PM.c **** * Summary:
  72:Generated_Source\PSoC6/ADCCtrl_PM.c **** *  Prepares the component for entering the low power mode.
  73:Generated_Source\PSoC6/ADCCtrl_PM.c **** *
  74:Generated_Source\PSoC6/ADCCtrl_PM.c **** * Parameters:
  75:Generated_Source\PSoC6/ADCCtrl_PM.c **** *  None
  76:Generated_Source\PSoC6/ADCCtrl_PM.c **** *
  77:Generated_Source\PSoC6/ADCCtrl_PM.c **** * Return:
  78:Generated_Source\PSoC6/ADCCtrl_PM.c **** *  None
  79:Generated_Source\PSoC6/ADCCtrl_PM.c **** *
  80:Generated_Source\PSoC6/ADCCtrl_PM.c **** *******************************************************************************/
  81:Generated_Source\PSoC6/ADCCtrl_PM.c **** void ADCCtrl_Sleep(void) 
  82:Generated_Source\PSoC6/ADCCtrl_PM.c **** {
  86              		.loc 1 82 0
  87              		.cfi_startproc
  88              		@ args = 0, pretend = 0, frame = 0
  89              		@ frame_needed = 0, uses_anonymous_args = 0
ARM GAS  C:\Users\stijn\AppData\Local\Temp\ccYVD8Qf.s 			page 4


  90 0000 10B5     		push	{r4, lr}
  91              		.cfi_def_cfa_offset 8
  92              		.cfi_offset 4, -8
  93              		.cfi_offset 14, -4
  83:Generated_Source\PSoC6/ADCCtrl_PM.c ****     ADCCtrl_SaveConfig();
  94              		.loc 1 83 0
  95 0002 FFF7FEFF 		bl	ADCCtrl_SaveConfig
  96              	.LVL0:
  84:Generated_Source\PSoC6/ADCCtrl_PM.c **** }
  97              		.loc 1 84 0
  98              		@ sp needed
  99 0006 10BD     		pop	{r4, pc}
 100              		.cfi_endproc
 101              	.LFE47:
 102              		.size	ADCCtrl_Sleep, .-ADCCtrl_Sleep
 103              		.section	.text.ADCCtrl_Wakeup,"ax",%progbits
 104              		.align	2
 105              		.global	ADCCtrl_Wakeup
 106              		.code	16
 107              		.thumb_func
 108              		.type	ADCCtrl_Wakeup, %function
 109              	ADCCtrl_Wakeup:
 110              	.LFB48:
  85:Generated_Source\PSoC6/ADCCtrl_PM.c **** 
  86:Generated_Source\PSoC6/ADCCtrl_PM.c **** 
  87:Generated_Source\PSoC6/ADCCtrl_PM.c **** /*******************************************************************************
  88:Generated_Source\PSoC6/ADCCtrl_PM.c **** * Function Name: ADCCtrl_Wakeup
  89:Generated_Source\PSoC6/ADCCtrl_PM.c **** ********************************************************************************
  90:Generated_Source\PSoC6/ADCCtrl_PM.c **** *
  91:Generated_Source\PSoC6/ADCCtrl_PM.c **** * Summary:
  92:Generated_Source\PSoC6/ADCCtrl_PM.c **** *  Restores the component after waking up from the low power mode.
  93:Generated_Source\PSoC6/ADCCtrl_PM.c **** *
  94:Generated_Source\PSoC6/ADCCtrl_PM.c **** * Parameters:
  95:Generated_Source\PSoC6/ADCCtrl_PM.c **** *  None
  96:Generated_Source\PSoC6/ADCCtrl_PM.c **** *
  97:Generated_Source\PSoC6/ADCCtrl_PM.c **** * Return:
  98:Generated_Source\PSoC6/ADCCtrl_PM.c **** *  None
  99:Generated_Source\PSoC6/ADCCtrl_PM.c **** *
 100:Generated_Source\PSoC6/ADCCtrl_PM.c **** *******************************************************************************/
 101:Generated_Source\PSoC6/ADCCtrl_PM.c **** void ADCCtrl_Wakeup(void)  
 102:Generated_Source\PSoC6/ADCCtrl_PM.c **** {
 111              		.loc 1 102 0
 112              		.cfi_startproc
 113              		@ args = 0, pretend = 0, frame = 0
 114              		@ frame_needed = 0, uses_anonymous_args = 0
 115 0000 10B5     		push	{r4, lr}
 116              		.cfi_def_cfa_offset 8
 117              		.cfi_offset 4, -8
 118              		.cfi_offset 14, -4
 103:Generated_Source\PSoC6/ADCCtrl_PM.c ****     ADCCtrl_RestoreConfig();
 119              		.loc 1 103 0
 120 0002 FFF7FEFF 		bl	ADCCtrl_RestoreConfig
 121              	.LVL1:
 104:Generated_Source\PSoC6/ADCCtrl_PM.c **** }
 122              		.loc 1 104 0
 123              		@ sp needed
 124 0006 10BD     		pop	{r4, pc}
ARM GAS  C:\Users\stijn\AppData\Local\Temp\ccYVD8Qf.s 			page 5


 125              		.cfi_endproc
 126              	.LFE48:
 127              		.size	ADCCtrl_Wakeup, .-ADCCtrl_Wakeup
 128              		.bss
 129              		.align	2
 130              		.set	.LANCHOR0,. + 0
 131              		.type	ADCCtrl_backup, %object
 132              		.size	ADCCtrl_backup, 1
 133              	ADCCtrl_backup:
 134 0000 00       		.space	1
 135              		.text
 136              	.Letext0:
 137              		.file 2 "c:\\program files (x86)\\cypress\\psoc creator\\4.2\\psoc creator\\import\\gnu\\arm\\5.4.
 138              		.file 3 "c:\\program files (x86)\\cypress\\psoc creator\\4.2\\psoc creator\\import\\gnu\\arm\\5.4.
 139              		.file 4 "Generated_Source\\PSoC6\\pdl\\drivers/peripheral/syslib/cy_syslib.h"
 140              		.file 5 "Generated_Source\\PSoC6\\ADCCtrl.h"
 141              		.section	.debug_info,"",%progbits
 142              	.Ldebug_info0:
 143 0000 65010000 		.4byte	0x165
 144 0004 0400     		.2byte	0x4
 145 0006 00000000 		.4byte	.Ldebug_abbrev0
 146 000a 04       		.byte	0x4
 147 000b 01       		.uleb128 0x1
 148 000c A9010000 		.4byte	.LASF25
 149 0010 0C       		.byte	0xc
 150 0011 40000000 		.4byte	.LASF26
 151 0015 15010000 		.4byte	.LASF27
 152 0019 00000000 		.4byte	.Ldebug_ranges0+0
 153 001d 00000000 		.4byte	0
 154 0021 00000000 		.4byte	.Ldebug_line0
 155 0025 02       		.uleb128 0x2
 156 0026 02       		.byte	0x2
 157 0027 05       		.byte	0x5
 158 0028 81010000 		.4byte	.LASF0
 159 002c 02       		.uleb128 0x2
 160 002d 01       		.byte	0x1
 161 002e 08       		.byte	0x8
 162 002f 64000000 		.4byte	.LASF1
 163 0033 02       		.uleb128 0x2
 164 0034 01       		.byte	0x1
 165 0035 06       		.byte	0x6
 166 0036 3B020000 		.4byte	.LASF2
 167 003a 03       		.uleb128 0x3
 168 003b 00000000 		.4byte	.LASF5
 169 003f 02       		.byte	0x2
 170 0040 1D       		.byte	0x1d
 171 0041 2C000000 		.4byte	0x2c
 172 0045 02       		.uleb128 0x2
 173 0046 02       		.byte	0x2
 174 0047 07       		.byte	0x7
 175 0048 27000000 		.4byte	.LASF3
 176 004c 02       		.uleb128 0x2
 177 004d 04       		.byte	0x4
 178 004e 05       		.byte	0x5
 179 004f 94010000 		.4byte	.LASF4
 180 0053 03       		.uleb128 0x3
 181 0054 C8000000 		.4byte	.LASF6
ARM GAS  C:\Users\stijn\AppData\Local\Temp\ccYVD8Qf.s 			page 6


 182 0058 02       		.byte	0x2
 183 0059 41       		.byte	0x41
 184 005a 5E000000 		.4byte	0x5e
 185 005e 02       		.uleb128 0x2
 186 005f 04       		.byte	0x4
 187 0060 07       		.byte	0x7
 188 0061 77000000 		.4byte	.LASF7
 189 0065 02       		.uleb128 0x2
 190 0066 08       		.byte	0x8
 191 0067 05       		.byte	0x5
 192 0068 6E010000 		.4byte	.LASF8
 193 006c 02       		.uleb128 0x2
 194 006d 08       		.byte	0x8
 195 006e 07       		.byte	0x7
 196 006f F6000000 		.4byte	.LASF9
 197 0073 04       		.uleb128 0x4
 198 0074 04       		.byte	0x4
 199 0075 05       		.byte	0x5
 200 0076 696E7400 		.ascii	"int\000"
 201 007a 02       		.uleb128 0x2
 202 007b 04       		.byte	0x4
 203 007c 07       		.byte	0x7
 204 007d D3000000 		.4byte	.LASF10
 205 0081 03       		.uleb128 0x3
 206 0082 0D010000 		.4byte	.LASF11
 207 0086 03       		.byte	0x3
 208 0087 18       		.byte	0x18
 209 0088 3A000000 		.4byte	0x3a
 210 008c 03       		.uleb128 0x3
 211 008d 8B010000 		.4byte	.LASF12
 212 0091 03       		.byte	0x3
 213 0092 30       		.byte	0x30
 214 0093 53000000 		.4byte	0x53
 215 0097 02       		.uleb128 0x2
 216 0098 04       		.byte	0x4
 217 0099 07       		.byte	0x7
 218 009a 65010000 		.4byte	.LASF13
 219 009e 05       		.uleb128 0x5
 220 009f 81000000 		.4byte	0x81
 221 00a3 02       		.uleb128 0x2
 222 00a4 08       		.byte	0x8
 223 00a5 04       		.byte	0x4
 224 00a6 9D010000 		.4byte	.LASF14
 225 00aa 02       		.uleb128 0x2
 226 00ab 01       		.byte	0x1
 227 00ac 08       		.byte	0x8
 228 00ad 7C010000 		.4byte	.LASF15
 229 00b1 02       		.uleb128 0x2
 230 00b2 04       		.byte	0x4
 231 00b3 04       		.byte	0x4
 232 00b4 3A000000 		.4byte	.LASF16
 233 00b8 02       		.uleb128 0x2
 234 00b9 08       		.byte	0x8
 235 00ba 04       		.byte	0x4
 236 00bb C1000000 		.4byte	.LASF17
 237 00bf 06       		.uleb128 0x6
 238 00c0 89000000 		.4byte	.LASF18
ARM GAS  C:\Users\stijn\AppData\Local\Temp\ccYVD8Qf.s 			page 7


 239 00c4 04       		.byte	0x4
 240 00c5 EA03     		.2byte	0x3ea
 241 00c7 81000000 		.4byte	0x81
 242 00cb 06       		.uleb128 0x6
 243 00cc 72000000 		.4byte	.LASF19
 244 00d0 04       		.byte	0x4
 245 00d1 F603     		.2byte	0x3f6
 246 00d3 9E000000 		.4byte	0x9e
 247 00d7 07       		.uleb128 0x7
 248 00d8 01       		.byte	0x1
 249 00d9 05       		.byte	0x5
 250 00da 24       		.byte	0x24
 251 00db EC000000 		.4byte	0xec
 252 00df 08       		.uleb128 0x8
 253 00e0 B4000000 		.4byte	.LASF28
 254 00e4 05       		.byte	0x5
 255 00e5 26       		.byte	0x26
 256 00e6 BF000000 		.4byte	0xbf
 257 00ea 00       		.byte	0
 258 00eb 00       		.byte	0
 259 00ec 03       		.uleb128 0x3
 260 00ed 9E000000 		.4byte	.LASF20
 261 00f1 05       		.byte	0x5
 262 00f2 28       		.byte	0x28
 263 00f3 D7000000 		.4byte	0xd7
 264 00f7 09       		.uleb128 0x9
 265 00f8 47020000 		.4byte	.LASF21
 266 00fc 01       		.byte	0x1
 267 00fd 28       		.byte	0x28
 268 00fe 00000000 		.4byte	.LFB45
 269 0102 14000000 		.4byte	.LFE45-.LFB45
 270 0106 01       		.uleb128 0x1
 271 0107 9C       		.byte	0x9c
 272 0108 09       		.uleb128 0x9
 273 0109 E0000000 		.4byte	.LASF22
 274 010d 01       		.byte	0x1
 275 010e 3D       		.byte	0x3d
 276 010f 00000000 		.4byte	.LFB46
 277 0113 14000000 		.4byte	.LFE46-.LFB46
 278 0117 01       		.uleb128 0x1
 279 0118 9C       		.byte	0x9c
 280 0119 0A       		.uleb128 0xa
 281 011a 19000000 		.4byte	.LASF23
 282 011e 01       		.byte	0x1
 283 011f 51       		.byte	0x51
 284 0120 00000000 		.4byte	.LFB47
 285 0124 08000000 		.4byte	.LFE47-.LFB47
 286 0128 01       		.uleb128 0x1
 287 0129 9C       		.byte	0x9c
 288 012a 38010000 		.4byte	0x138
 289 012e 0B       		.uleb128 0xb
 290 012f 06000000 		.4byte	.LVL0
 291 0133 F7000000 		.4byte	0xf7
 292 0137 00       		.byte	0
 293 0138 0A       		.uleb128 0xa
 294 0139 8F000000 		.4byte	.LASF24
 295 013d 01       		.byte	0x1
ARM GAS  C:\Users\stijn\AppData\Local\Temp\ccYVD8Qf.s 			page 8


 296 013e 65       		.byte	0x65
 297 013f 00000000 		.4byte	.LFB48
 298 0143 08000000 		.4byte	.LFE48-.LFB48
 299 0147 01       		.uleb128 0x1
 300 0148 9C       		.byte	0x9c
 301 0149 57010000 		.4byte	0x157
 302 014d 0B       		.uleb128 0xb
 303 014e 06000000 		.4byte	.LVL1
 304 0152 08010000 		.4byte	0x108
 305 0156 00       		.byte	0
 306 0157 0C       		.uleb128 0xc
 307 0158 0A000000 		.4byte	.LASF29
 308 015c 01       		.byte	0x1
 309 015d 17       		.byte	0x17
 310 015e EC000000 		.4byte	0xec
 311 0162 05       		.uleb128 0x5
 312 0163 03       		.byte	0x3
 313 0164 00000000 		.4byte	ADCCtrl_backup
 314 0168 00       		.byte	0
 315              		.section	.debug_abbrev,"",%progbits
 316              	.Ldebug_abbrev0:
 317 0000 01       		.uleb128 0x1
 318 0001 11       		.uleb128 0x11
 319 0002 01       		.byte	0x1
 320 0003 25       		.uleb128 0x25
 321 0004 0E       		.uleb128 0xe
 322 0005 13       		.uleb128 0x13
 323 0006 0B       		.uleb128 0xb
 324 0007 03       		.uleb128 0x3
 325 0008 0E       		.uleb128 0xe
 326 0009 1B       		.uleb128 0x1b
 327 000a 0E       		.uleb128 0xe
 328 000b 55       		.uleb128 0x55
 329 000c 17       		.uleb128 0x17
 330 000d 11       		.uleb128 0x11
 331 000e 01       		.uleb128 0x1
 332 000f 10       		.uleb128 0x10
 333 0010 17       		.uleb128 0x17
 334 0011 00       		.byte	0
 335 0012 00       		.byte	0
 336 0013 02       		.uleb128 0x2
 337 0014 24       		.uleb128 0x24
 338 0015 00       		.byte	0
 339 0016 0B       		.uleb128 0xb
 340 0017 0B       		.uleb128 0xb
 341 0018 3E       		.uleb128 0x3e
 342 0019 0B       		.uleb128 0xb
 343 001a 03       		.uleb128 0x3
 344 001b 0E       		.uleb128 0xe
 345 001c 00       		.byte	0
 346 001d 00       		.byte	0
 347 001e 03       		.uleb128 0x3
 348 001f 16       		.uleb128 0x16
 349 0020 00       		.byte	0
 350 0021 03       		.uleb128 0x3
 351 0022 0E       		.uleb128 0xe
 352 0023 3A       		.uleb128 0x3a
ARM GAS  C:\Users\stijn\AppData\Local\Temp\ccYVD8Qf.s 			page 9


 353 0024 0B       		.uleb128 0xb
 354 0025 3B       		.uleb128 0x3b
 355 0026 0B       		.uleb128 0xb
 356 0027 49       		.uleb128 0x49
 357 0028 13       		.uleb128 0x13
 358 0029 00       		.byte	0
 359 002a 00       		.byte	0
 360 002b 04       		.uleb128 0x4
 361 002c 24       		.uleb128 0x24
 362 002d 00       		.byte	0
 363 002e 0B       		.uleb128 0xb
 364 002f 0B       		.uleb128 0xb
 365 0030 3E       		.uleb128 0x3e
 366 0031 0B       		.uleb128 0xb
 367 0032 03       		.uleb128 0x3
 368 0033 08       		.uleb128 0x8
 369 0034 00       		.byte	0
 370 0035 00       		.byte	0
 371 0036 05       		.uleb128 0x5
 372 0037 35       		.uleb128 0x35
 373 0038 00       		.byte	0
 374 0039 49       		.uleb128 0x49
 375 003a 13       		.uleb128 0x13
 376 003b 00       		.byte	0
 377 003c 00       		.byte	0
 378 003d 06       		.uleb128 0x6
 379 003e 16       		.uleb128 0x16
 380 003f 00       		.byte	0
 381 0040 03       		.uleb128 0x3
 382 0041 0E       		.uleb128 0xe
 383 0042 3A       		.uleb128 0x3a
 384 0043 0B       		.uleb128 0xb
 385 0044 3B       		.uleb128 0x3b
 386 0045 05       		.uleb128 0x5
 387 0046 49       		.uleb128 0x49
 388 0047 13       		.uleb128 0x13
 389 0048 00       		.byte	0
 390 0049 00       		.byte	0
 391 004a 07       		.uleb128 0x7
 392 004b 13       		.uleb128 0x13
 393 004c 01       		.byte	0x1
 394 004d 0B       		.uleb128 0xb
 395 004e 0B       		.uleb128 0xb
 396 004f 3A       		.uleb128 0x3a
 397 0050 0B       		.uleb128 0xb
 398 0051 3B       		.uleb128 0x3b
 399 0052 0B       		.uleb128 0xb
 400 0053 01       		.uleb128 0x1
 401 0054 13       		.uleb128 0x13
 402 0055 00       		.byte	0
 403 0056 00       		.byte	0
 404 0057 08       		.uleb128 0x8
 405 0058 0D       		.uleb128 0xd
 406 0059 00       		.byte	0
 407 005a 03       		.uleb128 0x3
 408 005b 0E       		.uleb128 0xe
 409 005c 3A       		.uleb128 0x3a
ARM GAS  C:\Users\stijn\AppData\Local\Temp\ccYVD8Qf.s 			page 10


 410 005d 0B       		.uleb128 0xb
 411 005e 3B       		.uleb128 0x3b
 412 005f 0B       		.uleb128 0xb
 413 0060 49       		.uleb128 0x49
 414 0061 13       		.uleb128 0x13
 415 0062 38       		.uleb128 0x38
 416 0063 0B       		.uleb128 0xb
 417 0064 00       		.byte	0
 418 0065 00       		.byte	0
 419 0066 09       		.uleb128 0x9
 420 0067 2E       		.uleb128 0x2e
 421 0068 00       		.byte	0
 422 0069 3F       		.uleb128 0x3f
 423 006a 19       		.uleb128 0x19
 424 006b 03       		.uleb128 0x3
 425 006c 0E       		.uleb128 0xe
 426 006d 3A       		.uleb128 0x3a
 427 006e 0B       		.uleb128 0xb
 428 006f 3B       		.uleb128 0x3b
 429 0070 0B       		.uleb128 0xb
 430 0071 27       		.uleb128 0x27
 431 0072 19       		.uleb128 0x19
 432 0073 11       		.uleb128 0x11
 433 0074 01       		.uleb128 0x1
 434 0075 12       		.uleb128 0x12
 435 0076 06       		.uleb128 0x6
 436 0077 40       		.uleb128 0x40
 437 0078 18       		.uleb128 0x18
 438 0079 9742     		.uleb128 0x2117
 439 007b 19       		.uleb128 0x19
 440 007c 00       		.byte	0
 441 007d 00       		.byte	0
 442 007e 0A       		.uleb128 0xa
 443 007f 2E       		.uleb128 0x2e
 444 0080 01       		.byte	0x1
 445 0081 3F       		.uleb128 0x3f
 446 0082 19       		.uleb128 0x19
 447 0083 03       		.uleb128 0x3
 448 0084 0E       		.uleb128 0xe
 449 0085 3A       		.uleb128 0x3a
 450 0086 0B       		.uleb128 0xb
 451 0087 3B       		.uleb128 0x3b
 452 0088 0B       		.uleb128 0xb
 453 0089 27       		.uleb128 0x27
 454 008a 19       		.uleb128 0x19
 455 008b 11       		.uleb128 0x11
 456 008c 01       		.uleb128 0x1
 457 008d 12       		.uleb128 0x12
 458 008e 06       		.uleb128 0x6
 459 008f 40       		.uleb128 0x40
 460 0090 18       		.uleb128 0x18
 461 0091 9742     		.uleb128 0x2117
 462 0093 19       		.uleb128 0x19
 463 0094 01       		.uleb128 0x1
 464 0095 13       		.uleb128 0x13
 465 0096 00       		.byte	0
 466 0097 00       		.byte	0
ARM GAS  C:\Users\stijn\AppData\Local\Temp\ccYVD8Qf.s 			page 11


 467 0098 0B       		.uleb128 0xb
 468 0099 898201   		.uleb128 0x4109
 469 009c 00       		.byte	0
 470 009d 11       		.uleb128 0x11
 471 009e 01       		.uleb128 0x1
 472 009f 31       		.uleb128 0x31
 473 00a0 13       		.uleb128 0x13
 474 00a1 00       		.byte	0
 475 00a2 00       		.byte	0
 476 00a3 0C       		.uleb128 0xc
 477 00a4 34       		.uleb128 0x34
 478 00a5 00       		.byte	0
 479 00a6 03       		.uleb128 0x3
 480 00a7 0E       		.uleb128 0xe
 481 00a8 3A       		.uleb128 0x3a
 482 00a9 0B       		.uleb128 0xb
 483 00aa 3B       		.uleb128 0x3b
 484 00ab 0B       		.uleb128 0xb
 485 00ac 49       		.uleb128 0x49
 486 00ad 13       		.uleb128 0x13
 487 00ae 02       		.uleb128 0x2
 488 00af 18       		.uleb128 0x18
 489 00b0 00       		.byte	0
 490 00b1 00       		.byte	0
 491 00b2 00       		.byte	0
 492              		.section	.debug_aranges,"",%progbits
 493 0000 34000000 		.4byte	0x34
 494 0004 0200     		.2byte	0x2
 495 0006 00000000 		.4byte	.Ldebug_info0
 496 000a 04       		.byte	0x4
 497 000b 00       		.byte	0
 498 000c 0000     		.2byte	0
 499 000e 0000     		.2byte	0
 500 0010 00000000 		.4byte	.LFB45
 501 0014 14000000 		.4byte	.LFE45-.LFB45
 502 0018 00000000 		.4byte	.LFB46
 503 001c 14000000 		.4byte	.LFE46-.LFB46
 504 0020 00000000 		.4byte	.LFB47
 505 0024 08000000 		.4byte	.LFE47-.LFB47
 506 0028 00000000 		.4byte	.LFB48
 507 002c 08000000 		.4byte	.LFE48-.LFB48
 508 0030 00000000 		.4byte	0
 509 0034 00000000 		.4byte	0
 510              		.section	.debug_ranges,"",%progbits
 511              	.Ldebug_ranges0:
 512 0000 00000000 		.4byte	.LFB45
 513 0004 14000000 		.4byte	.LFE45
 514 0008 00000000 		.4byte	.LFB46
 515 000c 14000000 		.4byte	.LFE46
 516 0010 00000000 		.4byte	.LFB47
 517 0014 08000000 		.4byte	.LFE47
 518 0018 00000000 		.4byte	.LFB48
 519 001c 08000000 		.4byte	.LFE48
 520 0020 00000000 		.4byte	0
 521 0024 00000000 		.4byte	0
 522              		.section	.debug_line,"",%progbits
 523              	.Ldebug_line0:
ARM GAS  C:\Users\stijn\AppData\Local\Temp\ccYVD8Qf.s 			page 12


 524 0000 D4010000 		.section	.debug_str,"MS",%progbits,1
 524      02008801 
 524      00000201 
 524      FB0E0D00 
 524      01010101 
 525              	.LASF5:
 526 0000 5F5F7569 		.ascii	"__uint8_t\000"
 526      6E74385F 
 526      7400
 527              	.LASF29:
 528 000a 41444343 		.ascii	"ADCCtrl_backup\000"
 528      74726C5F 
 528      6261636B 
 528      757000
 529              	.LASF23:
 530 0019 41444343 		.ascii	"ADCCtrl_Sleep\000"
 530      74726C5F 
 530      536C6565 
 530      7000
 531              	.LASF3:
 532 0027 73686F72 		.ascii	"short unsigned int\000"
 532      7420756E 
 532      7369676E 
 532      65642069 
 532      6E7400
 533              	.LASF16:
 534 003a 666C6F61 		.ascii	"float\000"
 534      7400
 535              	.LASF26:
 536 0040 47656E65 		.ascii	"Generated_Source\\PSoC6\\ADCCtrl_PM.c\000"
 536      72617465 
 536      645F536F 
 536      75726365 
 536      5C50536F 
 537              	.LASF1:
 538 0064 756E7369 		.ascii	"unsigned char\000"
 538      676E6564 
 538      20636861 
 538      7200
 539              	.LASF19:
 540 0072 72656738 		.ascii	"reg8\000"
 540      00
 541              	.LASF7:
 542 0077 6C6F6E67 		.ascii	"long unsigned int\000"
 542      20756E73 
 542      69676E65 
 542      6420696E 
 542      7400
 543              	.LASF18:
 544 0089 75696E74 		.ascii	"uint8\000"
 544      3800
 545              	.LASF24:
 546 008f 41444343 		.ascii	"ADCCtrl_Wakeup\000"
 546      74726C5F 
 546      57616B65 
 546      757000
 547              	.LASF20:
ARM GAS  C:\Users\stijn\AppData\Local\Temp\ccYVD8Qf.s 			page 13


 548 009e 41444343 		.ascii	"ADCCtrl_BACKUP_STRUCT\000"
 548      74726C5F 
 548      4241434B 
 548      55505F53 
 548      54525543 
 549              	.LASF28:
 550 00b4 636F6E74 		.ascii	"controlState\000"
 550      726F6C53 
 550      74617465 
 550      00
 551              	.LASF17:
 552 00c1 646F7562 		.ascii	"double\000"
 552      6C6500
 553              	.LASF6:
 554 00c8 5F5F7569 		.ascii	"__uint32_t\000"
 554      6E743332 
 554      5F7400
 555              	.LASF10:
 556 00d3 756E7369 		.ascii	"unsigned int\000"
 556      676E6564 
 556      20696E74 
 556      00
 557              	.LASF22:
 558 00e0 41444343 		.ascii	"ADCCtrl_RestoreConfig\000"
 558      74726C5F 
 558      52657374 
 558      6F726543 
 558      6F6E6669 
 559              	.LASF9:
 560 00f6 6C6F6E67 		.ascii	"long long unsigned int\000"
 560      206C6F6E 
 560      6720756E 
 560      7369676E 
 560      65642069 
 561              	.LASF11:
 562 010d 75696E74 		.ascii	"uint8_t\000"
 562      385F7400 
 563              	.LASF27:
 564 0115 433A5C55 		.ascii	"C:\\Users\\stijn\\OneDrive\\Documenten\\PSoC Creato"
 564      73657273 
 564      5C737469 
 564      6A6E5C4F 
 564      6E654472 
 565 0143 725C4144 		.ascii	"r\\ADC Klodden\\RTOS_I2C_Test.cydsn\000"
 565      43204B6C 
 565      6F646465 
 565      6E5C5254 
 565      4F535F49 
 566              	.LASF13:
 567 0165 73697A65 		.ascii	"sizetype\000"
 567      74797065 
 567      00
 568              	.LASF8:
 569 016e 6C6F6E67 		.ascii	"long long int\000"
 569      206C6F6E 
 569      6720696E 
 569      7400
ARM GAS  C:\Users\stijn\AppData\Local\Temp\ccYVD8Qf.s 			page 14


 570              	.LASF15:
 571 017c 63686172 		.ascii	"char\000"
 571      00
 572              	.LASF0:
 573 0181 73686F72 		.ascii	"short int\000"
 573      7420696E 
 573      7400
 574              	.LASF12:
 575 018b 75696E74 		.ascii	"uint32_t\000"
 575      33325F74 
 575      00
 576              	.LASF4:
 577 0194 6C6F6E67 		.ascii	"long int\000"
 577      20696E74 
 577      00
 578              	.LASF14:
 579 019d 6C6F6E67 		.ascii	"long double\000"
 579      20646F75 
 579      626C6500 
 580              	.LASF25:
 581 01a9 474E5520 		.ascii	"GNU C11 5.4.1 20160609 (release) [ARM/embedded-5-br"
 581      43313120 
 581      352E342E 
 581      31203230 
 581      31363036 
 582 01dc 616E6368 		.ascii	"anch revision 237715] -mcpu=cortex-m0plus -mthumb -"
 582      20726576 
 582      6973696F 
 582      6E203233 
 582      37373135 
 583 020f 67202D4F 		.ascii	"g -Og -ffunction-sections -ffat-lto-objects\000"
 583      67202D66 
 583      66756E63 
 583      74696F6E 
 583      2D736563 
 584              	.LASF2:
 585 023b 7369676E 		.ascii	"signed char\000"
 585      65642063 
 585      68617200 
 586              	.LASF21:
 587 0247 41444343 		.ascii	"ADCCtrl_SaveConfig\000"
 587      74726C5F 
 587      53617665 
 587      436F6E66 
 587      696700
 588              		.ident	"GCC: (GNU Tools for ARM Embedded Processors) 5.4.1 20160609 (release) [ARM/embedded-5-bran
