ARM GAS  C:\Users\stijn\AppData\Local\Temp\ccj4GsSF.s 			page 1


   1              		.syntax unified
   2              		.cpu cortex-m0plus
   3              		.fpu softvfp
   4              		.eabi_attribute 20, 1
   5              		.eabi_attribute 21, 1
   6              		.eabi_attribute 23, 3
   7              		.eabi_attribute 24, 1
   8              		.eabi_attribute 25, 1
   9              		.eabi_attribute 26, 1
  10              		.eabi_attribute 30, 1
  11              		.eabi_attribute 34, 0
  12              		.eabi_attribute 18, 4
  13              		.thumb
  14              		.syntax unified
  15              		.file	"AMuxCtrl.c"
  16              		.text
  17              	.Ltext0:
  18              		.cfi_sections	.debug_frame
  19              		.section	.text.AMuxCtrl_Write,"ax",%progbits
  20              		.align	2
  21              		.global	AMuxCtrl_Write
  22              		.code	16
  23              		.thumb_func
  24              		.type	AMuxCtrl_Write, %function
  25              	AMuxCtrl_Write:
  26              	.LFB45:
  27              		.file 1 "Generated_Source\\PSoC6\\AMuxCtrl.c"
   1:Generated_Source\PSoC6/AMuxCtrl.c **** /*******************************************************************************
   2:Generated_Source\PSoC6/AMuxCtrl.c **** * File Name: AMuxCtrl.c  
   3:Generated_Source\PSoC6/AMuxCtrl.c **** * Version 1.80
   4:Generated_Source\PSoC6/AMuxCtrl.c **** *
   5:Generated_Source\PSoC6/AMuxCtrl.c **** * Description:
   6:Generated_Source\PSoC6/AMuxCtrl.c **** *  This file contains API to enable firmware control of a Control Register.
   7:Generated_Source\PSoC6/AMuxCtrl.c **** *
   8:Generated_Source\PSoC6/AMuxCtrl.c **** * Note:
   9:Generated_Source\PSoC6/AMuxCtrl.c **** *
  10:Generated_Source\PSoC6/AMuxCtrl.c **** ********************************************************************************
  11:Generated_Source\PSoC6/AMuxCtrl.c **** * Copyright 2008-2015, Cypress Semiconductor Corporation.  All rights reserved.
  12:Generated_Source\PSoC6/AMuxCtrl.c **** * You may use this file only in accordance with the license, terms, conditions, 
  13:Generated_Source\PSoC6/AMuxCtrl.c **** * disclaimers, and limitations in the end user license agreement accompanying 
  14:Generated_Source\PSoC6/AMuxCtrl.c **** * the software package with which this file was provided.
  15:Generated_Source\PSoC6/AMuxCtrl.c **** *******************************************************************************/
  16:Generated_Source\PSoC6/AMuxCtrl.c **** 
  17:Generated_Source\PSoC6/AMuxCtrl.c **** #include "AMuxCtrl.h"
  18:Generated_Source\PSoC6/AMuxCtrl.c **** 
  19:Generated_Source\PSoC6/AMuxCtrl.c **** /* Check for removal by optimization */
  20:Generated_Source\PSoC6/AMuxCtrl.c **** #if !defined(AMuxCtrl_Sync_ctrl_reg__REMOVED)
  21:Generated_Source\PSoC6/AMuxCtrl.c **** 
  22:Generated_Source\PSoC6/AMuxCtrl.c ****     
  23:Generated_Source\PSoC6/AMuxCtrl.c **** /*******************************************************************************
  24:Generated_Source\PSoC6/AMuxCtrl.c **** * Function Name: AMuxCtrl_Write
  25:Generated_Source\PSoC6/AMuxCtrl.c **** ********************************************************************************
  26:Generated_Source\PSoC6/AMuxCtrl.c **** *
  27:Generated_Source\PSoC6/AMuxCtrl.c **** * Summary:
  28:Generated_Source\PSoC6/AMuxCtrl.c **** *  Write a byte to the Control Register.
  29:Generated_Source\PSoC6/AMuxCtrl.c **** *
  30:Generated_Source\PSoC6/AMuxCtrl.c **** * Parameters:
ARM GAS  C:\Users\stijn\AppData\Local\Temp\ccj4GsSF.s 			page 2


  31:Generated_Source\PSoC6/AMuxCtrl.c **** *  control:  The value to be assigned to the Control Register.
  32:Generated_Source\PSoC6/AMuxCtrl.c **** *
  33:Generated_Source\PSoC6/AMuxCtrl.c **** * Return:
  34:Generated_Source\PSoC6/AMuxCtrl.c **** *  None.
  35:Generated_Source\PSoC6/AMuxCtrl.c **** *
  36:Generated_Source\PSoC6/AMuxCtrl.c **** *******************************************************************************/
  37:Generated_Source\PSoC6/AMuxCtrl.c **** void AMuxCtrl_Write(uint8 control) 
  38:Generated_Source\PSoC6/AMuxCtrl.c **** {
  28              		.loc 1 38 0
  29              		.cfi_startproc
  30              		@ args = 0, pretend = 0, frame = 0
  31              		@ frame_needed = 0, uses_anonymous_args = 0
  32              		@ link register save eliminated.
  33              	.LVL0:
  39:Generated_Source\PSoC6/AMuxCtrl.c ****     AMuxCtrl_Control = control;
  34              		.loc 1 39 0
  35 0000 014B     		ldr	r3, .L2
  36 0002 1870     		strb	r0, [r3]
  40:Generated_Source\PSoC6/AMuxCtrl.c **** }
  37              		.loc 1 40 0
  38              		@ sp needed
  39 0004 7047     		bx	lr
  40              	.L3:
  41 0006 C046     		.align	2
  42              	.L2:
  43 0008 1C173440 		.word	1077155612
  44              		.cfi_endproc
  45              	.LFE45:
  46              		.size	AMuxCtrl_Write, .-AMuxCtrl_Write
  47              		.section	.text.AMuxCtrl_Read,"ax",%progbits
  48              		.align	2
  49              		.global	AMuxCtrl_Read
  50              		.code	16
  51              		.thumb_func
  52              		.type	AMuxCtrl_Read, %function
  53              	AMuxCtrl_Read:
  54              	.LFB46:
  41:Generated_Source\PSoC6/AMuxCtrl.c **** 
  42:Generated_Source\PSoC6/AMuxCtrl.c **** 
  43:Generated_Source\PSoC6/AMuxCtrl.c **** /*******************************************************************************
  44:Generated_Source\PSoC6/AMuxCtrl.c **** * Function Name: AMuxCtrl_Read
  45:Generated_Source\PSoC6/AMuxCtrl.c **** ********************************************************************************
  46:Generated_Source\PSoC6/AMuxCtrl.c **** *
  47:Generated_Source\PSoC6/AMuxCtrl.c **** * Summary:
  48:Generated_Source\PSoC6/AMuxCtrl.c **** *  Reads the current value assigned to the Control Register.
  49:Generated_Source\PSoC6/AMuxCtrl.c **** *
  50:Generated_Source\PSoC6/AMuxCtrl.c **** * Parameters:
  51:Generated_Source\PSoC6/AMuxCtrl.c **** *  None.
  52:Generated_Source\PSoC6/AMuxCtrl.c **** *
  53:Generated_Source\PSoC6/AMuxCtrl.c **** * Return:
  54:Generated_Source\PSoC6/AMuxCtrl.c **** *  Returns the current value in the Control Register.
  55:Generated_Source\PSoC6/AMuxCtrl.c **** *
  56:Generated_Source\PSoC6/AMuxCtrl.c **** *******************************************************************************/
  57:Generated_Source\PSoC6/AMuxCtrl.c **** uint8 AMuxCtrl_Read(void) 
  58:Generated_Source\PSoC6/AMuxCtrl.c **** {
  55              		.loc 1 58 0
  56              		.cfi_startproc
ARM GAS  C:\Users\stijn\AppData\Local\Temp\ccj4GsSF.s 			page 3


  57              		@ args = 0, pretend = 0, frame = 0
  58              		@ frame_needed = 0, uses_anonymous_args = 0
  59              		@ link register save eliminated.
  59:Generated_Source\PSoC6/AMuxCtrl.c ****     return AMuxCtrl_Control;
  60              		.loc 1 59 0
  61 0000 014B     		ldr	r3, .L5
  62 0002 1878     		ldrb	r0, [r3]
  63 0004 C0B2     		uxtb	r0, r0
  60:Generated_Source\PSoC6/AMuxCtrl.c **** }
  64              		.loc 1 60 0
  65              		@ sp needed
  66 0006 7047     		bx	lr
  67              	.L6:
  68              		.align	2
  69              	.L5:
  70 0008 1C173440 		.word	1077155612
  71              		.cfi_endproc
  72              	.LFE46:
  73              		.size	AMuxCtrl_Read, .-AMuxCtrl_Read
  74              		.text
  75              	.Letext0:
  76              		.file 2 "c:\\program files (x86)\\cypress\\psoc creator\\4.2\\psoc creator\\import\\gnu\\arm\\5.4.
  77              		.file 3 "c:\\program files (x86)\\cypress\\psoc creator\\4.2\\psoc creator\\import\\gnu\\arm\\5.4.
  78              		.file 4 "Generated_Source\\PSoC6\\pdl\\drivers/peripheral/syslib/cy_syslib.h"
  79              		.section	.debug_info,"",%progbits
  80              	.Ldebug_info0:
  81 0000 F6000000 		.4byte	0xf6
  82 0004 0400     		.2byte	0x4
  83 0006 00000000 		.4byte	.Ldebug_abbrev0
  84 000a 04       		.byte	0x4
  85 000b 01       		.uleb128 0x1
  86 000c 4E010000 		.4byte	.LASF18
  87 0010 0C       		.byte	0xc
  88 0011 6B000000 		.4byte	.LASF19
  89 0015 1B000000 		.4byte	.LASF20
  90 0019 00000000 		.4byte	.Ldebug_ranges0+0
  91 001d 00000000 		.4byte	0
  92 0021 00000000 		.4byte	.Ldebug_line0
  93 0025 02       		.uleb128 0x2
  94 0026 02       		.byte	0x2
  95 0027 05       		.byte	0x5
  96 0028 44010000 		.4byte	.LASF0
  97 002c 02       		.uleb128 0x2
  98 002d 01       		.byte	0x1
  99 002e 08       		.byte	0x8
 100 002f D4000000 		.4byte	.LASF1
 101 0033 02       		.uleb128 0x2
 102 0034 01       		.byte	0x1
 103 0035 06       		.byte	0x6
 104 0036 1D010000 		.4byte	.LASF2
 105 003a 03       		.uleb128 0x3
 106 003b BC000000 		.4byte	.LASF9
 107 003f 02       		.byte	0x2
 108 0040 1D       		.byte	0x1d
 109 0041 2C000000 		.4byte	0x2c
 110 0045 02       		.uleb128 0x2
 111 0046 02       		.byte	0x2
ARM GAS  C:\Users\stijn\AppData\Local\Temp\ccj4GsSF.s 			page 4


 112 0047 07       		.byte	0x7
 113 0048 0A010000 		.4byte	.LASF3
 114 004c 02       		.uleb128 0x2
 115 004d 04       		.byte	0x4
 116 004e 05       		.byte	0x5
 117 004f 01010000 		.4byte	.LASF4
 118 0053 02       		.uleb128 0x2
 119 0054 04       		.byte	0x4
 120 0055 07       		.byte	0x7
 121 0056 93000000 		.4byte	.LASF5
 122 005a 02       		.uleb128 0x2
 123 005b 08       		.byte	0x8
 124 005c 05       		.byte	0x5
 125 005d 00000000 		.4byte	.LASF6
 126 0061 02       		.uleb128 0x2
 127 0062 08       		.byte	0x8
 128 0063 07       		.byte	0x7
 129 0064 A5000000 		.4byte	.LASF7
 130 0068 04       		.uleb128 0x4
 131 0069 04       		.byte	0x4
 132 006a 05       		.byte	0x5
 133 006b 696E7400 		.ascii	"int\000"
 134 006f 02       		.uleb128 0x2
 135 0070 04       		.byte	0x4
 136 0071 07       		.byte	0x7
 137 0072 0E000000 		.4byte	.LASF8
 138 0076 03       		.uleb128 0x3
 139 0077 CC000000 		.4byte	.LASF10
 140 007b 03       		.byte	0x3
 141 007c 18       		.byte	0x18
 142 007d 3A000000 		.4byte	0x3a
 143 0081 02       		.uleb128 0x2
 144 0082 04       		.byte	0x4
 145 0083 07       		.byte	0x7
 146 0084 E8010000 		.4byte	.LASF11
 147 0088 05       		.uleb128 0x5
 148 0089 76000000 		.4byte	0x76
 149 008d 02       		.uleb128 0x2
 150 008e 08       		.byte	0x8
 151 008f 04       		.byte	0x4
 152 0090 38010000 		.4byte	.LASF12
 153 0094 02       		.uleb128 0x2
 154 0095 01       		.byte	0x1
 155 0096 08       		.byte	0x8
 156 0097 E2000000 		.4byte	.LASF13
 157 009b 02       		.uleb128 0x2
 158 009c 04       		.byte	0x4
 159 009d 04       		.byte	0x4
 160 009e C6000000 		.4byte	.LASF14
 161 00a2 02       		.uleb128 0x2
 162 00a3 08       		.byte	0x8
 163 00a4 04       		.byte	0x4
 164 00a5 FA000000 		.4byte	.LASF15
 165 00a9 06       		.uleb128 0x6
 166 00aa 8D000000 		.4byte	.LASF16
 167 00ae 04       		.byte	0x4
 168 00af EA03     		.2byte	0x3ea
ARM GAS  C:\Users\stijn\AppData\Local\Temp\ccj4GsSF.s 			page 5


 169 00b1 76000000 		.4byte	0x76
 170 00b5 06       		.uleb128 0x6
 171 00b6 F5000000 		.4byte	.LASF17
 172 00ba 04       		.byte	0x4
 173 00bb F603     		.2byte	0x3f6
 174 00bd 88000000 		.4byte	0x88
 175 00c1 07       		.uleb128 0x7
 176 00c2 29010000 		.4byte	.LASF21
 177 00c6 01       		.byte	0x1
 178 00c7 25       		.byte	0x25
 179 00c8 00000000 		.4byte	.LFB45
 180 00cc 0C000000 		.4byte	.LFE45-.LFB45
 181 00d0 01       		.uleb128 0x1
 182 00d1 9C       		.byte	0x9c
 183 00d2 E4000000 		.4byte	0xe4
 184 00d6 08       		.uleb128 0x8
 185 00d7 E0010000 		.4byte	.LASF22
 186 00db 01       		.byte	0x1
 187 00dc 25       		.byte	0x25
 188 00dd A9000000 		.4byte	0xa9
 189 00e1 01       		.uleb128 0x1
 190 00e2 50       		.byte	0x50
 191 00e3 00       		.byte	0
 192 00e4 09       		.uleb128 0x9
 193 00e5 E7000000 		.4byte	.LASF23
 194 00e9 01       		.byte	0x1
 195 00ea 39       		.byte	0x39
 196 00eb A9000000 		.4byte	0xa9
 197 00ef 00000000 		.4byte	.LFB46
 198 00f3 0C000000 		.4byte	.LFE46-.LFB46
 199 00f7 01       		.uleb128 0x1
 200 00f8 9C       		.byte	0x9c
 201 00f9 00       		.byte	0
 202              		.section	.debug_abbrev,"",%progbits
 203              	.Ldebug_abbrev0:
 204 0000 01       		.uleb128 0x1
 205 0001 11       		.uleb128 0x11
 206 0002 01       		.byte	0x1
 207 0003 25       		.uleb128 0x25
 208 0004 0E       		.uleb128 0xe
 209 0005 13       		.uleb128 0x13
 210 0006 0B       		.uleb128 0xb
 211 0007 03       		.uleb128 0x3
 212 0008 0E       		.uleb128 0xe
 213 0009 1B       		.uleb128 0x1b
 214 000a 0E       		.uleb128 0xe
 215 000b 55       		.uleb128 0x55
 216 000c 17       		.uleb128 0x17
 217 000d 11       		.uleb128 0x11
 218 000e 01       		.uleb128 0x1
 219 000f 10       		.uleb128 0x10
 220 0010 17       		.uleb128 0x17
 221 0011 00       		.byte	0
 222 0012 00       		.byte	0
 223 0013 02       		.uleb128 0x2
 224 0014 24       		.uleb128 0x24
 225 0015 00       		.byte	0
ARM GAS  C:\Users\stijn\AppData\Local\Temp\ccj4GsSF.s 			page 6


 226 0016 0B       		.uleb128 0xb
 227 0017 0B       		.uleb128 0xb
 228 0018 3E       		.uleb128 0x3e
 229 0019 0B       		.uleb128 0xb
 230 001a 03       		.uleb128 0x3
 231 001b 0E       		.uleb128 0xe
 232 001c 00       		.byte	0
 233 001d 00       		.byte	0
 234 001e 03       		.uleb128 0x3
 235 001f 16       		.uleb128 0x16
 236 0020 00       		.byte	0
 237 0021 03       		.uleb128 0x3
 238 0022 0E       		.uleb128 0xe
 239 0023 3A       		.uleb128 0x3a
 240 0024 0B       		.uleb128 0xb
 241 0025 3B       		.uleb128 0x3b
 242 0026 0B       		.uleb128 0xb
 243 0027 49       		.uleb128 0x49
 244 0028 13       		.uleb128 0x13
 245 0029 00       		.byte	0
 246 002a 00       		.byte	0
 247 002b 04       		.uleb128 0x4
 248 002c 24       		.uleb128 0x24
 249 002d 00       		.byte	0
 250 002e 0B       		.uleb128 0xb
 251 002f 0B       		.uleb128 0xb
 252 0030 3E       		.uleb128 0x3e
 253 0031 0B       		.uleb128 0xb
 254 0032 03       		.uleb128 0x3
 255 0033 08       		.uleb128 0x8
 256 0034 00       		.byte	0
 257 0035 00       		.byte	0
 258 0036 05       		.uleb128 0x5
 259 0037 35       		.uleb128 0x35
 260 0038 00       		.byte	0
 261 0039 49       		.uleb128 0x49
 262 003a 13       		.uleb128 0x13
 263 003b 00       		.byte	0
 264 003c 00       		.byte	0
 265 003d 06       		.uleb128 0x6
 266 003e 16       		.uleb128 0x16
 267 003f 00       		.byte	0
 268 0040 03       		.uleb128 0x3
 269 0041 0E       		.uleb128 0xe
 270 0042 3A       		.uleb128 0x3a
 271 0043 0B       		.uleb128 0xb
 272 0044 3B       		.uleb128 0x3b
 273 0045 05       		.uleb128 0x5
 274 0046 49       		.uleb128 0x49
 275 0047 13       		.uleb128 0x13
 276 0048 00       		.byte	0
 277 0049 00       		.byte	0
 278 004a 07       		.uleb128 0x7
 279 004b 2E       		.uleb128 0x2e
 280 004c 01       		.byte	0x1
 281 004d 3F       		.uleb128 0x3f
 282 004e 19       		.uleb128 0x19
ARM GAS  C:\Users\stijn\AppData\Local\Temp\ccj4GsSF.s 			page 7


 283 004f 03       		.uleb128 0x3
 284 0050 0E       		.uleb128 0xe
 285 0051 3A       		.uleb128 0x3a
 286 0052 0B       		.uleb128 0xb
 287 0053 3B       		.uleb128 0x3b
 288 0054 0B       		.uleb128 0xb
 289 0055 27       		.uleb128 0x27
 290 0056 19       		.uleb128 0x19
 291 0057 11       		.uleb128 0x11
 292 0058 01       		.uleb128 0x1
 293 0059 12       		.uleb128 0x12
 294 005a 06       		.uleb128 0x6
 295 005b 40       		.uleb128 0x40
 296 005c 18       		.uleb128 0x18
 297 005d 9742     		.uleb128 0x2117
 298 005f 19       		.uleb128 0x19
 299 0060 01       		.uleb128 0x1
 300 0061 13       		.uleb128 0x13
 301 0062 00       		.byte	0
 302 0063 00       		.byte	0
 303 0064 08       		.uleb128 0x8
 304 0065 05       		.uleb128 0x5
 305 0066 00       		.byte	0
 306 0067 03       		.uleb128 0x3
 307 0068 0E       		.uleb128 0xe
 308 0069 3A       		.uleb128 0x3a
 309 006a 0B       		.uleb128 0xb
 310 006b 3B       		.uleb128 0x3b
 311 006c 0B       		.uleb128 0xb
 312 006d 49       		.uleb128 0x49
 313 006e 13       		.uleb128 0x13
 314 006f 02       		.uleb128 0x2
 315 0070 18       		.uleb128 0x18
 316 0071 00       		.byte	0
 317 0072 00       		.byte	0
 318 0073 09       		.uleb128 0x9
 319 0074 2E       		.uleb128 0x2e
 320 0075 00       		.byte	0
 321 0076 3F       		.uleb128 0x3f
 322 0077 19       		.uleb128 0x19
 323 0078 03       		.uleb128 0x3
 324 0079 0E       		.uleb128 0xe
 325 007a 3A       		.uleb128 0x3a
 326 007b 0B       		.uleb128 0xb
 327 007c 3B       		.uleb128 0x3b
 328 007d 0B       		.uleb128 0xb
 329 007e 27       		.uleb128 0x27
 330 007f 19       		.uleb128 0x19
 331 0080 49       		.uleb128 0x49
 332 0081 13       		.uleb128 0x13
 333 0082 11       		.uleb128 0x11
 334 0083 01       		.uleb128 0x1
 335 0084 12       		.uleb128 0x12
 336 0085 06       		.uleb128 0x6
 337 0086 40       		.uleb128 0x40
 338 0087 18       		.uleb128 0x18
 339 0088 9742     		.uleb128 0x2117
ARM GAS  C:\Users\stijn\AppData\Local\Temp\ccj4GsSF.s 			page 8


 340 008a 19       		.uleb128 0x19
 341 008b 00       		.byte	0
 342 008c 00       		.byte	0
 343 008d 00       		.byte	0
 344              		.section	.debug_aranges,"",%progbits
 345 0000 24000000 		.4byte	0x24
 346 0004 0200     		.2byte	0x2
 347 0006 00000000 		.4byte	.Ldebug_info0
 348 000a 04       		.byte	0x4
 349 000b 00       		.byte	0
 350 000c 0000     		.2byte	0
 351 000e 0000     		.2byte	0
 352 0010 00000000 		.4byte	.LFB45
 353 0014 0C000000 		.4byte	.LFE45-.LFB45
 354 0018 00000000 		.4byte	.LFB46
 355 001c 0C000000 		.4byte	.LFE46-.LFB46
 356 0020 00000000 		.4byte	0
 357 0024 00000000 		.4byte	0
 358              		.section	.debug_ranges,"",%progbits
 359              	.Ldebug_ranges0:
 360 0000 00000000 		.4byte	.LFB45
 361 0004 0C000000 		.4byte	.LFE45
 362 0008 00000000 		.4byte	.LFB46
 363 000c 0C000000 		.4byte	.LFE46
 364 0010 00000000 		.4byte	0
 365 0014 00000000 		.4byte	0
 366              		.section	.debug_line,"",%progbits
 367              	.Ldebug_line0:
 368 0000 A1010000 		.section	.debug_str,"MS",%progbits,1
 368      02007901 
 368      00000201 
 368      FB0E0D00 
 368      01010101 
 369              	.LASF6:
 370 0000 6C6F6E67 		.ascii	"long long int\000"
 370      206C6F6E 
 370      6720696E 
 370      7400
 371              	.LASF8:
 372 000e 756E7369 		.ascii	"unsigned int\000"
 372      676E6564 
 372      20696E74 
 372      00
 373              	.LASF20:
 374 001b 433A5C55 		.ascii	"C:\\Users\\stijn\\OneDrive\\Documenten\\PSoC Creato"
 374      73657273 
 374      5C737469 
 374      6A6E5C4F 
 374      6E654472 
 375 0049 725C4144 		.ascii	"r\\ADC Klodden\\RTOS_I2C_Test.cydsn\000"
 375      43204B6C 
 375      6F646465 
 375      6E5C5254 
 375      4F535F49 
 376              	.LASF19:
 377 006b 47656E65 		.ascii	"Generated_Source\\PSoC6\\AMuxCtrl.c\000"
 377      72617465 
ARM GAS  C:\Users\stijn\AppData\Local\Temp\ccj4GsSF.s 			page 9


 377      645F536F 
 377      75726365 
 377      5C50536F 
 378              	.LASF16:
 379 008d 75696E74 		.ascii	"uint8\000"
 379      3800
 380              	.LASF5:
 381 0093 6C6F6E67 		.ascii	"long unsigned int\000"
 381      20756E73 
 381      69676E65 
 381      6420696E 
 381      7400
 382              	.LASF7:
 383 00a5 6C6F6E67 		.ascii	"long long unsigned int\000"
 383      206C6F6E 
 383      6720756E 
 383      7369676E 
 383      65642069 
 384              	.LASF9:
 385 00bc 5F5F7569 		.ascii	"__uint8_t\000"
 385      6E74385F 
 385      7400
 386              	.LASF14:
 387 00c6 666C6F61 		.ascii	"float\000"
 387      7400
 388              	.LASF10:
 389 00cc 75696E74 		.ascii	"uint8_t\000"
 389      385F7400 
 390              	.LASF1:
 391 00d4 756E7369 		.ascii	"unsigned char\000"
 391      676E6564 
 391      20636861 
 391      7200
 392              	.LASF13:
 393 00e2 63686172 		.ascii	"char\000"
 393      00
 394              	.LASF23:
 395 00e7 414D7578 		.ascii	"AMuxCtrl_Read\000"
 395      4374726C 
 395      5F526561 
 395      6400
 396              	.LASF17:
 397 00f5 72656738 		.ascii	"reg8\000"
 397      00
 398              	.LASF15:
 399 00fa 646F7562 		.ascii	"double\000"
 399      6C6500
 400              	.LASF4:
 401 0101 6C6F6E67 		.ascii	"long int\000"
 401      20696E74 
 401      00
 402              	.LASF3:
 403 010a 73686F72 		.ascii	"short unsigned int\000"
 403      7420756E 
 403      7369676E 
 403      65642069 
 403      6E7400
ARM GAS  C:\Users\stijn\AppData\Local\Temp\ccj4GsSF.s 			page 10


 404              	.LASF2:
 405 011d 7369676E 		.ascii	"signed char\000"
 405      65642063 
 405      68617200 
 406              	.LASF21:
 407 0129 414D7578 		.ascii	"AMuxCtrl_Write\000"
 407      4374726C 
 407      5F577269 
 407      746500
 408              	.LASF12:
 409 0138 6C6F6E67 		.ascii	"long double\000"
 409      20646F75 
 409      626C6500 
 410              	.LASF0:
 411 0144 73686F72 		.ascii	"short int\000"
 411      7420696E 
 411      7400
 412              	.LASF18:
 413 014e 474E5520 		.ascii	"GNU C11 5.4.1 20160609 (release) [ARM/embedded-5-br"
 413      43313120 
 413      352E342E 
 413      31203230 
 413      31363036 
 414 0181 616E6368 		.ascii	"anch revision 237715] -mcpu=cortex-m0plus -mthumb -"
 414      20726576 
 414      6973696F 
 414      6E203233 
 414      37373135 
 415 01b4 67202D4F 		.ascii	"g -Og -ffunction-sections -ffat-lto-objects\000"
 415      67202D66 
 415      66756E63 
 415      74696F6E 
 415      2D736563 
 416              	.LASF22:
 417 01e0 636F6E74 		.ascii	"control\000"
 417      726F6C00 
 418              	.LASF11:
 419 01e8 73697A65 		.ascii	"sizetype\000"
 419      74797065 
 419      00
 420              		.ident	"GCC: (GNU Tools for ARM Embedded Processors) 5.4.1 20160609 (release) [ARM/embedded-5-bran
