ARM GAS  C:\Users\stijn\AppData\Local\Temp\cclxG4kD.s 			page 1


   1              		.syntax unified
   2              		.cpu cortex-m0plus
   3              		.fpu softvfp
   4              		.eabi_attribute 20, 1
   5              		.eabi_attribute 21, 1
   6              		.eabi_attribute 23, 3
   7              		.eabi_attribute 24, 1
   8              		.eabi_attribute 25, 1
   9              		.eabi_attribute 26, 1
  10              		.eabi_attribute 30, 1
  11              		.eabi_attribute 34, 0
  12              		.eabi_attribute 18, 4
  13              		.thumb
  14              		.syntax unified
  15              		.file	"cyfitter_amux.c"
  16              		.text
  17              	.Ltext0:
  18              		.cfi_sections	.debug_frame
  19              		.section	.text.AMuxSeq_DisconnectAll,"ax",%progbits
  20              		.align	2
  21              		.global	AMuxSeq_DisconnectAll
  22              		.code	16
  23              		.thumb_func
  24              		.type	AMuxSeq_DisconnectAll, %function
  25              	AMuxSeq_DisconnectAll:
  26              	.LFB48:
  27              		.file 1 "Generated_Source\\PSoC6\\cyfitter_amux.c"
   1:Generated_Source\PSoC6/cyfitter_amux.c **** /*******************************************************************************
   2:Generated_Source\PSoC6/cyfitter_amux.c **** * File Name: cyfitter_amux.c
   3:Generated_Source\PSoC6/cyfitter_amux.c **** * 
   4:Generated_Source\PSoC6/cyfitter_amux.c **** * PSoC Creator  4.2
   5:Generated_Source\PSoC6/cyfitter_amux.c **** *
   6:Generated_Source\PSoC6/cyfitter_amux.c **** * Description:
   7:Generated_Source\PSoC6/cyfitter_amux.c **** * APIs for analog mux channel switching
   8:Generated_Source\PSoC6/cyfitter_amux.c **** * This file is automatically generated by PSoC Creator.
   9:Generated_Source\PSoC6/cyfitter_amux.c **** *
  10:Generated_Source\PSoC6/cyfitter_amux.c **** ********************************************************************************
  11:Generated_Source\PSoC6/cyfitter_amux.c **** * Copyright (c) 2007-2018 Cypress Semiconductor.  All rights reserved.
  12:Generated_Source\PSoC6/cyfitter_amux.c **** * You may use this file only in accordance with the license, terms, conditions, 
  13:Generated_Source\PSoC6/cyfitter_amux.c **** * disclaimers, and limitations in the end user license agreement accompanying 
  14:Generated_Source\PSoC6/cyfitter_amux.c **** * the software package with which this file was provided.
  15:Generated_Source\PSoC6/cyfitter_amux.c **** ********************************************************************************/
  16:Generated_Source\PSoC6/cyfitter_amux.c **** 
  17:Generated_Source\PSoC6/cyfitter_amux.c **** #include "cyfitter_cfg.h"
  18:Generated_Source\PSoC6/cyfitter_amux.c **** #include "cydevice_trm.h"
  19:Generated_Source\PSoC6/cyfitter_amux.c **** #include <string.h>
  20:Generated_Source\PSoC6/cyfitter_amux.c **** 
  21:Generated_Source\PSoC6/cyfitter_amux.c **** #if defined(__GNUC__) || defined(__ARMCC_VERSION)
  22:Generated_Source\PSoC6/cyfitter_amux.c ****     #define CYPACKED 
  23:Generated_Source\PSoC6/cyfitter_amux.c ****     #define CYPACKED_ATTR __attribute__ ((packed))
  24:Generated_Source\PSoC6/cyfitter_amux.c ****     #define CYALIGNED __attribute__ ((aligned))
  25:Generated_Source\PSoC6/cyfitter_amux.c ****     #define CY_CFG_UNUSED __attribute__ ((unused))
  26:Generated_Source\PSoC6/cyfitter_amux.c ****     #ifndef CY_CFG_SECTION
  27:Generated_Source\PSoC6/cyfitter_amux.c ****         #define CY_CFG_SECTION __attribute__ ((section(".psocinit")))
  28:Generated_Source\PSoC6/cyfitter_amux.c ****     #endif
  29:Generated_Source\PSoC6/cyfitter_amux.c ****     
  30:Generated_Source\PSoC6/cyfitter_amux.c ****     #if defined(__ARMCC_VERSION)
ARM GAS  C:\Users\stijn\AppData\Local\Temp\cclxG4kD.s 			page 2


  31:Generated_Source\PSoC6/cyfitter_amux.c ****         #define CY_CFG_MEMORY_BARRIER() __memory_changed()
  32:Generated_Source\PSoC6/cyfitter_amux.c ****     #else
  33:Generated_Source\PSoC6/cyfitter_amux.c ****         #define CY_CFG_MEMORY_BARRIER() __sync_synchronize()
  34:Generated_Source\PSoC6/cyfitter_amux.c ****     #endif
  35:Generated_Source\PSoC6/cyfitter_amux.c ****     
  36:Generated_Source\PSoC6/cyfitter_amux.c **** #elif defined(__ICCARM__)
  37:Generated_Source\PSoC6/cyfitter_amux.c ****     #include <intrinsics.h>
  38:Generated_Source\PSoC6/cyfitter_amux.c **** 
  39:Generated_Source\PSoC6/cyfitter_amux.c ****     #define CYPACKED __packed
  40:Generated_Source\PSoC6/cyfitter_amux.c ****     #define CYPACKED_ATTR 
  41:Generated_Source\PSoC6/cyfitter_amux.c ****     #define CYALIGNED _Pragma("data_alignment=4")
  42:Generated_Source\PSoC6/cyfitter_amux.c ****     #define CY_CFG_UNUSED _Pragma("diag_suppress=Pe177")
  43:Generated_Source\PSoC6/cyfitter_amux.c ****     #define CY_CFG_SECTION _Pragma("location=\".psocinit\"")
  44:Generated_Source\PSoC6/cyfitter_amux.c ****     
  45:Generated_Source\PSoC6/cyfitter_amux.c ****     #define CY_CFG_MEMORY_BARRIER() __DMB()
  46:Generated_Source\PSoC6/cyfitter_amux.c ****     
  47:Generated_Source\PSoC6/cyfitter_amux.c **** #else
  48:Generated_Source\PSoC6/cyfitter_amux.c ****     #error Unsupported toolchain
  49:Generated_Source\PSoC6/cyfitter_amux.c **** #endif
  50:Generated_Source\PSoC6/cyfitter_amux.c **** 
  51:Generated_Source\PSoC6/cyfitter_amux.c **** #ifndef CYCODE
  52:Generated_Source\PSoC6/cyfitter_amux.c ****     #define CYCODE
  53:Generated_Source\PSoC6/cyfitter_amux.c **** #endif
  54:Generated_Source\PSoC6/cyfitter_amux.c **** #ifndef CYDATA
  55:Generated_Source\PSoC6/cyfitter_amux.c ****     #define CYDATA
  56:Generated_Source\PSoC6/cyfitter_amux.c **** #endif
  57:Generated_Source\PSoC6/cyfitter_amux.c **** #ifndef CYFAR
  58:Generated_Source\PSoC6/cyfitter_amux.c ****     #define CYFAR
  59:Generated_Source\PSoC6/cyfitter_amux.c **** #endif
  60:Generated_Source\PSoC6/cyfitter_amux.c **** #ifndef CYXDATA
  61:Generated_Source\PSoC6/cyfitter_amux.c ****     #define CYXDATA
  62:Generated_Source\PSoC6/cyfitter_amux.c **** #endif
  63:Generated_Source\PSoC6/cyfitter_amux.c **** 
  64:Generated_Source\PSoC6/cyfitter_amux.c **** 
  65:Generated_Source\PSoC6/cyfitter_amux.c **** CY_CFG_UNUSED
  66:Generated_Source\PSoC6/cyfitter_amux.c **** static void CYMEMZERO(void *s, size_t n);
  67:Generated_Source\PSoC6/cyfitter_amux.c **** CY_CFG_UNUSED
  68:Generated_Source\PSoC6/cyfitter_amux.c **** static void CYMEMZERO(void *s, size_t n)
  69:Generated_Source\PSoC6/cyfitter_amux.c **** {
  70:Generated_Source\PSoC6/cyfitter_amux.c **** 	(void)memset(s, 0, n);
  71:Generated_Source\PSoC6/cyfitter_amux.c **** }
  72:Generated_Source\PSoC6/cyfitter_amux.c **** CY_CFG_UNUSED
  73:Generated_Source\PSoC6/cyfitter_amux.c **** static void CYCONFIGCPY(void *dest, const void *src, size_t n);
  74:Generated_Source\PSoC6/cyfitter_amux.c **** CY_CFG_UNUSED
  75:Generated_Source\PSoC6/cyfitter_amux.c **** static void CYCONFIGCPY(void *dest, const void *src, size_t n)
  76:Generated_Source\PSoC6/cyfitter_amux.c **** {
  77:Generated_Source\PSoC6/cyfitter_amux.c **** 	(void)memcpy(dest, src, n);
  78:Generated_Source\PSoC6/cyfitter_amux.c **** }
  79:Generated_Source\PSoC6/cyfitter_amux.c **** CY_CFG_UNUSED
  80:Generated_Source\PSoC6/cyfitter_amux.c **** static void CYCONFIGCPYCODE(void *dest, const void *src, size_t n);
  81:Generated_Source\PSoC6/cyfitter_amux.c **** CY_CFG_UNUSED
  82:Generated_Source\PSoC6/cyfitter_amux.c **** static void CYCONFIGCPYCODE(void *dest, const void *src, size_t n)
  83:Generated_Source\PSoC6/cyfitter_amux.c **** {
  84:Generated_Source\PSoC6/cyfitter_amux.c **** 	(void)memcpy(dest, src, n);
  85:Generated_Source\PSoC6/cyfitter_amux.c **** }
  86:Generated_Source\PSoC6/cyfitter_amux.c **** 
  87:Generated_Source\PSoC6/cyfitter_amux.c **** 
ARM GAS  C:\Users\stijn\AppData\Local\Temp\cclxG4kD.s 			page 3


  88:Generated_Source\PSoC6/cyfitter_amux.c **** #define CY_AMUX_UNUSED CYREG_CPUSS_CM0_STATUS
  89:Generated_Source\PSoC6/cyfitter_amux.c **** int8 AMuxSeq_curChannel = -1;
  90:Generated_Source\PSoC6/cyfitter_amux.c **** 
  91:Generated_Source\PSoC6/cyfitter_amux.c **** void AMuxSeq_DisconnectAll(void)
  92:Generated_Source\PSoC6/cyfitter_amux.c **** {
  28              		.loc 1 92 0
  29              		.cfi_startproc
  30              		@ args = 0, pretend = 0, frame = 0
  31              		@ frame_needed = 0, uses_anonymous_args = 0
  32              		@ link register save eliminated.
  93:Generated_Source\PSoC6/cyfitter_amux.c **** 	AMuxSeq_curChannel = -1;
  33              		.loc 1 93 0
  34 0000 FF22     		movs	r2, #255
  35 0002 064B     		ldr	r3, .L2
  36 0004 1A70     		strb	r2, [r3]
  94:Generated_Source\PSoC6/cyfitter_amux.c **** 	CY_SET_REG32((void CYXDATA *)CYREG_SAR_MUX_SWITCH_CLEAR0, (0x01u));
  37              		.loc 1 94 0
  38 0006 064B     		ldr	r3, .L2+4
  39 0008 FE3A     		subs	r2, r2, #254
  40 000a 1A60     		str	r2, [r3]
  95:Generated_Source\PSoC6/cyfitter_amux.c **** 	CY_SET_REG32((void CYXDATA *)CYREG_SAR_MUX_SWITCH_CLEAR0, (0x02u));
  41              		.loc 1 95 0
  42 000c 0132     		adds	r2, r2, #1
  43 000e 1A60     		str	r2, [r3]
  96:Generated_Source\PSoC6/cyfitter_amux.c **** 	CY_SET_REG32((void CYXDATA *)CYREG_SAR_MUX_SWITCH_CLEAR0, (0x04u));
  44              		.loc 1 96 0
  45 0010 0232     		adds	r2, r2, #2
  46 0012 1A60     		str	r2, [r3]
  97:Generated_Source\PSoC6/cyfitter_amux.c **** 	CY_SET_REG32((void CYXDATA *)CYREG_SAR_MUX_SWITCH_CLEAR0, (0x08u));
  47              		.loc 1 97 0
  48 0014 0432     		adds	r2, r2, #4
  49 0016 1A60     		str	r2, [r3]
  98:Generated_Source\PSoC6/cyfitter_amux.c **** }
  50              		.loc 1 98 0
  51              		@ sp needed
  52 0018 7047     		bx	lr
  53              	.L3:
  54 001a C046     		.align	2
  55              	.L2:
  56 001c 00000000 		.word	.LANCHOR0
  57 0020 04031D41 		.word	1092420356
  58              		.cfi_endproc
  59              	.LFE48:
  60              		.size	AMuxSeq_DisconnectAll, .-AMuxSeq_DisconnectAll
  61              		.section	.text.AMuxSeq_Next,"ax",%progbits
  62              		.align	2
  63              		.global	AMuxSeq_Next
  64              		.code	16
  65              		.thumb_func
  66              		.type	AMuxSeq_Next, %function
  67              	AMuxSeq_Next:
  68              	.LFB49:
  99:Generated_Source\PSoC6/cyfitter_amux.c **** 
 100:Generated_Source\PSoC6/cyfitter_amux.c **** void AMuxSeq_Next(void)
 101:Generated_Source\PSoC6/cyfitter_amux.c **** {
  69              		.loc 1 101 0
  70              		.cfi_startproc
ARM GAS  C:\Users\stijn\AppData\Local\Temp\cclxG4kD.s 			page 4


  71              		@ args = 0, pretend = 0, frame = 0
  72              		@ frame_needed = 0, uses_anonymous_args = 0
  73              		@ link register save eliminated.
 102:Generated_Source\PSoC6/cyfitter_amux.c **** 	AMuxSeq_curChannel++;
  74              		.loc 1 102 0
  75 0000 154A     		ldr	r2, .L15
  76 0002 1378     		ldrb	r3, [r2]
  77 0004 0133     		adds	r3, r3, #1
  78 0006 5BB2     		sxtb	r3, r3
  79 0008 1370     		strb	r3, [r2]
 103:Generated_Source\PSoC6/cyfitter_amux.c **** 	switch (AMuxSeq_curChannel)
  80              		.loc 1 103 0
  81 000a DAB2     		uxtb	r2, r3
  82 000c 072A     		cmp	r2, #7
  83 000e 03D8     		bhi	.L5
  84 0010 9300     		lsls	r3, r2, #2
  85 0012 124A     		ldr	r2, .L15+4
  86 0014 D358     		ldr	r3, [r2, r3]
  87 0016 9F46     		mov	pc, r3
  88              		.section	.rodata
  89              		.align	2
  90              	.L7:
  91 0000 1E000000 		.word	.L6
  92 0004 2C000000 		.word	.L8
  93 0008 3A000000 		.word	.L9
  94 000c 48000000 		.word	.L10
  95 0010 18000000 		.word	.L5
  96 0014 18000000 		.word	.L5
  97 0018 18000000 		.word	.L5
  98 001c 18000000 		.word	.L5
  99              		.section	.text.AMuxSeq_Next
 100              	.L5:
 104:Generated_Source\PSoC6/cyfitter_amux.c **** 	{
 105:Generated_Source\PSoC6/cyfitter_amux.c **** 	case 5: /* to force jump table (not executed) */
 106:Generated_Source\PSoC6/cyfitter_amux.c **** 		AMuxSeq_curChannel = 5;
 107:Generated_Source\PSoC6/cyfitter_amux.c **** 	case 6: /* to force jump table (not executed) */
 108:Generated_Source\PSoC6/cyfitter_amux.c **** 		AMuxSeq_curChannel = 6;
 109:Generated_Source\PSoC6/cyfitter_amux.c **** 	case 7: /* to force jump table (not executed) */
 110:Generated_Source\PSoC6/cyfitter_amux.c **** 		AMuxSeq_curChannel = 7;
 111:Generated_Source\PSoC6/cyfitter_amux.c **** 	case 4:
 112:Generated_Source\PSoC6/cyfitter_amux.c **** 	default:
 113:Generated_Source\PSoC6/cyfitter_amux.c **** 		AMuxSeq_curChannel = 0;
 101              		.loc 1 113 0
 102 0018 0022     		movs	r2, #0
 103 001a 0F4B     		ldr	r3, .L15
 104 001c 1A70     		strb	r2, [r3]
 105              	.L6:
 114:Generated_Source\PSoC6/cyfitter_amux.c **** 	case 0:
 115:Generated_Source\PSoC6/cyfitter_amux.c **** 		CY_SET_REG32((void CYXDATA *)CYREG_SAR_MUX_SWITCH_CLEAR0, (0x08u));
 106              		.loc 1 115 0
 107 001e 0822     		movs	r2, #8
 108 0020 0F4B     		ldr	r3, .L15+8
 109 0022 1A60     		str	r2, [r3]
 116:Generated_Source\PSoC6/cyfitter_amux.c **** 		CY_SET_REG32((void CYXDATA *)CYREG_SAR_MUX_SWITCH0, (0x01u));
 110              		.loc 1 116 0
 111 0024 073A     		subs	r2, r2, #7
 112 0026 0F4B     		ldr	r3, .L15+12
ARM GAS  C:\Users\stijn\AppData\Local\Temp\cclxG4kD.s 			page 5


 113 0028 1A60     		str	r2, [r3]
 117:Generated_Source\PSoC6/cyfitter_amux.c **** 		break;
 114              		.loc 1 117 0
 115 002a 13E0     		b	.L4
 116              	.L8:
 118:Generated_Source\PSoC6/cyfitter_amux.c **** 	case 1:
 119:Generated_Source\PSoC6/cyfitter_amux.c **** 		CY_SET_REG32((void CYXDATA *)CYREG_SAR_MUX_SWITCH_CLEAR0, (0x01u));
 117              		.loc 1 119 0
 118 002c 0122     		movs	r2, #1
 119 002e 0C4B     		ldr	r3, .L15+8
 120 0030 1A60     		str	r2, [r3]
 120:Generated_Source\PSoC6/cyfitter_amux.c **** 		CY_SET_REG32((void CYXDATA *)CYREG_SAR_MUX_SWITCH0, (0x02u));
 121              		.loc 1 120 0
 122 0032 0132     		adds	r2, r2, #1
 123 0034 0B4B     		ldr	r3, .L15+12
 124 0036 1A60     		str	r2, [r3]
 121:Generated_Source\PSoC6/cyfitter_amux.c **** 		break;
 125              		.loc 1 121 0
 126 0038 0CE0     		b	.L4
 127              	.L9:
 122:Generated_Source\PSoC6/cyfitter_amux.c **** 	case 2:
 123:Generated_Source\PSoC6/cyfitter_amux.c **** 		CY_SET_REG32((void CYXDATA *)CYREG_SAR_MUX_SWITCH_CLEAR0, (0x02u));
 128              		.loc 1 123 0
 129 003a 0222     		movs	r2, #2
 130 003c 084B     		ldr	r3, .L15+8
 131 003e 1A60     		str	r2, [r3]
 124:Generated_Source\PSoC6/cyfitter_amux.c **** 		CY_SET_REG32((void CYXDATA *)CYREG_SAR_MUX_SWITCH0, (0x04u));
 132              		.loc 1 124 0
 133 0040 0232     		adds	r2, r2, #2
 134 0042 084B     		ldr	r3, .L15+12
 135 0044 1A60     		str	r2, [r3]
 125:Generated_Source\PSoC6/cyfitter_amux.c **** 		break;
 136              		.loc 1 125 0
 137 0046 05E0     		b	.L4
 138              	.L10:
 126:Generated_Source\PSoC6/cyfitter_amux.c **** 	case 3:
 127:Generated_Source\PSoC6/cyfitter_amux.c **** 		CY_SET_REG32((void CYXDATA *)CYREG_SAR_MUX_SWITCH_CLEAR0, (0x04u));
 139              		.loc 1 127 0
 140 0048 0422     		movs	r2, #4
 141 004a 054B     		ldr	r3, .L15+8
 142 004c 1A60     		str	r2, [r3]
 128:Generated_Source\PSoC6/cyfitter_amux.c **** 		CY_SET_REG32((void CYXDATA *)CYREG_SAR_MUX_SWITCH0, (0x08u));
 143              		.loc 1 128 0
 144 004e 0432     		adds	r2, r2, #4
 145 0050 044B     		ldr	r3, .L15+12
 146 0052 1A60     		str	r2, [r3]
 147              	.L4:
 129:Generated_Source\PSoC6/cyfitter_amux.c **** 		break;
 130:Generated_Source\PSoC6/cyfitter_amux.c **** 	}
 131:Generated_Source\PSoC6/cyfitter_amux.c **** }
 148              		.loc 1 131 0
 149              		@ sp needed
 150 0054 7047     		bx	lr
 151              	.L16:
 152 0056 C046     		.align	2
 153              	.L15:
 154 0058 00000000 		.word	.LANCHOR0
ARM GAS  C:\Users\stijn\AppData\Local\Temp\cclxG4kD.s 			page 6


 155 005c 00000000 		.word	.L7
 156 0060 04031D41 		.word	1092420356
 157 0064 00031D41 		.word	1092420352
 158              		.cfi_endproc
 159              	.LFE49:
 160              		.size	AMuxSeq_Next, .-AMuxSeq_Next
 161              		.global	AMuxSeq_curChannel
 162              		.data
 163              		.set	.LANCHOR0,. + 0
 164              		.type	AMuxSeq_curChannel, %object
 165              		.size	AMuxSeq_curChannel, 1
 166              	AMuxSeq_curChannel:
 167 0000 FF       		.byte	-1
 168              		.text
 169              	.Letext0:
 170              		.file 2 "c:\\program files (x86)\\cypress\\psoc creator\\4.2\\psoc creator\\import\\gnu\\arm\\5.4.
 171              		.file 3 "c:\\program files (x86)\\cypress\\psoc creator\\4.2\\psoc creator\\import\\gnu\\arm\\5.4.
 172              		.file 4 "Generated_Source\\PSoC6\\pdl\\drivers/peripheral/syslib/cy_syslib.h"
 173              		.section	.debug_info,"",%progbits
 174              	.Ldebug_info0:
 175 0000 F6000000 		.4byte	0xf6
 176 0004 0400     		.2byte	0x4
 177 0006 00000000 		.4byte	.Ldebug_abbrev0
 178 000a 04       		.byte	0x4
 179 000b 01       		.uleb128 0x1
 180 000c 78010000 		.4byte	.LASF21
 181 0010 0C       		.byte	0xc
 182 0011 18010000 		.4byte	.LASF22
 183 0015 1B000000 		.4byte	.LASF23
 184 0019 00000000 		.4byte	.Ldebug_ranges0+0
 185 001d 00000000 		.4byte	0
 186 0021 00000000 		.4byte	.Ldebug_line0
 187 0025 02       		.uleb128 0x2
 188 0026 F0000000 		.4byte	.LASF5
 189 002a 02       		.byte	0x2
 190 002b 1B       		.byte	0x1b
 191 002c 30000000 		.4byte	0x30
 192 0030 03       		.uleb128 0x3
 193 0031 01       		.byte	0x1
 194 0032 06       		.byte	0x6
 195 0033 0C010000 		.4byte	.LASF0
 196 0037 03       		.uleb128 0x3
 197 0038 01       		.byte	0x1
 198 0039 08       		.byte	0x8
 199 003a AA000000 		.4byte	.LASF1
 200 003e 03       		.uleb128 0x3
 201 003f 02       		.byte	0x2
 202 0040 05       		.byte	0x5
 203 0041 6E010000 		.4byte	.LASF2
 204 0045 03       		.uleb128 0x3
 205 0046 02       		.byte	0x2
 206 0047 07       		.byte	0x7
 207 0048 F9000000 		.4byte	.LASF3
 208 004c 03       		.uleb128 0x3
 209 004d 04       		.byte	0x4
 210 004e 05       		.byte	0x5
 211 004f C6000000 		.4byte	.LASF4
ARM GAS  C:\Users\stijn\AppData\Local\Temp\cclxG4kD.s 			page 7


 212 0053 02       		.uleb128 0x2
 213 0054 6B000000 		.4byte	.LASF6
 214 0058 02       		.byte	0x2
 215 0059 41       		.byte	0x41
 216 005a 5E000000 		.4byte	0x5e
 217 005e 03       		.uleb128 0x3
 218 005f 04       		.byte	0x4
 219 0060 07       		.byte	0x7
 220 0061 7B000000 		.4byte	.LASF7
 221 0065 03       		.uleb128 0x3
 222 0066 08       		.byte	0x8
 223 0067 05       		.byte	0x5
 224 0068 00000000 		.4byte	.LASF8
 225 006c 03       		.uleb128 0x3
 226 006d 08       		.byte	0x8
 227 006e 07       		.byte	0x7
 228 006f 8D000000 		.4byte	.LASF9
 229 0073 04       		.uleb128 0x4
 230 0074 04       		.byte	0x4
 231 0075 05       		.byte	0x5
 232 0076 696E7400 		.ascii	"int\000"
 233 007a 03       		.uleb128 0x3
 234 007b 04       		.byte	0x4
 235 007c 07       		.byte	0x7
 236 007d 0E000000 		.4byte	.LASF10
 237 0081 02       		.uleb128 0x2
 238 0082 E2000000 		.4byte	.LASF11
 239 0086 03       		.byte	0x3
 240 0087 14       		.byte	0x14
 241 0088 25000000 		.4byte	0x25
 242 008c 02       		.uleb128 0x2
 243 008d BD000000 		.4byte	.LASF12
 244 0091 03       		.byte	0x3
 245 0092 30       		.byte	0x30
 246 0093 53000000 		.4byte	0x53
 247 0097 03       		.uleb128 0x3
 248 0098 08       		.byte	0x8
 249 0099 04       		.byte	0x4
 250 009a 4C010000 		.4byte	.LASF13
 251 009e 03       		.uleb128 0x3
 252 009f 04       		.byte	0x4
 253 00a0 07       		.byte	0x7
 254 00a1 0A020000 		.4byte	.LASF14
 255 00a5 03       		.uleb128 0x3
 256 00a6 01       		.byte	0x1
 257 00a7 08       		.byte	0x8
 258 00a8 B8000000 		.4byte	.LASF15
 259 00ac 03       		.uleb128 0x3
 260 00ad 04       		.byte	0x4
 261 00ae 04       		.byte	0x4
 262 00af A4000000 		.4byte	.LASF16
 263 00b3 03       		.uleb128 0x3
 264 00b4 08       		.byte	0x8
 265 00b5 04       		.byte	0x4
 266 00b6 E9000000 		.4byte	.LASF17
 267 00ba 05       		.uleb128 0x5
 268 00bb 76000000 		.4byte	.LASF18
ARM GAS  C:\Users\stijn\AppData\Local\Temp\cclxG4kD.s 			page 8


 269 00bf 04       		.byte	0x4
 270 00c0 ED03     		.2byte	0x3ed
 271 00c2 81000000 		.4byte	0x81
 272 00c6 06       		.uleb128 0x6
 273 00c7 58010000 		.4byte	.LASF19
 274 00cb 01       		.byte	0x1
 275 00cc 5B       		.byte	0x5b
 276 00cd 00000000 		.4byte	.LFB48
 277 00d1 24000000 		.4byte	.LFE48-.LFB48
 278 00d5 01       		.uleb128 0x1
 279 00d6 9C       		.byte	0x9c
 280 00d7 06       		.uleb128 0x6
 281 00d8 3F010000 		.4byte	.LASF20
 282 00dc 01       		.byte	0x1
 283 00dd 64       		.byte	0x64
 284 00de 00000000 		.4byte	.LFB49
 285 00e2 68000000 		.4byte	.LFE49-.LFB49
 286 00e6 01       		.uleb128 0x1
 287 00e7 9C       		.byte	0x9c
 288 00e8 07       		.uleb128 0x7
 289 00e9 CF000000 		.4byte	.LASF24
 290 00ed 01       		.byte	0x1
 291 00ee 59       		.byte	0x59
 292 00ef BA000000 		.4byte	0xba
 293 00f3 05       		.uleb128 0x5
 294 00f4 03       		.byte	0x3
 295 00f5 00000000 		.4byte	AMuxSeq_curChannel
 296 00f9 00       		.byte	0
 297              		.section	.debug_abbrev,"",%progbits
 298              	.Ldebug_abbrev0:
 299 0000 01       		.uleb128 0x1
 300 0001 11       		.uleb128 0x11
 301 0002 01       		.byte	0x1
 302 0003 25       		.uleb128 0x25
 303 0004 0E       		.uleb128 0xe
 304 0005 13       		.uleb128 0x13
 305 0006 0B       		.uleb128 0xb
 306 0007 03       		.uleb128 0x3
 307 0008 0E       		.uleb128 0xe
 308 0009 1B       		.uleb128 0x1b
 309 000a 0E       		.uleb128 0xe
 310 000b 55       		.uleb128 0x55
 311 000c 17       		.uleb128 0x17
 312 000d 11       		.uleb128 0x11
 313 000e 01       		.uleb128 0x1
 314 000f 10       		.uleb128 0x10
 315 0010 17       		.uleb128 0x17
 316 0011 00       		.byte	0
 317 0012 00       		.byte	0
 318 0013 02       		.uleb128 0x2
 319 0014 16       		.uleb128 0x16
 320 0015 00       		.byte	0
 321 0016 03       		.uleb128 0x3
 322 0017 0E       		.uleb128 0xe
 323 0018 3A       		.uleb128 0x3a
 324 0019 0B       		.uleb128 0xb
 325 001a 3B       		.uleb128 0x3b
ARM GAS  C:\Users\stijn\AppData\Local\Temp\cclxG4kD.s 			page 9


 326 001b 0B       		.uleb128 0xb
 327 001c 49       		.uleb128 0x49
 328 001d 13       		.uleb128 0x13
 329 001e 00       		.byte	0
 330 001f 00       		.byte	0
 331 0020 03       		.uleb128 0x3
 332 0021 24       		.uleb128 0x24
 333 0022 00       		.byte	0
 334 0023 0B       		.uleb128 0xb
 335 0024 0B       		.uleb128 0xb
 336 0025 3E       		.uleb128 0x3e
 337 0026 0B       		.uleb128 0xb
 338 0027 03       		.uleb128 0x3
 339 0028 0E       		.uleb128 0xe
 340 0029 00       		.byte	0
 341 002a 00       		.byte	0
 342 002b 04       		.uleb128 0x4
 343 002c 24       		.uleb128 0x24
 344 002d 00       		.byte	0
 345 002e 0B       		.uleb128 0xb
 346 002f 0B       		.uleb128 0xb
 347 0030 3E       		.uleb128 0x3e
 348 0031 0B       		.uleb128 0xb
 349 0032 03       		.uleb128 0x3
 350 0033 08       		.uleb128 0x8
 351 0034 00       		.byte	0
 352 0035 00       		.byte	0
 353 0036 05       		.uleb128 0x5
 354 0037 16       		.uleb128 0x16
 355 0038 00       		.byte	0
 356 0039 03       		.uleb128 0x3
 357 003a 0E       		.uleb128 0xe
 358 003b 3A       		.uleb128 0x3a
 359 003c 0B       		.uleb128 0xb
 360 003d 3B       		.uleb128 0x3b
 361 003e 05       		.uleb128 0x5
 362 003f 49       		.uleb128 0x49
 363 0040 13       		.uleb128 0x13
 364 0041 00       		.byte	0
 365 0042 00       		.byte	0
 366 0043 06       		.uleb128 0x6
 367 0044 2E       		.uleb128 0x2e
 368 0045 00       		.byte	0
 369 0046 3F       		.uleb128 0x3f
 370 0047 19       		.uleb128 0x19
 371 0048 03       		.uleb128 0x3
 372 0049 0E       		.uleb128 0xe
 373 004a 3A       		.uleb128 0x3a
 374 004b 0B       		.uleb128 0xb
 375 004c 3B       		.uleb128 0x3b
 376 004d 0B       		.uleb128 0xb
 377 004e 27       		.uleb128 0x27
 378 004f 19       		.uleb128 0x19
 379 0050 11       		.uleb128 0x11
 380 0051 01       		.uleb128 0x1
 381 0052 12       		.uleb128 0x12
 382 0053 06       		.uleb128 0x6
ARM GAS  C:\Users\stijn\AppData\Local\Temp\cclxG4kD.s 			page 10


 383 0054 40       		.uleb128 0x40
 384 0055 18       		.uleb128 0x18
 385 0056 9742     		.uleb128 0x2117
 386 0058 19       		.uleb128 0x19
 387 0059 00       		.byte	0
 388 005a 00       		.byte	0
 389 005b 07       		.uleb128 0x7
 390 005c 34       		.uleb128 0x34
 391 005d 00       		.byte	0
 392 005e 03       		.uleb128 0x3
 393 005f 0E       		.uleb128 0xe
 394 0060 3A       		.uleb128 0x3a
 395 0061 0B       		.uleb128 0xb
 396 0062 3B       		.uleb128 0x3b
 397 0063 0B       		.uleb128 0xb
 398 0064 49       		.uleb128 0x49
 399 0065 13       		.uleb128 0x13
 400 0066 3F       		.uleb128 0x3f
 401 0067 19       		.uleb128 0x19
 402 0068 02       		.uleb128 0x2
 403 0069 18       		.uleb128 0x18
 404 006a 00       		.byte	0
 405 006b 00       		.byte	0
 406 006c 00       		.byte	0
 407              		.section	.debug_aranges,"",%progbits
 408 0000 24000000 		.4byte	0x24
 409 0004 0200     		.2byte	0x2
 410 0006 00000000 		.4byte	.Ldebug_info0
 411 000a 04       		.byte	0x4
 412 000b 00       		.byte	0
 413 000c 0000     		.2byte	0
 414 000e 0000     		.2byte	0
 415 0010 00000000 		.4byte	.LFB48
 416 0014 24000000 		.4byte	.LFE48-.LFB48
 417 0018 00000000 		.4byte	.LFB49
 418 001c 68000000 		.4byte	.LFE49-.LFB49
 419 0020 00000000 		.4byte	0
 420 0024 00000000 		.4byte	0
 421              		.section	.debug_ranges,"",%progbits
 422              	.Ldebug_ranges0:
 423 0000 00000000 		.4byte	.LFB48
 424 0004 24000000 		.4byte	.LFE48
 425 0008 00000000 		.4byte	.LFB49
 426 000c 68000000 		.4byte	.LFE49
 427 0010 00000000 		.4byte	0
 428 0014 00000000 		.4byte	0
 429              		.section	.debug_line,"",%progbits
 430              	.Ldebug_line0:
 431 0000 BB010000 		.section	.debug_str,"MS",%progbits,1
 431      02007E01 
 431      00000201 
 431      FB0E0D00 
 431      01010101 
 432              	.LASF8:
 433 0000 6C6F6E67 		.ascii	"long long int\000"
 433      206C6F6E 
 433      6720696E 
ARM GAS  C:\Users\stijn\AppData\Local\Temp\cclxG4kD.s 			page 11


 433      7400
 434              	.LASF10:
 435 000e 756E7369 		.ascii	"unsigned int\000"
 435      676E6564 
 435      20696E74 
 435      00
 436              	.LASF23:
 437 001b 433A5C55 		.ascii	"C:\\Users\\stijn\\OneDrive\\Documenten\\PSoC Creato"
 437      73657273 
 437      5C737469 
 437      6A6E5C4F 
 437      6E654472 
 438 0049 725C4144 		.ascii	"r\\ADC Klodden\\RTOS_I2C_Test.cydsn\000"
 438      43204B6C 
 438      6F646465 
 438      6E5C5254 
 438      4F535F49 
 439              	.LASF6:
 440 006b 5F5F7569 		.ascii	"__uint32_t\000"
 440      6E743332 
 440      5F7400
 441              	.LASF18:
 442 0076 696E7438 		.ascii	"int8\000"
 442      00
 443              	.LASF7:
 444 007b 6C6F6E67 		.ascii	"long unsigned int\000"
 444      20756E73 
 444      69676E65 
 444      6420696E 
 444      7400
 445              	.LASF9:
 446 008d 6C6F6E67 		.ascii	"long long unsigned int\000"
 446      206C6F6E 
 446      6720756E 
 446      7369676E 
 446      65642069 
 447              	.LASF16:
 448 00a4 666C6F61 		.ascii	"float\000"
 448      7400
 449              	.LASF1:
 450 00aa 756E7369 		.ascii	"unsigned char\000"
 450      676E6564 
 450      20636861 
 450      7200
 451              	.LASF15:
 452 00b8 63686172 		.ascii	"char\000"
 452      00
 453              	.LASF12:
 454 00bd 75696E74 		.ascii	"uint32_t\000"
 454      33325F74 
 454      00
 455              	.LASF4:
 456 00c6 6C6F6E67 		.ascii	"long int\000"
 456      20696E74 
 456      00
 457              	.LASF24:
 458 00cf 414D7578 		.ascii	"AMuxSeq_curChannel\000"
ARM GAS  C:\Users\stijn\AppData\Local\Temp\cclxG4kD.s 			page 12


 458      5365715F 
 458      63757243 
 458      68616E6E 
 458      656C00
 459              	.LASF11:
 460 00e2 696E7438 		.ascii	"int8_t\000"
 460      5F7400
 461              	.LASF17:
 462 00e9 646F7562 		.ascii	"double\000"
 462      6C6500
 463              	.LASF5:
 464 00f0 5F5F696E 		.ascii	"__int8_t\000"
 464      74385F74 
 464      00
 465              	.LASF3:
 466 00f9 73686F72 		.ascii	"short unsigned int\000"
 466      7420756E 
 466      7369676E 
 466      65642069 
 466      6E7400
 467              	.LASF0:
 468 010c 7369676E 		.ascii	"signed char\000"
 468      65642063 
 468      68617200 
 469              	.LASF22:
 470 0118 47656E65 		.ascii	"Generated_Source\\PSoC6\\cyfitter_amux.c\000"
 470      72617465 
 470      645F536F 
 470      75726365 
 470      5C50536F 
 471              	.LASF20:
 472 013f 414D7578 		.ascii	"AMuxSeq_Next\000"
 472      5365715F 
 472      4E657874 
 472      00
 473              	.LASF13:
 474 014c 6C6F6E67 		.ascii	"long double\000"
 474      20646F75 
 474      626C6500 
 475              	.LASF19:
 476 0158 414D7578 		.ascii	"AMuxSeq_DisconnectAll\000"
 476      5365715F 
 476      44697363 
 476      6F6E6E65 
 476      6374416C 
 477              	.LASF2:
 478 016e 73686F72 		.ascii	"short int\000"
 478      7420696E 
 478      7400
 479              	.LASF21:
 480 0178 474E5520 		.ascii	"GNU C11 5.4.1 20160609 (release) [ARM/embedded-5-br"
 480      43313120 
 480      352E342E 
 480      31203230 
 480      31363036 
 481 01ab 616E6368 		.ascii	"anch revision 237715] -mcpu=cortex-m0plus -mthumb -"
 481      20726576 
ARM GAS  C:\Users\stijn\AppData\Local\Temp\cclxG4kD.s 			page 13


 481      6973696F 
 481      6E203233 
 481      37373135 
 482 01de 67202D4F 		.ascii	"g -Og -ffunction-sections -ffat-lto-objects\000"
 482      67202D66 
 482      66756E63 
 482      74696F6E 
 482      2D736563 
 483              	.LASF14:
 484 020a 73697A65 		.ascii	"sizetype\000"
 484      74797065 
 484      00
 485              		.ident	"GCC: (GNU Tools for ARM Embedded Processors) 5.4.1 20160609 (release) [ARM/embedded-5-bran
