--------------- Rebuild Started: 04/23/2019 15:38:25 Project: RTOS_I2C_Test, Configuration: ARM GCC 5.4-2016-q2-update Debug ---------------
Deleting file ".\CortexM0p\ARM_GCC_541\Debug\startup_psoc6_01_cm0plus.o"
Deleting file ".\CortexM0p\ARM_GCC_541\Debug\main_cm0p.o"
Deleting file ".\CortexM0p\ARM_GCC_541\Debug\system_psoc6_cm0plus.o"
Deleting file ".\CortexM0p\ARM_GCC_541\Debug\stdio_user.o"
Deleting file ".\CortexM0p\ARM_GCC_541\Debug\cyfitter_sysint_cfg.o"
Deleting file ".\CortexM0p\ARM_GCC_541\Debug\cyfitter_cfg.o"
Deleting file ".\CortexM0p\ARM_GCC_541\Debug\cymetadata.o"
Deleting file ".\CortexM0p\ARM_GCC_541\Debug\cy_efuse.o"
Deleting file ".\CortexM0p\ARM_GCC_541\Debug\cy_flash.o"
Deleting file ".\CortexM0p\ARM_GCC_541\Debug\cy_gpio.o"
Deleting file ".\CortexM0p\ARM_GCC_541\Debug\cy_ipc_drv.o"
Deleting file ".\CortexM0p\ARM_GCC_541\Debug\cy_ipc_sema.o"
Deleting file ".\CortexM0p\ARM_GCC_541\Debug\cy_ipc_pipe.o"
Deleting file ".\CortexM0p\ARM_GCC_541\Debug\cy_lvd.o"
Deleting file ".\CortexM0p\ARM_GCC_541\Debug\cy_profile.o"
Deleting file ".\CortexM0p\ARM_GCC_541\Debug\cy_prot.o"
Deleting file ".\CortexM0p\ARM_GCC_541\Debug\cy_sysanalog.o"
Deleting file ".\CortexM0p\ARM_GCC_541\Debug\cy_sysclk.o"
Deleting file ".\CortexM0p\ARM_GCC_541\Debug\cy_sysint.o"
Deleting file ".\CortexM0p\ARM_GCC_541\Debug\cy_syslib.o"
Deleting file ".\CortexM0p\ARM_GCC_541\Debug\cy_syslib_gcc.o"
Deleting file ".\CortexM0p\ARM_GCC_541\Debug\cy_syspm.o"
Deleting file ".\CortexM0p\ARM_GCC_541\Debug\cy_systick.o"
Deleting file ".\CortexM0p\ARM_GCC_541\Debug\cy_trigmux.o"
Deleting file ".\CortexM0p\ARM_GCC_541\Debug\cy_wdt.o"
Deleting file ".\CortexM0p\ARM_GCC_541\Debug\cy_device.o"
Deleting file ".\CortexM0p\ARM_GCC_541\Debug\cy_sar.o"
Deleting file ".\CortexM0p\ARM_GCC_541\Debug\cy_scb_common.o"
Deleting file ".\CortexM0p\ARM_GCC_541\Debug\cy_scb_i2c.o"
Deleting file ".\CortexM0p\ARM_GCC_541\Debug\cy_scb_ezi2c.o"
Deleting file ".\CortexM0p\ARM_GCC_541\Debug\cy_scb_spi.o"
Deleting file ".\CortexM0p\ARM_GCC_541\Debug\cy_scb_uart.o"
Deleting file ".\CortexM0p\ARM_GCC_541\Debug\cy_dma.o"
Deleting file ".\CortexM0p\ARM_GCC_541\Debug\cy_tcpwm_counter.o"
Deleting file ".\CortexM0p\ARM_GCC_541\Debug\cy_tcpwm_pwm.o"
Deleting file ".\CortexM0p\ARM_GCC_541\Debug\cy_tcpwm_quaddec.o"
Deleting file ".\CortexM0p\ARM_GCC_541\Debug\retarget.o"
Deleting file ".\CortexM0p\ARM_GCC_541\Debug\ADC.o"
Deleting file ".\CortexM0p\ARM_GCC_541\Debug\ADC_INT.o"
Deleting file ".\CortexM0p\ARM_GCC_541\Debug\ADC_INIT.o"
Deleting file ".\CortexM0p\ARM_GCC_541\Debug\ADC_PM.o"
Deleting file ".\CortexM0p\ARM_GCC_541\Debug\UART.o"
Deleting file ".\CortexM0p\ARM_GCC_541\Debug\mI2C.o"
Deleting file ".\CortexM0p\ARM_GCC_541\Debug\cyfitter_amux.o"
Deleting file ".\CortexM0p\ARM_GCC_541\Debug\AMuxCtrl.o"
Deleting file ".\CortexM0p\ARM_GCC_541\Debug\AMuxCtrl_PM.o"
Deleting file ".\CortexM0p\ARM_GCC_541\Debug\ADCSOCCounter.o"
Deleting file ".\CortexM0p\ARM_GCC_541\Debug\ADCDMA.o"
Deleting file ".\CortexM0p\ARM_GCC_541\Debug\RTOS_I2C_Test.hex"
Deleting file ".\CortexM0p\ARM_GCC_541\Debug\RTOS_I2C_Test.elf"
Deleting file ".\CortexM0p\ARM_GCC_541\Debug\RTOS_I2C_Test.map"
Deleting file ".\RTOS_I2C_Test.cycdx"
Deleting file ".\RTOS_I2C_Test.svd"
Deleting file ".\RTOS_I2C_Test.rpt"
Deleting file ".\RTOS_I2C_Test_timing.html"
Deleting file ".\CortexM0p\ARM_GCC_541\Debug\.deps\SOURCE_C__ARM_GCC_GENERIC.P"
Deleting file ".\CortexM4\ARM_GCC_541\Debug\startup_psoc6_01_cm4.o"
Deleting file ".\CortexM4\ARM_GCC_541\Debug\main_cm4.o"
Deleting file ".\CortexM4\ARM_GCC_541\Debug\system_psoc6_cm4.o"
Deleting file ".\CortexM4\ARM_GCC_541\Debug\LSM303DLHC.o"
Deleting file ".\CortexM4\ARM_GCC_541\Debug\wait.o"
Deleting file ".\CortexM4\ARM_GCC_541\Debug\i2c.o"
Deleting file ".\CortexM4\ARM_GCC_541\Debug\blink.o"
Deleting file ".\CortexM4\ARM_GCC_541\Debug\analog.o"
Deleting file ".\CortexM4\ARM_GCC_541\Debug\serial.o"
Deleting file ".\CortexM4\ARM_GCC_541\Debug\stdio_user.o"
Deleting file ".\CortexM4\ARM_GCC_541\Debug\cyfitter_sysint_cfg.o"
Deleting file ".\CortexM4\ARM_GCC_541\Debug\cymetadata.o"
Deleting file ".\CortexM4\ARM_GCC_541\Debug\cy_efuse.o"
Deleting file ".\CortexM4\ARM_GCC_541\Debug\cy_flash.o"
Deleting file ".\CortexM4\ARM_GCC_541\Debug\cy_gpio.o"
Deleting file ".\CortexM4\ARM_GCC_541\Debug\cy_ipc_drv.o"
Deleting file ".\CortexM4\ARM_GCC_541\Debug\cy_ipc_sema.o"
Deleting file ".\CortexM4\ARM_GCC_541\Debug\cy_ipc_pipe.o"
Deleting file ".\CortexM4\ARM_GCC_541\Debug\cy_lvd.o"
Deleting file ".\CortexM4\ARM_GCC_541\Debug\cy_profile.o"
Deleting file ".\CortexM4\ARM_GCC_541\Debug\cy_prot.o"
Deleting file ".\CortexM4\ARM_GCC_541\Debug\cy_sysanalog.o"
Deleting file ".\CortexM4\ARM_GCC_541\Debug\cy_sysclk.o"
Deleting file ".\CortexM4\ARM_GCC_541\Debug\cy_sysint.o"
Deleting file ".\CortexM4\ARM_GCC_541\Debug\cy_syslib.o"
Deleting file ".\CortexM4\ARM_GCC_541\Debug\cy_syslib_gcc.o"
Deleting file ".\CortexM4\ARM_GCC_541\Debug\cy_syspm.o"
Deleting file ".\CortexM4\ARM_GCC_541\Debug\cy_systick.o"
Deleting file ".\CortexM4\ARM_GCC_541\Debug\cy_trigmux.o"
Deleting file ".\CortexM4\ARM_GCC_541\Debug\cy_wdt.o"
Deleting file ".\CortexM4\ARM_GCC_541\Debug\cy_device.o"
Deleting file ".\CortexM4\ARM_GCC_541\Debug\cy_sar.o"
Deleting file ".\CortexM4\ARM_GCC_541\Debug\cy_scb_common.o"
Deleting file ".\CortexM4\ARM_GCC_541\Debug\cy_scb_i2c.o"
Deleting file ".\CortexM4\ARM_GCC_541\Debug\cy_scb_ezi2c.o"
Deleting file ".\CortexM4\ARM_GCC_541\Debug\cy_scb_spi.o"
Deleting file ".\CortexM4\ARM_GCC_541\Debug\cy_scb_uart.o"
Deleting file ".\CortexM4\ARM_GCC_541\Debug\cy_dma.o"
Deleting file ".\CortexM4\ARM_GCC_541\Debug\cy_tcpwm_counter.o"
Deleting file ".\CortexM4\ARM_GCC_541\Debug\cy_tcpwm_pwm.o"
Deleting file ".\CortexM4\ARM_GCC_541\Debug\cy_tcpwm_quaddec.o"
Deleting file ".\CortexM4\ARM_GCC_541\Debug\croutine.o"
Deleting file ".\CortexM4\ARM_GCC_541\Debug\event_groups.o"
Deleting file ".\CortexM4\ARM_GCC_541\Debug\list.o"
Deleting file ".\CortexM4\ARM_GCC_541\Debug\queue.o"
Deleting file ".\CortexM4\ARM_GCC_541\Debug\tasks.o"
Deleting file ".\CortexM4\ARM_GCC_541\Debug\timers.o"
Deleting file ".\CortexM4\ARM_GCC_541\Debug\stream_buffer.o"
Deleting file ".\CortexM4\ARM_GCC_541\Debug\port.o"
Deleting file ".\CortexM4\ARM_GCC_541\Debug\heap_1.o"
Deleting file ".\CortexM4\ARM_GCC_541\Debug\retarget.o"
Deleting file ".\CortexM4\ARM_GCC_541\Debug\ADC.o"
Deleting file ".\CortexM4\ARM_GCC_541\Debug\ADC_INT.o"
Deleting file ".\CortexM4\ARM_GCC_541\Debug\ADC_INIT.o"
Deleting file ".\CortexM4\ARM_GCC_541\Debug\ADC_PM.o"
Deleting file ".\CortexM4\ARM_GCC_541\Debug\UART.o"
Deleting file ".\CortexM4\ARM_GCC_541\Debug\mI2C.o"
Deleting file ".\CortexM4\ARM_GCC_541\Debug\cyfitter_amux.o"
Deleting file ".\CortexM4\ARM_GCC_541\Debug\AMuxCtrl.o"
Deleting file ".\CortexM4\ARM_GCC_541\Debug\AMuxCtrl_PM.o"
Deleting file ".\CortexM4\ARM_GCC_541\Debug\ADCSOCCounter.o"
Deleting file ".\CortexM4\ARM_GCC_541\Debug\ADCDMA.o"
Deleting file ".\CortexM4\ARM_GCC_541\Debug\RTOS_I2C_Test.hex"
Deleting file ".\CortexM4\ARM_GCC_541\Debug\RTOS_I2C_Test.elf"
Deleting file ".\CortexM4\ARM_GCC_541\Debug\RTOS_I2C_Test.map"
Deleting file ".\CortexM4\ARM_GCC_541\Debug\.deps\SOURCE_C__ARM_GCC_GENERIC.P"
cydsfit.exe -.appdatapath "C:\Users\stijn\AppData\Local\Cypress Semiconductor\PSoC Creator\4.2" -.fdsnotice -.fdswarpdepfile=warp_dependencies.txt -.fdselabdepfile=elab_dependencies.txt -.fdsbldfile=generated_files.txt -.fdsreffile=referenced_files.txt -p "C:\Users\stijn\OneDrive\Documenten\PSoC Creator\ADC Klodden\RTOS_I2C_Test.cydsn\RTOS_I2C_Test.cyprj" -d CY8C6247BZI-D54 -s "C:\Users\stijn\OneDrive\Documenten\PSoC Creator\ADC Klodden\RTOS_I2C_Test.cydsn\Generated_Source\PSoC6" -- -yv2 -q10 -ygs -o2 -v3 -.fftcfgtype=LE
Elaborating Design...
HDL Generation...
Synthesis...
Tech Mapping...
Info: plm.M0038: The pin named CY_CPUSS_SWJ_SWCLK_TCLK(0) at location P6[7] prevents usage of special purposes: TCPWM[3].line_compl. (App=cydsfit)
Info: plm.M0038: The pin named CY_CPUSS_SWJ_SWCLK_TCLK(0) at location P6[7] prevents usage of special purposes: TCPWM[19].line_compl. (App=cydsfit)
Info: plm.M0038: The pin named CY_CPUSS_SWJ_SWCLK_TCLK(0) at location P6[7] prevents usage of special purposes: SCB[6].uart_cts. (App=cydsfit)
Info: plm.M0038: The pin named CY_CPUSS_SWJ_SWCLK_TCLK(0) at location P6[7] prevents usage of special purposes: SCB[6].spi_select[0]. (App=cydsfit)
Info: plm.M0038: The pin named CY_CPUSS_SWJ_SWCLK_TCLK(0) at location P6[7] prevents usage of special purposes: SCB[8].spi_select[0]. (App=cydsfit)
Info: plm.M0038: The pin named CY_CPUSS_SWJ_SWDIO_TMS(0) at location P6[6] prevents usage of special purposes: TCPWM[3].line. (App=cydsfit)
Info: plm.M0038: The pin named CY_CPUSS_SWJ_SWDIO_TMS(0) at location P6[6] prevents usage of special purposes: TCPWM[19].line. (App=cydsfit)
Info: plm.M0038: The pin named CY_CPUSS_SWJ_SWDIO_TMS(0) at location P6[6] prevents usage of special purposes: SCB[6].uart_rts. (App=cydsfit)
Info: plm.M0038: The pin named CY_CPUSS_SWJ_SWDIO_TMS(0) at location P6[6] prevents usage of special purposes: SCB[6].spi_clk. (App=cydsfit)
Info: plm.M0038: The pin named CY_CPUSS_SWJ_SWDIO_TMS(0) at location P6[6] prevents usage of special purposes: SCB[8].spi_clk. (App=cydsfit)
Analog Placement...
Analog Routing...
Analog Code Generation...
Digital Placement...
Digital Routing...
--------------- Rebuild Canceled: 04/23/2019 15:38:48 ---------------
