ARM GAS  C:\Users\stijn\AppData\Local\Temp\cc6z3RjF.s 			page 1


   1              		.syntax unified
   2              		.cpu cortex-m4
   3              		.eabi_attribute 27, 1
   4              		.fpu fpv4-sp-d16
   5              		.eabi_attribute 20, 1
   6              		.eabi_attribute 21, 1
   7              		.eabi_attribute 23, 3
   8              		.eabi_attribute 24, 1
   9              		.eabi_attribute 25, 1
  10              		.eabi_attribute 26, 1
  11              		.eabi_attribute 30, 6
  12              		.eabi_attribute 34, 1
  13              		.eabi_attribute 18, 4
  14              		.thumb
  15              		.syntax unified
  16              		.file	"AMuxCtrl_PM.c"
  17              		.text
  18              	.Ltext0:
  19              		.cfi_sections	.debug_frame
  20              		.bss
  21              		.align	2
  22              	AMuxCtrl_backup:
  23 0000 00       		.space	1
  24              		.section	.text.AMuxCtrl_SaveConfig,"ax",%progbits
  25              		.align	2
  26              		.global	AMuxCtrl_SaveConfig
  27              		.thumb
  28              		.thumb_func
  29              		.type	AMuxCtrl_SaveConfig, %function
  30              	AMuxCtrl_SaveConfig:
  31              	.LFB132:
  32              		.file 1 "Generated_Source\\PSoC6\\AMuxCtrl_PM.c"
   1:Generated_Source\PSoC6/AMuxCtrl_PM.c **** /*******************************************************************************
   2:Generated_Source\PSoC6/AMuxCtrl_PM.c **** * File Name: AMuxCtrl_PM.c
   3:Generated_Source\PSoC6/AMuxCtrl_PM.c **** * Version 1.80
   4:Generated_Source\PSoC6/AMuxCtrl_PM.c **** *
   5:Generated_Source\PSoC6/AMuxCtrl_PM.c **** * Description:
   6:Generated_Source\PSoC6/AMuxCtrl_PM.c **** *  This file contains the setup, control, and status commands to support 
   7:Generated_Source\PSoC6/AMuxCtrl_PM.c **** *  the component operation in the low power mode. 
   8:Generated_Source\PSoC6/AMuxCtrl_PM.c **** *
   9:Generated_Source\PSoC6/AMuxCtrl_PM.c **** * Note:
  10:Generated_Source\PSoC6/AMuxCtrl_PM.c **** *
  11:Generated_Source\PSoC6/AMuxCtrl_PM.c **** ********************************************************************************
  12:Generated_Source\PSoC6/AMuxCtrl_PM.c **** * Copyright 2015, Cypress Semiconductor Corporation.  All rights reserved.
  13:Generated_Source\PSoC6/AMuxCtrl_PM.c **** * You may use this file only in accordance with the license, terms, conditions, 
  14:Generated_Source\PSoC6/AMuxCtrl_PM.c **** * disclaimers, and limitations in the end user license agreement accompanying 
  15:Generated_Source\PSoC6/AMuxCtrl_PM.c **** * the software package with which this file was provided.
  16:Generated_Source\PSoC6/AMuxCtrl_PM.c **** *******************************************************************************/
  17:Generated_Source\PSoC6/AMuxCtrl_PM.c **** 
  18:Generated_Source\PSoC6/AMuxCtrl_PM.c **** #include "AMuxCtrl.h"
  19:Generated_Source\PSoC6/AMuxCtrl_PM.c **** 
  20:Generated_Source\PSoC6/AMuxCtrl_PM.c **** /* Check for removal by optimization */
  21:Generated_Source\PSoC6/AMuxCtrl_PM.c **** #if !defined(AMuxCtrl_Sync_ctrl_reg__REMOVED)
  22:Generated_Source\PSoC6/AMuxCtrl_PM.c **** 
  23:Generated_Source\PSoC6/AMuxCtrl_PM.c **** static AMuxCtrl_BACKUP_STRUCT  AMuxCtrl_backup = {0u};
  24:Generated_Source\PSoC6/AMuxCtrl_PM.c **** 
  25:Generated_Source\PSoC6/AMuxCtrl_PM.c ****     
ARM GAS  C:\Users\stijn\AppData\Local\Temp\cc6z3RjF.s 			page 2


  26:Generated_Source\PSoC6/AMuxCtrl_PM.c **** /*******************************************************************************
  27:Generated_Source\PSoC6/AMuxCtrl_PM.c **** * Function Name: AMuxCtrl_SaveConfig
  28:Generated_Source\PSoC6/AMuxCtrl_PM.c **** ********************************************************************************
  29:Generated_Source\PSoC6/AMuxCtrl_PM.c **** *
  30:Generated_Source\PSoC6/AMuxCtrl_PM.c **** * Summary:
  31:Generated_Source\PSoC6/AMuxCtrl_PM.c **** *  Saves the control register value.
  32:Generated_Source\PSoC6/AMuxCtrl_PM.c **** *
  33:Generated_Source\PSoC6/AMuxCtrl_PM.c **** * Parameters:
  34:Generated_Source\PSoC6/AMuxCtrl_PM.c **** *  None
  35:Generated_Source\PSoC6/AMuxCtrl_PM.c **** *
  36:Generated_Source\PSoC6/AMuxCtrl_PM.c **** * Return:
  37:Generated_Source\PSoC6/AMuxCtrl_PM.c **** *  None
  38:Generated_Source\PSoC6/AMuxCtrl_PM.c **** *
  39:Generated_Source\PSoC6/AMuxCtrl_PM.c **** *******************************************************************************/
  40:Generated_Source\PSoC6/AMuxCtrl_PM.c **** void AMuxCtrl_SaveConfig(void) 
  41:Generated_Source\PSoC6/AMuxCtrl_PM.c **** {
  33              		.loc 1 41 0
  34              		.cfi_startproc
  35              		@ args = 0, pretend = 0, frame = 0
  36              		@ frame_needed = 1, uses_anonymous_args = 0
  37              		@ link register save eliminated.
  38 0000 80B4     		push	{r7}
  39              		.cfi_def_cfa_offset 4
  40              		.cfi_offset 7, -4
  41 0002 00AF     		add	r7, sp, #0
  42              		.cfi_def_cfa_register 7
  42:Generated_Source\PSoC6/AMuxCtrl_PM.c ****     AMuxCtrl_backup.controlState = AMuxCtrl_Control;
  43              		.loc 1 42 0
  44 0004 044B     		ldr	r3, .L2
  45 0006 1B78     		ldrb	r3, [r3]
  46 0008 DAB2     		uxtb	r2, r3
  47 000a 044B     		ldr	r3, .L2+4
  48 000c 1A70     		strb	r2, [r3]
  43:Generated_Source\PSoC6/AMuxCtrl_PM.c **** }
  49              		.loc 1 43 0
  50 000e 00BF     		nop
  51 0010 BD46     		mov	sp, r7
  52              		.cfi_def_cfa_register 13
  53              		@ sp needed
  54 0012 5DF8047B 		ldr	r7, [sp], #4
  55              		.cfi_restore 7
  56              		.cfi_def_cfa_offset 0
  57 0016 7047     		bx	lr
  58              	.L3:
  59              		.align	2
  60              	.L2:
  61 0018 1C173440 		.word	1077155612
  62 001c 00000000 		.word	AMuxCtrl_backup
  63              		.cfi_endproc
  64              	.LFE132:
  65              		.size	AMuxCtrl_SaveConfig, .-AMuxCtrl_SaveConfig
  66              		.section	.text.AMuxCtrl_RestoreConfig,"ax",%progbits
  67              		.align	2
  68              		.global	AMuxCtrl_RestoreConfig
  69              		.thumb
  70              		.thumb_func
  71              		.type	AMuxCtrl_RestoreConfig, %function
ARM GAS  C:\Users\stijn\AppData\Local\Temp\cc6z3RjF.s 			page 3


  72              	AMuxCtrl_RestoreConfig:
  73              	.LFB133:
  44:Generated_Source\PSoC6/AMuxCtrl_PM.c **** 
  45:Generated_Source\PSoC6/AMuxCtrl_PM.c **** 
  46:Generated_Source\PSoC6/AMuxCtrl_PM.c **** /*******************************************************************************
  47:Generated_Source\PSoC6/AMuxCtrl_PM.c **** * Function Name: AMuxCtrl_RestoreConfig
  48:Generated_Source\PSoC6/AMuxCtrl_PM.c **** ********************************************************************************
  49:Generated_Source\PSoC6/AMuxCtrl_PM.c **** *
  50:Generated_Source\PSoC6/AMuxCtrl_PM.c **** * Summary:
  51:Generated_Source\PSoC6/AMuxCtrl_PM.c **** *  Restores the control register value.
  52:Generated_Source\PSoC6/AMuxCtrl_PM.c **** *
  53:Generated_Source\PSoC6/AMuxCtrl_PM.c **** * Parameters:
  54:Generated_Source\PSoC6/AMuxCtrl_PM.c **** *  None
  55:Generated_Source\PSoC6/AMuxCtrl_PM.c **** *
  56:Generated_Source\PSoC6/AMuxCtrl_PM.c **** * Return:
  57:Generated_Source\PSoC6/AMuxCtrl_PM.c **** *  None
  58:Generated_Source\PSoC6/AMuxCtrl_PM.c **** *
  59:Generated_Source\PSoC6/AMuxCtrl_PM.c **** *
  60:Generated_Source\PSoC6/AMuxCtrl_PM.c **** *******************************************************************************/
  61:Generated_Source\PSoC6/AMuxCtrl_PM.c **** void AMuxCtrl_RestoreConfig(void) 
  62:Generated_Source\PSoC6/AMuxCtrl_PM.c **** {
  74              		.loc 1 62 0
  75              		.cfi_startproc
  76              		@ args = 0, pretend = 0, frame = 0
  77              		@ frame_needed = 1, uses_anonymous_args = 0
  78              		@ link register save eliminated.
  79 0000 80B4     		push	{r7}
  80              		.cfi_def_cfa_offset 4
  81              		.cfi_offset 7, -4
  82 0002 00AF     		add	r7, sp, #0
  83              		.cfi_def_cfa_register 7
  63:Generated_Source\PSoC6/AMuxCtrl_PM.c ****      AMuxCtrl_Control = AMuxCtrl_backup.controlState;
  84              		.loc 1 63 0
  85 0004 044B     		ldr	r3, .L5
  86 0006 054A     		ldr	r2, .L5+4
  87 0008 1278     		ldrb	r2, [r2]	@ zero_extendqisi2
  88 000a 1A70     		strb	r2, [r3]
  64:Generated_Source\PSoC6/AMuxCtrl_PM.c **** }
  89              		.loc 1 64 0
  90 000c 00BF     		nop
  91 000e BD46     		mov	sp, r7
  92              		.cfi_def_cfa_register 13
  93              		@ sp needed
  94 0010 5DF8047B 		ldr	r7, [sp], #4
  95              		.cfi_restore 7
  96              		.cfi_def_cfa_offset 0
  97 0014 7047     		bx	lr
  98              	.L6:
  99 0016 00BF     		.align	2
 100              	.L5:
 101 0018 1C173440 		.word	1077155612
 102 001c 00000000 		.word	AMuxCtrl_backup
 103              		.cfi_endproc
 104              	.LFE133:
 105              		.size	AMuxCtrl_RestoreConfig, .-AMuxCtrl_RestoreConfig
 106              		.section	.text.AMuxCtrl_Sleep,"ax",%progbits
 107              		.align	2
ARM GAS  C:\Users\stijn\AppData\Local\Temp\cc6z3RjF.s 			page 4


 108              		.global	AMuxCtrl_Sleep
 109              		.thumb
 110              		.thumb_func
 111              		.type	AMuxCtrl_Sleep, %function
 112              	AMuxCtrl_Sleep:
 113              	.LFB134:
  65:Generated_Source\PSoC6/AMuxCtrl_PM.c **** 
  66:Generated_Source\PSoC6/AMuxCtrl_PM.c **** 
  67:Generated_Source\PSoC6/AMuxCtrl_PM.c **** /*******************************************************************************
  68:Generated_Source\PSoC6/AMuxCtrl_PM.c **** * Function Name: AMuxCtrl_Sleep
  69:Generated_Source\PSoC6/AMuxCtrl_PM.c **** ********************************************************************************
  70:Generated_Source\PSoC6/AMuxCtrl_PM.c **** *
  71:Generated_Source\PSoC6/AMuxCtrl_PM.c **** * Summary:
  72:Generated_Source\PSoC6/AMuxCtrl_PM.c **** *  Prepares the component for entering the low power mode.
  73:Generated_Source\PSoC6/AMuxCtrl_PM.c **** *
  74:Generated_Source\PSoC6/AMuxCtrl_PM.c **** * Parameters:
  75:Generated_Source\PSoC6/AMuxCtrl_PM.c **** *  None
  76:Generated_Source\PSoC6/AMuxCtrl_PM.c **** *
  77:Generated_Source\PSoC6/AMuxCtrl_PM.c **** * Return:
  78:Generated_Source\PSoC6/AMuxCtrl_PM.c **** *  None
  79:Generated_Source\PSoC6/AMuxCtrl_PM.c **** *
  80:Generated_Source\PSoC6/AMuxCtrl_PM.c **** *******************************************************************************/
  81:Generated_Source\PSoC6/AMuxCtrl_PM.c **** void AMuxCtrl_Sleep(void) 
  82:Generated_Source\PSoC6/AMuxCtrl_PM.c **** {
 114              		.loc 1 82 0
 115              		.cfi_startproc
 116              		@ args = 0, pretend = 0, frame = 0
 117              		@ frame_needed = 1, uses_anonymous_args = 0
 118 0000 80B5     		push	{r7, lr}
 119              		.cfi_def_cfa_offset 8
 120              		.cfi_offset 7, -8
 121              		.cfi_offset 14, -4
 122 0002 00AF     		add	r7, sp, #0
 123              		.cfi_def_cfa_register 7
  83:Generated_Source\PSoC6/AMuxCtrl_PM.c ****     AMuxCtrl_SaveConfig();
 124              		.loc 1 83 0
 125 0004 FFF7FEFF 		bl	AMuxCtrl_SaveConfig
  84:Generated_Source\PSoC6/AMuxCtrl_PM.c **** }
 126              		.loc 1 84 0
 127 0008 00BF     		nop
 128 000a 80BD     		pop	{r7, pc}
 129              		.cfi_endproc
 130              	.LFE134:
 131              		.size	AMuxCtrl_Sleep, .-AMuxCtrl_Sleep
 132              		.section	.text.AMuxCtrl_Wakeup,"ax",%progbits
 133              		.align	2
 134              		.global	AMuxCtrl_Wakeup
 135              		.thumb
 136              		.thumb_func
 137              		.type	AMuxCtrl_Wakeup, %function
 138              	AMuxCtrl_Wakeup:
 139              	.LFB135:
  85:Generated_Source\PSoC6/AMuxCtrl_PM.c **** 
  86:Generated_Source\PSoC6/AMuxCtrl_PM.c **** 
  87:Generated_Source\PSoC6/AMuxCtrl_PM.c **** /*******************************************************************************
  88:Generated_Source\PSoC6/AMuxCtrl_PM.c **** * Function Name: AMuxCtrl_Wakeup
  89:Generated_Source\PSoC6/AMuxCtrl_PM.c **** ********************************************************************************
ARM GAS  C:\Users\stijn\AppData\Local\Temp\cc6z3RjF.s 			page 5


  90:Generated_Source\PSoC6/AMuxCtrl_PM.c **** *
  91:Generated_Source\PSoC6/AMuxCtrl_PM.c **** * Summary:
  92:Generated_Source\PSoC6/AMuxCtrl_PM.c **** *  Restores the component after waking up from the low power mode.
  93:Generated_Source\PSoC6/AMuxCtrl_PM.c **** *
  94:Generated_Source\PSoC6/AMuxCtrl_PM.c **** * Parameters:
  95:Generated_Source\PSoC6/AMuxCtrl_PM.c **** *  None
  96:Generated_Source\PSoC6/AMuxCtrl_PM.c **** *
  97:Generated_Source\PSoC6/AMuxCtrl_PM.c **** * Return:
  98:Generated_Source\PSoC6/AMuxCtrl_PM.c **** *  None
  99:Generated_Source\PSoC6/AMuxCtrl_PM.c **** *
 100:Generated_Source\PSoC6/AMuxCtrl_PM.c **** *******************************************************************************/
 101:Generated_Source\PSoC6/AMuxCtrl_PM.c **** void AMuxCtrl_Wakeup(void)  
 102:Generated_Source\PSoC6/AMuxCtrl_PM.c **** {
 140              		.loc 1 102 0
 141              		.cfi_startproc
 142              		@ args = 0, pretend = 0, frame = 0
 143              		@ frame_needed = 1, uses_anonymous_args = 0
 144 0000 80B5     		push	{r7, lr}
 145              		.cfi_def_cfa_offset 8
 146              		.cfi_offset 7, -8
 147              		.cfi_offset 14, -4
 148 0002 00AF     		add	r7, sp, #0
 149              		.cfi_def_cfa_register 7
 103:Generated_Source\PSoC6/AMuxCtrl_PM.c ****     AMuxCtrl_RestoreConfig();
 150              		.loc 1 103 0
 151 0004 FFF7FEFF 		bl	AMuxCtrl_RestoreConfig
 104:Generated_Source\PSoC6/AMuxCtrl_PM.c **** }
 152              		.loc 1 104 0
 153 0008 00BF     		nop
 154 000a 80BD     		pop	{r7, pc}
 155              		.cfi_endproc
 156              	.LFE135:
 157              		.size	AMuxCtrl_Wakeup, .-AMuxCtrl_Wakeup
 158              		.text
 159              	.Letext0:
 160              		.file 2 "c:\\program files (x86)\\cypress\\psoc creator\\4.2\\psoc creator\\import\\gnu\\arm\\5.4.
 161              		.file 3 "c:\\program files (x86)\\cypress\\psoc creator\\4.2\\psoc creator\\import\\gnu\\arm\\5.4.
 162              		.file 4 "Generated_Source\\PSoC6\\pdl\\drivers/peripheral/syslib/cy_syslib.h"
 163              		.file 5 "Generated_Source\\PSoC6\\AMuxCtrl.h"
 164              		.file 6 "Generated_Source\\PSoC6\\pdl\\cmsis/include/core_cm4.h"
 165              		.section	.debug_info,"",%progbits
 166              	.Ldebug_info0:
 167 0000 70010000 		.4byte	0x170
 168 0004 0400     		.2byte	0x4
 169 0006 00000000 		.4byte	.Ldebug_abbrev0
 170 000a 04       		.byte	0x4
 171 000b 01       		.uleb128 0x1
 172 000c 9D000000 		.4byte	.LASF27
 173 0010 0C       		.byte	0xc
 174 0011 3D000000 		.4byte	.LASF28
 175 0015 BF010000 		.4byte	.LASF29
 176 0019 00000000 		.4byte	.Ldebug_ranges0+0
 177 001d 00000000 		.4byte	0
 178 0021 00000000 		.4byte	.Ldebug_line0
 179 0025 02       		.uleb128 0x2
 180 0026 02       		.byte	0x2
 181 0027 05       		.byte	0x5
ARM GAS  C:\Users\stijn\AppData\Local\Temp\cc6z3RjF.s 			page 6


 182 0028 59020000 		.4byte	.LASF0
 183 002c 02       		.uleb128 0x2
 184 002d 01       		.byte	0x1
 185 002e 06       		.byte	0x6
 186 002f 81020000 		.4byte	.LASF1
 187 0033 03       		.uleb128 0x3
 188 0034 00000000 		.4byte	.LASF4
 189 0038 02       		.byte	0x2
 190 0039 1D       		.byte	0x1d
 191 003a 3E000000 		.4byte	0x3e
 192 003e 02       		.uleb128 0x2
 193 003f 01       		.byte	0x1
 194 0040 08       		.byte	0x8
 195 0041 62000000 		.4byte	.LASF2
 196 0045 02       		.uleb128 0x2
 197 0046 02       		.byte	0x2
 198 0047 07       		.byte	0x7
 199 0048 14000000 		.4byte	.LASF3
 200 004c 03       		.uleb128 0x3
 201 004d 0A000000 		.4byte	.LASF5
 202 0051 02       		.byte	0x2
 203 0052 3F       		.byte	0x3f
 204 0053 57000000 		.4byte	0x57
 205 0057 02       		.uleb128 0x2
 206 0058 04       		.byte	0x4
 207 0059 05       		.byte	0x5
 208 005a 6C020000 		.4byte	.LASF6
 209 005e 03       		.uleb128 0x3
 210 005f 71010000 		.4byte	.LASF7
 211 0063 02       		.byte	0x2
 212 0064 41       		.byte	0x41
 213 0065 69000000 		.4byte	0x69
 214 0069 02       		.uleb128 0x2
 215 006a 04       		.byte	0x4
 216 006b 07       		.byte	0x7
 217 006c 75000000 		.4byte	.LASF8
 218 0070 02       		.uleb128 0x2
 219 0071 08       		.byte	0x8
 220 0072 05       		.byte	0x5
 221 0073 20020000 		.4byte	.LASF9
 222 0077 02       		.uleb128 0x2
 223 0078 08       		.byte	0x8
 224 0079 07       		.byte	0x7
 225 007a A0010000 		.4byte	.LASF10
 226 007e 04       		.uleb128 0x4
 227 007f 04       		.byte	0x4
 228 0080 05       		.byte	0x5
 229 0081 696E7400 		.ascii	"int\000"
 230 0085 02       		.uleb128 0x2
 231 0086 04       		.byte	0x4
 232 0087 07       		.byte	0x7
 233 0088 7C010000 		.4byte	.LASF11
 234 008c 03       		.uleb128 0x3
 235 008d B7010000 		.4byte	.LASF12
 236 0091 03       		.byte	0x3
 237 0092 18       		.byte	0x18
 238 0093 33000000 		.4byte	0x33
ARM GAS  C:\Users\stijn\AppData\Local\Temp\cc6z3RjF.s 			page 7


 239 0097 03       		.uleb128 0x3
 240 0098 0F020000 		.4byte	.LASF13
 241 009c 03       		.byte	0x3
 242 009d 2C       		.byte	0x2c
 243 009e 4C000000 		.4byte	0x4c
 244 00a2 03       		.uleb128 0x3
 245 00a3 63020000 		.4byte	.LASF14
 246 00a7 03       		.byte	0x3
 247 00a8 30       		.byte	0x30
 248 00a9 5E000000 		.4byte	0x5e
 249 00ad 02       		.uleb128 0x2
 250 00ae 04       		.byte	0x4
 251 00af 07       		.byte	0x7
 252 00b0 17020000 		.4byte	.LASF15
 253 00b4 05       		.uleb128 0x5
 254 00b5 8C000000 		.4byte	0x8c
 255 00b9 02       		.uleb128 0x2
 256 00ba 08       		.byte	0x8
 257 00bb 04       		.byte	0x4
 258 00bc 75020000 		.4byte	.LASF16
 259 00c0 02       		.uleb128 0x2
 260 00c1 01       		.byte	0x1
 261 00c2 08       		.byte	0x8
 262 00c3 2E020000 		.4byte	.LASF17
 263 00c7 02       		.uleb128 0x2
 264 00c8 04       		.byte	0x4
 265 00c9 04       		.byte	0x4
 266 00ca 27000000 		.4byte	.LASF18
 267 00ce 02       		.uleb128 0x2
 268 00cf 08       		.byte	0x8
 269 00d0 04       		.byte	0x4
 270 00d1 6A010000 		.4byte	.LASF19
 271 00d5 06       		.uleb128 0x6
 272 00d6 87000000 		.4byte	.LASF20
 273 00da 04       		.byte	0x4
 274 00db EA03     		.2byte	0x3ea
 275 00dd 8C000000 		.4byte	0x8c
 276 00e1 06       		.uleb128 0x6
 277 00e2 70000000 		.4byte	.LASF21
 278 00e6 04       		.byte	0x4
 279 00e7 F603     		.2byte	0x3f6
 280 00e9 B4000000 		.4byte	0xb4
 281 00ed 07       		.uleb128 0x7
 282 00ee 01       		.byte	0x1
 283 00ef 05       		.byte	0x5
 284 00f0 24       		.byte	0x24
 285 00f1 02010000 		.4byte	0x102
 286 00f5 08       		.uleb128 0x8
 287 00f6 5D010000 		.4byte	.LASF30
 288 00fa 05       		.byte	0x5
 289 00fb 26       		.byte	0x26
 290 00fc D5000000 		.4byte	0xd5
 291 0100 00       		.byte	0
 292 0101 00       		.byte	0
 293 0102 03       		.uleb128 0x3
 294 0103 89010000 		.4byte	.LASF22
 295 0107 05       		.byte	0x5
ARM GAS  C:\Users\stijn\AppData\Local\Temp\cc6z3RjF.s 			page 8


 296 0108 28       		.byte	0x28
 297 0109 ED000000 		.4byte	0xed
 298 010d 09       		.uleb128 0x9
 299 010e 8D020000 		.4byte	.LASF23
 300 0112 01       		.byte	0x1
 301 0113 28       		.byte	0x28
 302 0114 00000000 		.4byte	.LFB132
 303 0118 20000000 		.4byte	.LFE132-.LFB132
 304 011c 01       		.uleb128 0x1
 305 011d 9C       		.byte	0x9c
 306 011e 09       		.uleb128 0x9
 307 011f 33020000 		.4byte	.LASF24
 308 0123 01       		.byte	0x1
 309 0124 3D       		.byte	0x3d
 310 0125 00000000 		.4byte	.LFB133
 311 0129 20000000 		.4byte	.LFE133-.LFB133
 312 012d 01       		.uleb128 0x1
 313 012e 9C       		.byte	0x9c
 314 012f 0A       		.uleb128 0xa
 315 0130 4A020000 		.4byte	.LASF25
 316 0134 01       		.byte	0x1
 317 0135 51       		.byte	0x51
 318 0136 00000000 		.4byte	.LFB134
 319 013a 0C000000 		.4byte	.LFE134-.LFB134
 320 013e 01       		.uleb128 0x1
 321 013f 9C       		.byte	0x9c
 322 0140 0A       		.uleb128 0xa
 323 0141 8D000000 		.4byte	.LASF26
 324 0145 01       		.byte	0x1
 325 0146 65       		.byte	0x65
 326 0147 00000000 		.4byte	.LFB135
 327 014b 0C000000 		.4byte	.LFE135-.LFB135
 328 014f 01       		.uleb128 0x1
 329 0150 9C       		.byte	0x9c
 330 0151 0B       		.uleb128 0xb
 331 0152 2D000000 		.4byte	.LASF31
 332 0156 01       		.byte	0x1
 333 0157 17       		.byte	0x17
 334 0158 02010000 		.4byte	0x102
 335 015c 05       		.uleb128 0x5
 336 015d 03       		.byte	0x3
 337 015e 00000000 		.4byte	AMuxCtrl_backup
 338 0162 0C       		.uleb128 0xc
 339 0163 50010000 		.4byte	.LASF32
 340 0167 06       		.byte	0x6
 341 0168 F907     		.2byte	0x7f9
 342 016a 6E010000 		.4byte	0x16e
 343 016e 05       		.uleb128 0x5
 344 016f 97000000 		.4byte	0x97
 345 0173 00       		.byte	0
 346              		.section	.debug_abbrev,"",%progbits
 347              	.Ldebug_abbrev0:
 348 0000 01       		.uleb128 0x1
 349 0001 11       		.uleb128 0x11
 350 0002 01       		.byte	0x1
 351 0003 25       		.uleb128 0x25
 352 0004 0E       		.uleb128 0xe
ARM GAS  C:\Users\stijn\AppData\Local\Temp\cc6z3RjF.s 			page 9


 353 0005 13       		.uleb128 0x13
 354 0006 0B       		.uleb128 0xb
 355 0007 03       		.uleb128 0x3
 356 0008 0E       		.uleb128 0xe
 357 0009 1B       		.uleb128 0x1b
 358 000a 0E       		.uleb128 0xe
 359 000b 55       		.uleb128 0x55
 360 000c 17       		.uleb128 0x17
 361 000d 11       		.uleb128 0x11
 362 000e 01       		.uleb128 0x1
 363 000f 10       		.uleb128 0x10
 364 0010 17       		.uleb128 0x17
 365 0011 00       		.byte	0
 366 0012 00       		.byte	0
 367 0013 02       		.uleb128 0x2
 368 0014 24       		.uleb128 0x24
 369 0015 00       		.byte	0
 370 0016 0B       		.uleb128 0xb
 371 0017 0B       		.uleb128 0xb
 372 0018 3E       		.uleb128 0x3e
 373 0019 0B       		.uleb128 0xb
 374 001a 03       		.uleb128 0x3
 375 001b 0E       		.uleb128 0xe
 376 001c 00       		.byte	0
 377 001d 00       		.byte	0
 378 001e 03       		.uleb128 0x3
 379 001f 16       		.uleb128 0x16
 380 0020 00       		.byte	0
 381 0021 03       		.uleb128 0x3
 382 0022 0E       		.uleb128 0xe
 383 0023 3A       		.uleb128 0x3a
 384 0024 0B       		.uleb128 0xb
 385 0025 3B       		.uleb128 0x3b
 386 0026 0B       		.uleb128 0xb
 387 0027 49       		.uleb128 0x49
 388 0028 13       		.uleb128 0x13
 389 0029 00       		.byte	0
 390 002a 00       		.byte	0
 391 002b 04       		.uleb128 0x4
 392 002c 24       		.uleb128 0x24
 393 002d 00       		.byte	0
 394 002e 0B       		.uleb128 0xb
 395 002f 0B       		.uleb128 0xb
 396 0030 3E       		.uleb128 0x3e
 397 0031 0B       		.uleb128 0xb
 398 0032 03       		.uleb128 0x3
 399 0033 08       		.uleb128 0x8
 400 0034 00       		.byte	0
 401 0035 00       		.byte	0
 402 0036 05       		.uleb128 0x5
 403 0037 35       		.uleb128 0x35
 404 0038 00       		.byte	0
 405 0039 49       		.uleb128 0x49
 406 003a 13       		.uleb128 0x13
 407 003b 00       		.byte	0
 408 003c 00       		.byte	0
 409 003d 06       		.uleb128 0x6
ARM GAS  C:\Users\stijn\AppData\Local\Temp\cc6z3RjF.s 			page 10


 410 003e 16       		.uleb128 0x16
 411 003f 00       		.byte	0
 412 0040 03       		.uleb128 0x3
 413 0041 0E       		.uleb128 0xe
 414 0042 3A       		.uleb128 0x3a
 415 0043 0B       		.uleb128 0xb
 416 0044 3B       		.uleb128 0x3b
 417 0045 05       		.uleb128 0x5
 418 0046 49       		.uleb128 0x49
 419 0047 13       		.uleb128 0x13
 420 0048 00       		.byte	0
 421 0049 00       		.byte	0
 422 004a 07       		.uleb128 0x7
 423 004b 13       		.uleb128 0x13
 424 004c 01       		.byte	0x1
 425 004d 0B       		.uleb128 0xb
 426 004e 0B       		.uleb128 0xb
 427 004f 3A       		.uleb128 0x3a
 428 0050 0B       		.uleb128 0xb
 429 0051 3B       		.uleb128 0x3b
 430 0052 0B       		.uleb128 0xb
 431 0053 01       		.uleb128 0x1
 432 0054 13       		.uleb128 0x13
 433 0055 00       		.byte	0
 434 0056 00       		.byte	0
 435 0057 08       		.uleb128 0x8
 436 0058 0D       		.uleb128 0xd
 437 0059 00       		.byte	0
 438 005a 03       		.uleb128 0x3
 439 005b 0E       		.uleb128 0xe
 440 005c 3A       		.uleb128 0x3a
 441 005d 0B       		.uleb128 0xb
 442 005e 3B       		.uleb128 0x3b
 443 005f 0B       		.uleb128 0xb
 444 0060 49       		.uleb128 0x49
 445 0061 13       		.uleb128 0x13
 446 0062 38       		.uleb128 0x38
 447 0063 0B       		.uleb128 0xb
 448 0064 00       		.byte	0
 449 0065 00       		.byte	0
 450 0066 09       		.uleb128 0x9
 451 0067 2E       		.uleb128 0x2e
 452 0068 00       		.byte	0
 453 0069 3F       		.uleb128 0x3f
 454 006a 19       		.uleb128 0x19
 455 006b 03       		.uleb128 0x3
 456 006c 0E       		.uleb128 0xe
 457 006d 3A       		.uleb128 0x3a
 458 006e 0B       		.uleb128 0xb
 459 006f 3B       		.uleb128 0x3b
 460 0070 0B       		.uleb128 0xb
 461 0071 27       		.uleb128 0x27
 462 0072 19       		.uleb128 0x19
 463 0073 11       		.uleb128 0x11
 464 0074 01       		.uleb128 0x1
 465 0075 12       		.uleb128 0x12
 466 0076 06       		.uleb128 0x6
ARM GAS  C:\Users\stijn\AppData\Local\Temp\cc6z3RjF.s 			page 11


 467 0077 40       		.uleb128 0x40
 468 0078 18       		.uleb128 0x18
 469 0079 9742     		.uleb128 0x2117
 470 007b 19       		.uleb128 0x19
 471 007c 00       		.byte	0
 472 007d 00       		.byte	0
 473 007e 0A       		.uleb128 0xa
 474 007f 2E       		.uleb128 0x2e
 475 0080 00       		.byte	0
 476 0081 3F       		.uleb128 0x3f
 477 0082 19       		.uleb128 0x19
 478 0083 03       		.uleb128 0x3
 479 0084 0E       		.uleb128 0xe
 480 0085 3A       		.uleb128 0x3a
 481 0086 0B       		.uleb128 0xb
 482 0087 3B       		.uleb128 0x3b
 483 0088 0B       		.uleb128 0xb
 484 0089 27       		.uleb128 0x27
 485 008a 19       		.uleb128 0x19
 486 008b 11       		.uleb128 0x11
 487 008c 01       		.uleb128 0x1
 488 008d 12       		.uleb128 0x12
 489 008e 06       		.uleb128 0x6
 490 008f 40       		.uleb128 0x40
 491 0090 18       		.uleb128 0x18
 492 0091 9642     		.uleb128 0x2116
 493 0093 19       		.uleb128 0x19
 494 0094 00       		.byte	0
 495 0095 00       		.byte	0
 496 0096 0B       		.uleb128 0xb
 497 0097 34       		.uleb128 0x34
 498 0098 00       		.byte	0
 499 0099 03       		.uleb128 0x3
 500 009a 0E       		.uleb128 0xe
 501 009b 3A       		.uleb128 0x3a
 502 009c 0B       		.uleb128 0xb
 503 009d 3B       		.uleb128 0x3b
 504 009e 0B       		.uleb128 0xb
 505 009f 49       		.uleb128 0x49
 506 00a0 13       		.uleb128 0x13
 507 00a1 02       		.uleb128 0x2
 508 00a2 18       		.uleb128 0x18
 509 00a3 00       		.byte	0
 510 00a4 00       		.byte	0
 511 00a5 0C       		.uleb128 0xc
 512 00a6 34       		.uleb128 0x34
 513 00a7 00       		.byte	0
 514 00a8 03       		.uleb128 0x3
 515 00a9 0E       		.uleb128 0xe
 516 00aa 3A       		.uleb128 0x3a
 517 00ab 0B       		.uleb128 0xb
 518 00ac 3B       		.uleb128 0x3b
 519 00ad 05       		.uleb128 0x5
 520 00ae 49       		.uleb128 0x49
 521 00af 13       		.uleb128 0x13
 522 00b0 3F       		.uleb128 0x3f
 523 00b1 19       		.uleb128 0x19
ARM GAS  C:\Users\stijn\AppData\Local\Temp\cc6z3RjF.s 			page 12


 524 00b2 3C       		.uleb128 0x3c
 525 00b3 19       		.uleb128 0x19
 526 00b4 00       		.byte	0
 527 00b5 00       		.byte	0
 528 00b6 00       		.byte	0
 529              		.section	.debug_aranges,"",%progbits
 530 0000 34000000 		.4byte	0x34
 531 0004 0200     		.2byte	0x2
 532 0006 00000000 		.4byte	.Ldebug_info0
 533 000a 04       		.byte	0x4
 534 000b 00       		.byte	0
 535 000c 0000     		.2byte	0
 536 000e 0000     		.2byte	0
 537 0010 00000000 		.4byte	.LFB132
 538 0014 20000000 		.4byte	.LFE132-.LFB132
 539 0018 00000000 		.4byte	.LFB133
 540 001c 20000000 		.4byte	.LFE133-.LFB133
 541 0020 00000000 		.4byte	.LFB134
 542 0024 0C000000 		.4byte	.LFE134-.LFB134
 543 0028 00000000 		.4byte	.LFB135
 544 002c 0C000000 		.4byte	.LFE135-.LFB135
 545 0030 00000000 		.4byte	0
 546 0034 00000000 		.4byte	0
 547              		.section	.debug_ranges,"",%progbits
 548              	.Ldebug_ranges0:
 549 0000 00000000 		.4byte	.LFB132
 550 0004 20000000 		.4byte	.LFE132
 551 0008 00000000 		.4byte	.LFB133
 552 000c 20000000 		.4byte	.LFE133
 553 0010 00000000 		.4byte	.LFB134
 554 0014 0C000000 		.4byte	.LFE134
 555 0018 00000000 		.4byte	.LFB135
 556 001c 0C000000 		.4byte	.LFE135
 557 0020 00000000 		.4byte	0
 558 0024 00000000 		.4byte	0
 559              		.section	.debug_line,"",%progbits
 560              	.Ldebug_line0:
 561 0000 0D020000 		.section	.debug_str,"MS",%progbits,1
 561      0200C101 
 561      00000201 
 561      FB0E0D00 
 561      01010101 
 562              	.LASF4:
 563 0000 5F5F7569 		.ascii	"__uint8_t\000"
 563      6E74385F 
 563      7400
 564              	.LASF5:
 565 000a 5F5F696E 		.ascii	"__int32_t\000"
 565      7433325F 
 565      7400
 566              	.LASF3:
 567 0014 73686F72 		.ascii	"short unsigned int\000"
 567      7420756E 
 567      7369676E 
 567      65642069 
 567      6E7400
 568              	.LASF18:
ARM GAS  C:\Users\stijn\AppData\Local\Temp\cc6z3RjF.s 			page 13


 569 0027 666C6F61 		.ascii	"float\000"
 569      7400
 570              	.LASF31:
 571 002d 414D7578 		.ascii	"AMuxCtrl_backup\000"
 571      4374726C 
 571      5F626163 
 571      6B757000 
 572              	.LASF28:
 573 003d 47656E65 		.ascii	"Generated_Source\\PSoC6\\AMuxCtrl_PM.c\000"
 573      72617465 
 573      645F536F 
 573      75726365 
 573      5C50536F 
 574              	.LASF2:
 575 0062 756E7369 		.ascii	"unsigned char\000"
 575      676E6564 
 575      20636861 
 575      7200
 576              	.LASF21:
 577 0070 72656738 		.ascii	"reg8\000"
 577      00
 578              	.LASF8:
 579 0075 6C6F6E67 		.ascii	"long unsigned int\000"
 579      20756E73 
 579      69676E65 
 579      6420696E 
 579      7400
 580              	.LASF20:
 581 0087 75696E74 		.ascii	"uint8\000"
 581      3800
 582              	.LASF26:
 583 008d 414D7578 		.ascii	"AMuxCtrl_Wakeup\000"
 583      4374726C 
 583      5F57616B 
 583      65757000 
 584              	.LASF27:
 585 009d 474E5520 		.ascii	"GNU C11 5.4.1 20160609 (release) [ARM/embedded-5-br"
 585      43313120 
 585      352E342E 
 585      31203230 
 585      31363036 
 586 00d0 616E6368 		.ascii	"anch revision 237715] -mcpu=cortex-m4 -mfloat-abi=s"
 586      20726576 
 586      6973696F 
 586      6E203233 
 586      37373135 
 587 0103 6F667466 		.ascii	"oftfp -mfpu=fpv4-sp-d16 -mthumb -g -O0 -ffunction-s"
 587      70202D6D 
 587      6670753D 
 587      66707634 
 587      2D73702D 
 588 0136 65637469 		.ascii	"ections -ffat-lto-objects\000"
 588      6F6E7320 
 588      2D666661 
 588      742D6C74 
 588      6F2D6F62 
 589              	.LASF32:
ARM GAS  C:\Users\stijn\AppData\Local\Temp\cc6z3RjF.s 			page 14


 590 0150 49544D5F 		.ascii	"ITM_RxBuffer\000"
 590      52784275 
 590      66666572 
 590      00
 591              	.LASF30:
 592 015d 636F6E74 		.ascii	"controlState\000"
 592      726F6C53 
 592      74617465 
 592      00
 593              	.LASF19:
 594 016a 646F7562 		.ascii	"double\000"
 594      6C6500
 595              	.LASF7:
 596 0171 5F5F7569 		.ascii	"__uint32_t\000"
 596      6E743332 
 596      5F7400
 597              	.LASF11:
 598 017c 756E7369 		.ascii	"unsigned int\000"
 598      676E6564 
 598      20696E74 
 598      00
 599              	.LASF22:
 600 0189 414D7578 		.ascii	"AMuxCtrl_BACKUP_STRUCT\000"
 600      4374726C 
 600      5F424143 
 600      4B55505F 
 600      53545255 
 601              	.LASF10:
 602 01a0 6C6F6E67 		.ascii	"long long unsigned int\000"
 602      206C6F6E 
 602      6720756E 
 602      7369676E 
 602      65642069 
 603              	.LASF12:
 604 01b7 75696E74 		.ascii	"uint8_t\000"
 604      385F7400 
 605              	.LASF29:
 606 01bf 433A5C55 		.ascii	"C:\\Users\\stijn\\OneDrive\\Documenten\\PSoC Creato"
 606      73657273 
 606      5C737469 
 606      6A6E5C4F 
 606      6E654472 
 607 01ed 725C4144 		.ascii	"r\\ADC Klodden\\RTOS_I2C_Test.cydsn\000"
 607      43204B6C 
 607      6F646465 
 607      6E5C5254 
 607      4F535F49 
 608              	.LASF13:
 609 020f 696E7433 		.ascii	"int32_t\000"
 609      325F7400 
 610              	.LASF15:
 611 0217 73697A65 		.ascii	"sizetype\000"
 611      74797065 
 611      00
 612              	.LASF9:
 613 0220 6C6F6E67 		.ascii	"long long int\000"
 613      206C6F6E 
ARM GAS  C:\Users\stijn\AppData\Local\Temp\cc6z3RjF.s 			page 15


 613      6720696E 
 613      7400
 614              	.LASF17:
 615 022e 63686172 		.ascii	"char\000"
 615      00
 616              	.LASF24:
 617 0233 414D7578 		.ascii	"AMuxCtrl_RestoreConfig\000"
 617      4374726C 
 617      5F526573 
 617      746F7265 
 617      436F6E66 
 618              	.LASF25:
 619 024a 414D7578 		.ascii	"AMuxCtrl_Sleep\000"
 619      4374726C 
 619      5F536C65 
 619      657000
 620              	.LASF0:
 621 0259 73686F72 		.ascii	"short int\000"
 621      7420696E 
 621      7400
 622              	.LASF14:
 623 0263 75696E74 		.ascii	"uint32_t\000"
 623      33325F74 
 623      00
 624              	.LASF6:
 625 026c 6C6F6E67 		.ascii	"long int\000"
 625      20696E74 
 625      00
 626              	.LASF16:
 627 0275 6C6F6E67 		.ascii	"long double\000"
 627      20646F75 
 627      626C6500 
 628              	.LASF1:
 629 0281 7369676E 		.ascii	"signed char\000"
 629      65642063 
 629      68617200 
 630              	.LASF23:
 631 028d 414D7578 		.ascii	"AMuxCtrl_SaveConfig\000"
 631      4374726C 
 631      5F536176 
 631      65436F6E 
 631      66696700 
 632              		.ident	"GCC: (GNU Tools for ARM Embedded Processors) 5.4.1 20160609 (release) [ARM/embedded-5-bran
