ARM GAS  C:\Users\stijn\AppData\Local\Temp\cc0APJ4j.s 			page 1


   1              		.syntax unified
   2              		.cpu cortex-m4
   3              		.eabi_attribute 27, 1
   4              		.fpu fpv4-sp-d16
   5              		.eabi_attribute 20, 1
   6              		.eabi_attribute 21, 1
   7              		.eabi_attribute 23, 3
   8              		.eabi_attribute 24, 1
   9              		.eabi_attribute 25, 1
  10              		.eabi_attribute 26, 1
  11              		.eabi_attribute 30, 1
  12              		.eabi_attribute 34, 1
  13              		.eabi_attribute 18, 4
  14              		.thumb
  15              		.syntax unified
  16              		.file	"cyfitter_amux.c"
  17              		.text
  18              	.Ltext0:
  19              		.cfi_sections	.debug_frame
  20              		.section	.text.AMuxSeq_DisconnectAll,"ax",%progbits
  21              		.align	2
  22              		.global	AMuxSeq_DisconnectAll
  23              		.thumb
  24              		.thumb_func
  25              		.type	AMuxSeq_DisconnectAll, %function
  26              	AMuxSeq_DisconnectAll:
  27              	.LFB135:
  28              		.file 1 "Generated_Source\\PSoC6\\cyfitter_amux.c"
   1:Generated_Source\PSoC6/cyfitter_amux.c **** /*******************************************************************************
   2:Generated_Source\PSoC6/cyfitter_amux.c **** * File Name: cyfitter_amux.c
   3:Generated_Source\PSoC6/cyfitter_amux.c **** * 
   4:Generated_Source\PSoC6/cyfitter_amux.c **** * PSoC Creator  4.2
   5:Generated_Source\PSoC6/cyfitter_amux.c **** *
   6:Generated_Source\PSoC6/cyfitter_amux.c **** * Description:
   7:Generated_Source\PSoC6/cyfitter_amux.c **** * APIs for analog mux channel switching
   8:Generated_Source\PSoC6/cyfitter_amux.c **** * This file is automatically generated by PSoC Creator.
   9:Generated_Source\PSoC6/cyfitter_amux.c **** *
  10:Generated_Source\PSoC6/cyfitter_amux.c **** ********************************************************************************
  11:Generated_Source\PSoC6/cyfitter_amux.c **** * Copyright (c) 2007-2018 Cypress Semiconductor.  All rights reserved.
  12:Generated_Source\PSoC6/cyfitter_amux.c **** * You may use this file only in accordance with the license, terms, conditions, 
  13:Generated_Source\PSoC6/cyfitter_amux.c **** * disclaimers, and limitations in the end user license agreement accompanying 
  14:Generated_Source\PSoC6/cyfitter_amux.c **** * the software package with which this file was provided.
  15:Generated_Source\PSoC6/cyfitter_amux.c **** ********************************************************************************/
  16:Generated_Source\PSoC6/cyfitter_amux.c **** 
  17:Generated_Source\PSoC6/cyfitter_amux.c **** #include "cyfitter_cfg.h"
  18:Generated_Source\PSoC6/cyfitter_amux.c **** #include "cydevice_trm.h"
  19:Generated_Source\PSoC6/cyfitter_amux.c **** #include <string.h>
  20:Generated_Source\PSoC6/cyfitter_amux.c **** 
  21:Generated_Source\PSoC6/cyfitter_amux.c **** #if defined(__GNUC__) || defined(__ARMCC_VERSION)
  22:Generated_Source\PSoC6/cyfitter_amux.c ****     #define CYPACKED 
  23:Generated_Source\PSoC6/cyfitter_amux.c ****     #define CYPACKED_ATTR __attribute__ ((packed))
  24:Generated_Source\PSoC6/cyfitter_amux.c ****     #define CYALIGNED __attribute__ ((aligned))
  25:Generated_Source\PSoC6/cyfitter_amux.c ****     #define CY_CFG_UNUSED __attribute__ ((unused))
  26:Generated_Source\PSoC6/cyfitter_amux.c ****     #ifndef CY_CFG_SECTION
  27:Generated_Source\PSoC6/cyfitter_amux.c ****         #define CY_CFG_SECTION __attribute__ ((section(".psocinit")))
  28:Generated_Source\PSoC6/cyfitter_amux.c ****     #endif
  29:Generated_Source\PSoC6/cyfitter_amux.c ****     
ARM GAS  C:\Users\stijn\AppData\Local\Temp\cc0APJ4j.s 			page 2


  30:Generated_Source\PSoC6/cyfitter_amux.c ****     #if defined(__ARMCC_VERSION)
  31:Generated_Source\PSoC6/cyfitter_amux.c ****         #define CY_CFG_MEMORY_BARRIER() __memory_changed()
  32:Generated_Source\PSoC6/cyfitter_amux.c ****     #else
  33:Generated_Source\PSoC6/cyfitter_amux.c ****         #define CY_CFG_MEMORY_BARRIER() __sync_synchronize()
  34:Generated_Source\PSoC6/cyfitter_amux.c ****     #endif
  35:Generated_Source\PSoC6/cyfitter_amux.c ****     
  36:Generated_Source\PSoC6/cyfitter_amux.c **** #elif defined(__ICCARM__)
  37:Generated_Source\PSoC6/cyfitter_amux.c ****     #include <intrinsics.h>
  38:Generated_Source\PSoC6/cyfitter_amux.c **** 
  39:Generated_Source\PSoC6/cyfitter_amux.c ****     #define CYPACKED __packed
  40:Generated_Source\PSoC6/cyfitter_amux.c ****     #define CYPACKED_ATTR 
  41:Generated_Source\PSoC6/cyfitter_amux.c ****     #define CYALIGNED _Pragma("data_alignment=4")
  42:Generated_Source\PSoC6/cyfitter_amux.c ****     #define CY_CFG_UNUSED _Pragma("diag_suppress=Pe177")
  43:Generated_Source\PSoC6/cyfitter_amux.c ****     #define CY_CFG_SECTION _Pragma("location=\".psocinit\"")
  44:Generated_Source\PSoC6/cyfitter_amux.c ****     
  45:Generated_Source\PSoC6/cyfitter_amux.c ****     #define CY_CFG_MEMORY_BARRIER() __DMB()
  46:Generated_Source\PSoC6/cyfitter_amux.c ****     
  47:Generated_Source\PSoC6/cyfitter_amux.c **** #else
  48:Generated_Source\PSoC6/cyfitter_amux.c ****     #error Unsupported toolchain
  49:Generated_Source\PSoC6/cyfitter_amux.c **** #endif
  50:Generated_Source\PSoC6/cyfitter_amux.c **** 
  51:Generated_Source\PSoC6/cyfitter_amux.c **** #ifndef CYCODE
  52:Generated_Source\PSoC6/cyfitter_amux.c ****     #define CYCODE
  53:Generated_Source\PSoC6/cyfitter_amux.c **** #endif
  54:Generated_Source\PSoC6/cyfitter_amux.c **** #ifndef CYDATA
  55:Generated_Source\PSoC6/cyfitter_amux.c ****     #define CYDATA
  56:Generated_Source\PSoC6/cyfitter_amux.c **** #endif
  57:Generated_Source\PSoC6/cyfitter_amux.c **** #ifndef CYFAR
  58:Generated_Source\PSoC6/cyfitter_amux.c ****     #define CYFAR
  59:Generated_Source\PSoC6/cyfitter_amux.c **** #endif
  60:Generated_Source\PSoC6/cyfitter_amux.c **** #ifndef CYXDATA
  61:Generated_Source\PSoC6/cyfitter_amux.c ****     #define CYXDATA
  62:Generated_Source\PSoC6/cyfitter_amux.c **** #endif
  63:Generated_Source\PSoC6/cyfitter_amux.c **** 
  64:Generated_Source\PSoC6/cyfitter_amux.c **** 
  65:Generated_Source\PSoC6/cyfitter_amux.c **** CY_CFG_UNUSED
  66:Generated_Source\PSoC6/cyfitter_amux.c **** static void CYMEMZERO(void *s, size_t n);
  67:Generated_Source\PSoC6/cyfitter_amux.c **** CY_CFG_UNUSED
  68:Generated_Source\PSoC6/cyfitter_amux.c **** static void CYMEMZERO(void *s, size_t n)
  69:Generated_Source\PSoC6/cyfitter_amux.c **** {
  70:Generated_Source\PSoC6/cyfitter_amux.c **** 	(void)memset(s, 0, n);
  71:Generated_Source\PSoC6/cyfitter_amux.c **** }
  72:Generated_Source\PSoC6/cyfitter_amux.c **** CY_CFG_UNUSED
  73:Generated_Source\PSoC6/cyfitter_amux.c **** static void CYCONFIGCPY(void *dest, const void *src, size_t n);
  74:Generated_Source\PSoC6/cyfitter_amux.c **** CY_CFG_UNUSED
  75:Generated_Source\PSoC6/cyfitter_amux.c **** static void CYCONFIGCPY(void *dest, const void *src, size_t n)
  76:Generated_Source\PSoC6/cyfitter_amux.c **** {
  77:Generated_Source\PSoC6/cyfitter_amux.c **** 	(void)memcpy(dest, src, n);
  78:Generated_Source\PSoC6/cyfitter_amux.c **** }
  79:Generated_Source\PSoC6/cyfitter_amux.c **** CY_CFG_UNUSED
  80:Generated_Source\PSoC6/cyfitter_amux.c **** static void CYCONFIGCPYCODE(void *dest, const void *src, size_t n);
  81:Generated_Source\PSoC6/cyfitter_amux.c **** CY_CFG_UNUSED
  82:Generated_Source\PSoC6/cyfitter_amux.c **** static void CYCONFIGCPYCODE(void *dest, const void *src, size_t n)
  83:Generated_Source\PSoC6/cyfitter_amux.c **** {
  84:Generated_Source\PSoC6/cyfitter_amux.c **** 	(void)memcpy(dest, src, n);
  85:Generated_Source\PSoC6/cyfitter_amux.c **** }
  86:Generated_Source\PSoC6/cyfitter_amux.c **** 
ARM GAS  C:\Users\stijn\AppData\Local\Temp\cc0APJ4j.s 			page 3


  87:Generated_Source\PSoC6/cyfitter_amux.c **** 
  88:Generated_Source\PSoC6/cyfitter_amux.c **** #define CY_AMUX_UNUSED CYREG_CPUSS_CM0_STATUS
  89:Generated_Source\PSoC6/cyfitter_amux.c **** int8 AMuxSeq_curChannel = -1;
  90:Generated_Source\PSoC6/cyfitter_amux.c **** 
  91:Generated_Source\PSoC6/cyfitter_amux.c **** void AMuxSeq_DisconnectAll(void)
  92:Generated_Source\PSoC6/cyfitter_amux.c **** {
  29              		.loc 1 92 0
  30              		.cfi_startproc
  31              		@ args = 0, pretend = 0, frame = 0
  32              		@ frame_needed = 0, uses_anonymous_args = 0
  33              		@ link register save eliminated.
  93:Generated_Source\PSoC6/cyfitter_amux.c **** 	AMuxSeq_curChannel = -1;
  34              		.loc 1 93 0
  35 0000 FF22     		movs	r2, #255
  36 0002 064B     		ldr	r3, .L2
  37 0004 1A70     		strb	r2, [r3]
  94:Generated_Source\PSoC6/cyfitter_amux.c **** 	CY_SET_REG32((void CYXDATA *)CYREG_SAR_MUX_SWITCH_CLEAR0, (0x01u));
  38              		.loc 1 94 0
  39 0006 064B     		ldr	r3, .L2+4
  40 0008 0122     		movs	r2, #1
  41 000a 1A60     		str	r2, [r3]
  95:Generated_Source\PSoC6/cyfitter_amux.c **** 	CY_SET_REG32((void CYXDATA *)CYREG_SAR_MUX_SWITCH_CLEAR0, (0x02u));
  42              		.loc 1 95 0
  43 000c 0222     		movs	r2, #2
  44 000e 1A60     		str	r2, [r3]
  96:Generated_Source\PSoC6/cyfitter_amux.c **** 	CY_SET_REG32((void CYXDATA *)CYREG_SAR_MUX_SWITCH_CLEAR0, (0x04u));
  45              		.loc 1 96 0
  46 0010 0422     		movs	r2, #4
  47 0012 1A60     		str	r2, [r3]
  97:Generated_Source\PSoC6/cyfitter_amux.c **** 	CY_SET_REG32((void CYXDATA *)CYREG_SAR_MUX_SWITCH_CLEAR0, (0x08u));
  48              		.loc 1 97 0
  49 0014 0822     		movs	r2, #8
  50 0016 1A60     		str	r2, [r3]
  51 0018 7047     		bx	lr
  52              	.L3:
  53 001a 00BF     		.align	2
  54              	.L2:
  55 001c 00000000 		.word	.LANCHOR0
  56 0020 04031D41 		.word	1092420356
  57              		.cfi_endproc
  58              	.LFE135:
  59              		.size	AMuxSeq_DisconnectAll, .-AMuxSeq_DisconnectAll
  60              		.section	.text.AMuxSeq_Next,"ax",%progbits
  61              		.align	2
  62              		.global	AMuxSeq_Next
  63              		.thumb
  64              		.thumb_func
  65              		.type	AMuxSeq_Next, %function
  66              	AMuxSeq_Next:
  67              	.LFB136:
  98:Generated_Source\PSoC6/cyfitter_amux.c **** }
  99:Generated_Source\PSoC6/cyfitter_amux.c **** 
 100:Generated_Source\PSoC6/cyfitter_amux.c **** void AMuxSeq_Next(void)
 101:Generated_Source\PSoC6/cyfitter_amux.c **** {
  68              		.loc 1 101 0
  69              		.cfi_startproc
  70              		@ args = 0, pretend = 0, frame = 0
ARM GAS  C:\Users\stijn\AppData\Local\Temp\cc0APJ4j.s 			page 4


  71              		@ frame_needed = 0, uses_anonymous_args = 0
  72              		@ link register save eliminated.
 102:Generated_Source\PSoC6/cyfitter_amux.c **** 	AMuxSeq_curChannel++;
  73              		.loc 1 102 0
  74 0000 154A     		ldr	r2, .L15
  75 0002 1378     		ldrb	r3, [r2]	@ zero_extendqisi2
  76 0004 0133     		adds	r3, r3, #1
  77 0006 5BB2     		sxtb	r3, r3
  78 0008 1370     		strb	r3, [r2]
 103:Generated_Source\PSoC6/cyfitter_amux.c **** 	switch (AMuxSeq_curChannel)
  79              		.loc 1 103 0
  80 000a 072B     		cmp	r3, #7
  81 000c 05D8     		bhi	.L5
  82 000e DFE803F0 		tbb	[pc, r3]
  83              	.L7:
  84 0012 07       		.byte	(.L6-.L7)/2
  85 0013 0E       		.byte	(.L8-.L7)/2
  86 0014 15       		.byte	(.L9-.L7)/2
  87 0015 1C       		.byte	(.L10-.L7)/2
  88 0016 04       		.byte	(.L5-.L7)/2
  89 0017 04       		.byte	(.L5-.L7)/2
  90 0018 04       		.byte	(.L5-.L7)/2
  91 0019 04       		.byte	(.L5-.L7)/2
  92              		.p2align 1
  93              	.L5:
 104:Generated_Source\PSoC6/cyfitter_amux.c **** 	{
 105:Generated_Source\PSoC6/cyfitter_amux.c **** 	case 5: /* to force jump table (not executed) */
 106:Generated_Source\PSoC6/cyfitter_amux.c **** 		AMuxSeq_curChannel = 5;
 107:Generated_Source\PSoC6/cyfitter_amux.c **** 	case 6: /* to force jump table (not executed) */
 108:Generated_Source\PSoC6/cyfitter_amux.c **** 		AMuxSeq_curChannel = 6;
 109:Generated_Source\PSoC6/cyfitter_amux.c **** 	case 7: /* to force jump table (not executed) */
 110:Generated_Source\PSoC6/cyfitter_amux.c **** 		AMuxSeq_curChannel = 7;
 111:Generated_Source\PSoC6/cyfitter_amux.c **** 	case 4:
 112:Generated_Source\PSoC6/cyfitter_amux.c **** 	default:
 113:Generated_Source\PSoC6/cyfitter_amux.c **** 		AMuxSeq_curChannel = 0;
  94              		.loc 1 113 0
  95 001a 0022     		movs	r2, #0
  96 001c 0E4B     		ldr	r3, .L15
  97 001e 1A70     		strb	r2, [r3]
  98              	.L6:
 114:Generated_Source\PSoC6/cyfitter_amux.c **** 	case 0:
 115:Generated_Source\PSoC6/cyfitter_amux.c **** 		CY_SET_REG32((void CYXDATA *)CYREG_SAR_MUX_SWITCH_CLEAR0, (0x08u));
  99              		.loc 1 115 0
 100 0020 0822     		movs	r2, #8
 101 0022 0E4B     		ldr	r3, .L15+4
 102 0024 1A60     		str	r2, [r3]
 116:Generated_Source\PSoC6/cyfitter_amux.c **** 		CY_SET_REG32((void CYXDATA *)CYREG_SAR_MUX_SWITCH0, (0x01u));
 103              		.loc 1 116 0
 104 0026 0122     		movs	r2, #1
 105 0028 043B     		subs	r3, r3, #4
 106 002a 1A60     		str	r2, [r3]
 117:Generated_Source\PSoC6/cyfitter_amux.c **** 		break;
 107              		.loc 1 117 0
 108 002c 7047     		bx	lr
 109              	.L8:
 118:Generated_Source\PSoC6/cyfitter_amux.c **** 	case 1:
 119:Generated_Source\PSoC6/cyfitter_amux.c **** 		CY_SET_REG32((void CYXDATA *)CYREG_SAR_MUX_SWITCH_CLEAR0, (0x01u));
ARM GAS  C:\Users\stijn\AppData\Local\Temp\cc0APJ4j.s 			page 5


 110              		.loc 1 119 0
 111 002e 0122     		movs	r2, #1
 112 0030 0A4B     		ldr	r3, .L15+4
 113 0032 1A60     		str	r2, [r3]
 120:Generated_Source\PSoC6/cyfitter_amux.c **** 		CY_SET_REG32((void CYXDATA *)CYREG_SAR_MUX_SWITCH0, (0x02u));
 114              		.loc 1 120 0
 115 0034 0222     		movs	r2, #2
 116 0036 043B     		subs	r3, r3, #4
 117 0038 1A60     		str	r2, [r3]
 121:Generated_Source\PSoC6/cyfitter_amux.c **** 		break;
 118              		.loc 1 121 0
 119 003a 7047     		bx	lr
 120              	.L9:
 122:Generated_Source\PSoC6/cyfitter_amux.c **** 	case 2:
 123:Generated_Source\PSoC6/cyfitter_amux.c **** 		CY_SET_REG32((void CYXDATA *)CYREG_SAR_MUX_SWITCH_CLEAR0, (0x02u));
 121              		.loc 1 123 0
 122 003c 0222     		movs	r2, #2
 123 003e 074B     		ldr	r3, .L15+4
 124 0040 1A60     		str	r2, [r3]
 124:Generated_Source\PSoC6/cyfitter_amux.c **** 		CY_SET_REG32((void CYXDATA *)CYREG_SAR_MUX_SWITCH0, (0x04u));
 125              		.loc 1 124 0
 126 0042 0422     		movs	r2, #4
 127 0044 043B     		subs	r3, r3, #4
 128 0046 1A60     		str	r2, [r3]
 125:Generated_Source\PSoC6/cyfitter_amux.c **** 		break;
 129              		.loc 1 125 0
 130 0048 7047     		bx	lr
 131              	.L10:
 126:Generated_Source\PSoC6/cyfitter_amux.c **** 	case 3:
 127:Generated_Source\PSoC6/cyfitter_amux.c **** 		CY_SET_REG32((void CYXDATA *)CYREG_SAR_MUX_SWITCH_CLEAR0, (0x04u));
 132              		.loc 1 127 0
 133 004a 0422     		movs	r2, #4
 134 004c 034B     		ldr	r3, .L15+4
 135 004e 1A60     		str	r2, [r3]
 128:Generated_Source\PSoC6/cyfitter_amux.c **** 		CY_SET_REG32((void CYXDATA *)CYREG_SAR_MUX_SWITCH0, (0x08u));
 136              		.loc 1 128 0
 137 0050 0822     		movs	r2, #8
 138 0052 043B     		subs	r3, r3, #4
 139 0054 1A60     		str	r2, [r3]
 140 0056 7047     		bx	lr
 141              	.L16:
 142              		.align	2
 143              	.L15:
 144 0058 00000000 		.word	.LANCHOR0
 145 005c 04031D41 		.word	1092420356
 146              		.cfi_endproc
 147              	.LFE136:
 148              		.size	AMuxSeq_Next, .-AMuxSeq_Next
 149              		.global	AMuxSeq_curChannel
 150              		.data
 151              		.set	.LANCHOR0,. + 0
 152              		.type	AMuxSeq_curChannel, %object
 153              		.size	AMuxSeq_curChannel, 1
 154              	AMuxSeq_curChannel:
 155 0000 FF       		.byte	-1
 156              		.text
 157              	.Letext0:
ARM GAS  C:\Users\stijn\AppData\Local\Temp\cc0APJ4j.s 			page 6


 158              		.file 2 "c:\\program files (x86)\\cypress\\psoc creator\\4.2\\psoc creator\\import\\gnu\\arm\\5.4.
 159              		.file 3 "c:\\program files (x86)\\cypress\\psoc creator\\4.2\\psoc creator\\import\\gnu\\arm\\5.4.
 160              		.file 4 "Generated_Source\\PSoC6\\pdl\\drivers/peripheral/syslib/cy_syslib.h"
 161              		.file 5 "Generated_Source\\PSoC6\\pdl\\cmsis/include/core_cm4.h"
 162              		.section	.debug_info,"",%progbits
 163              	.Ldebug_info0:
 164 0000 1D010000 		.4byte	0x11d
 165 0004 0400     		.2byte	0x4
 166 0006 00000000 		.4byte	.Ldebug_abbrev0
 167 000a 04       		.byte	0x4
 168 000b 01       		.uleb128 0x1
 169 000c 0E000000 		.4byte	.LASF25
 170 0010 0C       		.byte	0xc
 171 0011 E5010000 		.4byte	.LASF26
 172 0015 C1000000 		.4byte	.LASF27
 173 0019 00000000 		.4byte	.Ldebug_ranges0+0
 174 001d 00000000 		.4byte	0
 175 0021 00000000 		.4byte	.Ldebug_line0
 176 0025 02       		.uleb128 0x2
 177 0026 B0010000 		.4byte	.LASF4
 178 002a 02       		.byte	0x2
 179 002b 1B       		.byte	0x1b
 180 002c 30000000 		.4byte	0x30
 181 0030 03       		.uleb128 0x3
 182 0031 01       		.byte	0x1
 183 0032 06       		.byte	0x6
 184 0033 CC010000 		.4byte	.LASF0
 185 0037 03       		.uleb128 0x3
 186 0038 01       		.byte	0x1
 187 0039 08       		.byte	0x8
 188 003a 50010000 		.4byte	.LASF1
 189 003e 03       		.uleb128 0x3
 190 003f 02       		.byte	0x2
 191 0040 05       		.byte	0x5
 192 0041 38020000 		.4byte	.LASF2
 193 0045 03       		.uleb128 0x3
 194 0046 02       		.byte	0x2
 195 0047 07       		.byte	0x7
 196 0048 B9010000 		.4byte	.LASF3
 197 004c 02       		.uleb128 0x2
 198 004d 0C020000 		.4byte	.LASF5
 199 0051 02       		.byte	0x2
 200 0052 3F       		.byte	0x3f
 201 0053 57000000 		.4byte	0x57
 202 0057 03       		.uleb128 0x3
 203 0058 04       		.byte	0x4
 204 0059 05       		.byte	0x5
 205 005a A7010000 		.4byte	.LASF6
 206 005e 02       		.uleb128 0x2
 207 005f 11010000 		.4byte	.LASF7
 208 0063 02       		.byte	0x2
 209 0064 41       		.byte	0x41
 210 0065 69000000 		.4byte	0x69
 211 0069 03       		.uleb128 0x3
 212 006a 04       		.byte	0x4
 213 006b 07       		.byte	0x7
 214 006c 21010000 		.4byte	.LASF8
ARM GAS  C:\Users\stijn\AppData\Local\Temp\cc0APJ4j.s 			page 7


 215 0070 03       		.uleb128 0x3
 216 0071 08       		.byte	0x8
 217 0072 05       		.byte	0x5
 218 0073 00000000 		.4byte	.LASF9
 219 0077 03       		.uleb128 0x3
 220 0078 08       		.byte	0x8
 221 0079 07       		.byte	0x7
 222 007a 33010000 		.4byte	.LASF10
 223 007e 04       		.uleb128 0x4
 224 007f 04       		.byte	0x4
 225 0080 05       		.byte	0x5
 226 0081 696E7400 		.ascii	"int\000"
 227 0085 03       		.uleb128 0x3
 228 0086 04       		.byte	0x4
 229 0087 07       		.byte	0x7
 230 0088 93010000 		.4byte	.LASF11
 231 008c 02       		.uleb128 0x2
 232 008d 8C010000 		.4byte	.LASF12
 233 0091 03       		.byte	0x3
 234 0092 14       		.byte	0x14
 235 0093 25000000 		.4byte	0x25
 236 0097 02       		.uleb128 0x2
 237 0098 42020000 		.4byte	.LASF13
 238 009c 03       		.byte	0x3
 239 009d 2C       		.byte	0x2c
 240 009e 4C000000 		.4byte	0x4c
 241 00a2 02       		.uleb128 0x2
 242 00a3 63010000 		.4byte	.LASF14
 243 00a7 03       		.byte	0x3
 244 00a8 30       		.byte	0x30
 245 00a9 5E000000 		.4byte	0x5e
 246 00ad 03       		.uleb128 0x3
 247 00ae 08       		.byte	0x8
 248 00af 04       		.byte	0x4
 249 00b0 16020000 		.4byte	.LASF15
 250 00b4 03       		.uleb128 0x3
 251 00b5 04       		.byte	0x4
 252 00b6 07       		.byte	0x7
 253 00b7 4A020000 		.4byte	.LASF16
 254 00bb 03       		.uleb128 0x3
 255 00bc 01       		.byte	0x1
 256 00bd 08       		.byte	0x8
 257 00be 5E010000 		.4byte	.LASF17
 258 00c2 03       		.uleb128 0x3
 259 00c3 04       		.byte	0x4
 260 00c4 04       		.byte	0x4
 261 00c5 4A010000 		.4byte	.LASF18
 262 00c9 03       		.uleb128 0x3
 263 00ca 08       		.byte	0x8
 264 00cb 04       		.byte	0x4
 265 00cc A0010000 		.4byte	.LASF19
 266 00d0 05       		.uleb128 0x5
 267 00d1 1C010000 		.4byte	.LASF20
 268 00d5 04       		.byte	0x4
 269 00d6 ED03     		.2byte	0x3ed
 270 00d8 8C000000 		.4byte	0x8c
 271 00dc 06       		.uleb128 0x6
ARM GAS  C:\Users\stijn\AppData\Local\Temp\cc0APJ4j.s 			page 8


 272 00dd 22020000 		.4byte	.LASF21
 273 00e1 01       		.byte	0x1
 274 00e2 5B       		.byte	0x5b
 275 00e3 00000000 		.4byte	.LFB135
 276 00e7 24000000 		.4byte	.LFE135-.LFB135
 277 00eb 01       		.uleb128 0x1
 278 00ec 9C       		.byte	0x9c
 279 00ed 06       		.uleb128 0x6
 280 00ee D8010000 		.4byte	.LASF22
 281 00f2 01       		.byte	0x1
 282 00f3 64       		.byte	0x64
 283 00f4 00000000 		.4byte	.LFB136
 284 00f8 60000000 		.4byte	.LFE136-.LFB136
 285 00fc 01       		.uleb128 0x1
 286 00fd 9C       		.byte	0x9c
 287 00fe 07       		.uleb128 0x7
 288 00ff 6C010000 		.4byte	.LASF23
 289 0103 05       		.byte	0x5
 290 0104 F907     		.2byte	0x7f9
 291 0106 0A010000 		.4byte	0x10a
 292 010a 08       		.uleb128 0x8
 293 010b 97000000 		.4byte	0x97
 294 010f 09       		.uleb128 0x9
 295 0110 79010000 		.4byte	.LASF24
 296 0114 01       		.byte	0x1
 297 0115 59       		.byte	0x59
 298 0116 D0000000 		.4byte	0xd0
 299 011a 05       		.uleb128 0x5
 300 011b 03       		.byte	0x3
 301 011c 00000000 		.4byte	AMuxSeq_curChannel
 302 0120 00       		.byte	0
 303              		.section	.debug_abbrev,"",%progbits
 304              	.Ldebug_abbrev0:
 305 0000 01       		.uleb128 0x1
 306 0001 11       		.uleb128 0x11
 307 0002 01       		.byte	0x1
 308 0003 25       		.uleb128 0x25
 309 0004 0E       		.uleb128 0xe
 310 0005 13       		.uleb128 0x13
 311 0006 0B       		.uleb128 0xb
 312 0007 03       		.uleb128 0x3
 313 0008 0E       		.uleb128 0xe
 314 0009 1B       		.uleb128 0x1b
 315 000a 0E       		.uleb128 0xe
 316 000b 55       		.uleb128 0x55
 317 000c 17       		.uleb128 0x17
 318 000d 11       		.uleb128 0x11
 319 000e 01       		.uleb128 0x1
 320 000f 10       		.uleb128 0x10
 321 0010 17       		.uleb128 0x17
 322 0011 00       		.byte	0
 323 0012 00       		.byte	0
 324 0013 02       		.uleb128 0x2
 325 0014 16       		.uleb128 0x16
 326 0015 00       		.byte	0
 327 0016 03       		.uleb128 0x3
 328 0017 0E       		.uleb128 0xe
ARM GAS  C:\Users\stijn\AppData\Local\Temp\cc0APJ4j.s 			page 9


 329 0018 3A       		.uleb128 0x3a
 330 0019 0B       		.uleb128 0xb
 331 001a 3B       		.uleb128 0x3b
 332 001b 0B       		.uleb128 0xb
 333 001c 49       		.uleb128 0x49
 334 001d 13       		.uleb128 0x13
 335 001e 00       		.byte	0
 336 001f 00       		.byte	0
 337 0020 03       		.uleb128 0x3
 338 0021 24       		.uleb128 0x24
 339 0022 00       		.byte	0
 340 0023 0B       		.uleb128 0xb
 341 0024 0B       		.uleb128 0xb
 342 0025 3E       		.uleb128 0x3e
 343 0026 0B       		.uleb128 0xb
 344 0027 03       		.uleb128 0x3
 345 0028 0E       		.uleb128 0xe
 346 0029 00       		.byte	0
 347 002a 00       		.byte	0
 348 002b 04       		.uleb128 0x4
 349 002c 24       		.uleb128 0x24
 350 002d 00       		.byte	0
 351 002e 0B       		.uleb128 0xb
 352 002f 0B       		.uleb128 0xb
 353 0030 3E       		.uleb128 0x3e
 354 0031 0B       		.uleb128 0xb
 355 0032 03       		.uleb128 0x3
 356 0033 08       		.uleb128 0x8
 357 0034 00       		.byte	0
 358 0035 00       		.byte	0
 359 0036 05       		.uleb128 0x5
 360 0037 16       		.uleb128 0x16
 361 0038 00       		.byte	0
 362 0039 03       		.uleb128 0x3
 363 003a 0E       		.uleb128 0xe
 364 003b 3A       		.uleb128 0x3a
 365 003c 0B       		.uleb128 0xb
 366 003d 3B       		.uleb128 0x3b
 367 003e 05       		.uleb128 0x5
 368 003f 49       		.uleb128 0x49
 369 0040 13       		.uleb128 0x13
 370 0041 00       		.byte	0
 371 0042 00       		.byte	0
 372 0043 06       		.uleb128 0x6
 373 0044 2E       		.uleb128 0x2e
 374 0045 00       		.byte	0
 375 0046 3F       		.uleb128 0x3f
 376 0047 19       		.uleb128 0x19
 377 0048 03       		.uleb128 0x3
 378 0049 0E       		.uleb128 0xe
 379 004a 3A       		.uleb128 0x3a
 380 004b 0B       		.uleb128 0xb
 381 004c 3B       		.uleb128 0x3b
 382 004d 0B       		.uleb128 0xb
 383 004e 27       		.uleb128 0x27
 384 004f 19       		.uleb128 0x19
 385 0050 11       		.uleb128 0x11
ARM GAS  C:\Users\stijn\AppData\Local\Temp\cc0APJ4j.s 			page 10


 386 0051 01       		.uleb128 0x1
 387 0052 12       		.uleb128 0x12
 388 0053 06       		.uleb128 0x6
 389 0054 40       		.uleb128 0x40
 390 0055 18       		.uleb128 0x18
 391 0056 9742     		.uleb128 0x2117
 392 0058 19       		.uleb128 0x19
 393 0059 00       		.byte	0
 394 005a 00       		.byte	0
 395 005b 07       		.uleb128 0x7
 396 005c 34       		.uleb128 0x34
 397 005d 00       		.byte	0
 398 005e 03       		.uleb128 0x3
 399 005f 0E       		.uleb128 0xe
 400 0060 3A       		.uleb128 0x3a
 401 0061 0B       		.uleb128 0xb
 402 0062 3B       		.uleb128 0x3b
 403 0063 05       		.uleb128 0x5
 404 0064 49       		.uleb128 0x49
 405 0065 13       		.uleb128 0x13
 406 0066 3F       		.uleb128 0x3f
 407 0067 19       		.uleb128 0x19
 408 0068 3C       		.uleb128 0x3c
 409 0069 19       		.uleb128 0x19
 410 006a 00       		.byte	0
 411 006b 00       		.byte	0
 412 006c 08       		.uleb128 0x8
 413 006d 35       		.uleb128 0x35
 414 006e 00       		.byte	0
 415 006f 49       		.uleb128 0x49
 416 0070 13       		.uleb128 0x13
 417 0071 00       		.byte	0
 418 0072 00       		.byte	0
 419 0073 09       		.uleb128 0x9
 420 0074 34       		.uleb128 0x34
 421 0075 00       		.byte	0
 422 0076 03       		.uleb128 0x3
 423 0077 0E       		.uleb128 0xe
 424 0078 3A       		.uleb128 0x3a
 425 0079 0B       		.uleb128 0xb
 426 007a 3B       		.uleb128 0x3b
 427 007b 0B       		.uleb128 0xb
 428 007c 49       		.uleb128 0x49
 429 007d 13       		.uleb128 0x13
 430 007e 3F       		.uleb128 0x3f
 431 007f 19       		.uleb128 0x19
 432 0080 02       		.uleb128 0x2
 433 0081 18       		.uleb128 0x18
 434 0082 00       		.byte	0
 435 0083 00       		.byte	0
 436 0084 00       		.byte	0
 437              		.section	.debug_aranges,"",%progbits
 438 0000 24000000 		.4byte	0x24
 439 0004 0200     		.2byte	0x2
 440 0006 00000000 		.4byte	.Ldebug_info0
 441 000a 04       		.byte	0x4
 442 000b 00       		.byte	0
ARM GAS  C:\Users\stijn\AppData\Local\Temp\cc0APJ4j.s 			page 11


 443 000c 0000     		.2byte	0
 444 000e 0000     		.2byte	0
 445 0010 00000000 		.4byte	.LFB135
 446 0014 24000000 		.4byte	.LFE135-.LFB135
 447 0018 00000000 		.4byte	.LFB136
 448 001c 60000000 		.4byte	.LFE136-.LFB136
 449 0020 00000000 		.4byte	0
 450 0024 00000000 		.4byte	0
 451              		.section	.debug_ranges,"",%progbits
 452              	.Ldebug_ranges0:
 453 0000 00000000 		.4byte	.LFB135
 454 0004 24000000 		.4byte	.LFE135
 455 0008 00000000 		.4byte	.LFB136
 456 000c 60000000 		.4byte	.LFE136
 457 0010 00000000 		.4byte	0
 458 0014 00000000 		.4byte	0
 459              		.section	.debug_line,"",%progbits
 460              	.Ldebug_line0:
 461 0000 F0010000 		.section	.debug_str,"MS",%progbits,1
 461      0200B501 
 461      00000201 
 461      FB0E0D00 
 461      01010101 
 462              	.LASF9:
 463 0000 6C6F6E67 		.ascii	"long long int\000"
 463      206C6F6E 
 463      6720696E 
 463      7400
 464              	.LASF25:
 465 000e 474E5520 		.ascii	"GNU C11 5.4.1 20160609 (release) [ARM/embedded-5-br"
 465      43313120 
 465      352E342E 
 465      31203230 
 465      31363036 
 466 0041 616E6368 		.ascii	"anch revision 237715] -mcpu=cortex-m4 -mfloat-abi=s"
 466      20726576 
 466      6973696F 
 466      6E203233 
 466      37373135 
 467 0074 6F667466 		.ascii	"oftfp -mfpu=fpv4-sp-d16 -mthumb -g -Og -ffunction-s"
 467      70202D6D 
 467      6670753D 
 467      66707634 
 467      2D73702D 
 468 00a7 65637469 		.ascii	"ections -ffat-lto-objects\000"
 468      6F6E7320 
 468      2D666661 
 468      742D6C74 
 468      6F2D6F62 
 469              	.LASF27:
 470 00c1 433A5C55 		.ascii	"C:\\Users\\stijn\\OneDrive\\Documenten\\PSoC Creato"
 470      73657273 
 470      5C737469 
 470      6A6E5C4F 
 470      6E654472 
 471 00ef 725C4144 		.ascii	"r\\ADC Klodden\\RTOS_I2C_Test.cydsn\000"
 471      43204B6C 
ARM GAS  C:\Users\stijn\AppData\Local\Temp\cc0APJ4j.s 			page 12


 471      6F646465 
 471      6E5C5254 
 471      4F535F49 
 472              	.LASF7:
 473 0111 5F5F7569 		.ascii	"__uint32_t\000"
 473      6E743332 
 473      5F7400
 474              	.LASF20:
 475 011c 696E7438 		.ascii	"int8\000"
 475      00
 476              	.LASF8:
 477 0121 6C6F6E67 		.ascii	"long unsigned int\000"
 477      20756E73 
 477      69676E65 
 477      6420696E 
 477      7400
 478              	.LASF10:
 479 0133 6C6F6E67 		.ascii	"long long unsigned int\000"
 479      206C6F6E 
 479      6720756E 
 479      7369676E 
 479      65642069 
 480              	.LASF18:
 481 014a 666C6F61 		.ascii	"float\000"
 481      7400
 482              	.LASF1:
 483 0150 756E7369 		.ascii	"unsigned char\000"
 483      676E6564 
 483      20636861 
 483      7200
 484              	.LASF17:
 485 015e 63686172 		.ascii	"char\000"
 485      00
 486              	.LASF14:
 487 0163 75696E74 		.ascii	"uint32_t\000"
 487      33325F74 
 487      00
 488              	.LASF23:
 489 016c 49544D5F 		.ascii	"ITM_RxBuffer\000"
 489      52784275 
 489      66666572 
 489      00
 490              	.LASF24:
 491 0179 414D7578 		.ascii	"AMuxSeq_curChannel\000"
 491      5365715F 
 491      63757243 
 491      68616E6E 
 491      656C00
 492              	.LASF12:
 493 018c 696E7438 		.ascii	"int8_t\000"
 493      5F7400
 494              	.LASF11:
 495 0193 756E7369 		.ascii	"unsigned int\000"
 495      676E6564 
 495      20696E74 
 495      00
 496              	.LASF19:
ARM GAS  C:\Users\stijn\AppData\Local\Temp\cc0APJ4j.s 			page 13


 497 01a0 646F7562 		.ascii	"double\000"
 497      6C6500
 498              	.LASF6:
 499 01a7 6C6F6E67 		.ascii	"long int\000"
 499      20696E74 
 499      00
 500              	.LASF4:
 501 01b0 5F5F696E 		.ascii	"__int8_t\000"
 501      74385F74 
 501      00
 502              	.LASF3:
 503 01b9 73686F72 		.ascii	"short unsigned int\000"
 503      7420756E 
 503      7369676E 
 503      65642069 
 503      6E7400
 504              	.LASF0:
 505 01cc 7369676E 		.ascii	"signed char\000"
 505      65642063 
 505      68617200 
 506              	.LASF22:
 507 01d8 414D7578 		.ascii	"AMuxSeq_Next\000"
 507      5365715F 
 507      4E657874 
 507      00
 508              	.LASF26:
 509 01e5 47656E65 		.ascii	"Generated_Source\\PSoC6\\cyfitter_amux.c\000"
 509      72617465 
 509      645F536F 
 509      75726365 
 509      5C50536F 
 510              	.LASF5:
 511 020c 5F5F696E 		.ascii	"__int32_t\000"
 511      7433325F 
 511      7400
 512              	.LASF15:
 513 0216 6C6F6E67 		.ascii	"long double\000"
 513      20646F75 
 513      626C6500 
 514              	.LASF21:
 515 0222 414D7578 		.ascii	"AMuxSeq_DisconnectAll\000"
 515      5365715F 
 515      44697363 
 515      6F6E6E65 
 515      6374416C 
 516              	.LASF2:
 517 0238 73686F72 		.ascii	"short int\000"
 517      7420696E 
 517      7400
 518              	.LASF13:
 519 0242 696E7433 		.ascii	"int32_t\000"
 519      325F7400 
 520              	.LASF16:
 521 024a 73697A65 		.ascii	"sizetype\000"
 521      74797065 
 521      00
 522              		.ident	"GCC: (GNU Tools for ARM Embedded Processors) 5.4.1 20160609 (release) [ARM/embedded-5-bran
ARM GAS  C:\Users\stijn\AppData\Local\Temp\cc0APJ4j.s 			page 14


