ARM GAS  C:\Users\stijn\AppData\Local\Temp\ccYxVCMb.s 			page 1


   1              		.syntax unified
   2              		.cpu cortex-m4
   3              		.eabi_attribute 27, 1
   4              		.fpu fpv4-sp-d16
   5              		.eabi_attribute 20, 1
   6              		.eabi_attribute 21, 1
   7              		.eabi_attribute 23, 3
   8              		.eabi_attribute 24, 1
   9              		.eabi_attribute 25, 1
  10              		.eabi_attribute 26, 1
  11              		.eabi_attribute 30, 6
  12              		.eabi_attribute 34, 1
  13              		.eabi_attribute 18, 4
  14              		.thumb
  15              		.syntax unified
  16              		.file	"heap_1.c"
  17              		.text
  18              	.Ltext0:
  19              		.cfi_sections	.debug_frame
  20              		.bss
  21              		.align	2
  22              	ucHeap:
  23 0000 00000000 		.space	10240
  23      00000000 
  23      00000000 
  23      00000000 
  23      00000000 
  24              		.align	2
  25              	xNextFreeByte:
  26 2800 00000000 		.space	4
  27              		.section	.text.pvPortMalloc,"ax",%progbits
  28              		.align	2
  29              		.global	pvPortMalloc
  30              		.thumb
  31              		.thumb_func
  32              		.type	pvPortMalloc, %function
  33              	pvPortMalloc:
  34              	.LFB136:
  35              		.file 1 "Generated_Source\\PSoC6\\pdl\\rtos\\FreeRTOS\\10.0.1\\Source\\portable\\MemMang\\heap_1.c
   1:Generated_Source\PSoC6\pdl\rtos\FreeRTOS\10.0.1\Source\portable\MemMang/heap_1.c **** /*
   2:Generated_Source\PSoC6\pdl\rtos\FreeRTOS\10.0.1\Source\portable\MemMang/heap_1.c ****  * FreeRTOS Kernel V10.0.1
   3:Generated_Source\PSoC6\pdl\rtos\FreeRTOS\10.0.1\Source\portable\MemMang/heap_1.c ****  * Copyright (C) 2017 Amazon.com, Inc. or its affiliates.  All Rights Reserved.
   4:Generated_Source\PSoC6\pdl\rtos\FreeRTOS\10.0.1\Source\portable\MemMang/heap_1.c ****  *
   5:Generated_Source\PSoC6\pdl\rtos\FreeRTOS\10.0.1\Source\portable\MemMang/heap_1.c ****  * Permission is hereby granted, free of charge, to any person obtaining a copy of
   6:Generated_Source\PSoC6\pdl\rtos\FreeRTOS\10.0.1\Source\portable\MemMang/heap_1.c ****  * this software and associated documentation files (the "Software"), to deal in
   7:Generated_Source\PSoC6\pdl\rtos\FreeRTOS\10.0.1\Source\portable\MemMang/heap_1.c ****  * the Software without restriction, including without limitation the rights to
   8:Generated_Source\PSoC6\pdl\rtos\FreeRTOS\10.0.1\Source\portable\MemMang/heap_1.c ****  * use, copy, modify, merge, publish, distribute, sublicense, and/or sell copies of
   9:Generated_Source\PSoC6\pdl\rtos\FreeRTOS\10.0.1\Source\portable\MemMang/heap_1.c ****  * the Software, and to permit persons to whom the Software is furnished to do so,
  10:Generated_Source\PSoC6\pdl\rtos\FreeRTOS\10.0.1\Source\portable\MemMang/heap_1.c ****  * subject to the following conditions:
  11:Generated_Source\PSoC6\pdl\rtos\FreeRTOS\10.0.1\Source\portable\MemMang/heap_1.c ****  *
  12:Generated_Source\PSoC6\pdl\rtos\FreeRTOS\10.0.1\Source\portable\MemMang/heap_1.c ****  * The above copyright notice and this permission notice shall be included in all
  13:Generated_Source\PSoC6\pdl\rtos\FreeRTOS\10.0.1\Source\portable\MemMang/heap_1.c ****  * copies or substantial portions of the Software.
  14:Generated_Source\PSoC6\pdl\rtos\FreeRTOS\10.0.1\Source\portable\MemMang/heap_1.c ****  *
  15:Generated_Source\PSoC6\pdl\rtos\FreeRTOS\10.0.1\Source\portable\MemMang/heap_1.c ****  * THE SOFTWARE IS PROVIDED "AS IS", WITHOUT WARRANTY OF ANY KIND, EXPRESS OR
  16:Generated_Source\PSoC6\pdl\rtos\FreeRTOS\10.0.1\Source\portable\MemMang/heap_1.c ****  * IMPLIED, INCLUDING BUT NOT LIMITED TO THE WARRANTIES OF MERCHANTABILITY, FITNESS
  17:Generated_Source\PSoC6\pdl\rtos\FreeRTOS\10.0.1\Source\portable\MemMang/heap_1.c ****  * FOR A PARTICULAR PURPOSE AND NONINFRINGEMENT. IN NO EVENT SHALL THE AUTHORS OR
  18:Generated_Source\PSoC6\pdl\rtos\FreeRTOS\10.0.1\Source\portable\MemMang/heap_1.c ****  * COPYRIGHT HOLDERS BE LIABLE FOR ANY CLAIM, DAMAGES OR OTHER LIABILITY, WHETHER
ARM GAS  C:\Users\stijn\AppData\Local\Temp\ccYxVCMb.s 			page 2


  19:Generated_Source\PSoC6\pdl\rtos\FreeRTOS\10.0.1\Source\portable\MemMang/heap_1.c ****  * IN AN ACTION OF CONTRACT, TORT OR OTHERWISE, ARISING FROM, OUT OF OR IN
  20:Generated_Source\PSoC6\pdl\rtos\FreeRTOS\10.0.1\Source\portable\MemMang/heap_1.c ****  * CONNECTION WITH THE SOFTWARE OR THE USE OR OTHER DEALINGS IN THE SOFTWARE.
  21:Generated_Source\PSoC6\pdl\rtos\FreeRTOS\10.0.1\Source\portable\MemMang/heap_1.c ****  *
  22:Generated_Source\PSoC6\pdl\rtos\FreeRTOS\10.0.1\Source\portable\MemMang/heap_1.c ****  * http://www.FreeRTOS.org
  23:Generated_Source\PSoC6\pdl\rtos\FreeRTOS\10.0.1\Source\portable\MemMang/heap_1.c ****  * http://aws.amazon.com/freertos
  24:Generated_Source\PSoC6\pdl\rtos\FreeRTOS\10.0.1\Source\portable\MemMang/heap_1.c ****  *
  25:Generated_Source\PSoC6\pdl\rtos\FreeRTOS\10.0.1\Source\portable\MemMang/heap_1.c ****  * 1 tab == 4 spaces!
  26:Generated_Source\PSoC6\pdl\rtos\FreeRTOS\10.0.1\Source\portable\MemMang/heap_1.c ****  */
  27:Generated_Source\PSoC6\pdl\rtos\FreeRTOS\10.0.1\Source\portable\MemMang/heap_1.c **** 
  28:Generated_Source\PSoC6\pdl\rtos\FreeRTOS\10.0.1\Source\portable\MemMang/heap_1.c **** 
  29:Generated_Source\PSoC6\pdl\rtos\FreeRTOS\10.0.1\Source\portable\MemMang/heap_1.c **** /*
  30:Generated_Source\PSoC6\pdl\rtos\FreeRTOS\10.0.1\Source\portable\MemMang/heap_1.c ****  * The simplest possible implementation of pvPortMalloc().  Note that this
  31:Generated_Source\PSoC6\pdl\rtos\FreeRTOS\10.0.1\Source\portable\MemMang/heap_1.c ****  * implementation does NOT allow allocated memory to be freed again.
  32:Generated_Source\PSoC6\pdl\rtos\FreeRTOS\10.0.1\Source\portable\MemMang/heap_1.c ****  *
  33:Generated_Source\PSoC6\pdl\rtos\FreeRTOS\10.0.1\Source\portable\MemMang/heap_1.c ****  * See heap_2.c, heap_3.c and heap_4.c for alternative implementations, and the
  34:Generated_Source\PSoC6\pdl\rtos\FreeRTOS\10.0.1\Source\portable\MemMang/heap_1.c ****  * memory management pages of http://www.FreeRTOS.org for more information.
  35:Generated_Source\PSoC6\pdl\rtos\FreeRTOS\10.0.1\Source\portable\MemMang/heap_1.c ****  */
  36:Generated_Source\PSoC6\pdl\rtos\FreeRTOS\10.0.1\Source\portable\MemMang/heap_1.c **** #include <stdlib.h>
  37:Generated_Source\PSoC6\pdl\rtos\FreeRTOS\10.0.1\Source\portable\MemMang/heap_1.c **** 
  38:Generated_Source\PSoC6\pdl\rtos\FreeRTOS\10.0.1\Source\portable\MemMang/heap_1.c **** /* Defining MPU_WRAPPERS_INCLUDED_FROM_API_FILE prevents task.h from redefining
  39:Generated_Source\PSoC6\pdl\rtos\FreeRTOS\10.0.1\Source\portable\MemMang/heap_1.c **** all the API functions to use the MPU wrappers.  That should only be done when
  40:Generated_Source\PSoC6\pdl\rtos\FreeRTOS\10.0.1\Source\portable\MemMang/heap_1.c **** task.h is included from an application file. */
  41:Generated_Source\PSoC6\pdl\rtos\FreeRTOS\10.0.1\Source\portable\MemMang/heap_1.c **** #define MPU_WRAPPERS_INCLUDED_FROM_API_FILE
  42:Generated_Source\PSoC6\pdl\rtos\FreeRTOS\10.0.1\Source\portable\MemMang/heap_1.c **** 
  43:Generated_Source\PSoC6\pdl\rtos\FreeRTOS\10.0.1\Source\portable\MemMang/heap_1.c **** #include "FreeRTOS.h"
  44:Generated_Source\PSoC6\pdl\rtos\FreeRTOS\10.0.1\Source\portable\MemMang/heap_1.c **** #include "task.h"
  45:Generated_Source\PSoC6\pdl\rtos\FreeRTOS\10.0.1\Source\portable\MemMang/heap_1.c **** 
  46:Generated_Source\PSoC6\pdl\rtos\FreeRTOS\10.0.1\Source\portable\MemMang/heap_1.c **** #undef MPU_WRAPPERS_INCLUDED_FROM_API_FILE
  47:Generated_Source\PSoC6\pdl\rtos\FreeRTOS\10.0.1\Source\portable\MemMang/heap_1.c **** 
  48:Generated_Source\PSoC6\pdl\rtos\FreeRTOS\10.0.1\Source\portable\MemMang/heap_1.c **** #if( configSUPPORT_DYNAMIC_ALLOCATION == 0 )
  49:Generated_Source\PSoC6\pdl\rtos\FreeRTOS\10.0.1\Source\portable\MemMang/heap_1.c **** 	#error This file must not be used if configSUPPORT_DYNAMIC_ALLOCATION is 0
  50:Generated_Source\PSoC6\pdl\rtos\FreeRTOS\10.0.1\Source\portable\MemMang/heap_1.c **** #endif
  51:Generated_Source\PSoC6\pdl\rtos\FreeRTOS\10.0.1\Source\portable\MemMang/heap_1.c **** 
  52:Generated_Source\PSoC6\pdl\rtos\FreeRTOS\10.0.1\Source\portable\MemMang/heap_1.c **** /* A few bytes might be lost to byte aligning the heap start address. */
  53:Generated_Source\PSoC6\pdl\rtos\FreeRTOS\10.0.1\Source\portable\MemMang/heap_1.c **** #define configADJUSTED_HEAP_SIZE	( configTOTAL_HEAP_SIZE - portBYTE_ALIGNMENT )
  54:Generated_Source\PSoC6\pdl\rtos\FreeRTOS\10.0.1\Source\portable\MemMang/heap_1.c **** 
  55:Generated_Source\PSoC6\pdl\rtos\FreeRTOS\10.0.1\Source\portable\MemMang/heap_1.c **** /* Allocate the memory for the heap. */
  56:Generated_Source\PSoC6\pdl\rtos\FreeRTOS\10.0.1\Source\portable\MemMang/heap_1.c **** /* Allocate the memory for the heap. */
  57:Generated_Source\PSoC6\pdl\rtos\FreeRTOS\10.0.1\Source\portable\MemMang/heap_1.c **** #if( configAPPLICATION_ALLOCATED_HEAP == 1 )
  58:Generated_Source\PSoC6\pdl\rtos\FreeRTOS\10.0.1\Source\portable\MemMang/heap_1.c **** 	/* The application writer has already defined the array used for the RTOS
  59:Generated_Source\PSoC6\pdl\rtos\FreeRTOS\10.0.1\Source\portable\MemMang/heap_1.c **** 	heap - probably so it can be placed in a special segment or address. */
  60:Generated_Source\PSoC6\pdl\rtos\FreeRTOS\10.0.1\Source\portable\MemMang/heap_1.c **** 	extern uint8_t ucHeap[ configTOTAL_HEAP_SIZE ];
  61:Generated_Source\PSoC6\pdl\rtos\FreeRTOS\10.0.1\Source\portable\MemMang/heap_1.c **** #else
  62:Generated_Source\PSoC6\pdl\rtos\FreeRTOS\10.0.1\Source\portable\MemMang/heap_1.c **** 	static uint8_t ucHeap[ configTOTAL_HEAP_SIZE ];
  63:Generated_Source\PSoC6\pdl\rtos\FreeRTOS\10.0.1\Source\portable\MemMang/heap_1.c **** #endif /* configAPPLICATION_ALLOCATED_HEAP */
  64:Generated_Source\PSoC6\pdl\rtos\FreeRTOS\10.0.1\Source\portable\MemMang/heap_1.c **** 
  65:Generated_Source\PSoC6\pdl\rtos\FreeRTOS\10.0.1\Source\portable\MemMang/heap_1.c **** /* Index into the ucHeap array. */
  66:Generated_Source\PSoC6\pdl\rtos\FreeRTOS\10.0.1\Source\portable\MemMang/heap_1.c **** static size_t xNextFreeByte = ( size_t ) 0;
  67:Generated_Source\PSoC6\pdl\rtos\FreeRTOS\10.0.1\Source\portable\MemMang/heap_1.c **** 
  68:Generated_Source\PSoC6\pdl\rtos\FreeRTOS\10.0.1\Source\portable\MemMang/heap_1.c **** /*-----------------------------------------------------------*/
  69:Generated_Source\PSoC6\pdl\rtos\FreeRTOS\10.0.1\Source\portable\MemMang/heap_1.c **** 
  70:Generated_Source\PSoC6\pdl\rtos\FreeRTOS\10.0.1\Source\portable\MemMang/heap_1.c **** void *pvPortMalloc( size_t xWantedSize )
  71:Generated_Source\PSoC6\pdl\rtos\FreeRTOS\10.0.1\Source\portable\MemMang/heap_1.c **** {
  36              		.loc 1 71 0
  37              		.cfi_startproc
  38              		@ args = 0, pretend = 0, frame = 16
  39              		@ frame_needed = 1, uses_anonymous_args = 0
ARM GAS  C:\Users\stijn\AppData\Local\Temp\ccYxVCMb.s 			page 3


  40 0000 80B5     		push	{r7, lr}
  41              		.cfi_def_cfa_offset 8
  42              		.cfi_offset 7, -8
  43              		.cfi_offset 14, -4
  44 0002 84B0     		sub	sp, sp, #16
  45              		.cfi_def_cfa_offset 24
  46 0004 00AF     		add	r7, sp, #0
  47              		.cfi_def_cfa_register 7
  48 0006 7860     		str	r0, [r7, #4]
  72:Generated_Source\PSoC6\pdl\rtos\FreeRTOS\10.0.1\Source\portable\MemMang/heap_1.c **** void *pvReturn = NULL;
  49              		.loc 1 72 0
  50 0008 0023     		movs	r3, #0
  51 000a FB60     		str	r3, [r7, #12]
  73:Generated_Source\PSoC6\pdl\rtos\FreeRTOS\10.0.1\Source\portable\MemMang/heap_1.c **** static uint8_t *pucAlignedHeap = NULL;
  74:Generated_Source\PSoC6\pdl\rtos\FreeRTOS\10.0.1\Source\portable\MemMang/heap_1.c **** 
  75:Generated_Source\PSoC6\pdl\rtos\FreeRTOS\10.0.1\Source\portable\MemMang/heap_1.c **** 	/* Ensure that blocks are always aligned to the required number of bytes. */
  76:Generated_Source\PSoC6\pdl\rtos\FreeRTOS\10.0.1\Source\portable\MemMang/heap_1.c **** 	#if( portBYTE_ALIGNMENT != 1 )
  77:Generated_Source\PSoC6\pdl\rtos\FreeRTOS\10.0.1\Source\portable\MemMang/heap_1.c **** 	{
  78:Generated_Source\PSoC6\pdl\rtos\FreeRTOS\10.0.1\Source\portable\MemMang/heap_1.c **** 		if( xWantedSize & portBYTE_ALIGNMENT_MASK )
  52              		.loc 1 78 0
  53 000c 7B68     		ldr	r3, [r7, #4]
  54 000e 03F00703 		and	r3, r3, #7
  55 0012 002B     		cmp	r3, #0
  56 0014 04D0     		beq	.L2
  79:Generated_Source\PSoC6\pdl\rtos\FreeRTOS\10.0.1\Source\portable\MemMang/heap_1.c **** 		{
  80:Generated_Source\PSoC6\pdl\rtos\FreeRTOS\10.0.1\Source\portable\MemMang/heap_1.c **** 			/* Byte alignment required. */
  81:Generated_Source\PSoC6\pdl\rtos\FreeRTOS\10.0.1\Source\portable\MemMang/heap_1.c **** 			xWantedSize += ( portBYTE_ALIGNMENT - ( xWantedSize & portBYTE_ALIGNMENT_MASK ) );
  57              		.loc 1 81 0
  58 0016 7B68     		ldr	r3, [r7, #4]
  59 0018 23F00703 		bic	r3, r3, #7
  60 001c 0833     		adds	r3, r3, #8
  61 001e 7B60     		str	r3, [r7, #4]
  62              	.L2:
  82:Generated_Source\PSoC6\pdl\rtos\FreeRTOS\10.0.1\Source\portable\MemMang/heap_1.c **** 		}
  83:Generated_Source\PSoC6\pdl\rtos\FreeRTOS\10.0.1\Source\portable\MemMang/heap_1.c **** 	}
  84:Generated_Source\PSoC6\pdl\rtos\FreeRTOS\10.0.1\Source\portable\MemMang/heap_1.c **** 	#endif
  85:Generated_Source\PSoC6\pdl\rtos\FreeRTOS\10.0.1\Source\portable\MemMang/heap_1.c **** 
  86:Generated_Source\PSoC6\pdl\rtos\FreeRTOS\10.0.1\Source\portable\MemMang/heap_1.c **** 	vTaskSuspendAll();
  63              		.loc 1 86 0
  64 0020 FFF7FEFF 		bl	vTaskSuspendAll
  87:Generated_Source\PSoC6\pdl\rtos\FreeRTOS\10.0.1\Source\portable\MemMang/heap_1.c **** 	{
  88:Generated_Source\PSoC6\pdl\rtos\FreeRTOS\10.0.1\Source\portable\MemMang/heap_1.c **** 		if( pucAlignedHeap == NULL )
  65              		.loc 1 88 0
  66 0024 164B     		ldr	r3, .L6
  67 0026 1B68     		ldr	r3, [r3]
  68 0028 002B     		cmp	r3, #0
  69 002a 05D1     		bne	.L3
  89:Generated_Source\PSoC6\pdl\rtos\FreeRTOS\10.0.1\Source\portable\MemMang/heap_1.c **** 		{
  90:Generated_Source\PSoC6\pdl\rtos\FreeRTOS\10.0.1\Source\portable\MemMang/heap_1.c **** 			/* Ensure the heap starts on a correctly aligned boundary. */
  91:Generated_Source\PSoC6\pdl\rtos\FreeRTOS\10.0.1\Source\portable\MemMang/heap_1.c **** 			pucAlignedHeap = ( uint8_t * ) ( ( ( portPOINTER_SIZE_TYPE ) &ucHeap[ portBYTE_ALIGNMENT ] ) & (
  70              		.loc 1 91 0
  71 002c 154B     		ldr	r3, .L6+4
  72 002e 23F00703 		bic	r3, r3, #7
  73 0032 1A46     		mov	r2, r3
  74 0034 124B     		ldr	r3, .L6
  75 0036 1A60     		str	r2, [r3]
  76              	.L3:
ARM GAS  C:\Users\stijn\AppData\Local\Temp\ccYxVCMb.s 			page 4


  92:Generated_Source\PSoC6\pdl\rtos\FreeRTOS\10.0.1\Source\portable\MemMang/heap_1.c **** 		}
  93:Generated_Source\PSoC6\pdl\rtos\FreeRTOS\10.0.1\Source\portable\MemMang/heap_1.c **** 
  94:Generated_Source\PSoC6\pdl\rtos\FreeRTOS\10.0.1\Source\portable\MemMang/heap_1.c **** 		/* Check there is enough room left for the allocation. */
  95:Generated_Source\PSoC6\pdl\rtos\FreeRTOS\10.0.1\Source\portable\MemMang/heap_1.c **** 		if( ( ( xNextFreeByte + xWantedSize ) < configADJUSTED_HEAP_SIZE ) &&
  77              		.loc 1 95 0
  78 0038 134B     		ldr	r3, .L6+8
  79 003a 1A68     		ldr	r2, [r3]
  80 003c 7B68     		ldr	r3, [r7, #4]
  81 003e 1344     		add	r3, r3, r2
  82 0040 42F2F772 		movw	r2, #10231
  83 0044 9342     		cmp	r3, r2
  84 0046 13D8     		bhi	.L4
  96:Generated_Source\PSoC6\pdl\rtos\FreeRTOS\10.0.1\Source\portable\MemMang/heap_1.c **** 			( ( xNextFreeByte + xWantedSize ) > xNextFreeByte )	)/* Check for overflow. */
  85              		.loc 1 96 0 discriminator 1
  86 0048 0F4B     		ldr	r3, .L6+8
  87 004a 1A68     		ldr	r2, [r3]
  88 004c 7B68     		ldr	r3, [r7, #4]
  89 004e 1A44     		add	r2, r2, r3
  90 0050 0D4B     		ldr	r3, .L6+8
  91 0052 1B68     		ldr	r3, [r3]
  95:Generated_Source\PSoC6\pdl\rtos\FreeRTOS\10.0.1\Source\portable\MemMang/heap_1.c **** 			( ( xNextFreeByte + xWantedSize ) > xNextFreeByte )	)/* Check for overflow. */
  92              		.loc 1 95 0 discriminator 1
  93 0054 9A42     		cmp	r2, r3
  94 0056 0BD9     		bls	.L4
  97:Generated_Source\PSoC6\pdl\rtos\FreeRTOS\10.0.1\Source\portable\MemMang/heap_1.c **** 		{
  98:Generated_Source\PSoC6\pdl\rtos\FreeRTOS\10.0.1\Source\portable\MemMang/heap_1.c **** 			/* Return the next free byte then increment the index past this
  99:Generated_Source\PSoC6\pdl\rtos\FreeRTOS\10.0.1\Source\portable\MemMang/heap_1.c **** 			block. */
 100:Generated_Source\PSoC6\pdl\rtos\FreeRTOS\10.0.1\Source\portable\MemMang/heap_1.c **** 			pvReturn = pucAlignedHeap + xNextFreeByte;
  95              		.loc 1 100 0
  96 0058 094B     		ldr	r3, .L6
  97 005a 1A68     		ldr	r2, [r3]
  98 005c 0A4B     		ldr	r3, .L6+8
  99 005e 1B68     		ldr	r3, [r3]
 100 0060 1344     		add	r3, r3, r2
 101 0062 FB60     		str	r3, [r7, #12]
 101:Generated_Source\PSoC6\pdl\rtos\FreeRTOS\10.0.1\Source\portable\MemMang/heap_1.c **** 			xNextFreeByte += xWantedSize;
 102              		.loc 1 101 0
 103 0064 084B     		ldr	r3, .L6+8
 104 0066 1A68     		ldr	r2, [r3]
 105 0068 7B68     		ldr	r3, [r7, #4]
 106 006a 1344     		add	r3, r3, r2
 107 006c 064A     		ldr	r2, .L6+8
 108 006e 1360     		str	r3, [r2]
 109              	.L4:
 102:Generated_Source\PSoC6\pdl\rtos\FreeRTOS\10.0.1\Source\portable\MemMang/heap_1.c **** 		}
 103:Generated_Source\PSoC6\pdl\rtos\FreeRTOS\10.0.1\Source\portable\MemMang/heap_1.c **** 
 104:Generated_Source\PSoC6\pdl\rtos\FreeRTOS\10.0.1\Source\portable\MemMang/heap_1.c **** 		traceMALLOC( pvReturn, xWantedSize );
 105:Generated_Source\PSoC6\pdl\rtos\FreeRTOS\10.0.1\Source\portable\MemMang/heap_1.c **** 	}
 106:Generated_Source\PSoC6\pdl\rtos\FreeRTOS\10.0.1\Source\portable\MemMang/heap_1.c **** 	( void ) xTaskResumeAll();
 110              		.loc 1 106 0
 111 0070 FFF7FEFF 		bl	xTaskResumeAll
 107:Generated_Source\PSoC6\pdl\rtos\FreeRTOS\10.0.1\Source\portable\MemMang/heap_1.c **** 
 108:Generated_Source\PSoC6\pdl\rtos\FreeRTOS\10.0.1\Source\portable\MemMang/heap_1.c **** 	#if( configUSE_MALLOC_FAILED_HOOK == 1 )
 109:Generated_Source\PSoC6\pdl\rtos\FreeRTOS\10.0.1\Source\portable\MemMang/heap_1.c **** 	{
 110:Generated_Source\PSoC6\pdl\rtos\FreeRTOS\10.0.1\Source\portable\MemMang/heap_1.c **** 		if( pvReturn == NULL )
 111:Generated_Source\PSoC6\pdl\rtos\FreeRTOS\10.0.1\Source\portable\MemMang/heap_1.c **** 		{
 112:Generated_Source\PSoC6\pdl\rtos\FreeRTOS\10.0.1\Source\portable\MemMang/heap_1.c **** 			extern void vApplicationMallocFailedHook( void );
ARM GAS  C:\Users\stijn\AppData\Local\Temp\ccYxVCMb.s 			page 5


 113:Generated_Source\PSoC6\pdl\rtos\FreeRTOS\10.0.1\Source\portable\MemMang/heap_1.c **** 			vApplicationMallocFailedHook();
 114:Generated_Source\PSoC6\pdl\rtos\FreeRTOS\10.0.1\Source\portable\MemMang/heap_1.c **** 		}
 115:Generated_Source\PSoC6\pdl\rtos\FreeRTOS\10.0.1\Source\portable\MemMang/heap_1.c **** 	}
 116:Generated_Source\PSoC6\pdl\rtos\FreeRTOS\10.0.1\Source\portable\MemMang/heap_1.c **** 	#endif
 117:Generated_Source\PSoC6\pdl\rtos\FreeRTOS\10.0.1\Source\portable\MemMang/heap_1.c **** 
 118:Generated_Source\PSoC6\pdl\rtos\FreeRTOS\10.0.1\Source\portable\MemMang/heap_1.c **** 	return pvReturn;
 112              		.loc 1 118 0
 113 0074 FB68     		ldr	r3, [r7, #12]
 119:Generated_Source\PSoC6\pdl\rtos\FreeRTOS\10.0.1\Source\portable\MemMang/heap_1.c **** }
 114              		.loc 1 119 0
 115 0076 1846     		mov	r0, r3
 116 0078 1037     		adds	r7, r7, #16
 117              		.cfi_def_cfa_offset 8
 118 007a BD46     		mov	sp, r7
 119              		.cfi_def_cfa_register 13
 120              		@ sp needed
 121 007c 80BD     		pop	{r7, pc}
 122              	.L7:
 123 007e 00BF     		.align	2
 124              	.L6:
 125 0080 04280000 		.word	pucAlignedHeap.12126
 126 0084 08000000 		.word	ucHeap+8
 127 0088 00280000 		.word	xNextFreeByte
 128              		.cfi_endproc
 129              	.LFE136:
 130              		.size	pvPortMalloc, .-pvPortMalloc
 131              		.section	.text.vPortFree,"ax",%progbits
 132              		.align	2
 133              		.global	vPortFree
 134              		.thumb
 135              		.thumb_func
 136              		.type	vPortFree, %function
 137              	vPortFree:
 138              	.LFB137:
 120:Generated_Source\PSoC6\pdl\rtos\FreeRTOS\10.0.1\Source\portable\MemMang/heap_1.c **** /*-----------------------------------------------------------*/
 121:Generated_Source\PSoC6\pdl\rtos\FreeRTOS\10.0.1\Source\portable\MemMang/heap_1.c **** 
 122:Generated_Source\PSoC6\pdl\rtos\FreeRTOS\10.0.1\Source\portable\MemMang/heap_1.c **** void vPortFree( void *pv )
 123:Generated_Source\PSoC6\pdl\rtos\FreeRTOS\10.0.1\Source\portable\MemMang/heap_1.c **** {
 139              		.loc 1 123 0
 140              		.cfi_startproc
 141              		@ args = 0, pretend = 0, frame = 16
 142              		@ frame_needed = 1, uses_anonymous_args = 0
 143              		@ link register save eliminated.
 144 0000 80B4     		push	{r7}
 145              		.cfi_def_cfa_offset 4
 146              		.cfi_offset 7, -4
 147 0002 85B0     		sub	sp, sp, #20
 148              		.cfi_def_cfa_offset 24
 149 0004 00AF     		add	r7, sp, #0
 150              		.cfi_def_cfa_register 7
 151 0006 7860     		str	r0, [r7, #4]
 124:Generated_Source\PSoC6\pdl\rtos\FreeRTOS\10.0.1\Source\portable\MemMang/heap_1.c **** 	/* Memory cannot be freed using this scheme.  See heap_2.c, heap_3.c and
 125:Generated_Source\PSoC6\pdl\rtos\FreeRTOS\10.0.1\Source\portable\MemMang/heap_1.c **** 	heap_4.c for alternative implementations, and the memory management pages of
 126:Generated_Source\PSoC6\pdl\rtos\FreeRTOS\10.0.1\Source\portable\MemMang/heap_1.c **** 	http://www.FreeRTOS.org for more information. */
 127:Generated_Source\PSoC6\pdl\rtos\FreeRTOS\10.0.1\Source\portable\MemMang/heap_1.c **** 	( void ) pv;
 128:Generated_Source\PSoC6\pdl\rtos\FreeRTOS\10.0.1\Source\portable\MemMang/heap_1.c **** 
 129:Generated_Source\PSoC6\pdl\rtos\FreeRTOS\10.0.1\Source\portable\MemMang/heap_1.c **** 	/* Force an assert as it is invalid to call this function. */
ARM GAS  C:\Users\stijn\AppData\Local\Temp\ccYxVCMb.s 			page 6


 130:Generated_Source\PSoC6\pdl\rtos\FreeRTOS\10.0.1\Source\portable\MemMang/heap_1.c **** 	configASSERT( pv == NULL );
 152              		.loc 1 130 0
 153 0008 7B68     		ldr	r3, [r7, #4]
 154 000a 002B     		cmp	r3, #0
 155 000c 09D0     		beq	.L11
 156              	.LBB4:
 157              	.LBB5:
 158              		.file 2 "Generated_Source\\PSoC6\\pdl\\rtos/FreeRTOS/10.0.1/Source/portable/GCC/CM4F/portmacro.h"
   1:Generated_Source\PSoC6\pdl\rtos/FreeRTOS/10.0.1/Source/portable/GCC/CM4F/portmacro.h **** /*
   2:Generated_Source\PSoC6\pdl\rtos/FreeRTOS/10.0.1/Source/portable/GCC/CM4F/portmacro.h ****  * FreeRTOS Kernel V10.0.1
   3:Generated_Source\PSoC6\pdl\rtos/FreeRTOS/10.0.1/Source/portable/GCC/CM4F/portmacro.h ****  * Copyright (C) 2017 Amazon.com, Inc. or its affiliates.  All Rights Reserved.
   4:Generated_Source\PSoC6\pdl\rtos/FreeRTOS/10.0.1/Source/portable/GCC/CM4F/portmacro.h ****  *
   5:Generated_Source\PSoC6\pdl\rtos/FreeRTOS/10.0.1/Source/portable/GCC/CM4F/portmacro.h ****  * Permission is hereby granted, free of charge, to any person obtaining a copy of
   6:Generated_Source\PSoC6\pdl\rtos/FreeRTOS/10.0.1/Source/portable/GCC/CM4F/portmacro.h ****  * this software and associated documentation files (the "Software"), to deal in
   7:Generated_Source\PSoC6\pdl\rtos/FreeRTOS/10.0.1/Source/portable/GCC/CM4F/portmacro.h ****  * the Software without restriction, including without limitation the rights to
   8:Generated_Source\PSoC6\pdl\rtos/FreeRTOS/10.0.1/Source/portable/GCC/CM4F/portmacro.h ****  * use, copy, modify, merge, publish, distribute, sublicense, and/or sell copies of
   9:Generated_Source\PSoC6\pdl\rtos/FreeRTOS/10.0.1/Source/portable/GCC/CM4F/portmacro.h ****  * the Software, and to permit persons to whom the Software is furnished to do so,
  10:Generated_Source\PSoC6\pdl\rtos/FreeRTOS/10.0.1/Source/portable/GCC/CM4F/portmacro.h ****  * subject to the following conditions:
  11:Generated_Source\PSoC6\pdl\rtos/FreeRTOS/10.0.1/Source/portable/GCC/CM4F/portmacro.h ****  *
  12:Generated_Source\PSoC6\pdl\rtos/FreeRTOS/10.0.1/Source/portable/GCC/CM4F/portmacro.h ****  * The above copyright notice and this permission notice shall be included in all
  13:Generated_Source\PSoC6\pdl\rtos/FreeRTOS/10.0.1/Source/portable/GCC/CM4F/portmacro.h ****  * copies or substantial portions of the Software.
  14:Generated_Source\PSoC6\pdl\rtos/FreeRTOS/10.0.1/Source/portable/GCC/CM4F/portmacro.h ****  *
  15:Generated_Source\PSoC6\pdl\rtos/FreeRTOS/10.0.1/Source/portable/GCC/CM4F/portmacro.h ****  * THE SOFTWARE IS PROVIDED "AS IS", WITHOUT WARRANTY OF ANY KIND, EXPRESS OR
  16:Generated_Source\PSoC6\pdl\rtos/FreeRTOS/10.0.1/Source/portable/GCC/CM4F/portmacro.h ****  * IMPLIED, INCLUDING BUT NOT LIMITED TO THE WARRANTIES OF MERCHANTABILITY, FITNESS
  17:Generated_Source\PSoC6\pdl\rtos/FreeRTOS/10.0.1/Source/portable/GCC/CM4F/portmacro.h ****  * FOR A PARTICULAR PURPOSE AND NONINFRINGEMENT. IN NO EVENT SHALL THE AUTHORS OR
  18:Generated_Source\PSoC6\pdl\rtos/FreeRTOS/10.0.1/Source/portable/GCC/CM4F/portmacro.h ****  * COPYRIGHT HOLDERS BE LIABLE FOR ANY CLAIM, DAMAGES OR OTHER LIABILITY, WHETHER
  19:Generated_Source\PSoC6\pdl\rtos/FreeRTOS/10.0.1/Source/portable/GCC/CM4F/portmacro.h ****  * IN AN ACTION OF CONTRACT, TORT OR OTHERWISE, ARISING FROM, OUT OF OR IN
  20:Generated_Source\PSoC6\pdl\rtos/FreeRTOS/10.0.1/Source/portable/GCC/CM4F/portmacro.h ****  * CONNECTION WITH THE SOFTWARE OR THE USE OR OTHER DEALINGS IN THE SOFTWARE.
  21:Generated_Source\PSoC6\pdl\rtos/FreeRTOS/10.0.1/Source/portable/GCC/CM4F/portmacro.h ****  *
  22:Generated_Source\PSoC6\pdl\rtos/FreeRTOS/10.0.1/Source/portable/GCC/CM4F/portmacro.h ****  * http://www.FreeRTOS.org
  23:Generated_Source\PSoC6\pdl\rtos/FreeRTOS/10.0.1/Source/portable/GCC/CM4F/portmacro.h ****  * http://aws.amazon.com/freertos
  24:Generated_Source\PSoC6\pdl\rtos/FreeRTOS/10.0.1/Source/portable/GCC/CM4F/portmacro.h ****  *
  25:Generated_Source\PSoC6\pdl\rtos/FreeRTOS/10.0.1/Source/portable/GCC/CM4F/portmacro.h ****  * 1 tab == 4 spaces!
  26:Generated_Source\PSoC6\pdl\rtos/FreeRTOS/10.0.1/Source/portable/GCC/CM4F/portmacro.h ****  */
  27:Generated_Source\PSoC6\pdl\rtos/FreeRTOS/10.0.1/Source/portable/GCC/CM4F/portmacro.h **** 
  28:Generated_Source\PSoC6\pdl\rtos/FreeRTOS/10.0.1/Source/portable/GCC/CM4F/portmacro.h **** 
  29:Generated_Source\PSoC6\pdl\rtos/FreeRTOS/10.0.1/Source/portable/GCC/CM4F/portmacro.h **** #ifndef PORTMACRO_H
  30:Generated_Source\PSoC6\pdl\rtos/FreeRTOS/10.0.1/Source/portable/GCC/CM4F/portmacro.h **** #define PORTMACRO_H
  31:Generated_Source\PSoC6\pdl\rtos/FreeRTOS/10.0.1/Source/portable/GCC/CM4F/portmacro.h **** 
  32:Generated_Source\PSoC6\pdl\rtos/FreeRTOS/10.0.1/Source/portable/GCC/CM4F/portmacro.h **** #ifdef __cplusplus
  33:Generated_Source\PSoC6\pdl\rtos/FreeRTOS/10.0.1/Source/portable/GCC/CM4F/portmacro.h **** extern "C" {
  34:Generated_Source\PSoC6\pdl\rtos/FreeRTOS/10.0.1/Source/portable/GCC/CM4F/portmacro.h **** #endif
  35:Generated_Source\PSoC6\pdl\rtos/FreeRTOS/10.0.1/Source/portable/GCC/CM4F/portmacro.h **** 
  36:Generated_Source\PSoC6\pdl\rtos/FreeRTOS/10.0.1/Source/portable/GCC/CM4F/portmacro.h **** /*-----------------------------------------------------------
  37:Generated_Source\PSoC6\pdl\rtos/FreeRTOS/10.0.1/Source/portable/GCC/CM4F/portmacro.h ****  * Port specific definitions.
  38:Generated_Source\PSoC6\pdl\rtos/FreeRTOS/10.0.1/Source/portable/GCC/CM4F/portmacro.h ****  *
  39:Generated_Source\PSoC6\pdl\rtos/FreeRTOS/10.0.1/Source/portable/GCC/CM4F/portmacro.h ****  * The settings in this file configure FreeRTOS correctly for the
  40:Generated_Source\PSoC6\pdl\rtos/FreeRTOS/10.0.1/Source/portable/GCC/CM4F/portmacro.h ****  * given hardware and compiler.
  41:Generated_Source\PSoC6\pdl\rtos/FreeRTOS/10.0.1/Source/portable/GCC/CM4F/portmacro.h ****  *
  42:Generated_Source\PSoC6\pdl\rtos/FreeRTOS/10.0.1/Source/portable/GCC/CM4F/portmacro.h ****  * These settings should not be altered.
  43:Generated_Source\PSoC6\pdl\rtos/FreeRTOS/10.0.1/Source/portable/GCC/CM4F/portmacro.h ****  *-----------------------------------------------------------
  44:Generated_Source\PSoC6\pdl\rtos/FreeRTOS/10.0.1/Source/portable/GCC/CM4F/portmacro.h ****  */
  45:Generated_Source\PSoC6\pdl\rtos/FreeRTOS/10.0.1/Source/portable/GCC/CM4F/portmacro.h **** 
  46:Generated_Source\PSoC6\pdl\rtos/FreeRTOS/10.0.1/Source/portable/GCC/CM4F/portmacro.h **** /* Type definitions. */
  47:Generated_Source\PSoC6\pdl\rtos/FreeRTOS/10.0.1/Source/portable/GCC/CM4F/portmacro.h **** #define portCHAR		char
  48:Generated_Source\PSoC6\pdl\rtos/FreeRTOS/10.0.1/Source/portable/GCC/CM4F/portmacro.h **** #define portFLOAT		float
  49:Generated_Source\PSoC6\pdl\rtos/FreeRTOS/10.0.1/Source/portable/GCC/CM4F/portmacro.h **** #define portDOUBLE		double
ARM GAS  C:\Users\stijn\AppData\Local\Temp\ccYxVCMb.s 			page 7


  50:Generated_Source\PSoC6\pdl\rtos/FreeRTOS/10.0.1/Source/portable/GCC/CM4F/portmacro.h **** #define portLONG		long
  51:Generated_Source\PSoC6\pdl\rtos/FreeRTOS/10.0.1/Source/portable/GCC/CM4F/portmacro.h **** #define portSHORT		short
  52:Generated_Source\PSoC6\pdl\rtos/FreeRTOS/10.0.1/Source/portable/GCC/CM4F/portmacro.h **** #define portSTACK_TYPE	uint32_t
  53:Generated_Source\PSoC6\pdl\rtos/FreeRTOS/10.0.1/Source/portable/GCC/CM4F/portmacro.h **** #define portBASE_TYPE	long
  54:Generated_Source\PSoC6\pdl\rtos/FreeRTOS/10.0.1/Source/portable/GCC/CM4F/portmacro.h **** 
  55:Generated_Source\PSoC6\pdl\rtos/FreeRTOS/10.0.1/Source/portable/GCC/CM4F/portmacro.h **** typedef portSTACK_TYPE StackType_t;
  56:Generated_Source\PSoC6\pdl\rtos/FreeRTOS/10.0.1/Source/portable/GCC/CM4F/portmacro.h **** typedef long BaseType_t;
  57:Generated_Source\PSoC6\pdl\rtos/FreeRTOS/10.0.1/Source/portable/GCC/CM4F/portmacro.h **** typedef unsigned long UBaseType_t;
  58:Generated_Source\PSoC6\pdl\rtos/FreeRTOS/10.0.1/Source/portable/GCC/CM4F/portmacro.h **** 
  59:Generated_Source\PSoC6\pdl\rtos/FreeRTOS/10.0.1/Source/portable/GCC/CM4F/portmacro.h **** #if( configUSE_16_BIT_TICKS == 1 )
  60:Generated_Source\PSoC6\pdl\rtos/FreeRTOS/10.0.1/Source/portable/GCC/CM4F/portmacro.h **** 	typedef uint16_t TickType_t;
  61:Generated_Source\PSoC6\pdl\rtos/FreeRTOS/10.0.1/Source/portable/GCC/CM4F/portmacro.h **** 	#define portMAX_DELAY ( TickType_t ) 0xffff
  62:Generated_Source\PSoC6\pdl\rtos/FreeRTOS/10.0.1/Source/portable/GCC/CM4F/portmacro.h **** #else
  63:Generated_Source\PSoC6\pdl\rtos/FreeRTOS/10.0.1/Source/portable/GCC/CM4F/portmacro.h **** 	typedef uint32_t TickType_t;
  64:Generated_Source\PSoC6\pdl\rtos/FreeRTOS/10.0.1/Source/portable/GCC/CM4F/portmacro.h **** 	#define portMAX_DELAY ( TickType_t ) 0xffffffffUL
  65:Generated_Source\PSoC6\pdl\rtos/FreeRTOS/10.0.1/Source/portable/GCC/CM4F/portmacro.h **** 
  66:Generated_Source\PSoC6\pdl\rtos/FreeRTOS/10.0.1/Source/portable/GCC/CM4F/portmacro.h **** 	/* 32-bit tick type on a 32-bit architecture, so reads of the tick count do
  67:Generated_Source\PSoC6\pdl\rtos/FreeRTOS/10.0.1/Source/portable/GCC/CM4F/portmacro.h **** 	not need to be guarded with a critical section. */
  68:Generated_Source\PSoC6\pdl\rtos/FreeRTOS/10.0.1/Source/portable/GCC/CM4F/portmacro.h **** 	#define portTICK_TYPE_IS_ATOMIC 1
  69:Generated_Source\PSoC6\pdl\rtos/FreeRTOS/10.0.1/Source/portable/GCC/CM4F/portmacro.h **** #endif
  70:Generated_Source\PSoC6\pdl\rtos/FreeRTOS/10.0.1/Source/portable/GCC/CM4F/portmacro.h **** /*-----------------------------------------------------------*/
  71:Generated_Source\PSoC6\pdl\rtos/FreeRTOS/10.0.1/Source/portable/GCC/CM4F/portmacro.h **** 
  72:Generated_Source\PSoC6\pdl\rtos/FreeRTOS/10.0.1/Source/portable/GCC/CM4F/portmacro.h **** /* Architecture specifics. */
  73:Generated_Source\PSoC6\pdl\rtos/FreeRTOS/10.0.1/Source/portable/GCC/CM4F/portmacro.h **** #define portSTACK_GROWTH			( -1 )
  74:Generated_Source\PSoC6\pdl\rtos/FreeRTOS/10.0.1/Source/portable/GCC/CM4F/portmacro.h **** #define portTICK_PERIOD_MS			( ( TickType_t ) 1000 / configTICK_RATE_HZ )
  75:Generated_Source\PSoC6\pdl\rtos/FreeRTOS/10.0.1/Source/portable/GCC/CM4F/portmacro.h **** #define portBYTE_ALIGNMENT			8
  76:Generated_Source\PSoC6\pdl\rtos/FreeRTOS/10.0.1/Source/portable/GCC/CM4F/portmacro.h **** /*-----------------------------------------------------------*/
  77:Generated_Source\PSoC6\pdl\rtos/FreeRTOS/10.0.1/Source/portable/GCC/CM4F/portmacro.h **** 
  78:Generated_Source\PSoC6\pdl\rtos/FreeRTOS/10.0.1/Source/portable/GCC/CM4F/portmacro.h **** /* Scheduler utilities. */
  79:Generated_Source\PSoC6\pdl\rtos/FreeRTOS/10.0.1/Source/portable/GCC/CM4F/portmacro.h **** #define portYIELD() 															\
  80:Generated_Source\PSoC6\pdl\rtos/FreeRTOS/10.0.1/Source/portable/GCC/CM4F/portmacro.h **** {																				\
  81:Generated_Source\PSoC6\pdl\rtos/FreeRTOS/10.0.1/Source/portable/GCC/CM4F/portmacro.h **** 	/* Set a PendSV to request a context switch. */								\
  82:Generated_Source\PSoC6\pdl\rtos/FreeRTOS/10.0.1/Source/portable/GCC/CM4F/portmacro.h **** 	portNVIC_INT_CTRL_REG = portNVIC_PENDSVSET_BIT;								\
  83:Generated_Source\PSoC6\pdl\rtos/FreeRTOS/10.0.1/Source/portable/GCC/CM4F/portmacro.h **** 																				\
  84:Generated_Source\PSoC6\pdl\rtos/FreeRTOS/10.0.1/Source/portable/GCC/CM4F/portmacro.h **** 	/* Barriers are normally not required but do ensure the code is completely	\
  85:Generated_Source\PSoC6\pdl\rtos/FreeRTOS/10.0.1/Source/portable/GCC/CM4F/portmacro.h **** 	within the specified behaviour for the architecture. */						\
  86:Generated_Source\PSoC6\pdl\rtos/FreeRTOS/10.0.1/Source/portable/GCC/CM4F/portmacro.h **** 	__asm volatile( "dsb" ::: "memory" );										\
  87:Generated_Source\PSoC6\pdl\rtos/FreeRTOS/10.0.1/Source/portable/GCC/CM4F/portmacro.h **** 	__asm volatile( "isb" );													\
  88:Generated_Source\PSoC6\pdl\rtos/FreeRTOS/10.0.1/Source/portable/GCC/CM4F/portmacro.h **** }
  89:Generated_Source\PSoC6\pdl\rtos/FreeRTOS/10.0.1/Source/portable/GCC/CM4F/portmacro.h **** 
  90:Generated_Source\PSoC6\pdl\rtos/FreeRTOS/10.0.1/Source/portable/GCC/CM4F/portmacro.h **** #define portNVIC_INT_CTRL_REG		( * ( ( volatile uint32_t * ) 0xe000ed04 ) )
  91:Generated_Source\PSoC6\pdl\rtos/FreeRTOS/10.0.1/Source/portable/GCC/CM4F/portmacro.h **** #define portNVIC_PENDSVSET_BIT		( 1UL << 28UL )
  92:Generated_Source\PSoC6\pdl\rtos/FreeRTOS/10.0.1/Source/portable/GCC/CM4F/portmacro.h **** #define portEND_SWITCHING_ISR( xSwitchRequired ) if( xSwitchRequired != pdFALSE ) portYIELD()
  93:Generated_Source\PSoC6\pdl\rtos/FreeRTOS/10.0.1/Source/portable/GCC/CM4F/portmacro.h **** #define portYIELD_FROM_ISR( x ) portEND_SWITCHING_ISR( x )
  94:Generated_Source\PSoC6\pdl\rtos/FreeRTOS/10.0.1/Source/portable/GCC/CM4F/portmacro.h **** /*-----------------------------------------------------------*/
  95:Generated_Source\PSoC6\pdl\rtos/FreeRTOS/10.0.1/Source/portable/GCC/CM4F/portmacro.h **** 
  96:Generated_Source\PSoC6\pdl\rtos/FreeRTOS/10.0.1/Source/portable/GCC/CM4F/portmacro.h **** /* Critical section management. */
  97:Generated_Source\PSoC6\pdl\rtos/FreeRTOS/10.0.1/Source/portable/GCC/CM4F/portmacro.h **** extern void vPortEnterCritical( void );
  98:Generated_Source\PSoC6\pdl\rtos/FreeRTOS/10.0.1/Source/portable/GCC/CM4F/portmacro.h **** extern void vPortExitCritical( void );
  99:Generated_Source\PSoC6\pdl\rtos/FreeRTOS/10.0.1/Source/portable/GCC/CM4F/portmacro.h **** #define portSET_INTERRUPT_MASK_FROM_ISR()		ulPortRaiseBASEPRI()
 100:Generated_Source\PSoC6\pdl\rtos/FreeRTOS/10.0.1/Source/portable/GCC/CM4F/portmacro.h **** #define portCLEAR_INTERRUPT_MASK_FROM_ISR(x)	vPortSetBASEPRI(x)
 101:Generated_Source\PSoC6\pdl\rtos/FreeRTOS/10.0.1/Source/portable/GCC/CM4F/portmacro.h **** #define portDISABLE_INTERRUPTS()				vPortRaiseBASEPRI()
 102:Generated_Source\PSoC6\pdl\rtos/FreeRTOS/10.0.1/Source/portable/GCC/CM4F/portmacro.h **** #define portENABLE_INTERRUPTS()					vPortSetBASEPRI(0)
 103:Generated_Source\PSoC6\pdl\rtos/FreeRTOS/10.0.1/Source/portable/GCC/CM4F/portmacro.h **** #define portENTER_CRITICAL()					vPortEnterCritical()
 104:Generated_Source\PSoC6\pdl\rtos/FreeRTOS/10.0.1/Source/portable/GCC/CM4F/portmacro.h **** #define portEXIT_CRITICAL()						vPortExitCritical()
 105:Generated_Source\PSoC6\pdl\rtos/FreeRTOS/10.0.1/Source/portable/GCC/CM4F/portmacro.h **** 
 106:Generated_Source\PSoC6\pdl\rtos/FreeRTOS/10.0.1/Source/portable/GCC/CM4F/portmacro.h **** /*-----------------------------------------------------------*/
ARM GAS  C:\Users\stijn\AppData\Local\Temp\ccYxVCMb.s 			page 8


 107:Generated_Source\PSoC6\pdl\rtos/FreeRTOS/10.0.1/Source/portable/GCC/CM4F/portmacro.h **** 
 108:Generated_Source\PSoC6\pdl\rtos/FreeRTOS/10.0.1/Source/portable/GCC/CM4F/portmacro.h **** /* Task function macros as described on the FreeRTOS.org WEB site.  These are
 109:Generated_Source\PSoC6\pdl\rtos/FreeRTOS/10.0.1/Source/portable/GCC/CM4F/portmacro.h **** not necessary for to use this port.  They are defined so the common demo files
 110:Generated_Source\PSoC6\pdl\rtos/FreeRTOS/10.0.1/Source/portable/GCC/CM4F/portmacro.h **** (which build with all the ports) will build. */
 111:Generated_Source\PSoC6\pdl\rtos/FreeRTOS/10.0.1/Source/portable/GCC/CM4F/portmacro.h **** #define portTASK_FUNCTION_PROTO( vFunction, pvParameters ) void vFunction( void *pvParameters )
 112:Generated_Source\PSoC6\pdl\rtos/FreeRTOS/10.0.1/Source/portable/GCC/CM4F/portmacro.h **** #define portTASK_FUNCTION( vFunction, pvParameters ) void vFunction( void *pvParameters )
 113:Generated_Source\PSoC6\pdl\rtos/FreeRTOS/10.0.1/Source/portable/GCC/CM4F/portmacro.h **** 
 114:Generated_Source\PSoC6\pdl\rtos/FreeRTOS/10.0.1/Source/portable/GCC/CM4F/portmacro.h **** /*-----------------------------------------------------------*/
 115:Generated_Source\PSoC6\pdl\rtos/FreeRTOS/10.0.1/Source/portable/GCC/CM4F/portmacro.h **** 
 116:Generated_Source\PSoC6\pdl\rtos/FreeRTOS/10.0.1/Source/portable/GCC/CM4F/portmacro.h **** #ifdef configASSERT
 117:Generated_Source\PSoC6\pdl\rtos/FreeRTOS/10.0.1/Source/portable/GCC/CM4F/portmacro.h **** 	void vPortValidateInterruptPriority( void );
 118:Generated_Source\PSoC6\pdl\rtos/FreeRTOS/10.0.1/Source/portable/GCC/CM4F/portmacro.h **** 	#define portASSERT_IF_INTERRUPT_PRIORITY_INVALID() 	vPortValidateInterruptPriority()
 119:Generated_Source\PSoC6\pdl\rtos/FreeRTOS/10.0.1/Source/portable/GCC/CM4F/portmacro.h **** #endif
 120:Generated_Source\PSoC6\pdl\rtos/FreeRTOS/10.0.1/Source/portable/GCC/CM4F/portmacro.h **** 
 121:Generated_Source\PSoC6\pdl\rtos/FreeRTOS/10.0.1/Source/portable/GCC/CM4F/portmacro.h **** /* portNOP() is not required by this port. */
 122:Generated_Source\PSoC6\pdl\rtos/FreeRTOS/10.0.1/Source/portable/GCC/CM4F/portmacro.h **** #define portNOP()
 123:Generated_Source\PSoC6\pdl\rtos/FreeRTOS/10.0.1/Source/portable/GCC/CM4F/portmacro.h **** 
 124:Generated_Source\PSoC6\pdl\rtos/FreeRTOS/10.0.1/Source/portable/GCC/CM4F/portmacro.h **** #define portINLINE	__inline
 125:Generated_Source\PSoC6\pdl\rtos/FreeRTOS/10.0.1/Source/portable/GCC/CM4F/portmacro.h **** 
 126:Generated_Source\PSoC6\pdl\rtos/FreeRTOS/10.0.1/Source/portable/GCC/CM4F/portmacro.h **** #ifndef portFORCE_INLINE
 127:Generated_Source\PSoC6\pdl\rtos/FreeRTOS/10.0.1/Source/portable/GCC/CM4F/portmacro.h **** 	#define portFORCE_INLINE inline __attribute__(( always_inline))
 128:Generated_Source\PSoC6\pdl\rtos/FreeRTOS/10.0.1/Source/portable/GCC/CM4F/portmacro.h **** #endif
 129:Generated_Source\PSoC6\pdl\rtos/FreeRTOS/10.0.1/Source/portable/GCC/CM4F/portmacro.h **** 
 130:Generated_Source\PSoC6\pdl\rtos/FreeRTOS/10.0.1/Source/portable/GCC/CM4F/portmacro.h **** portFORCE_INLINE static BaseType_t xPortIsInsideInterrupt( void )
 131:Generated_Source\PSoC6\pdl\rtos/FreeRTOS/10.0.1/Source/portable/GCC/CM4F/portmacro.h **** {
 132:Generated_Source\PSoC6\pdl\rtos/FreeRTOS/10.0.1/Source/portable/GCC/CM4F/portmacro.h **** uint32_t ulCurrentInterrupt;
 133:Generated_Source\PSoC6\pdl\rtos/FreeRTOS/10.0.1/Source/portable/GCC/CM4F/portmacro.h **** BaseType_t xReturn;
 134:Generated_Source\PSoC6\pdl\rtos/FreeRTOS/10.0.1/Source/portable/GCC/CM4F/portmacro.h **** 
 135:Generated_Source\PSoC6\pdl\rtos/FreeRTOS/10.0.1/Source/portable/GCC/CM4F/portmacro.h **** 	/* Obtain the number of the currently executing interrupt. */
 136:Generated_Source\PSoC6\pdl\rtos/FreeRTOS/10.0.1/Source/portable/GCC/CM4F/portmacro.h **** 	__asm volatile( "mrs %0, ipsr" : "=r"( ulCurrentInterrupt ) :: "memory" );
 137:Generated_Source\PSoC6\pdl\rtos/FreeRTOS/10.0.1/Source/portable/GCC/CM4F/portmacro.h **** 
 138:Generated_Source\PSoC6\pdl\rtos/FreeRTOS/10.0.1/Source/portable/GCC/CM4F/portmacro.h **** 	if( ulCurrentInterrupt == 0 )
 139:Generated_Source\PSoC6\pdl\rtos/FreeRTOS/10.0.1/Source/portable/GCC/CM4F/portmacro.h **** 	{
 140:Generated_Source\PSoC6\pdl\rtos/FreeRTOS/10.0.1/Source/portable/GCC/CM4F/portmacro.h **** 		xReturn = pdFALSE;
 141:Generated_Source\PSoC6\pdl\rtos/FreeRTOS/10.0.1/Source/portable/GCC/CM4F/portmacro.h **** 	}
 142:Generated_Source\PSoC6\pdl\rtos/FreeRTOS/10.0.1/Source/portable/GCC/CM4F/portmacro.h **** 	else
 143:Generated_Source\PSoC6\pdl\rtos/FreeRTOS/10.0.1/Source/portable/GCC/CM4F/portmacro.h **** 	{
 144:Generated_Source\PSoC6\pdl\rtos/FreeRTOS/10.0.1/Source/portable/GCC/CM4F/portmacro.h **** 		xReturn = pdTRUE;
 145:Generated_Source\PSoC6\pdl\rtos/FreeRTOS/10.0.1/Source/portable/GCC/CM4F/portmacro.h **** 	}
 146:Generated_Source\PSoC6\pdl\rtos/FreeRTOS/10.0.1/Source/portable/GCC/CM4F/portmacro.h **** 
 147:Generated_Source\PSoC6\pdl\rtos/FreeRTOS/10.0.1/Source/portable/GCC/CM4F/portmacro.h **** 	return xReturn;
 148:Generated_Source\PSoC6\pdl\rtos/FreeRTOS/10.0.1/Source/portable/GCC/CM4F/portmacro.h **** }
 149:Generated_Source\PSoC6\pdl\rtos/FreeRTOS/10.0.1/Source/portable/GCC/CM4F/portmacro.h **** 
 150:Generated_Source\PSoC6\pdl\rtos/FreeRTOS/10.0.1/Source/portable/GCC/CM4F/portmacro.h **** /*-----------------------------------------------------------*/
 151:Generated_Source\PSoC6\pdl\rtos/FreeRTOS/10.0.1/Source/portable/GCC/CM4F/portmacro.h **** 
 152:Generated_Source\PSoC6\pdl\rtos/FreeRTOS/10.0.1/Source/portable/GCC/CM4F/portmacro.h **** portFORCE_INLINE static void vPortRaiseBASEPRI( void )
 153:Generated_Source\PSoC6\pdl\rtos/FreeRTOS/10.0.1/Source/portable/GCC/CM4F/portmacro.h **** {
 154:Generated_Source\PSoC6\pdl\rtos/FreeRTOS/10.0.1/Source/portable/GCC/CM4F/portmacro.h **** uint32_t ulNewBASEPRI;
 155:Generated_Source\PSoC6\pdl\rtos/FreeRTOS/10.0.1/Source/portable/GCC/CM4F/portmacro.h **** 
 156:Generated_Source\PSoC6\pdl\rtos/FreeRTOS/10.0.1/Source/portable/GCC/CM4F/portmacro.h **** 	__asm volatile
 159              		.loc 2 156 0 discriminator 1
 160              		.syntax unified
 161              	@ 156 "Generated_Source\PSoC6\pdl\rtos/FreeRTOS/10.0.1/Source/portable/GCC/CM4F/portmacro.h" 1
 162 000e 4FF03F03 			mov r3, #63												
 163 0012 83F31188 		msr basepri, r3											
 164 0016 BFF36F8F 		isb														
 165 001a BFF34F8F 		dsb														
ARM GAS  C:\Users\stijn\AppData\Local\Temp\ccYxVCMb.s 			page 9


 166              	
 167              	@ 0 "" 2
 168              		.thumb
 169              		.syntax unified
 170 001e FB60     		str	r3, [r7, #12]
 171              	.L10:
 172              	.LBE5:
 173              	.LBE4:
 174              		.loc 1 130 0 discriminator 1
 175 0020 FEE7     		b	.L10
 176              	.L11:
 131:Generated_Source\PSoC6\pdl\rtos\FreeRTOS\10.0.1\Source\portable\MemMang/heap_1.c **** }
 177              		.loc 1 131 0
 178 0022 00BF     		nop
 179 0024 1437     		adds	r7, r7, #20
 180              		.cfi_def_cfa_offset 4
 181 0026 BD46     		mov	sp, r7
 182              		.cfi_def_cfa_register 13
 183              		@ sp needed
 184 0028 5DF8047B 		ldr	r7, [sp], #4
 185              		.cfi_restore 7
 186              		.cfi_def_cfa_offset 0
 187 002c 7047     		bx	lr
 188              		.cfi_endproc
 189              	.LFE137:
 190              		.size	vPortFree, .-vPortFree
 191 002e 00BF     		.section	.text.vPortInitialiseBlocks,"ax",%progbits
 192              		.align	2
 193              		.global	vPortInitialiseBlocks
 194              		.thumb
 195              		.thumb_func
 196              		.type	vPortInitialiseBlocks, %function
 197              	vPortInitialiseBlocks:
 198              	.LFB138:
 132:Generated_Source\PSoC6\pdl\rtos\FreeRTOS\10.0.1\Source\portable\MemMang/heap_1.c **** /*-----------------------------------------------------------*/
 133:Generated_Source\PSoC6\pdl\rtos\FreeRTOS\10.0.1\Source\portable\MemMang/heap_1.c **** 
 134:Generated_Source\PSoC6\pdl\rtos\FreeRTOS\10.0.1\Source\portable\MemMang/heap_1.c **** void vPortInitialiseBlocks( void )
 135:Generated_Source\PSoC6\pdl\rtos\FreeRTOS\10.0.1\Source\portable\MemMang/heap_1.c **** {
 199              		.loc 1 135 0
 200              		.cfi_startproc
 201              		@ args = 0, pretend = 0, frame = 0
 202              		@ frame_needed = 1, uses_anonymous_args = 0
 203              		@ link register save eliminated.
 204 0000 80B4     		push	{r7}
 205              		.cfi_def_cfa_offset 4
 206              		.cfi_offset 7, -4
 207 0002 00AF     		add	r7, sp, #0
 208              		.cfi_def_cfa_register 7
 136:Generated_Source\PSoC6\pdl\rtos\FreeRTOS\10.0.1\Source\portable\MemMang/heap_1.c **** 	/* Only required when static memory is not cleared. */
 137:Generated_Source\PSoC6\pdl\rtos\FreeRTOS\10.0.1\Source\portable\MemMang/heap_1.c **** 	xNextFreeByte = ( size_t ) 0;
 209              		.loc 1 137 0
 210 0004 034B     		ldr	r3, .L13
 211 0006 0022     		movs	r2, #0
 212 0008 1A60     		str	r2, [r3]
 138:Generated_Source\PSoC6\pdl\rtos\FreeRTOS\10.0.1\Source\portable\MemMang/heap_1.c **** }
 213              		.loc 1 138 0
 214 000a 00BF     		nop
ARM GAS  C:\Users\stijn\AppData\Local\Temp\ccYxVCMb.s 			page 10


 215 000c BD46     		mov	sp, r7
 216              		.cfi_def_cfa_register 13
 217              		@ sp needed
 218 000e 5DF8047B 		ldr	r7, [sp], #4
 219              		.cfi_restore 7
 220              		.cfi_def_cfa_offset 0
 221 0012 7047     		bx	lr
 222              	.L14:
 223              		.align	2
 224              	.L13:
 225 0014 00280000 		.word	xNextFreeByte
 226              		.cfi_endproc
 227              	.LFE138:
 228              		.size	vPortInitialiseBlocks, .-vPortInitialiseBlocks
 229              		.section	.text.xPortGetFreeHeapSize,"ax",%progbits
 230              		.align	2
 231              		.global	xPortGetFreeHeapSize
 232              		.thumb
 233              		.thumb_func
 234              		.type	xPortGetFreeHeapSize, %function
 235              	xPortGetFreeHeapSize:
 236              	.LFB139:
 139:Generated_Source\PSoC6\pdl\rtos\FreeRTOS\10.0.1\Source\portable\MemMang/heap_1.c **** /*-----------------------------------------------------------*/
 140:Generated_Source\PSoC6\pdl\rtos\FreeRTOS\10.0.1\Source\portable\MemMang/heap_1.c **** 
 141:Generated_Source\PSoC6\pdl\rtos\FreeRTOS\10.0.1\Source\portable\MemMang/heap_1.c **** size_t xPortGetFreeHeapSize( void )
 142:Generated_Source\PSoC6\pdl\rtos\FreeRTOS\10.0.1\Source\portable\MemMang/heap_1.c **** {
 237              		.loc 1 142 0
 238              		.cfi_startproc
 239              		@ args = 0, pretend = 0, frame = 0
 240              		@ frame_needed = 1, uses_anonymous_args = 0
 241              		@ link register save eliminated.
 242 0000 80B4     		push	{r7}
 243              		.cfi_def_cfa_offset 4
 244              		.cfi_offset 7, -4
 245 0002 00AF     		add	r7, sp, #0
 246              		.cfi_def_cfa_register 7
 143:Generated_Source\PSoC6\pdl\rtos\FreeRTOS\10.0.1\Source\portable\MemMang/heap_1.c **** 	return ( configADJUSTED_HEAP_SIZE - xNextFreeByte );
 247              		.loc 1 143 0
 248 0004 044B     		ldr	r3, .L17
 249 0006 1B68     		ldr	r3, [r3]
 250 0008 C3F51F53 		rsb	r3, r3, #10176
 251 000c 3833     		adds	r3, r3, #56
 144:Generated_Source\PSoC6\pdl\rtos\FreeRTOS\10.0.1\Source\portable\MemMang/heap_1.c **** }
 252              		.loc 1 144 0
 253 000e 1846     		mov	r0, r3
 254 0010 BD46     		mov	sp, r7
 255              		.cfi_def_cfa_register 13
 256              		@ sp needed
 257 0012 5DF8047B 		ldr	r7, [sp], #4
 258              		.cfi_restore 7
 259              		.cfi_def_cfa_offset 0
 260 0016 7047     		bx	lr
 261              	.L18:
 262              		.align	2
 263              	.L17:
 264 0018 00280000 		.word	xNextFreeByte
 265              		.cfi_endproc
ARM GAS  C:\Users\stijn\AppData\Local\Temp\ccYxVCMb.s 			page 11


 266              	.LFE139:
 267              		.size	xPortGetFreeHeapSize, .-xPortGetFreeHeapSize
 268              		.bss
 269              		.align	2
 270              	pucAlignedHeap.12126:
 271 2804 00000000 		.space	4
 272              		.text
 273              	.Letext0:
 274              		.file 3 "c:\\program files (x86)\\cypress\\psoc creator\\4.2\\psoc creator\\import\\gnu\\arm\\5.4.
 275              		.file 4 "c:\\program files (x86)\\cypress\\psoc creator\\4.2\\psoc creator\\import\\gnu\\arm\\5.4.
 276              		.file 5 "c:\\program files (x86)\\cypress\\psoc creator\\4.2\\psoc creator\\import\\gnu\\arm\\5.4.
 277              		.file 6 "Generated_Source\\PSoC6\\pdl\\cmsis/include/core_cm4.h"
 278              		.section	.debug_info,"",%progbits
 279              	.Ldebug_info0:
 280 0000 EE010000 		.4byte	0x1ee
 281 0004 0400     		.2byte	0x4
 282 0006 00000000 		.4byte	.Ldebug_abbrev0
 283 000a 04       		.byte	0x4
 284 000b 01       		.uleb128 0x1
 285 000c 71000000 		.4byte	.LASF26
 286 0010 0C       		.byte	0xc
 287 0011 43010000 		.4byte	.LASF27
 288 0015 FD010000 		.4byte	.LASF28
 289 0019 00000000 		.4byte	.Ldebug_ranges0+0
 290 001d 00000000 		.4byte	0
 291 0021 00000000 		.4byte	.Ldebug_line0
 292 0025 02       		.uleb128 0x2
 293 0026 0A000000 		.4byte	.LASF4
 294 002a 03       		.byte	0x3
 295 002b D8       		.byte	0xd8
 296 002c 30000000 		.4byte	0x30
 297 0030 03       		.uleb128 0x3
 298 0031 04       		.byte	0x4
 299 0032 07       		.byte	0x7
 300 0033 C7010000 		.4byte	.LASF0
 301 0037 04       		.uleb128 0x4
 302 0038 04       		.byte	0x4
 303 0039 05       		.byte	0x5
 304 003a 696E7400 		.ascii	"int\000"
 305 003e 03       		.uleb128 0x3
 306 003f 08       		.byte	0x8
 307 0040 05       		.byte	0x5
 308 0041 5E020000 		.4byte	.LASF1
 309 0045 03       		.uleb128 0x3
 310 0046 08       		.byte	0x8
 311 0047 04       		.byte	0x4
 312 0048 BF020000 		.4byte	.LASF2
 313 004c 03       		.uleb128 0x3
 314 004d 01       		.byte	0x1
 315 004e 06       		.byte	0x6
 316 004f CB020000 		.4byte	.LASF3
 317 0053 02       		.uleb128 0x2
 318 0054 00000000 		.4byte	.LASF5
 319 0058 04       		.byte	0x4
 320 0059 1D       		.byte	0x1d
 321 005a 5E000000 		.4byte	0x5e
 322 005e 03       		.uleb128 0x3
ARM GAS  C:\Users\stijn\AppData\Local\Temp\ccYxVCMb.s 			page 12


 323 005f 01       		.byte	0x1
 324 0060 08       		.byte	0x8
 325 0061 3E000000 		.4byte	.LASF6
 326 0065 03       		.uleb128 0x3
 327 0066 02       		.byte	0x2
 328 0067 05       		.byte	0x5
 329 0068 99020000 		.4byte	.LASF7
 330 006c 03       		.uleb128 0x3
 331 006d 02       		.byte	0x2
 332 006e 07       		.byte	0x7
 333 006f 5E000000 		.4byte	.LASF8
 334 0073 02       		.uleb128 0x2
 335 0074 11000000 		.4byte	.LASF9
 336 0078 04       		.byte	0x4
 337 0079 3F       		.byte	0x3f
 338 007a 7E000000 		.4byte	0x7e
 339 007e 03       		.uleb128 0x3
 340 007f 04       		.byte	0x4
 341 0080 05       		.byte	0x5
 342 0081 B6020000 		.4byte	.LASF10
 343 0085 02       		.uleb128 0x2
 344 0086 24010000 		.4byte	.LASF11
 345 008a 04       		.byte	0x4
 346 008b 41       		.byte	0x41
 347 008c 90000000 		.4byte	0x90
 348 0090 03       		.uleb128 0x3
 349 0091 04       		.byte	0x4
 350 0092 07       		.byte	0x7
 351 0093 4C000000 		.4byte	.LASF12
 352 0097 03       		.uleb128 0x3
 353 0098 08       		.byte	0x8
 354 0099 07       		.byte	0x7
 355 009a D4010000 		.4byte	.LASF13
 356 009e 03       		.uleb128 0x3
 357 009f 04       		.byte	0x4
 358 00a0 07       		.byte	0x7
 359 00a1 55020000 		.4byte	.LASF14
 360 00a5 05       		.uleb128 0x5
 361 00a6 04       		.byte	0x4
 362 00a7 03       		.uleb128 0x3
 363 00a8 01       		.byte	0x1
 364 00a9 08       		.byte	0x8
 365 00aa 78020000 		.4byte	.LASF15
 366 00ae 02       		.uleb128 0x2
 367 00af 30000000 		.4byte	.LASF16
 368 00b3 05       		.byte	0x5
 369 00b4 18       		.byte	0x18
 370 00b5 53000000 		.4byte	0x53
 371 00b9 02       		.uleb128 0x2
 372 00ba 4D020000 		.4byte	.LASF17
 373 00be 05       		.byte	0x5
 374 00bf 2C       		.byte	0x2c
 375 00c0 73000000 		.4byte	0x73
 376 00c4 02       		.uleb128 0x2
 377 00c5 AD020000 		.4byte	.LASF18
 378 00c9 05       		.byte	0x5
 379 00ca 30       		.byte	0x30
ARM GAS  C:\Users\stijn\AppData\Local\Temp\ccYxVCMb.s 			page 13


 380 00cb 85000000 		.4byte	0x85
 381 00cf 03       		.uleb128 0x3
 382 00d0 04       		.byte	0x4
 383 00d1 04       		.byte	0x4
 384 00d2 38000000 		.4byte	.LASF19
 385 00d6 03       		.uleb128 0x3
 386 00d7 08       		.byte	0x8
 387 00d8 04       		.byte	0x4
 388 00d9 2F010000 		.4byte	.LASF20
 389 00dd 06       		.uleb128 0x6
 390 00de 04       		.byte	0x4
 391 00df AE000000 		.4byte	0xae
 392 00e3 07       		.uleb128 0x7
 393 00e4 EB010000 		.4byte	.LASF29
 394 00e8 02       		.byte	0x2
 395 00e9 98       		.byte	0x98
 396 00ea 03       		.byte	0x3
 397 00eb FB000000 		.4byte	0xfb
 398 00ef 08       		.uleb128 0x8
 399 00f0 36010000 		.4byte	.LASF30
 400 00f4 02       		.byte	0x2
 401 00f5 9A       		.byte	0x9a
 402 00f6 C4000000 		.4byte	0xc4
 403 00fa 00       		.byte	0
 404 00fb 09       		.uleb128 0x9
 405 00fc 8C020000 		.4byte	.LASF31
 406 0100 01       		.byte	0x1
 407 0101 46       		.byte	0x46
 408 0102 A5000000 		.4byte	0xa5
 409 0106 00000000 		.4byte	.LFB136
 410 010a 8C000000 		.4byte	.LFE136-.LFB136
 411 010e 01       		.uleb128 0x1
 412 010f 9C       		.byte	0x9c
 413 0110 42010000 		.4byte	0x142
 414 0114 0A       		.uleb128 0xa
 415 0115 6C020000 		.4byte	.LASF23
 416 0119 01       		.byte	0x1
 417 011a 46       		.byte	0x46
 418 011b 25000000 		.4byte	0x25
 419 011f 02       		.uleb128 0x2
 420 0120 91       		.byte	0x91
 421 0121 6C       		.sleb128 -20
 422 0122 0B       		.uleb128 0xb
 423 0123 94010000 		.4byte	.LASF21
 424 0127 01       		.byte	0x1
 425 0128 48       		.byte	0x48
 426 0129 A5000000 		.4byte	0xa5
 427 012d 02       		.uleb128 0x2
 428 012e 91       		.byte	0x91
 429 012f 74       		.sleb128 -12
 430 0130 0B       		.uleb128 0xb
 431 0131 7D020000 		.4byte	.LASF22
 432 0135 01       		.byte	0x1
 433 0136 49       		.byte	0x49
 434 0137 DD000000 		.4byte	0xdd
 435 013b 05       		.uleb128 0x5
 436 013c 03       		.byte	0x3
ARM GAS  C:\Users\stijn\AppData\Local\Temp\ccYxVCMb.s 			page 14


 437 013d 04280000 		.4byte	pucAlignedHeap.12126
 438 0141 00       		.byte	0
 439 0142 0C       		.uleb128 0xc
 440 0143 A3020000 		.4byte	.LASF32
 441 0147 01       		.byte	0x1
 442 0148 7A       		.byte	0x7a
 443 0149 00000000 		.4byte	.LFB137
 444 014d 2E000000 		.4byte	.LFE137-.LFB137
 445 0151 01       		.uleb128 0x1
 446 0152 9C       		.byte	0x9c
 447 0153 87010000 		.4byte	0x187
 448 0157 0D       		.uleb128 0xd
 449 0158 707600   		.ascii	"pv\000"
 450 015b 01       		.byte	0x1
 451 015c 7A       		.byte	0x7a
 452 015d A5000000 		.4byte	0xa5
 453 0161 02       		.uleb128 0x2
 454 0162 91       		.byte	0x91
 455 0163 6C       		.sleb128 -20
 456 0164 0E       		.uleb128 0xe
 457 0165 E3000000 		.4byte	0xe3
 458 0169 0E000000 		.4byte	.LBB4
 459 016d 12000000 		.4byte	.LBE4-.LBB4
 460 0171 01       		.byte	0x1
 461 0172 82       		.byte	0x82
 462 0173 0F       		.uleb128 0xf
 463 0174 0E000000 		.4byte	.LBB5
 464 0178 12000000 		.4byte	.LBE5-.LBB5
 465 017c 10       		.uleb128 0x10
 466 017d EF000000 		.4byte	0xef
 467 0181 02       		.uleb128 0x2
 468 0182 91       		.byte	0x91
 469 0183 74       		.sleb128 -12
 470 0184 00       		.byte	0
 471 0185 00       		.byte	0
 472 0186 00       		.byte	0
 473 0187 11       		.uleb128 0x11
 474 0188 B1010000 		.4byte	.LASF33
 475 018c 01       		.byte	0x1
 476 018d 86       		.byte	0x86
 477 018e 00000000 		.4byte	.LFB138
 478 0192 18000000 		.4byte	.LFE138-.LFB138
 479 0196 01       		.uleb128 0x1
 480 0197 9C       		.byte	0x9c
 481 0198 12       		.uleb128 0x12
 482 0199 1B000000 		.4byte	.LASF34
 483 019d 01       		.byte	0x1
 484 019e 8D       		.byte	0x8d
 485 019f 25000000 		.4byte	0x25
 486 01a3 00000000 		.4byte	.LFB139
 487 01a7 1C000000 		.4byte	.LFE139-.LFB139
 488 01ab 01       		.uleb128 0x1
 489 01ac 9C       		.byte	0x9c
 490 01ad 13       		.uleb128 0x13
 491 01ae AE000000 		.4byte	0xae
 492 01b2 BE010000 		.4byte	0x1be
 493 01b6 14       		.uleb128 0x14
ARM GAS  C:\Users\stijn\AppData\Local\Temp\ccYxVCMb.s 			page 15


 494 01b7 9E000000 		.4byte	0x9e
 495 01bb FF27     		.2byte	0x27ff
 496 01bd 00       		.byte	0
 497 01be 0B       		.uleb128 0xb
 498 01bf AA010000 		.4byte	.LASF24
 499 01c3 01       		.byte	0x1
 500 01c4 3E       		.byte	0x3e
 501 01c5 AD010000 		.4byte	0x1ad
 502 01c9 05       		.uleb128 0x5
 503 01ca 03       		.byte	0x3
 504 01cb 00000000 		.4byte	ucHeap
 505 01cf 0B       		.uleb128 0xb
 506 01d0 D7020000 		.4byte	.LASF25
 507 01d4 01       		.byte	0x1
 508 01d5 42       		.byte	0x42
 509 01d6 25000000 		.4byte	0x25
 510 01da 05       		.uleb128 0x5
 511 01db 03       		.byte	0x3
 512 01dc 00280000 		.4byte	xNextFreeByte
 513 01e0 15       		.uleb128 0x15
 514 01e1 9D010000 		.4byte	.LASF35
 515 01e5 06       		.byte	0x6
 516 01e6 F907     		.2byte	0x7f9
 517 01e8 EC010000 		.4byte	0x1ec
 518 01ec 16       		.uleb128 0x16
 519 01ed B9000000 		.4byte	0xb9
 520 01f1 00       		.byte	0
 521              		.section	.debug_abbrev,"",%progbits
 522              	.Ldebug_abbrev0:
 523 0000 01       		.uleb128 0x1
 524 0001 11       		.uleb128 0x11
 525 0002 01       		.byte	0x1
 526 0003 25       		.uleb128 0x25
 527 0004 0E       		.uleb128 0xe
 528 0005 13       		.uleb128 0x13
 529 0006 0B       		.uleb128 0xb
 530 0007 03       		.uleb128 0x3
 531 0008 0E       		.uleb128 0xe
 532 0009 1B       		.uleb128 0x1b
 533 000a 0E       		.uleb128 0xe
 534 000b 55       		.uleb128 0x55
 535 000c 17       		.uleb128 0x17
 536 000d 11       		.uleb128 0x11
 537 000e 01       		.uleb128 0x1
 538 000f 10       		.uleb128 0x10
 539 0010 17       		.uleb128 0x17
 540 0011 00       		.byte	0
 541 0012 00       		.byte	0
 542 0013 02       		.uleb128 0x2
 543 0014 16       		.uleb128 0x16
 544 0015 00       		.byte	0
 545 0016 03       		.uleb128 0x3
 546 0017 0E       		.uleb128 0xe
 547 0018 3A       		.uleb128 0x3a
 548 0019 0B       		.uleb128 0xb
 549 001a 3B       		.uleb128 0x3b
 550 001b 0B       		.uleb128 0xb
ARM GAS  C:\Users\stijn\AppData\Local\Temp\ccYxVCMb.s 			page 16


 551 001c 49       		.uleb128 0x49
 552 001d 13       		.uleb128 0x13
 553 001e 00       		.byte	0
 554 001f 00       		.byte	0
 555 0020 03       		.uleb128 0x3
 556 0021 24       		.uleb128 0x24
 557 0022 00       		.byte	0
 558 0023 0B       		.uleb128 0xb
 559 0024 0B       		.uleb128 0xb
 560 0025 3E       		.uleb128 0x3e
 561 0026 0B       		.uleb128 0xb
 562 0027 03       		.uleb128 0x3
 563 0028 0E       		.uleb128 0xe
 564 0029 00       		.byte	0
 565 002a 00       		.byte	0
 566 002b 04       		.uleb128 0x4
 567 002c 24       		.uleb128 0x24
 568 002d 00       		.byte	0
 569 002e 0B       		.uleb128 0xb
 570 002f 0B       		.uleb128 0xb
 571 0030 3E       		.uleb128 0x3e
 572 0031 0B       		.uleb128 0xb
 573 0032 03       		.uleb128 0x3
 574 0033 08       		.uleb128 0x8
 575 0034 00       		.byte	0
 576 0035 00       		.byte	0
 577 0036 05       		.uleb128 0x5
 578 0037 0F       		.uleb128 0xf
 579 0038 00       		.byte	0
 580 0039 0B       		.uleb128 0xb
 581 003a 0B       		.uleb128 0xb
 582 003b 00       		.byte	0
 583 003c 00       		.byte	0
 584 003d 06       		.uleb128 0x6
 585 003e 0F       		.uleb128 0xf
 586 003f 00       		.byte	0
 587 0040 0B       		.uleb128 0xb
 588 0041 0B       		.uleb128 0xb
 589 0042 49       		.uleb128 0x49
 590 0043 13       		.uleb128 0x13
 591 0044 00       		.byte	0
 592 0045 00       		.byte	0
 593 0046 07       		.uleb128 0x7
 594 0047 2E       		.uleb128 0x2e
 595 0048 01       		.byte	0x1
 596 0049 03       		.uleb128 0x3
 597 004a 0E       		.uleb128 0xe
 598 004b 3A       		.uleb128 0x3a
 599 004c 0B       		.uleb128 0xb
 600 004d 3B       		.uleb128 0x3b
 601 004e 0B       		.uleb128 0xb
 602 004f 27       		.uleb128 0x27
 603 0050 19       		.uleb128 0x19
 604 0051 20       		.uleb128 0x20
 605 0052 0B       		.uleb128 0xb
 606 0053 01       		.uleb128 0x1
 607 0054 13       		.uleb128 0x13
ARM GAS  C:\Users\stijn\AppData\Local\Temp\ccYxVCMb.s 			page 17


 608 0055 00       		.byte	0
 609 0056 00       		.byte	0
 610 0057 08       		.uleb128 0x8
 611 0058 34       		.uleb128 0x34
 612 0059 00       		.byte	0
 613 005a 03       		.uleb128 0x3
 614 005b 0E       		.uleb128 0xe
 615 005c 3A       		.uleb128 0x3a
 616 005d 0B       		.uleb128 0xb
 617 005e 3B       		.uleb128 0x3b
 618 005f 0B       		.uleb128 0xb
 619 0060 49       		.uleb128 0x49
 620 0061 13       		.uleb128 0x13
 621 0062 00       		.byte	0
 622 0063 00       		.byte	0
 623 0064 09       		.uleb128 0x9
 624 0065 2E       		.uleb128 0x2e
 625 0066 01       		.byte	0x1
 626 0067 3F       		.uleb128 0x3f
 627 0068 19       		.uleb128 0x19
 628 0069 03       		.uleb128 0x3
 629 006a 0E       		.uleb128 0xe
 630 006b 3A       		.uleb128 0x3a
 631 006c 0B       		.uleb128 0xb
 632 006d 3B       		.uleb128 0x3b
 633 006e 0B       		.uleb128 0xb
 634 006f 27       		.uleb128 0x27
 635 0070 19       		.uleb128 0x19
 636 0071 49       		.uleb128 0x49
 637 0072 13       		.uleb128 0x13
 638 0073 11       		.uleb128 0x11
 639 0074 01       		.uleb128 0x1
 640 0075 12       		.uleb128 0x12
 641 0076 06       		.uleb128 0x6
 642 0077 40       		.uleb128 0x40
 643 0078 18       		.uleb128 0x18
 644 0079 9642     		.uleb128 0x2116
 645 007b 19       		.uleb128 0x19
 646 007c 01       		.uleb128 0x1
 647 007d 13       		.uleb128 0x13
 648 007e 00       		.byte	0
 649 007f 00       		.byte	0
 650 0080 0A       		.uleb128 0xa
 651 0081 05       		.uleb128 0x5
 652 0082 00       		.byte	0
 653 0083 03       		.uleb128 0x3
 654 0084 0E       		.uleb128 0xe
 655 0085 3A       		.uleb128 0x3a
 656 0086 0B       		.uleb128 0xb
 657 0087 3B       		.uleb128 0x3b
 658 0088 0B       		.uleb128 0xb
 659 0089 49       		.uleb128 0x49
 660 008a 13       		.uleb128 0x13
 661 008b 02       		.uleb128 0x2
 662 008c 18       		.uleb128 0x18
 663 008d 00       		.byte	0
 664 008e 00       		.byte	0
ARM GAS  C:\Users\stijn\AppData\Local\Temp\ccYxVCMb.s 			page 18


 665 008f 0B       		.uleb128 0xb
 666 0090 34       		.uleb128 0x34
 667 0091 00       		.byte	0
 668 0092 03       		.uleb128 0x3
 669 0093 0E       		.uleb128 0xe
 670 0094 3A       		.uleb128 0x3a
 671 0095 0B       		.uleb128 0xb
 672 0096 3B       		.uleb128 0x3b
 673 0097 0B       		.uleb128 0xb
 674 0098 49       		.uleb128 0x49
 675 0099 13       		.uleb128 0x13
 676 009a 02       		.uleb128 0x2
 677 009b 18       		.uleb128 0x18
 678 009c 00       		.byte	0
 679 009d 00       		.byte	0
 680 009e 0C       		.uleb128 0xc
 681 009f 2E       		.uleb128 0x2e
 682 00a0 01       		.byte	0x1
 683 00a1 3F       		.uleb128 0x3f
 684 00a2 19       		.uleb128 0x19
 685 00a3 03       		.uleb128 0x3
 686 00a4 0E       		.uleb128 0xe
 687 00a5 3A       		.uleb128 0x3a
 688 00a6 0B       		.uleb128 0xb
 689 00a7 3B       		.uleb128 0x3b
 690 00a8 0B       		.uleb128 0xb
 691 00a9 27       		.uleb128 0x27
 692 00aa 19       		.uleb128 0x19
 693 00ab 11       		.uleb128 0x11
 694 00ac 01       		.uleb128 0x1
 695 00ad 12       		.uleb128 0x12
 696 00ae 06       		.uleb128 0x6
 697 00af 40       		.uleb128 0x40
 698 00b0 18       		.uleb128 0x18
 699 00b1 9742     		.uleb128 0x2117
 700 00b3 19       		.uleb128 0x19
 701 00b4 01       		.uleb128 0x1
 702 00b5 13       		.uleb128 0x13
 703 00b6 00       		.byte	0
 704 00b7 00       		.byte	0
 705 00b8 0D       		.uleb128 0xd
 706 00b9 05       		.uleb128 0x5
 707 00ba 00       		.byte	0
 708 00bb 03       		.uleb128 0x3
 709 00bc 08       		.uleb128 0x8
 710 00bd 3A       		.uleb128 0x3a
 711 00be 0B       		.uleb128 0xb
 712 00bf 3B       		.uleb128 0x3b
 713 00c0 0B       		.uleb128 0xb
 714 00c1 49       		.uleb128 0x49
 715 00c2 13       		.uleb128 0x13
 716 00c3 02       		.uleb128 0x2
 717 00c4 18       		.uleb128 0x18
 718 00c5 00       		.byte	0
 719 00c6 00       		.byte	0
 720 00c7 0E       		.uleb128 0xe
 721 00c8 1D       		.uleb128 0x1d
ARM GAS  C:\Users\stijn\AppData\Local\Temp\ccYxVCMb.s 			page 19


 722 00c9 01       		.byte	0x1
 723 00ca 31       		.uleb128 0x31
 724 00cb 13       		.uleb128 0x13
 725 00cc 11       		.uleb128 0x11
 726 00cd 01       		.uleb128 0x1
 727 00ce 12       		.uleb128 0x12
 728 00cf 06       		.uleb128 0x6
 729 00d0 58       		.uleb128 0x58
 730 00d1 0B       		.uleb128 0xb
 731 00d2 59       		.uleb128 0x59
 732 00d3 0B       		.uleb128 0xb
 733 00d4 00       		.byte	0
 734 00d5 00       		.byte	0
 735 00d6 0F       		.uleb128 0xf
 736 00d7 0B       		.uleb128 0xb
 737 00d8 01       		.byte	0x1
 738 00d9 11       		.uleb128 0x11
 739 00da 01       		.uleb128 0x1
 740 00db 12       		.uleb128 0x12
 741 00dc 06       		.uleb128 0x6
 742 00dd 00       		.byte	0
 743 00de 00       		.byte	0
 744 00df 10       		.uleb128 0x10
 745 00e0 34       		.uleb128 0x34
 746 00e1 00       		.byte	0
 747 00e2 31       		.uleb128 0x31
 748 00e3 13       		.uleb128 0x13
 749 00e4 02       		.uleb128 0x2
 750 00e5 18       		.uleb128 0x18
 751 00e6 00       		.byte	0
 752 00e7 00       		.byte	0
 753 00e8 11       		.uleb128 0x11
 754 00e9 2E       		.uleb128 0x2e
 755 00ea 00       		.byte	0
 756 00eb 3F       		.uleb128 0x3f
 757 00ec 19       		.uleb128 0x19
 758 00ed 03       		.uleb128 0x3
 759 00ee 0E       		.uleb128 0xe
 760 00ef 3A       		.uleb128 0x3a
 761 00f0 0B       		.uleb128 0xb
 762 00f1 3B       		.uleb128 0x3b
 763 00f2 0B       		.uleb128 0xb
 764 00f3 27       		.uleb128 0x27
 765 00f4 19       		.uleb128 0x19
 766 00f5 11       		.uleb128 0x11
 767 00f6 01       		.uleb128 0x1
 768 00f7 12       		.uleb128 0x12
 769 00f8 06       		.uleb128 0x6
 770 00f9 40       		.uleb128 0x40
 771 00fa 18       		.uleb128 0x18
 772 00fb 9742     		.uleb128 0x2117
 773 00fd 19       		.uleb128 0x19
 774 00fe 00       		.byte	0
 775 00ff 00       		.byte	0
 776 0100 12       		.uleb128 0x12
 777 0101 2E       		.uleb128 0x2e
 778 0102 00       		.byte	0
ARM GAS  C:\Users\stijn\AppData\Local\Temp\ccYxVCMb.s 			page 20


 779 0103 3F       		.uleb128 0x3f
 780 0104 19       		.uleb128 0x19
 781 0105 03       		.uleb128 0x3
 782 0106 0E       		.uleb128 0xe
 783 0107 3A       		.uleb128 0x3a
 784 0108 0B       		.uleb128 0xb
 785 0109 3B       		.uleb128 0x3b
 786 010a 0B       		.uleb128 0xb
 787 010b 27       		.uleb128 0x27
 788 010c 19       		.uleb128 0x19
 789 010d 49       		.uleb128 0x49
 790 010e 13       		.uleb128 0x13
 791 010f 11       		.uleb128 0x11
 792 0110 01       		.uleb128 0x1
 793 0111 12       		.uleb128 0x12
 794 0112 06       		.uleb128 0x6
 795 0113 40       		.uleb128 0x40
 796 0114 18       		.uleb128 0x18
 797 0115 9742     		.uleb128 0x2117
 798 0117 19       		.uleb128 0x19
 799 0118 00       		.byte	0
 800 0119 00       		.byte	0
 801 011a 13       		.uleb128 0x13
 802 011b 01       		.uleb128 0x1
 803 011c 01       		.byte	0x1
 804 011d 49       		.uleb128 0x49
 805 011e 13       		.uleb128 0x13
 806 011f 01       		.uleb128 0x1
 807 0120 13       		.uleb128 0x13
 808 0121 00       		.byte	0
 809 0122 00       		.byte	0
 810 0123 14       		.uleb128 0x14
 811 0124 21       		.uleb128 0x21
 812 0125 00       		.byte	0
 813 0126 49       		.uleb128 0x49
 814 0127 13       		.uleb128 0x13
 815 0128 2F       		.uleb128 0x2f
 816 0129 05       		.uleb128 0x5
 817 012a 00       		.byte	0
 818 012b 00       		.byte	0
 819 012c 15       		.uleb128 0x15
 820 012d 34       		.uleb128 0x34
 821 012e 00       		.byte	0
 822 012f 03       		.uleb128 0x3
 823 0130 0E       		.uleb128 0xe
 824 0131 3A       		.uleb128 0x3a
 825 0132 0B       		.uleb128 0xb
 826 0133 3B       		.uleb128 0x3b
 827 0134 05       		.uleb128 0x5
 828 0135 49       		.uleb128 0x49
 829 0136 13       		.uleb128 0x13
 830 0137 3F       		.uleb128 0x3f
 831 0138 19       		.uleb128 0x19
 832 0139 3C       		.uleb128 0x3c
 833 013a 19       		.uleb128 0x19
 834 013b 00       		.byte	0
 835 013c 00       		.byte	0
ARM GAS  C:\Users\stijn\AppData\Local\Temp\ccYxVCMb.s 			page 21


 836 013d 16       		.uleb128 0x16
 837 013e 35       		.uleb128 0x35
 838 013f 00       		.byte	0
 839 0140 49       		.uleb128 0x49
 840 0141 13       		.uleb128 0x13
 841 0142 00       		.byte	0
 842 0143 00       		.byte	0
 843 0144 00       		.byte	0
 844              		.section	.debug_aranges,"",%progbits
 845 0000 34000000 		.4byte	0x34
 846 0004 0200     		.2byte	0x2
 847 0006 00000000 		.4byte	.Ldebug_info0
 848 000a 04       		.byte	0x4
 849 000b 00       		.byte	0
 850 000c 0000     		.2byte	0
 851 000e 0000     		.2byte	0
 852 0010 00000000 		.4byte	.LFB136
 853 0014 8C000000 		.4byte	.LFE136-.LFB136
 854 0018 00000000 		.4byte	.LFB137
 855 001c 2E000000 		.4byte	.LFE137-.LFB137
 856 0020 00000000 		.4byte	.LFB138
 857 0024 18000000 		.4byte	.LFE138-.LFB138
 858 0028 00000000 		.4byte	.LFB139
 859 002c 1C000000 		.4byte	.LFE139-.LFB139
 860 0030 00000000 		.4byte	0
 861 0034 00000000 		.4byte	0
 862              		.section	.debug_ranges,"",%progbits
 863              	.Ldebug_ranges0:
 864 0000 00000000 		.4byte	.LFB136
 865 0004 8C000000 		.4byte	.LFE136
 866 0008 00000000 		.4byte	.LFB137
 867 000c 2E000000 		.4byte	.LFE137
 868 0010 00000000 		.4byte	.LFB138
 869 0014 18000000 		.4byte	.LFE138
 870 0018 00000000 		.4byte	.LFB139
 871 001c 1C000000 		.4byte	.LFE139
 872 0020 00000000 		.4byte	0
 873 0024 00000000 		.4byte	0
 874              		.section	.debug_line,"",%progbits
 875              	.Ldebug_line0:
 876 0000 EB020000 		.section	.debug_str,"MS",%progbits,1
 876      02007502 
 876      00000201 
 876      FB0E0D00 
 876      01010101 
 877              	.LASF5:
 878 0000 5F5F7569 		.ascii	"__uint8_t\000"
 878      6E74385F 
 878      7400
 879              	.LASF4:
 880 000a 73697A65 		.ascii	"size_t\000"
 880      5F7400
 881              	.LASF9:
 882 0011 5F5F696E 		.ascii	"__int32_t\000"
 882      7433325F 
 882      7400
 883              	.LASF34:
ARM GAS  C:\Users\stijn\AppData\Local\Temp\ccYxVCMb.s 			page 22


 884 001b 78506F72 		.ascii	"xPortGetFreeHeapSize\000"
 884      74476574 
 884      46726565 
 884      48656170 
 884      53697A65 
 885              	.LASF16:
 886 0030 75696E74 		.ascii	"uint8_t\000"
 886      385F7400 
 887              	.LASF19:
 888 0038 666C6F61 		.ascii	"float\000"
 888      7400
 889              	.LASF6:
 890 003e 756E7369 		.ascii	"unsigned char\000"
 890      676E6564 
 890      20636861 
 890      7200
 891              	.LASF12:
 892 004c 6C6F6E67 		.ascii	"long unsigned int\000"
 892      20756E73 
 892      69676E65 
 892      6420696E 
 892      7400
 893              	.LASF8:
 894 005e 73686F72 		.ascii	"short unsigned int\000"
 894      7420756E 
 894      7369676E 
 894      65642069 
 894      6E7400
 895              	.LASF26:
 896 0071 474E5520 		.ascii	"GNU C11 5.4.1 20160609 (release) [ARM/embedded-5-br"
 896      43313120 
 896      352E342E 
 896      31203230 
 896      31363036 
 897 00a4 616E6368 		.ascii	"anch revision 237715] -mcpu=cortex-m4 -mfloat-abi=s"
 897      20726576 
 897      6973696F 
 897      6E203233 
 897      37373135 
 898 00d7 6F667466 		.ascii	"oftfp -mfpu=fpv4-sp-d16 -mthumb -g -O0 -ffunction-s"
 898      70202D6D 
 898      6670753D 
 898      66707634 
 898      2D73702D 
 899 010a 65637469 		.ascii	"ections -ffat-lto-objects\000"
 899      6F6E7320 
 899      2D666661 
 899      742D6C74 
 899      6F2D6F62 
 900              	.LASF11:
 901 0124 5F5F7569 		.ascii	"__uint32_t\000"
 901      6E743332 
 901      5F7400
 902              	.LASF20:
 903 012f 646F7562 		.ascii	"double\000"
 903      6C6500
 904              	.LASF30:
ARM GAS  C:\Users\stijn\AppData\Local\Temp\ccYxVCMb.s 			page 23


 905 0136 756C4E65 		.ascii	"ulNewBASEPRI\000"
 905      77424153 
 905      45505249 
 905      00
 906              	.LASF27:
 907 0143 47656E65 		.ascii	"Generated_Source\\PSoC6\\pdl\\rtos\\FreeRTOS\\10.0."
 907      72617465 
 907      645F536F 
 907      75726365 
 907      5C50536F 
 908 0171 315C536F 		.ascii	"1\\Source\\portable\\MemMang\\heap_1.c\000"
 908      75726365 
 908      5C706F72 
 908      7461626C 
 908      655C4D65 
 909              	.LASF21:
 910 0194 70765265 		.ascii	"pvReturn\000"
 910      7475726E 
 910      00
 911              	.LASF35:
 912 019d 49544D5F 		.ascii	"ITM_RxBuffer\000"
 912      52784275 
 912      66666572 
 912      00
 913              	.LASF24:
 914 01aa 75634865 		.ascii	"ucHeap\000"
 914      617000
 915              	.LASF33:
 916 01b1 76506F72 		.ascii	"vPortInitialiseBlocks\000"
 916      74496E69 
 916      7469616C 
 916      69736542 
 916      6C6F636B 
 917              	.LASF0:
 918 01c7 756E7369 		.ascii	"unsigned int\000"
 918      676E6564 
 918      20696E74 
 918      00
 919              	.LASF13:
 920 01d4 6C6F6E67 		.ascii	"long long unsigned int\000"
 920      206C6F6E 
 920      6720756E 
 920      7369676E 
 920      65642069 
 921              	.LASF29:
 922 01eb 76506F72 		.ascii	"vPortRaiseBASEPRI\000"
 922      74526169 
 922      73654241 
 922      53455052 
 922      4900
 923              	.LASF28:
 924 01fd 433A5C55 		.ascii	"C:\\Users\\stijn\\OneDrive\\Documenten\\PSoC Creato"
 924      73657273 
 924      5C737469 
 924      6A6E5C4F 
 924      6E654472 
 925 022b 725C4144 		.ascii	"r\\ADC Klodden\\RTOS_I2C_Test.cydsn\000"
ARM GAS  C:\Users\stijn\AppData\Local\Temp\ccYxVCMb.s 			page 24


 925      43204B6C 
 925      6F646465 
 925      6E5C5254 
 925      4F535F49 
 926              	.LASF17:
 927 024d 696E7433 		.ascii	"int32_t\000"
 927      325F7400 
 928              	.LASF14:
 929 0255 73697A65 		.ascii	"sizetype\000"
 929      74797065 
 929      00
 930              	.LASF1:
 931 025e 6C6F6E67 		.ascii	"long long int\000"
 931      206C6F6E 
 931      6720696E 
 931      7400
 932              	.LASF23:
 933 026c 7857616E 		.ascii	"xWantedSize\000"
 933      74656453 
 933      697A6500 
 934              	.LASF15:
 935 0278 63686172 		.ascii	"char\000"
 935      00
 936              	.LASF22:
 937 027d 70756341 		.ascii	"pucAlignedHeap\000"
 937      6C69676E 
 937      65644865 
 937      617000
 938              	.LASF31:
 939 028c 7076506F 		.ascii	"pvPortMalloc\000"
 939      72744D61 
 939      6C6C6F63 
 939      00
 940              	.LASF7:
 941 0299 73686F72 		.ascii	"short int\000"
 941      7420696E 
 941      7400
 942              	.LASF32:
 943 02a3 76506F72 		.ascii	"vPortFree\000"
 943      74467265 
 943      6500
 944              	.LASF18:
 945 02ad 75696E74 		.ascii	"uint32_t\000"
 945      33325F74 
 945      00
 946              	.LASF10:
 947 02b6 6C6F6E67 		.ascii	"long int\000"
 947      20696E74 
 947      00
 948              	.LASF2:
 949 02bf 6C6F6E67 		.ascii	"long double\000"
 949      20646F75 
 949      626C6500 
 950              	.LASF3:
 951 02cb 7369676E 		.ascii	"signed char\000"
 951      65642063 
 951      68617200 
ARM GAS  C:\Users\stijn\AppData\Local\Temp\ccYxVCMb.s 			page 25


 952              	.LASF25:
 953 02d7 784E6578 		.ascii	"xNextFreeByte\000"
 953      74467265 
 953      65427974 
 953      6500
 954              		.ident	"GCC: (GNU Tools for ARM Embedded Processors) 5.4.1 20160609 (release) [ARM/embedded-5-bran
