ARM GAS  C:\Users\stijn\AppData\Local\Temp\ccEpl0Ij.s 			page 1


   1              		.syntax unified
   2              		.cpu cortex-m4
   3              		.eabi_attribute 27, 1
   4              		.fpu fpv4-sp-d16
   5              		.eabi_attribute 20, 1
   6              		.eabi_attribute 21, 1
   7              		.eabi_attribute 23, 3
   8              		.eabi_attribute 24, 1
   9              		.eabi_attribute 25, 1
  10              		.eabi_attribute 26, 1
  11              		.eabi_attribute 30, 6
  12              		.eabi_attribute 34, 1
  13              		.eabi_attribute 18, 4
  14              		.thumb
  15              		.syntax unified
  16              		.file	"serial.c"
  17              		.text
  18              	.Ltext0:
  19              		.cfi_sections	.debug_frame
  20              		.section	.rodata
  21              		.align	2
  22              	.LC0:
  23 0000 0D0A4920 		.ascii	"\015\012I AM ALIVE\000"
  23      414D2041 
  23      4C495645 
  23      00
  24              		.section	.text.UARTTask,"ax",%progbits
  25              		.align	2
  26              		.global	UARTTask
  27              		.thumb
  28              		.thumb_func
  29              		.type	UARTTask, %function
  30              	UARTTask:
  31              	.LFB566:
  32              		.file 1 "serial.c"
   1:serial.c      ****  /*  ____  ____      _    __  __  ____ ___
   2:serial.c      ****  * |  _ \|  _ \    / \  |  \/  |/ ___/ _ \
   3:serial.c      ****  * | | | | |_) |  / _ \ | |\/| | |  | | | |
   4:serial.c      ****  * | |_| |  _ <  / ___ \| |  | | |__| |_| |
   5:serial.c      ****  * |____/|_| \_\/_/   \_\_|  |_|\____\___/
   6:serial.c      ****  *                           research group
   7:serial.c      ****  *                             dramco.be/
   8:serial.c      ****  *
   9:serial.c      ****  *  KU Leuven - Technology Campus Gent,
  10:serial.c      ****  *  Gebroeders De Smetstraat 1,
  11:serial.c      ****  *  B-9000 Gent, Belgium
  12:serial.c      ****  *
  13:serial.c      ****  *         File: serial.c
  14:serial.c      ****  *      Created: 2019-04-11
  15:serial.c      ****  *       Author: Stijn Crul
  16:serial.c      ****  *      Version: 0.1
  17:serial.c      ****  *
  18:serial.c      ****  *  Description: UART library for sending messages on a PSOC 6 development kit using an RTOS task
  19:serial.c      ****  */    
  20:serial.c      **** 
  21:serial.c      **** #include "serial.h"
  22:serial.c      **** #include "FreeRTOS.h"
ARM GAS  C:\Users\stijn\AppData\Local\Temp\ccEpl0Ij.s 			page 2


  23:serial.c      **** #include "task.h"
  24:serial.c      **** 
  25:serial.c      **** void UARTTask(){
  33              		.loc 1 25 0
  34              		.cfi_startproc
  35              		@ args = 0, pretend = 0, frame = 8
  36              		@ frame_needed = 1, uses_anonymous_args = 0
  37 0000 80B5     		push	{r7, lr}
  38              		.cfi_def_cfa_offset 8
  39              		.cfi_offset 7, -8
  40              		.cfi_offset 14, -4
  41 0002 82B0     		sub	sp, sp, #8
  42              		.cfi_def_cfa_offset 16
  43 0004 00AF     		add	r7, sp, #0
  44              		.cfi_def_cfa_register 7
  26:serial.c      ****     TickType_t xLastWakeTime ;
  27:serial.c      ****     const TickType_t xFrequency = 10000;
  45              		.loc 1 27 0
  46 0006 42F21073 		movw	r3, #10000
  47 000a 7B60     		str	r3, [r7, #4]
  28:serial.c      ****     xLastWakeTime = xTaskGetTickCount();    
  48              		.loc 1 28 0
  49 000c FFF7FEFF 		bl	xTaskGetTickCount
  50 0010 0346     		mov	r3, r0
  51 0012 3B60     		str	r3, [r7]
  52              	.L2:
  53              	.LBB2:
  29:serial.c      ****     for(;;){
  30:serial.c      ****         vTaskDelayUntil(&xLastWakeTime, xFrequency);
  54              		.loc 1 30 0 discriminator 1
  55 0014 3B46     		mov	r3, r7
  56 0016 7968     		ldr	r1, [r7, #4]
  57 0018 1846     		mov	r0, r3
  58 001a FFF7FEFF 		bl	vTaskDelayUntil
  31:serial.c      ****         printf("\r\nI AM ALIVE");
  59              		.loc 1 31 0 discriminator 1
  60 001e 0248     		ldr	r0, .L3
  61 0020 FFF7FEFF 		bl	printf
  62              	.LBE2:
  32:serial.c      ****     }
  63              		.loc 1 32 0 discriminator 1
  64 0024 F6E7     		b	.L2
  65              	.L4:
  66 0026 00BF     		.align	2
  67              	.L3:
  68 0028 00000000 		.word	.LC0
  69              		.cfi_endproc
  70              	.LFE566:
  71              		.size	UARTTask, .-UARTTask
  72              		.text
  73              	.Letext0:
  74              		.file 2 "c:\\program files (x86)\\cypress\\psoc creator\\4.2\\psoc creator\\import\\gnu\\arm\\5.4.
  75              		.file 3 "c:\\program files (x86)\\cypress\\psoc creator\\4.2\\psoc creator\\import\\gnu\\arm\\5.4.
  76              		.file 4 "Generated_Source\\PSoC6\\pdl\\drivers/peripheral/device/cy_device.h"
  77              		.file 5 "Generated_Source\\PSoC6\\pdl\\drivers/peripheral/sar/cy_sar.h"
  78              		.file 6 "Generated_Source\\PSoC6\\pdl\\drivers/peripheral/scb/cy_scb_i2c.h"
  79              		.file 7 "Generated_Source\\PSoC6\\pdl\\drivers/peripheral/scb/cy_scb_uart.h"
ARM GAS  C:\Users\stijn\AppData\Local\Temp\ccEpl0Ij.s 			page 3


  80              		.file 8 "Generated_Source\\PSoC6/ADC.h"
  81              		.file 9 "Generated_Source\\PSoC6\\pdl\\rtos/FreeRTOS/10.0.1/Source/portable/GCC/CM4F/portmacro.h"
  82              		.file 10 "Generated_Source\\PSoC6\\pdl\\cmsis/include/core_cm4.h"
  83              		.file 11 "Generated_Source\\PSoC6/UART.h"
  84              		.file 12 "Generated_Source\\PSoC6/mI2C.h"
  85              		.file 13 "<built-in>"
  86              		.section	.debug_info,"",%progbits
  87              	.Ldebug_info0:
  88 0000 E7090000 		.4byte	0x9e7
  89 0004 0400     		.2byte	0x4
  90 0006 00000000 		.4byte	.Ldebug_abbrev0
  91 000a 04       		.byte	0x4
  92 000b 01       		.uleb128 0x1
  93 000c 19000000 		.4byte	.LASF192
  94 0010 0C       		.byte	0xc
  95 0011 5F060000 		.4byte	.LASF193
  96 0015 84040000 		.4byte	.LASF194
  97 0019 00000000 		.4byte	.Ldebug_ranges0+0
  98 001d 00000000 		.4byte	0
  99 0021 00000000 		.4byte	.Ldebug_line0
 100 0025 02       		.uleb128 0x2
 101 0026 02       		.byte	0x2
 102 0027 05       		.byte	0x5
 103 0028 CB080000 		.4byte	.LASF0
 104 002c 02       		.uleb128 0x2
 105 002d 01       		.byte	0x1
 106 002e 06       		.byte	0x6
 107 002f AD020000 		.4byte	.LASF1
 108 0033 03       		.uleb128 0x3
 109 0034 5A010000 		.4byte	.LASF3
 110 0038 02       		.byte	0x2
 111 0039 1D       		.byte	0x1d
 112 003a 3E000000 		.4byte	0x3e
 113 003e 02       		.uleb128 0x2
 114 003f 01       		.byte	0x1
 115 0040 08       		.byte	0x8
 116 0041 73080000 		.4byte	.LASF2
 117 0045 03       		.uleb128 0x3
 118 0046 F0040000 		.4byte	.LASF4
 119 004a 02       		.byte	0x2
 120 004b 29       		.byte	0x29
 121 004c 25000000 		.4byte	0x25
 122 0050 03       		.uleb128 0x3
 123 0051 EC090000 		.4byte	.LASF5
 124 0055 02       		.byte	0x2
 125 0056 2B       		.byte	0x2b
 126 0057 5B000000 		.4byte	0x5b
 127 005b 02       		.uleb128 0x2
 128 005c 02       		.byte	0x2
 129 005d 07       		.byte	0x7
 130 005e 40040000 		.4byte	.LASF6
 131 0062 03       		.uleb128 0x3
 132 0063 0A0A0000 		.4byte	.LASF7
 133 0067 02       		.byte	0x2
 134 0068 3F       		.byte	0x3f
 135 0069 6D000000 		.4byte	0x6d
 136 006d 02       		.uleb128 0x2
ARM GAS  C:\Users\stijn\AppData\Local\Temp\ccEpl0Ij.s 			page 4


 137 006e 04       		.byte	0x4
 138 006f 05       		.byte	0x5
 139 0070 88030000 		.4byte	.LASF8
 140 0074 03       		.uleb128 0x3
 141 0075 79040000 		.4byte	.LASF9
 142 0079 02       		.byte	0x2
 143 007a 41       		.byte	0x41
 144 007b 7F000000 		.4byte	0x7f
 145 007f 02       		.uleb128 0x2
 146 0080 04       		.byte	0x4
 147 0081 07       		.byte	0x7
 148 0082 AA050000 		.4byte	.LASF10
 149 0086 02       		.uleb128 0x2
 150 0087 08       		.byte	0x8
 151 0088 05       		.byte	0x5
 152 0089 9F020000 		.4byte	.LASF11
 153 008d 02       		.uleb128 0x2
 154 008e 08       		.byte	0x8
 155 008f 07       		.byte	0x7
 156 0090 DA010000 		.4byte	.LASF12
 157 0094 04       		.uleb128 0x4
 158 0095 04       		.byte	0x4
 159 0096 05       		.byte	0x5
 160 0097 696E7400 		.ascii	"int\000"
 161 009b 02       		.uleb128 0x2
 162 009c 04       		.byte	0x4
 163 009d 07       		.byte	0x7
 164 009e 50050000 		.4byte	.LASF13
 165 00a2 03       		.uleb128 0x3
 166 00a3 360B0000 		.4byte	.LASF14
 167 00a7 03       		.byte	0x3
 168 00a8 18       		.byte	0x18
 169 00a9 33000000 		.4byte	0x33
 170 00ad 03       		.uleb128 0x3
 171 00ae 83020000 		.4byte	.LASF15
 172 00b2 03       		.byte	0x3
 173 00b3 20       		.byte	0x20
 174 00b4 45000000 		.4byte	0x45
 175 00b8 03       		.uleb128 0x3
 176 00b9 EC030000 		.4byte	.LASF16
 177 00bd 03       		.byte	0x3
 178 00be 24       		.byte	0x24
 179 00bf 50000000 		.4byte	0x50
 180 00c3 03       		.uleb128 0x3
 181 00c4 6B080000 		.4byte	.LASF17
 182 00c8 03       		.byte	0x3
 183 00c9 2C       		.byte	0x2c
 184 00ca 62000000 		.4byte	0x62
 185 00ce 03       		.uleb128 0x3
 186 00cf 0B0C0000 		.4byte	.LASF18
 187 00d3 03       		.byte	0x3
 188 00d4 30       		.byte	0x30
 189 00d5 74000000 		.4byte	0x74
 190 00d9 02       		.uleb128 0x2
 191 00da 04       		.byte	0x4
 192 00db 07       		.byte	0x7
 193 00dc 1C070000 		.4byte	.LASF19
ARM GAS  C:\Users\stijn\AppData\Local\Temp\ccEpl0Ij.s 			page 5


 194 00e0 05       		.uleb128 0x5
 195 00e1 CE000000 		.4byte	0xce
 196 00e5 02       		.uleb128 0x2
 197 00e6 08       		.byte	0x8
 198 00e7 04       		.byte	0x4
 199 00e8 B8090000 		.4byte	.LASF20
 200 00ec 06       		.uleb128 0x6
 201 00ed B8       		.byte	0xb8
 202 00ee 04       		.byte	0x4
 203 00ef 34       		.byte	0x34
 204 00f0 FD040000 		.4byte	0x4fd
 205 00f4 07       		.uleb128 0x7
 206 00f5 A3010000 		.4byte	.LASF21
 207 00f9 04       		.byte	0x4
 208 00fa 37       		.byte	0x37
 209 00fb CE000000 		.4byte	0xce
 210 00ff 00       		.byte	0
 211 0100 07       		.uleb128 0x7
 212 0101 6E040000 		.4byte	.LASF22
 213 0105 04       		.byte	0x4
 214 0106 38       		.byte	0x38
 215 0107 CE000000 		.4byte	0xce
 216 010b 04       		.byte	0x4
 217 010c 07       		.uleb128 0x7
 218 010d BA030000 		.4byte	.LASF23
 219 0111 04       		.byte	0x4
 220 0112 39       		.byte	0x39
 221 0113 CE000000 		.4byte	0xce
 222 0117 08       		.byte	0x8
 223 0118 07       		.uleb128 0x7
 224 0119 44080000 		.4byte	.LASF24
 225 011d 04       		.byte	0x4
 226 011e 3A       		.byte	0x3a
 227 011f CE000000 		.4byte	0xce
 228 0123 0C       		.byte	0xc
 229 0124 07       		.uleb128 0x7
 230 0125 B5060000 		.4byte	.LASF25
 231 0129 04       		.byte	0x4
 232 012a 3B       		.byte	0x3b
 233 012b CE000000 		.4byte	0xce
 234 012f 10       		.byte	0x10
 235 0130 07       		.uleb128 0x7
 236 0131 42030000 		.4byte	.LASF26
 237 0135 04       		.byte	0x4
 238 0136 3C       		.byte	0x3c
 239 0137 CE000000 		.4byte	0xce
 240 013b 14       		.byte	0x14
 241 013c 07       		.uleb128 0x7
 242 013d 880A0000 		.4byte	.LASF27
 243 0141 04       		.byte	0x4
 244 0142 3D       		.byte	0x3d
 245 0143 CE000000 		.4byte	0xce
 246 0147 18       		.byte	0x18
 247 0148 07       		.uleb128 0x7
 248 0149 35010000 		.4byte	.LASF28
 249 014d 04       		.byte	0x4
 250 014e 3E       		.byte	0x3e
ARM GAS  C:\Users\stijn\AppData\Local\Temp\ccEpl0Ij.s 			page 6


 251 014f CE000000 		.4byte	0xce
 252 0153 1C       		.byte	0x1c
 253 0154 07       		.uleb128 0x7
 254 0155 C80B0000 		.4byte	.LASF29
 255 0159 04       		.byte	0x4
 256 015a 3F       		.byte	0x3f
 257 015b CE000000 		.4byte	0xce
 258 015f 20       		.byte	0x20
 259 0160 07       		.uleb128 0x7
 260 0161 F9060000 		.4byte	.LASF30
 261 0165 04       		.byte	0x4
 262 0166 40       		.byte	0x40
 263 0167 CE000000 		.4byte	0xce
 264 016b 24       		.byte	0x24
 265 016c 07       		.uleb128 0x7
 266 016d FE0B0000 		.4byte	.LASF31
 267 0171 04       		.byte	0x4
 268 0172 43       		.byte	0x43
 269 0173 A2000000 		.4byte	0xa2
 270 0177 28       		.byte	0x28
 271 0178 07       		.uleb128 0x7
 272 0179 1B010000 		.4byte	.LASF32
 273 017d 04       		.byte	0x4
 274 017e 44       		.byte	0x44
 275 017f A2000000 		.4byte	0xa2
 276 0183 29       		.byte	0x29
 277 0184 07       		.uleb128 0x7
 278 0185 BE0B0000 		.4byte	.LASF33
 279 0189 04       		.byte	0x4
 280 018a 45       		.byte	0x45
 281 018b A2000000 		.4byte	0xa2
 282 018f 2A       		.byte	0x2a
 283 0190 07       		.uleb128 0x7
 284 0191 A6070000 		.4byte	.LASF34
 285 0195 04       		.byte	0x4
 286 0196 46       		.byte	0x46
 287 0197 A2000000 		.4byte	0xa2
 288 019b 2B       		.byte	0x2b
 289 019c 07       		.uleb128 0x7
 290 019d 82060000 		.4byte	.LASF35
 291 01a1 04       		.byte	0x4
 292 01a2 47       		.byte	0x47
 293 01a3 A2000000 		.4byte	0xa2
 294 01a7 2C       		.byte	0x2c
 295 01a8 07       		.uleb128 0x7
 296 01a9 140A0000 		.4byte	.LASF36
 297 01ad 04       		.byte	0x4
 298 01ae 48       		.byte	0x48
 299 01af A2000000 		.4byte	0xa2
 300 01b3 2D       		.byte	0x2d
 301 01b4 07       		.uleb128 0x7
 302 01b5 FC020000 		.4byte	.LASF37
 303 01b9 04       		.byte	0x4
 304 01ba 49       		.byte	0x49
 305 01bb A2000000 		.4byte	0xa2
 306 01bf 2E       		.byte	0x2e
 307 01c0 07       		.uleb128 0x7
ARM GAS  C:\Users\stijn\AppData\Local\Temp\ccEpl0Ij.s 			page 7


 308 01c1 DD070000 		.4byte	.LASF38
 309 01c5 04       		.byte	0x4
 310 01c6 4A       		.byte	0x4a
 311 01c7 A2000000 		.4byte	0xa2
 312 01cb 2F       		.byte	0x2f
 313 01cc 07       		.uleb128 0x7
 314 01cd 6E050000 		.4byte	.LASF39
 315 01d1 04       		.byte	0x4
 316 01d2 4B       		.byte	0x4b
 317 01d3 A2000000 		.4byte	0xa2
 318 01d7 30       		.byte	0x30
 319 01d8 07       		.uleb128 0x7
 320 01d9 F5050000 		.4byte	.LASF40
 321 01dd 04       		.byte	0x4
 322 01de 4E       		.byte	0x4e
 323 01df A2000000 		.4byte	0xa2
 324 01e3 31       		.byte	0x31
 325 01e4 07       		.uleb128 0x7
 326 01e5 4C010000 		.4byte	.LASF41
 327 01e9 04       		.byte	0x4
 328 01ea 4F       		.byte	0x4f
 329 01eb A2000000 		.4byte	0xa2
 330 01ef 32       		.byte	0x32
 331 01f0 07       		.uleb128 0x7
 332 01f1 00060000 		.4byte	.LASF42
 333 01f5 04       		.byte	0x4
 334 01f6 50       		.byte	0x50
 335 01f7 A2000000 		.4byte	0xa2
 336 01fb 33       		.byte	0x33
 337 01fc 07       		.uleb128 0x7
 338 01fd 70010000 		.4byte	.LASF43
 339 0201 04       		.byte	0x4
 340 0202 51       		.byte	0x51
 341 0203 A2000000 		.4byte	0xa2
 342 0207 34       		.byte	0x34
 343 0208 07       		.uleb128 0x7
 344 0209 7B0A0000 		.4byte	.LASF44
 345 020d 04       		.byte	0x4
 346 020e 52       		.byte	0x52
 347 020f AD000000 		.4byte	0xad
 348 0213 36       		.byte	0x36
 349 0214 07       		.uleb128 0x7
 350 0215 7B090000 		.4byte	.LASF45
 351 0219 04       		.byte	0x4
 352 021a 53       		.byte	0x53
 353 021b AD000000 		.4byte	0xad
 354 021f 38       		.byte	0x38
 355 0220 07       		.uleb128 0x7
 356 0221 F10A0000 		.4byte	.LASF46
 357 0225 04       		.byte	0x4
 358 0226 54       		.byte	0x54
 359 0227 AD000000 		.4byte	0xad
 360 022b 3A       		.byte	0x3a
 361 022c 07       		.uleb128 0x7
 362 022d 33030000 		.4byte	.LASF47
 363 0231 04       		.byte	0x4
 364 0232 55       		.byte	0x55
ARM GAS  C:\Users\stijn\AppData\Local\Temp\ccEpl0Ij.s 			page 8


 365 0233 A2000000 		.4byte	0xa2
 366 0237 3C       		.byte	0x3c
 367 0238 07       		.uleb128 0x7
 368 0239 11040000 		.4byte	.LASF48
 369 023d 04       		.byte	0x4
 370 023e 56       		.byte	0x56
 371 023f A2000000 		.4byte	0xa2
 372 0243 3D       		.byte	0x3d
 373 0244 07       		.uleb128 0x7
 374 0245 D90A0000 		.4byte	.LASF49
 375 0249 04       		.byte	0x4
 376 024a 57       		.byte	0x57
 377 024b A2000000 		.4byte	0xa2
 378 024f 3E       		.byte	0x3e
 379 0250 07       		.uleb128 0x7
 380 0251 29010000 		.4byte	.LASF50
 381 0255 04       		.byte	0x4
 382 0256 58       		.byte	0x58
 383 0257 A2000000 		.4byte	0xa2
 384 025b 3F       		.byte	0x3f
 385 025c 07       		.uleb128 0x7
 386 025d B4070000 		.4byte	.LASF51
 387 0261 04       		.byte	0x4
 388 0262 59       		.byte	0x59
 389 0263 A2000000 		.4byte	0xa2
 390 0267 40       		.byte	0x40
 391 0268 07       		.uleb128 0x7
 392 0269 D4040000 		.4byte	.LASF52
 393 026d 04       		.byte	0x4
 394 026e 5A       		.byte	0x5a
 395 026f A2000000 		.4byte	0xa2
 396 0273 41       		.byte	0x41
 397 0274 07       		.uleb128 0x7
 398 0275 58070000 		.4byte	.LASF53
 399 0279 04       		.byte	0x4
 400 027a 5B       		.byte	0x5b
 401 027b A2000000 		.4byte	0xa2
 402 027f 42       		.byte	0x42
 403 0280 07       		.uleb128 0x7
 404 0281 92070000 		.4byte	.LASF54
 405 0285 04       		.byte	0x4
 406 0286 5C       		.byte	0x5c
 407 0287 A2000000 		.4byte	0xa2
 408 028b 43       		.byte	0x43
 409 028c 07       		.uleb128 0x7
 410 028d C3030000 		.4byte	.LASF55
 411 0291 04       		.byte	0x4
 412 0292 5D       		.byte	0x5d
 413 0293 A2000000 		.4byte	0xa2
 414 0297 44       		.byte	0x44
 415 0298 07       		.uleb128 0x7
 416 0299 07000000 		.4byte	.LASF56
 417 029d 04       		.byte	0x4
 418 029e 5E       		.byte	0x5e
 419 029f CE000000 		.4byte	0xce
 420 02a3 48       		.byte	0x48
 421 02a4 07       		.uleb128 0x7
ARM GAS  C:\Users\stijn\AppData\Local\Temp\ccEpl0Ij.s 			page 9


 422 02a5 AC030000 		.4byte	.LASF57
 423 02a9 04       		.byte	0x4
 424 02aa 5F       		.byte	0x5f
 425 02ab CE000000 		.4byte	0xce
 426 02af 4C       		.byte	0x4c
 427 02b0 07       		.uleb128 0x7
 428 02b1 140C0000 		.4byte	.LASF58
 429 02b5 04       		.byte	0x4
 430 02b6 60       		.byte	0x60
 431 02b7 A2000000 		.4byte	0xa2
 432 02bb 50       		.byte	0x50
 433 02bc 07       		.uleb128 0x7
 434 02bd 34020000 		.4byte	.LASF59
 435 02c1 04       		.byte	0x4
 436 02c2 61       		.byte	0x61
 437 02c3 A2000000 		.4byte	0xa2
 438 02c7 51       		.byte	0x51
 439 02c8 07       		.uleb128 0x7
 440 02c9 1B0B0000 		.4byte	.LASF60
 441 02cd 04       		.byte	0x4
 442 02ce 62       		.byte	0x62
 443 02cf A2000000 		.4byte	0xa2
 444 02d3 52       		.byte	0x52
 445 02d4 07       		.uleb128 0x7
 446 02d5 210A0000 		.4byte	.LASF61
 447 02d9 04       		.byte	0x4
 448 02da 63       		.byte	0x63
 449 02db A2000000 		.4byte	0xa2
 450 02df 53       		.byte	0x53
 451 02e0 07       		.uleb128 0x7
 452 02e1 6B090000 		.4byte	.LASF62
 453 02e5 04       		.byte	0x4
 454 02e6 64       		.byte	0x64
 455 02e7 A2000000 		.4byte	0xa2
 456 02eb 54       		.byte	0x54
 457 02ec 07       		.uleb128 0x7
 458 02ed 6F020000 		.4byte	.LASF63
 459 02f1 04       		.byte	0x4
 460 02f2 65       		.byte	0x65
 461 02f3 A2000000 		.4byte	0xa2
 462 02f7 55       		.byte	0x55
 463 02f8 07       		.uleb128 0x7
 464 02f9 C9090000 		.4byte	.LASF64
 465 02fd 04       		.byte	0x4
 466 02fe 66       		.byte	0x66
 467 02ff A2000000 		.4byte	0xa2
 468 0303 56       		.byte	0x56
 469 0304 07       		.uleb128 0x7
 470 0305 0C060000 		.4byte	.LASF65
 471 0309 04       		.byte	0x4
 472 030a 67       		.byte	0x67
 473 030b A2000000 		.4byte	0xa2
 474 030f 57       		.byte	0x57
 475 0310 07       		.uleb128 0x7
 476 0311 D6000000 		.4byte	.LASF66
 477 0315 04       		.byte	0x4
 478 0316 68       		.byte	0x68
ARM GAS  C:\Users\stijn\AppData\Local\Temp\ccEpl0Ij.s 			page 10


 479 0317 A2000000 		.4byte	0xa2
 480 031b 58       		.byte	0x58
 481 031c 07       		.uleb128 0x7
 482 031d 81080000 		.4byte	.LASF67
 483 0321 04       		.byte	0x4
 484 0322 69       		.byte	0x69
 485 0323 A2000000 		.4byte	0xa2
 486 0327 59       		.byte	0x59
 487 0328 07       		.uleb128 0x7
 488 0329 25070000 		.4byte	.LASF68
 489 032d 04       		.byte	0x4
 490 032e 6E       		.byte	0x6e
 491 032f B8000000 		.4byte	0xb8
 492 0333 5A       		.byte	0x5a
 493 0334 07       		.uleb128 0x7
 494 0335 5A0A0000 		.4byte	.LASF69
 495 0339 04       		.byte	0x4
 496 033a 6F       		.byte	0x6f
 497 033b B8000000 		.4byte	0xb8
 498 033f 5C       		.byte	0x5c
 499 0340 07       		.uleb128 0x7
 500 0341 AD010000 		.4byte	.LASF70
 501 0345 04       		.byte	0x4
 502 0346 70       		.byte	0x70
 503 0347 A2000000 		.4byte	0xa2
 504 034b 5E       		.byte	0x5e
 505 034c 07       		.uleb128 0x7
 506 034d 16080000 		.4byte	.LASF71
 507 0351 04       		.byte	0x4
 508 0352 71       		.byte	0x71
 509 0353 A2000000 		.4byte	0xa2
 510 0357 5F       		.byte	0x5f
 511 0358 07       		.uleb128 0x7
 512 0359 81070000 		.4byte	.LASF72
 513 035d 04       		.byte	0x4
 514 035e 72       		.byte	0x72
 515 035f A2000000 		.4byte	0xa2
 516 0363 60       		.byte	0x60
 517 0364 07       		.uleb128 0x7
 518 0365 EF070000 		.4byte	.LASF73
 519 0369 04       		.byte	0x4
 520 036a 73       		.byte	0x73
 521 036b CE000000 		.4byte	0xce
 522 036f 64       		.byte	0x64
 523 0370 07       		.uleb128 0x7
 524 0371 F1010000 		.4byte	.LASF74
 525 0375 04       		.byte	0x4
 526 0376 76       		.byte	0x76
 527 0377 B8000000 		.4byte	0xb8
 528 037b 68       		.byte	0x68
 529 037c 07       		.uleb128 0x7
 530 037d 98050000 		.4byte	.LASF75
 531 0381 04       		.byte	0x4
 532 0382 77       		.byte	0x77
 533 0383 B8000000 		.4byte	0xb8
 534 0387 6A       		.byte	0x6a
 535 0388 07       		.uleb128 0x7
ARM GAS  C:\Users\stijn\AppData\Local\Temp\ccEpl0Ij.s 			page 11


 536 0389 37060000 		.4byte	.LASF76
 537 038d 04       		.byte	0x4
 538 038e 78       		.byte	0x78
 539 038f B8000000 		.4byte	0xb8
 540 0393 6C       		.byte	0x6c
 541 0394 07       		.uleb128 0x7
 542 0395 86090000 		.4byte	.LASF77
 543 0399 04       		.byte	0x4
 544 039a 79       		.byte	0x79
 545 039b B8000000 		.4byte	0xb8
 546 039f 6E       		.byte	0x6e
 547 03a0 07       		.uleb128 0x7
 548 03a1 0F090000 		.4byte	.LASF78
 549 03a5 04       		.byte	0x4
 550 03a6 7B       		.byte	0x7b
 551 03a7 A2000000 		.4byte	0xa2
 552 03ab 70       		.byte	0x70
 553 03ac 07       		.uleb128 0x7
 554 03ad B9020000 		.4byte	.LASF79
 555 03b1 04       		.byte	0x4
 556 03b2 7C       		.byte	0x7c
 557 03b3 A2000000 		.4byte	0xa2
 558 03b7 71       		.byte	0x71
 559 03b8 07       		.uleb128 0x7
 560 03b9 D00B0000 		.4byte	.LASF80
 561 03bd 04       		.byte	0x4
 562 03be 7D       		.byte	0x7d
 563 03bf A2000000 		.4byte	0xa2
 564 03c3 72       		.byte	0x72
 565 03c4 07       		.uleb128 0x7
 566 03c5 1C030000 		.4byte	.LASF81
 567 03c9 04       		.byte	0x4
 568 03ca 7E       		.byte	0x7e
 569 03cb A2000000 		.4byte	0xa2
 570 03cf 73       		.byte	0x73
 571 03d0 07       		.uleb128 0x7
 572 03d1 2E040000 		.4byte	.LASF82
 573 03d5 04       		.byte	0x4
 574 03d6 80       		.byte	0x80
 575 03d7 B8000000 		.4byte	0xb8
 576 03db 74       		.byte	0x74
 577 03dc 07       		.uleb128 0x7
 578 03dd F7090000 		.4byte	.LASF83
 579 03e1 04       		.byte	0x4
 580 03e2 81       		.byte	0x81
 581 03e3 B8000000 		.4byte	0xb8
 582 03e7 76       		.byte	0x76
 583 03e8 07       		.uleb128 0x7
 584 03e9 FC030000 		.4byte	.LASF84
 585 03ed 04       		.byte	0x4
 586 03ee 82       		.byte	0x82
 587 03ef B8000000 		.4byte	0xb8
 588 03f3 78       		.byte	0x78
 589 03f4 07       		.uleb128 0x7
 590 03f5 B6080000 		.4byte	.LASF85
 591 03f9 04       		.byte	0x4
 592 03fa 83       		.byte	0x83
ARM GAS  C:\Users\stijn\AppData\Local\Temp\ccEpl0Ij.s 			page 12


 593 03fb B8000000 		.4byte	0xb8
 594 03ff 7A       		.byte	0x7a
 595 0400 07       		.uleb128 0x7
 596 0401 530B0000 		.4byte	.LASF86
 597 0405 04       		.byte	0x4
 598 0406 86       		.byte	0x86
 599 0407 A2000000 		.4byte	0xa2
 600 040b 7C       		.byte	0x7c
 601 040c 07       		.uleb128 0x7
 602 040d 71060000 		.4byte	.LASF87
 603 0411 04       		.byte	0x4
 604 0412 87       		.byte	0x87
 605 0413 A2000000 		.4byte	0xa2
 606 0417 7D       		.byte	0x7d
 607 0418 07       		.uleb128 0x7
 608 0419 EA000000 		.4byte	.LASF88
 609 041d 04       		.byte	0x4
 610 041e 88       		.byte	0x88
 611 041f A2000000 		.4byte	0xa2
 612 0423 7E       		.byte	0x7e
 613 0424 07       		.uleb128 0x7
 614 0425 53040000 		.4byte	.LASF89
 615 0429 04       		.byte	0x4
 616 042a 89       		.byte	0x89
 617 042b A2000000 		.4byte	0xa2
 618 042f 7F       		.byte	0x7f
 619 0430 07       		.uleb128 0x7
 620 0431 27050000 		.4byte	.LASF90
 621 0435 04       		.byte	0x4
 622 0436 8A       		.byte	0x8a
 623 0437 A2000000 		.4byte	0xa2
 624 043b 80       		.byte	0x80
 625 043c 07       		.uleb128 0x7
 626 043d E2060000 		.4byte	.LASF91
 627 0441 04       		.byte	0x4
 628 0442 8D       		.byte	0x8d
 629 0443 CE000000 		.4byte	0xce
 630 0447 84       		.byte	0x84
 631 0448 07       		.uleb128 0x7
 632 0449 81010000 		.4byte	.LASF92
 633 044d 04       		.byte	0x4
 634 044e 8E       		.byte	0x8e
 635 044f CE000000 		.4byte	0xce
 636 0453 88       		.byte	0x88
 637 0454 07       		.uleb128 0x7
 638 0455 3E0B0000 		.4byte	.LASF93
 639 0459 04       		.byte	0x4
 640 045a 8F       		.byte	0x8f
 641 045b CE000000 		.4byte	0xce
 642 045f 8C       		.byte	0x8c
 643 0460 07       		.uleb128 0x7
 644 0461 3B050000 		.4byte	.LASF94
 645 0465 04       		.byte	0x4
 646 0466 90       		.byte	0x90
 647 0467 CE000000 		.4byte	0xce
 648 046b 90       		.byte	0x90
 649 046c 07       		.uleb128 0x7
ARM GAS  C:\Users\stijn\AppData\Local\Temp\ccEpl0Ij.s 			page 13


 650 046d 08050000 		.4byte	.LASF95
 651 0471 04       		.byte	0x4
 652 0472 91       		.byte	0x91
 653 0473 CE000000 		.4byte	0xce
 654 0477 94       		.byte	0x94
 655 0478 07       		.uleb128 0x7
 656 0479 BE060000 		.4byte	.LASF96
 657 047d 04       		.byte	0x4
 658 047e 92       		.byte	0x92
 659 047f CE000000 		.4byte	0xce
 660 0483 98       		.byte	0x98
 661 0484 07       		.uleb128 0x7
 662 0485 E8080000 		.4byte	.LASF97
 663 0489 04       		.byte	0x4
 664 048a 93       		.byte	0x93
 665 048b CE000000 		.4byte	0xce
 666 048f 9C       		.byte	0x9c
 667 0490 07       		.uleb128 0x7
 668 0491 0B020000 		.4byte	.LASF98
 669 0495 04       		.byte	0x4
 670 0496 94       		.byte	0x94
 671 0497 CE000000 		.4byte	0xce
 672 049b A0       		.byte	0xa0
 673 049c 07       		.uleb128 0x7
 674 049d 07030000 		.4byte	.LASF99
 675 04a1 04       		.byte	0x4
 676 04a2 95       		.byte	0x95
 677 04a3 B8000000 		.4byte	0xb8
 678 04a7 A4       		.byte	0xa4
 679 04a8 07       		.uleb128 0x7
 680 04a9 060B0000 		.4byte	.LASF100
 681 04ad 04       		.byte	0x4
 682 04ae 96       		.byte	0x96
 683 04af B8000000 		.4byte	0xb8
 684 04b3 A6       		.byte	0xa6
 685 04b4 07       		.uleb128 0x7
 686 04b5 0A080000 		.4byte	.LASF101
 687 04b9 04       		.byte	0x4
 688 04ba 97       		.byte	0x97
 689 04bb B8000000 		.4byte	0xb8
 690 04bf A8       		.byte	0xa8
 691 04c0 07       		.uleb128 0x7
 692 04c1 CF070000 		.4byte	.LASF102
 693 04c5 04       		.byte	0x4
 694 04c6 98       		.byte	0x98
 695 04c7 B8000000 		.4byte	0xb8
 696 04cb AA       		.byte	0xaa
 697 04cc 07       		.uleb128 0x7
 698 04cd 46060000 		.4byte	.LASF103
 699 04d1 04       		.byte	0x4
 700 04d2 99       		.byte	0x99
 701 04d3 B8000000 		.4byte	0xb8
 702 04d7 AC       		.byte	0xac
 703 04d8 07       		.uleb128 0x7
 704 04d9 3E010000 		.4byte	.LASF104
 705 04dd 04       		.byte	0x4
 706 04de 9A       		.byte	0x9a
ARM GAS  C:\Users\stijn\AppData\Local\Temp\ccEpl0Ij.s 			page 14


 707 04df B8000000 		.4byte	0xb8
 708 04e3 AE       		.byte	0xae
 709 04e4 07       		.uleb128 0x7
 710 04e5 630A0000 		.4byte	.LASF105
 711 04e9 04       		.byte	0x4
 712 04ea 9D       		.byte	0x9d
 713 04eb B8000000 		.4byte	0xb8
 714 04ef B0       		.byte	0xb0
 715 04f0 07       		.uleb128 0x7
 716 04f1 A2080000 		.4byte	.LASF106
 717 04f5 04       		.byte	0x4
 718 04f6 9E       		.byte	0x9e
 719 04f7 CE000000 		.4byte	0xce
 720 04fb B4       		.byte	0xb4
 721 04fc 00       		.byte	0
 722 04fd 03       		.uleb128 0x3
 723 04fe 9A060000 		.4byte	.LASF107
 724 0502 04       		.byte	0x4
 725 0503 9F       		.byte	0x9f
 726 0504 EC000000 		.4byte	0xec
 727 0508 02       		.uleb128 0x2
 728 0509 01       		.byte	0x1
 729 050a 08       		.byte	0x8
 730 050b C4090000 		.4byte	.LASF108
 731 050f 02       		.uleb128 0x2
 732 0510 04       		.byte	0x4
 733 0511 04       		.byte	0x4
 734 0512 E9070000 		.4byte	.LASF109
 735 0516 02       		.uleb128 0x2
 736 0517 08       		.byte	0x8
 737 0518 04       		.byte	0x4
 738 0519 F5030000 		.4byte	.LASF110
 739 051d 08       		.uleb128 0x8
 740 051e 04       		.byte	0x4
 741 051f 02       		.uleb128 0x2
 742 0520 01       		.byte	0x1
 743 0521 02       		.byte	0x2
 744 0522 65080000 		.4byte	.LASF111
 745 0526 09       		.uleb128 0x9
 746 0527 01       		.byte	0x1
 747 0528 3E000000 		.4byte	0x3e
 748 052c 05       		.byte	0x5
 749 052d 1304     		.2byte	0x413
 750 052f 4C050000 		.4byte	0x54c
 751 0533 0A       		.uleb128 0xa
 752 0534 4C030000 		.4byte	.LASF112
 753 0538 00       		.byte	0
 754 0539 0A       		.uleb128 0xa
 755 053a 4C080000 		.4byte	.LASF113
 756 053e 01       		.byte	0x1
 757 053f 0A       		.uleb128 0xa
 758 0540 D4030000 		.4byte	.LASF114
 759 0544 02       		.byte	0x2
 760 0545 0A       		.uleb128 0xa
 761 0546 680B0000 		.4byte	.LASF115
 762 054a 03       		.byte	0x3
 763 054b 00       		.byte	0
ARM GAS  C:\Users\stijn\AppData\Local\Temp\ccEpl0Ij.s 			page 15


 764 054c 0B       		.uleb128 0xb
 765 054d CE020000 		.4byte	.LASF116
 766 0551 05       		.byte	0x5
 767 0552 1804     		.2byte	0x418
 768 0554 26050000 		.4byte	0x526
 769 0558 0C       		.uleb128 0xc
 770 0559 78       		.byte	0x78
 771 055a 05       		.byte	0x5
 772 055b 0205     		.2byte	0x502
 773 055d 25060000 		.4byte	0x625
 774 0561 0D       		.uleb128 0xd
 775 0562 03050000 		.4byte	.LASF117
 776 0566 05       		.byte	0x5
 777 0567 0405     		.2byte	0x504
 778 0569 CE000000 		.4byte	0xce
 779 056d 00       		.byte	0
 780 056e 0D       		.uleb128 0xd
 781 056f 2B0B0000 		.4byte	.LASF118
 782 0573 05       		.byte	0x5
 783 0574 0505     		.2byte	0x505
 784 0576 CE000000 		.4byte	0xce
 785 057a 04       		.byte	0x4
 786 057b 0D       		.uleb128 0xd
 787 057c 2A060000 		.4byte	.LASF119
 788 0580 05       		.byte	0x5
 789 0581 0605     		.2byte	0x506
 790 0583 CE000000 		.4byte	0xce
 791 0587 08       		.byte	0x8
 792 0588 0D       		.uleb128 0xd
 793 0589 40070000 		.4byte	.LASF120
 794 058d 05       		.byte	0x5
 795 058e 0705     		.2byte	0x507
 796 0590 CE000000 		.4byte	0xce
 797 0594 0C       		.byte	0xc
 798 0595 0D       		.uleb128 0xd
 799 0596 54060000 		.4byte	.LASF121
 800 059a 05       		.byte	0x5
 801 059b 0805     		.2byte	0x508
 802 059d CE000000 		.4byte	0xce
 803 05a1 10       		.byte	0x10
 804 05a2 0D       		.uleb128 0xd
 805 05a3 E70A0000 		.4byte	.LASF122
 806 05a7 05       		.byte	0x5
 807 05a8 0905     		.2byte	0x509
 808 05aa 4C050000 		.4byte	0x54c
 809 05ae 14       		.byte	0x14
 810 05af 0D       		.uleb128 0xd
 811 05b0 3D080000 		.4byte	.LASF123
 812 05b4 05       		.byte	0x5
 813 05b5 0A05     		.2byte	0x50a
 814 05b7 CE000000 		.4byte	0xce
 815 05bb 18       		.byte	0x18
 816 05bc 0D       		.uleb128 0xd
 817 05bd AA060000 		.4byte	.LASF124
 818 05c1 05       		.byte	0x5
 819 05c2 0B05     		.2byte	0x50b
 820 05c4 25060000 		.4byte	0x625
ARM GAS  C:\Users\stijn\AppData\Local\Temp\ccEpl0Ij.s 			page 16


 821 05c8 1C       		.byte	0x1c
 822 05c9 0D       		.uleb128 0xd
 823 05ca DF080000 		.4byte	.LASF125
 824 05ce 05       		.byte	0x5
 825 05cf 0C05     		.2byte	0x50c
 826 05d1 CE000000 		.4byte	0xce
 827 05d5 5C       		.byte	0x5c
 828 05d6 0D       		.uleb128 0xd
 829 05d7 BC010000 		.4byte	.LASF126
 830 05db 05       		.byte	0x5
 831 05dc 0D05     		.2byte	0x50d
 832 05de CE000000 		.4byte	0xce
 833 05e2 60       		.byte	0x60
 834 05e3 0D       		.uleb128 0xd
 835 05e4 C1070000 		.4byte	.LASF127
 836 05e8 05       		.byte	0x5
 837 05e9 0E05     		.2byte	0x50e
 838 05eb CE000000 		.4byte	0xce
 839 05ef 64       		.byte	0x64
 840 05f0 0D       		.uleb128 0xd
 841 05f1 D5080000 		.4byte	.LASF128
 842 05f5 05       		.byte	0x5
 843 05f6 0F05     		.2byte	0x50f
 844 05f8 CE000000 		.4byte	0xce
 845 05fc 68       		.byte	0x68
 846 05fd 0D       		.uleb128 0xd
 847 05fe AE0B0000 		.4byte	.LASF129
 848 0602 05       		.byte	0x5
 849 0603 1005     		.2byte	0x510
 850 0605 CE000000 		.4byte	0xce
 851 0609 6C       		.byte	0x6c
 852 060a 0D       		.uleb128 0xd
 853 060b 64070000 		.4byte	.LASF130
 854 060f 05       		.byte	0x5
 855 0610 1105     		.2byte	0x511
 856 0612 1F050000 		.4byte	0x51f
 857 0616 70       		.byte	0x70
 858 0617 0D       		.uleb128 0xd
 859 0618 AC090000 		.4byte	.LASF131
 860 061c 05       		.byte	0x5
 861 061d 1205     		.2byte	0x512
 862 061f CE000000 		.4byte	0xce
 863 0623 74       		.byte	0x74
 864 0624 00       		.byte	0
 865 0625 0E       		.uleb128 0xe
 866 0626 CE000000 		.4byte	0xce
 867 062a 35060000 		.4byte	0x635
 868 062e 0F       		.uleb128 0xf
 869 062f D9000000 		.4byte	0xd9
 870 0633 0F       		.byte	0xf
 871 0634 00       		.byte	0
 872 0635 0B       		.uleb128 0xb
 873 0636 8B020000 		.4byte	.LASF132
 874 063a 05       		.byte	0x5
 875 063b 1305     		.2byte	0x513
 876 063d 58050000 		.4byte	0x558
 877 0641 09       		.uleb128 0x9
ARM GAS  C:\Users\stijn\AppData\Local\Temp\ccEpl0Ij.s 			page 17


 878 0642 01       		.byte	0x1
 879 0643 3E000000 		.4byte	0x3e
 880 0647 06       		.byte	0x6
 881 0648 2402     		.2byte	0x224
 882 064a 5B060000 		.4byte	0x65b
 883 064e 0A       		.uleb128 0xa
 884 064f 72070000 		.4byte	.LASF133
 885 0653 00       		.byte	0
 886 0654 0A       		.uleb128 0xa
 887 0655 9D030000 		.4byte	.LASF134
 888 0659 01       		.byte	0x1
 889 065a 00       		.byte	0
 890 065b 0B       		.uleb128 0xb
 891 065c 04070000 		.4byte	.LASF135
 892 0660 06       		.byte	0x6
 893 0661 2702     		.2byte	0x227
 894 0663 41060000 		.4byte	0x641
 895 0667 0B       		.uleb128 0xb
 896 0668 6A030000 		.4byte	.LASF136
 897 066c 06       		.byte	0x6
 898 066d 3902     		.2byte	0x239
 899 066f 73060000 		.4byte	0x673
 900 0673 10       		.uleb128 0x10
 901 0674 04       		.byte	0x4
 902 0675 79060000 		.4byte	0x679
 903 0679 11       		.uleb128 0x11
 904 067a 84060000 		.4byte	0x684
 905 067e 12       		.uleb128 0x12
 906 067f CE000000 		.4byte	0xce
 907 0683 00       		.byte	0
 908 0684 0B       		.uleb128 0xb
 909 0685 2F090000 		.4byte	.LASF137
 910 0689 06       		.byte	0x6
 911 068a 4402     		.2byte	0x244
 912 068c 90060000 		.4byte	0x690
 913 0690 10       		.uleb128 0x10
 914 0691 04       		.byte	0x4
 915 0692 96060000 		.4byte	0x696
 916 0696 13       		.uleb128 0x13
 917 0697 5B060000 		.4byte	0x65b
 918 069b A5060000 		.4byte	0x6a5
 919 069f 12       		.uleb128 0x12
 920 06a0 CE000000 		.4byte	0xce
 921 06a4 00       		.byte	0
 922 06a5 14       		.uleb128 0x14
 923 06a6 58020000 		.4byte	.LASF161
 924 06aa 4C       		.byte	0x4c
 925 06ab 06       		.byte	0x6
 926 06ac C302     		.2byte	0x2c3
 927 06ae C4070000 		.4byte	0x7c4
 928 06b2 0D       		.uleb128 0xd
 929 06b3 710A0000 		.4byte	.LASF138
 930 06b7 06       		.byte	0x6
 931 06b8 C602     		.2byte	0x2c6
 932 06ba 1F050000 		.4byte	0x51f
 933 06be 00       		.byte	0
 934 06bf 0D       		.uleb128 0xd
ARM GAS  C:\Users\stijn\AppData\Local\Temp\ccEpl0Ij.s 			page 18


 935 06c0 20060000 		.4byte	.LASF139
 936 06c4 06       		.byte	0x6
 937 06c5 C702     		.2byte	0x2c7
 938 06c7 1F050000 		.4byte	0x51f
 939 06cb 01       		.byte	0x1
 940 06cc 0D       		.uleb128 0xd
 941 06cd 64030000 		.4byte	.LASF140
 942 06d1 06       		.byte	0x6
 943 06d2 C902     		.2byte	0x2c9
 944 06d4 E0000000 		.4byte	0xe0
 945 06d8 04       		.byte	0x4
 946 06d9 0D       		.uleb128 0xd
 947 06da 21020000 		.4byte	.LASF141
 948 06de 06       		.byte	0x6
 949 06df CB02     		.2byte	0x2cb
 950 06e1 E0000000 		.4byte	0xe0
 951 06e5 08       		.byte	0x8
 952 06e6 0D       		.uleb128 0xd
 953 06e7 23090000 		.4byte	.LASF142
 954 06eb 06       		.byte	0x6
 955 06ec CC02     		.2byte	0x2cc
 956 06ee 1F050000 		.4byte	0x51f
 957 06f2 0C       		.byte	0xc
 958 06f3 0D       		.uleb128 0xd
 959 06f4 91030000 		.4byte	.LASF143
 960 06f8 06       		.byte	0x6
 961 06f9 CD02     		.2byte	0x2cd
 962 06fb 1F050000 		.4byte	0x51f
 963 06ff 0D       		.byte	0xd
 964 0700 0D       		.uleb128 0xd
 965 0701 0E010000 		.4byte	.LASF144
 966 0705 06       		.byte	0x6
 967 0706 CF02     		.2byte	0x2cf
 968 0708 C4070000 		.4byte	0x7c4
 969 070c 10       		.byte	0x10
 970 070d 0D       		.uleb128 0xd
 971 070e FE080000 		.4byte	.LASF145
 972 0712 06       		.byte	0x6
 973 0713 D002     		.2byte	0x2d0
 974 0715 CE000000 		.4byte	0xce
 975 0719 14       		.byte	0x14
 976 071a 0D       		.uleb128 0xd
 977 071b 30070000 		.4byte	.LASF146
 978 071f 06       		.byte	0x6
 979 0720 D102     		.2byte	0x2d1
 980 0722 E0000000 		.4byte	0xe0
 981 0726 18       		.byte	0x18
 982 0727 0D       		.uleb128 0xd
 983 0728 4B090000 		.4byte	.LASF147
 984 072c 06       		.byte	0x6
 985 072d D202     		.2byte	0x2d2
 986 072f E0000000 		.4byte	0xe0
 987 0733 1C       		.byte	0x1c
 988 0734 0D       		.uleb128 0xd
 989 0735 64010000 		.4byte	.LASF148
 990 0739 06       		.byte	0x6
 991 073a D402     		.2byte	0x2d4
ARM GAS  C:\Users\stijn\AppData\Local\Temp\ccEpl0Ij.s 			page 19


 992 073c E0000000 		.4byte	0xe0
 993 0740 20       		.byte	0x20
 994 0741 0D       		.uleb128 0xd
 995 0742 7A050000 		.4byte	.LASF149
 996 0746 06       		.byte	0x6
 997 0747 D502     		.2byte	0x2d5
 998 0749 CA070000 		.4byte	0x7ca
 999 074d 24       		.byte	0x24
 1000 074e 0D       		.uleb128 0xd
 1001 074f 9F0A0000 		.4byte	.LASF150
 1002 0753 06       		.byte	0x6
 1003 0754 D702     		.2byte	0x2d7
 1004 0756 C4070000 		.4byte	0x7c4
 1005 075a 28       		.byte	0x28
 1006 075b 0D       		.uleb128 0xd
 1007 075c AD0A0000 		.4byte	.LASF151
 1008 0760 06       		.byte	0x6
 1009 0761 D802     		.2byte	0x2d8
 1010 0763 CE000000 		.4byte	0xce
 1011 0767 2C       		.byte	0x2c
 1012 0768 0D       		.uleb128 0xd
 1013 0769 5D050000 		.4byte	.LASF152
 1014 076d 06       		.byte	0x6
 1015 076e D902     		.2byte	0x2d9
 1016 0770 E0000000 		.4byte	0xe0
 1017 0774 30       		.byte	0x30
 1018 0775 0D       		.uleb128 0xd
 1019 0776 5A090000 		.4byte	.LASF153
 1020 077a 06       		.byte	0x6
 1021 077b DA02     		.2byte	0x2da
 1022 077d E0000000 		.4byte	0xe0
 1023 0781 34       		.byte	0x34
 1024 0782 0D       		.uleb128 0xd
 1025 0783 D4060000 		.4byte	.LASF154
 1026 0787 06       		.byte	0x6
 1027 0788 DC02     		.2byte	0x2dc
 1028 078a C4070000 		.4byte	0x7c4
 1029 078e 38       		.byte	0x38
 1030 078f 0D       		.uleb128 0xd
 1031 0790 46020000 		.4byte	.LASF155
 1032 0794 06       		.byte	0x6
 1033 0795 DD02     		.2byte	0x2dd
 1034 0797 CE000000 		.4byte	0xce
 1035 079b 3C       		.byte	0x3c
 1036 079c 0D       		.uleb128 0xd
 1037 079d FD000000 		.4byte	.LASF156
 1038 07a1 06       		.byte	0x6
 1039 07a2 DE02     		.2byte	0x2de
 1040 07a4 E0000000 		.4byte	0xe0
 1041 07a8 40       		.byte	0x40
 1042 07a9 0D       		.uleb128 0xd
 1043 07aa 68060000 		.4byte	.LASF157
 1044 07ae 06       		.byte	0x6
 1045 07af E402     		.2byte	0x2e4
 1046 07b1 67060000 		.4byte	0x667
 1047 07b5 44       		.byte	0x44
 1048 07b6 0D       		.uleb128 0xd
ARM GAS  C:\Users\stijn\AppData\Local\Temp\ccEpl0Ij.s 			page 20


 1049 07b7 67040000 		.4byte	.LASF158
 1050 07bb 06       		.byte	0x6
 1051 07bc EB02     		.2byte	0x2eb
 1052 07be 84060000 		.4byte	0x684
 1053 07c2 48       		.byte	0x48
 1054 07c3 00       		.byte	0
 1055 07c4 10       		.uleb128 0x10
 1056 07c5 04       		.byte	0x4
 1057 07c6 A2000000 		.4byte	0xa2
 1058 07ca 05       		.uleb128 0x5
 1059 07cb 1F050000 		.4byte	0x51f
 1060 07cf 0B       		.uleb128 0xb
 1061 07d0 93090000 		.4byte	.LASF159
 1062 07d4 06       		.byte	0x6
 1063 07d5 EE02     		.2byte	0x2ee
 1064 07d7 A5060000 		.4byte	0x6a5
 1065 07db 0B       		.uleb128 0xb
 1066 07dc C9050000 		.4byte	.LASF160
 1067 07e0 07       		.byte	0x7
 1068 07e1 D901     		.2byte	0x1d9
 1069 07e3 73060000 		.4byte	0x673
 1070 07e7 14       		.uleb128 0x14
 1071 07e8 E60B0000 		.4byte	.LASF162
 1072 07ec 38       		.byte	0x38
 1073 07ed 07       		.byte	0x7
 1074 07ee 7502     		.2byte	0x275
 1075 07f0 AB080000 		.4byte	0x8ab
 1076 07f4 0D       		.uleb128 0xd
 1077 07f5 A50B0000 		.4byte	.LASF163
 1078 07f9 07       		.byte	0x7
 1079 07fa 7802     		.2byte	0x278
 1080 07fc E0000000 		.4byte	0xe0
 1081 0800 00       		.byte	0
 1082 0801 0D       		.uleb128 0xd
 1083 0802 9D070000 		.4byte	.LASF164
 1084 0806 07       		.byte	0x7
 1085 0807 7902     		.2byte	0x279
 1086 0809 E0000000 		.4byte	0xe0
 1087 080d 04       		.byte	0x4
 1088 080e 0D       		.uleb128 0xd
 1089 080f 01020000 		.4byte	.LASF165
 1090 0813 07       		.byte	0x7
 1091 0814 7B02     		.2byte	0x27b
 1092 0816 1D050000 		.4byte	0x51d
 1093 081a 08       		.byte	0x8
 1094 081b 0D       		.uleb128 0xd
 1095 081c 410A0000 		.4byte	.LASF166
 1096 0820 07       		.byte	0x7
 1097 0821 7C02     		.2byte	0x27c
 1098 0823 CE000000 		.4byte	0xce
 1099 0827 0C       		.byte	0xc
 1100 0828 0D       		.uleb128 0xd
 1101 0829 330A0000 		.4byte	.LASF167
 1102 082d 07       		.byte	0x7
 1103 082e 7D02     		.2byte	0x27d
 1104 0830 E0000000 		.4byte	0xe0
 1105 0834 10       		.byte	0x10
ARM GAS  C:\Users\stijn\AppData\Local\Temp\ccEpl0Ij.s 			page 21


 1106 0835 0D       		.uleb128 0xd
 1107 0836 820B0000 		.4byte	.LASF168
 1108 083a 07       		.byte	0x7
 1109 083b 7E02     		.2byte	0x27e
 1110 083d E0000000 		.4byte	0xe0
 1111 0841 14       		.byte	0x14
 1112 0842 0D       		.uleb128 0xd
 1113 0843 990A0000 		.4byte	.LASF169
 1114 0847 07       		.byte	0x7
 1115 0848 8002     		.2byte	0x280
 1116 084a 1D050000 		.4byte	0x51d
 1117 084e 18       		.byte	0x18
 1118 084f 0D       		.uleb128 0xd
 1119 0850 CC000000 		.4byte	.LASF170
 1120 0854 07       		.byte	0x7
 1121 0855 8102     		.2byte	0x281
 1122 0857 CE000000 		.4byte	0xce
 1123 085b 1C       		.byte	0x1c
 1124 085c 0D       		.uleb128 0xd
 1125 085d FA040000 		.4byte	.LASF171
 1126 0861 07       		.byte	0x7
 1127 0862 8202     		.2byte	0x282
 1128 0864 E0000000 		.4byte	0xe0
 1129 0868 20       		.byte	0x20
 1130 0869 0D       		.uleb128 0xd
 1131 086a 2E020000 		.4byte	.LASF172
 1132 086e 07       		.byte	0x7
 1133 086f 8402     		.2byte	0x284
 1134 0871 1D050000 		.4byte	0x51d
 1135 0875 24       		.byte	0x24
 1136 0876 0D       		.uleb128 0xd
 1137 0877 1D050000 		.4byte	.LASF173
 1138 087b 07       		.byte	0x7
 1139 087c 8502     		.2byte	0x285
 1140 087e CE000000 		.4byte	0xce
 1141 0882 28       		.byte	0x28
 1142 0883 0D       		.uleb128 0xd
 1143 0884 2C080000 		.4byte	.LASF174
 1144 0888 07       		.byte	0x7
 1145 0889 8602     		.2byte	0x286
 1146 088b E0000000 		.4byte	0xe0
 1147 088f 2C       		.byte	0x2c
 1148 0890 0D       		.uleb128 0xd
 1149 0891 68060000 		.4byte	.LASF157
 1150 0895 07       		.byte	0x7
 1151 0896 8B02     		.2byte	0x28b
 1152 0898 DB070000 		.4byte	0x7db
 1153 089c 30       		.byte	0x30
 1154 089d 0D       		.uleb128 0xd
 1155 089e 910A0000 		.4byte	.LASF175
 1156 08a2 07       		.byte	0x7
 1157 08a3 8E02     		.2byte	0x28e
 1158 08a5 CE000000 		.4byte	0xce
 1159 08a9 34       		.byte	0x34
 1160 08aa 00       		.byte	0
 1161 08ab 0B       		.uleb128 0xb
 1162 08ac BF0A0000 		.4byte	.LASF176
ARM GAS  C:\Users\stijn\AppData\Local\Temp\ccEpl0Ij.s 			page 22


 1163 08b0 07       		.byte	0x7
 1164 08b1 9102     		.2byte	0x291
 1165 08b3 E7070000 		.4byte	0x7e7
 1166 08b7 06       		.uleb128 0x6
 1167 08b8 14       		.byte	0x14
 1168 08b9 08       		.byte	0x8
 1169 08ba 3B       		.byte	0x3b
 1170 08bb FC080000 		.4byte	0x8fc
 1171 08bf 07       		.uleb128 0x7
 1172 08c0 900B0000 		.4byte	.LASF177
 1173 08c4 08       		.byte	0x8
 1174 08c5 3D       		.byte	0x3d
 1175 08c6 CE000000 		.4byte	0xce
 1176 08ca 00       		.byte	0
 1177 08cb 07       		.uleb128 0x7
 1178 08cc 8E060000 		.4byte	.LASF178
 1179 08d0 08       		.byte	0x8
 1180 08d1 3E       		.byte	0x3e
 1181 08d2 CE000000 		.4byte	0xce
 1182 08d6 04       		.byte	0x4
 1183 08d7 07       		.uleb128 0x7
 1184 08d8 E4040000 		.4byte	.LASF179
 1185 08dc 08       		.byte	0x8
 1186 08dd 3F       		.byte	0x3f
 1187 08de FC080000 		.4byte	0x8fc
 1188 08e2 08       		.byte	0x8
 1189 08e3 07       		.uleb128 0x7
 1190 08e4 4F0A0000 		.4byte	.LASF180
 1191 08e8 08       		.byte	0x8
 1192 08e9 40       		.byte	0x40
 1193 08ea CE000000 		.4byte	0xce
 1194 08ee 0C       		.byte	0xc
 1195 08ef 07       		.uleb128 0x7
 1196 08f0 F1020000 		.4byte	.LASF181
 1197 08f4 08       		.byte	0x8
 1198 08f5 45       		.byte	0x45
 1199 08f6 CE000000 		.4byte	0xce
 1200 08fa 10       		.byte	0x10
 1201 08fb 00       		.byte	0
 1202 08fc 10       		.uleb128 0x10
 1203 08fd 04       		.byte	0x4
 1204 08fe 02090000 		.4byte	0x902
 1205 0902 15       		.uleb128 0x15
 1206 0903 35060000 		.4byte	0x635
 1207 0907 03       		.uleb128 0x3
 1208 0908 1C040000 		.4byte	.LASF182
 1209 090c 08       		.byte	0x8
 1210 090d 48       		.byte	0x48
 1211 090e B7080000 		.4byte	0x8b7
 1212 0912 03       		.uleb128 0x3
 1213 0913 4D070000 		.4byte	.LASF183
 1214 0917 09       		.byte	0x9
 1215 0918 3F       		.byte	0x3f
 1216 0919 CE000000 		.4byte	0xce
 1217 091d 10       		.uleb128 0x10
 1218 091e 04       		.byte	0x4
 1219 091f 23090000 		.4byte	0x923
ARM GAS  C:\Users\stijn\AppData\Local\Temp\ccEpl0Ij.s 			page 23


 1220 0923 15       		.uleb128 0x15
 1221 0924 08050000 		.4byte	0x508
 1222 0928 16       		.uleb128 0x16
 1223 0929 9C0B0000 		.4byte	.LASF195
 1224 092d 01       		.byte	0x1
 1225 092e 19       		.byte	0x19
 1226 092f 00000000 		.4byte	.LFB566
 1227 0933 2C000000 		.4byte	.LFE566-.LFB566
 1228 0937 01       		.uleb128 0x1
 1229 0938 9C       		.byte	0x9c
 1230 0939 76090000 		.4byte	0x976
 1231 093d 17       		.uleb128 0x17
 1232 093e 8A050000 		.4byte	.LASF184
 1233 0942 01       		.byte	0x1
 1234 0943 1A       		.byte	0x1a
 1235 0944 12090000 		.4byte	0x912
 1236 0948 02       		.uleb128 0x2
 1237 0949 91       		.byte	0x91
 1238 094a 70       		.sleb128 -16
 1239 094b 17       		.uleb128 0x17
 1240 094c 98010000 		.4byte	.LASF185
 1241 0950 01       		.byte	0x1
 1242 0951 1B       		.byte	0x1b
 1243 0952 76090000 		.4byte	0x976
 1244 0956 02       		.uleb128 0x2
 1245 0957 91       		.byte	0x91
 1246 0958 74       		.sleb128 -12
 1247 0959 18       		.uleb128 0x18
 1248 095a 14000000 		.4byte	.LBB2
 1249 095e 10000000 		.4byte	.LBE2-.LBB2
 1250 0962 19       		.uleb128 0x19
 1251 0963 00000000 		.4byte	.LASF196
 1252 0967 0D       		.byte	0xd
 1253 0968 00       		.byte	0
 1254 0969 94000000 		.4byte	0x94
 1255 096d 12       		.uleb128 0x12
 1256 096e 1D090000 		.4byte	0x91d
 1257 0972 1A       		.uleb128 0x1a
 1258 0973 00       		.byte	0
 1259 0974 00       		.byte	0
 1260 0975 00       		.byte	0
 1261 0976 15       		.uleb128 0x15
 1262 0977 12090000 		.4byte	0x912
 1263 097b 1B       		.uleb128 0x1b
 1264 097c 95080000 		.4byte	.LASF186
 1265 0980 0A       		.byte	0xa
 1266 0981 F907     		.2byte	0x7f9
 1267 0983 87090000 		.4byte	0x987
 1268 0987 05       		.uleb128 0x5
 1269 0988 C3000000 		.4byte	0xc3
 1270 098c 1C       		.uleb128 0x1c
 1271 098d 00080000 		.4byte	.LASF187
 1272 0991 04       		.byte	0x4
 1273 0992 A7       		.byte	0xa7
 1274 0993 97090000 		.4byte	0x997
 1275 0997 10       		.uleb128 0x10
 1276 0998 04       		.byte	0x4
ARM GAS  C:\Users\stijn\AppData\Local\Temp\ccEpl0Ij.s 			page 24


 1277 0999 9D090000 		.4byte	0x99d
 1278 099d 15       		.uleb128 0x15
 1279 099e FD040000 		.4byte	0x4fd
 1280 09a2 1C       		.uleb128 0x1c
 1281 09a3 E8050000 		.4byte	.LASF188
 1282 09a7 0B       		.byte	0xb
 1283 09a8 87       		.byte	0x87
 1284 09a9 AB080000 		.4byte	0x8ab
 1285 09ad 1B       		.uleb128 0x1b
 1286 09ae C8010000 		.4byte	.LASF189
 1287 09b2 08       		.byte	0x8
 1288 09b3 6001     		.2byte	0x160
 1289 09b5 CE000000 		.4byte	0xce
 1290 09b9 0E       		.uleb128 0xe
 1291 09ba C9090000 		.4byte	0x9c9
 1292 09be C9090000 		.4byte	0x9c9
 1293 09c2 0F       		.uleb128 0xf
 1294 09c3 D9000000 		.4byte	0xd9
 1295 09c7 00       		.byte	0
 1296 09c8 00       		.byte	0
 1297 09c9 15       		.uleb128 0x15
 1298 09ca 07090000 		.4byte	0x907
 1299 09ce 1B       		.uleb128 0x1b
 1300 09cf DD090000 		.4byte	.LASF190
 1301 09d3 08       		.byte	0x8
 1302 09d4 6401     		.2byte	0x164
 1303 09d6 DA090000 		.4byte	0x9da
 1304 09da 15       		.uleb128 0x15
 1305 09db B9090000 		.4byte	0x9b9
 1306 09df 1C       		.uleb128 0x1c
 1307 09e0 BC050000 		.4byte	.LASF191
 1308 09e4 0C       		.byte	0xc
 1309 09e5 7F       		.byte	0x7f
 1310 09e6 CF070000 		.4byte	0x7cf
 1311 09ea 00       		.byte	0
 1312              		.section	.debug_abbrev,"",%progbits
 1313              	.Ldebug_abbrev0:
 1314 0000 01       		.uleb128 0x1
 1315 0001 11       		.uleb128 0x11
 1316 0002 01       		.byte	0x1
 1317 0003 25       		.uleb128 0x25
 1318 0004 0E       		.uleb128 0xe
 1319 0005 13       		.uleb128 0x13
 1320 0006 0B       		.uleb128 0xb
 1321 0007 03       		.uleb128 0x3
 1322 0008 0E       		.uleb128 0xe
 1323 0009 1B       		.uleb128 0x1b
 1324 000a 0E       		.uleb128 0xe
 1325 000b 55       		.uleb128 0x55
 1326 000c 17       		.uleb128 0x17
 1327 000d 11       		.uleb128 0x11
 1328 000e 01       		.uleb128 0x1
 1329 000f 10       		.uleb128 0x10
 1330 0010 17       		.uleb128 0x17
 1331 0011 00       		.byte	0
 1332 0012 00       		.byte	0
 1333 0013 02       		.uleb128 0x2
ARM GAS  C:\Users\stijn\AppData\Local\Temp\ccEpl0Ij.s 			page 25


 1334 0014 24       		.uleb128 0x24
 1335 0015 00       		.byte	0
 1336 0016 0B       		.uleb128 0xb
 1337 0017 0B       		.uleb128 0xb
 1338 0018 3E       		.uleb128 0x3e
 1339 0019 0B       		.uleb128 0xb
 1340 001a 03       		.uleb128 0x3
 1341 001b 0E       		.uleb128 0xe
 1342 001c 00       		.byte	0
 1343 001d 00       		.byte	0
 1344 001e 03       		.uleb128 0x3
 1345 001f 16       		.uleb128 0x16
 1346 0020 00       		.byte	0
 1347 0021 03       		.uleb128 0x3
 1348 0022 0E       		.uleb128 0xe
 1349 0023 3A       		.uleb128 0x3a
 1350 0024 0B       		.uleb128 0xb
 1351 0025 3B       		.uleb128 0x3b
 1352 0026 0B       		.uleb128 0xb
 1353 0027 49       		.uleb128 0x49
 1354 0028 13       		.uleb128 0x13
 1355 0029 00       		.byte	0
 1356 002a 00       		.byte	0
 1357 002b 04       		.uleb128 0x4
 1358 002c 24       		.uleb128 0x24
 1359 002d 00       		.byte	0
 1360 002e 0B       		.uleb128 0xb
 1361 002f 0B       		.uleb128 0xb
 1362 0030 3E       		.uleb128 0x3e
 1363 0031 0B       		.uleb128 0xb
 1364 0032 03       		.uleb128 0x3
 1365 0033 08       		.uleb128 0x8
 1366 0034 00       		.byte	0
 1367 0035 00       		.byte	0
 1368 0036 05       		.uleb128 0x5
 1369 0037 35       		.uleb128 0x35
 1370 0038 00       		.byte	0
 1371 0039 49       		.uleb128 0x49
 1372 003a 13       		.uleb128 0x13
 1373 003b 00       		.byte	0
 1374 003c 00       		.byte	0
 1375 003d 06       		.uleb128 0x6
 1376 003e 13       		.uleb128 0x13
 1377 003f 01       		.byte	0x1
 1378 0040 0B       		.uleb128 0xb
 1379 0041 0B       		.uleb128 0xb
 1380 0042 3A       		.uleb128 0x3a
 1381 0043 0B       		.uleb128 0xb
 1382 0044 3B       		.uleb128 0x3b
 1383 0045 0B       		.uleb128 0xb
 1384 0046 01       		.uleb128 0x1
 1385 0047 13       		.uleb128 0x13
 1386 0048 00       		.byte	0
 1387 0049 00       		.byte	0
 1388 004a 07       		.uleb128 0x7
 1389 004b 0D       		.uleb128 0xd
 1390 004c 00       		.byte	0
ARM GAS  C:\Users\stijn\AppData\Local\Temp\ccEpl0Ij.s 			page 26


 1391 004d 03       		.uleb128 0x3
 1392 004e 0E       		.uleb128 0xe
 1393 004f 3A       		.uleb128 0x3a
 1394 0050 0B       		.uleb128 0xb
 1395 0051 3B       		.uleb128 0x3b
 1396 0052 0B       		.uleb128 0xb
 1397 0053 49       		.uleb128 0x49
 1398 0054 13       		.uleb128 0x13
 1399 0055 38       		.uleb128 0x38
 1400 0056 0B       		.uleb128 0xb
 1401 0057 00       		.byte	0
 1402 0058 00       		.byte	0
 1403 0059 08       		.uleb128 0x8
 1404 005a 0F       		.uleb128 0xf
 1405 005b 00       		.byte	0
 1406 005c 0B       		.uleb128 0xb
 1407 005d 0B       		.uleb128 0xb
 1408 005e 00       		.byte	0
 1409 005f 00       		.byte	0
 1410 0060 09       		.uleb128 0x9
 1411 0061 04       		.uleb128 0x4
 1412 0062 01       		.byte	0x1
 1413 0063 0B       		.uleb128 0xb
 1414 0064 0B       		.uleb128 0xb
 1415 0065 49       		.uleb128 0x49
 1416 0066 13       		.uleb128 0x13
 1417 0067 3A       		.uleb128 0x3a
 1418 0068 0B       		.uleb128 0xb
 1419 0069 3B       		.uleb128 0x3b
 1420 006a 05       		.uleb128 0x5
 1421 006b 01       		.uleb128 0x1
 1422 006c 13       		.uleb128 0x13
 1423 006d 00       		.byte	0
 1424 006e 00       		.byte	0
 1425 006f 0A       		.uleb128 0xa
 1426 0070 28       		.uleb128 0x28
 1427 0071 00       		.byte	0
 1428 0072 03       		.uleb128 0x3
 1429 0073 0E       		.uleb128 0xe
 1430 0074 1C       		.uleb128 0x1c
 1431 0075 0B       		.uleb128 0xb
 1432 0076 00       		.byte	0
 1433 0077 00       		.byte	0
 1434 0078 0B       		.uleb128 0xb
 1435 0079 16       		.uleb128 0x16
 1436 007a 00       		.byte	0
 1437 007b 03       		.uleb128 0x3
 1438 007c 0E       		.uleb128 0xe
 1439 007d 3A       		.uleb128 0x3a
 1440 007e 0B       		.uleb128 0xb
 1441 007f 3B       		.uleb128 0x3b
 1442 0080 05       		.uleb128 0x5
 1443 0081 49       		.uleb128 0x49
 1444 0082 13       		.uleb128 0x13
 1445 0083 00       		.byte	0
 1446 0084 00       		.byte	0
 1447 0085 0C       		.uleb128 0xc
ARM GAS  C:\Users\stijn\AppData\Local\Temp\ccEpl0Ij.s 			page 27


 1448 0086 13       		.uleb128 0x13
 1449 0087 01       		.byte	0x1
 1450 0088 0B       		.uleb128 0xb
 1451 0089 0B       		.uleb128 0xb
 1452 008a 3A       		.uleb128 0x3a
 1453 008b 0B       		.uleb128 0xb
 1454 008c 3B       		.uleb128 0x3b
 1455 008d 05       		.uleb128 0x5
 1456 008e 01       		.uleb128 0x1
 1457 008f 13       		.uleb128 0x13
 1458 0090 00       		.byte	0
 1459 0091 00       		.byte	0
 1460 0092 0D       		.uleb128 0xd
 1461 0093 0D       		.uleb128 0xd
 1462 0094 00       		.byte	0
 1463 0095 03       		.uleb128 0x3
 1464 0096 0E       		.uleb128 0xe
 1465 0097 3A       		.uleb128 0x3a
 1466 0098 0B       		.uleb128 0xb
 1467 0099 3B       		.uleb128 0x3b
 1468 009a 05       		.uleb128 0x5
 1469 009b 49       		.uleb128 0x49
 1470 009c 13       		.uleb128 0x13
 1471 009d 38       		.uleb128 0x38
 1472 009e 0B       		.uleb128 0xb
 1473 009f 00       		.byte	0
 1474 00a0 00       		.byte	0
 1475 00a1 0E       		.uleb128 0xe
 1476 00a2 01       		.uleb128 0x1
 1477 00a3 01       		.byte	0x1
 1478 00a4 49       		.uleb128 0x49
 1479 00a5 13       		.uleb128 0x13
 1480 00a6 01       		.uleb128 0x1
 1481 00a7 13       		.uleb128 0x13
 1482 00a8 00       		.byte	0
 1483 00a9 00       		.byte	0
 1484 00aa 0F       		.uleb128 0xf
 1485 00ab 21       		.uleb128 0x21
 1486 00ac 00       		.byte	0
 1487 00ad 49       		.uleb128 0x49
 1488 00ae 13       		.uleb128 0x13
 1489 00af 2F       		.uleb128 0x2f
 1490 00b0 0B       		.uleb128 0xb
 1491 00b1 00       		.byte	0
 1492 00b2 00       		.byte	0
 1493 00b3 10       		.uleb128 0x10
 1494 00b4 0F       		.uleb128 0xf
 1495 00b5 00       		.byte	0
 1496 00b6 0B       		.uleb128 0xb
 1497 00b7 0B       		.uleb128 0xb
 1498 00b8 49       		.uleb128 0x49
 1499 00b9 13       		.uleb128 0x13
 1500 00ba 00       		.byte	0
 1501 00bb 00       		.byte	0
 1502 00bc 11       		.uleb128 0x11
 1503 00bd 15       		.uleb128 0x15
 1504 00be 01       		.byte	0x1
ARM GAS  C:\Users\stijn\AppData\Local\Temp\ccEpl0Ij.s 			page 28


 1505 00bf 27       		.uleb128 0x27
 1506 00c0 19       		.uleb128 0x19
 1507 00c1 01       		.uleb128 0x1
 1508 00c2 13       		.uleb128 0x13
 1509 00c3 00       		.byte	0
 1510 00c4 00       		.byte	0
 1511 00c5 12       		.uleb128 0x12
 1512 00c6 05       		.uleb128 0x5
 1513 00c7 00       		.byte	0
 1514 00c8 49       		.uleb128 0x49
 1515 00c9 13       		.uleb128 0x13
 1516 00ca 00       		.byte	0
 1517 00cb 00       		.byte	0
 1518 00cc 13       		.uleb128 0x13
 1519 00cd 15       		.uleb128 0x15
 1520 00ce 01       		.byte	0x1
 1521 00cf 27       		.uleb128 0x27
 1522 00d0 19       		.uleb128 0x19
 1523 00d1 49       		.uleb128 0x49
 1524 00d2 13       		.uleb128 0x13
 1525 00d3 01       		.uleb128 0x1
 1526 00d4 13       		.uleb128 0x13
 1527 00d5 00       		.byte	0
 1528 00d6 00       		.byte	0
 1529 00d7 14       		.uleb128 0x14
 1530 00d8 13       		.uleb128 0x13
 1531 00d9 01       		.byte	0x1
 1532 00da 03       		.uleb128 0x3
 1533 00db 0E       		.uleb128 0xe
 1534 00dc 0B       		.uleb128 0xb
 1535 00dd 0B       		.uleb128 0xb
 1536 00de 3A       		.uleb128 0x3a
 1537 00df 0B       		.uleb128 0xb
 1538 00e0 3B       		.uleb128 0x3b
 1539 00e1 05       		.uleb128 0x5
 1540 00e2 01       		.uleb128 0x1
 1541 00e3 13       		.uleb128 0x13
 1542 00e4 00       		.byte	0
 1543 00e5 00       		.byte	0
 1544 00e6 15       		.uleb128 0x15
 1545 00e7 26       		.uleb128 0x26
 1546 00e8 00       		.byte	0
 1547 00e9 49       		.uleb128 0x49
 1548 00ea 13       		.uleb128 0x13
 1549 00eb 00       		.byte	0
 1550 00ec 00       		.byte	0
 1551 00ed 16       		.uleb128 0x16
 1552 00ee 2E       		.uleb128 0x2e
 1553 00ef 01       		.byte	0x1
 1554 00f0 3F       		.uleb128 0x3f
 1555 00f1 19       		.uleb128 0x19
 1556 00f2 03       		.uleb128 0x3
 1557 00f3 0E       		.uleb128 0xe
 1558 00f4 3A       		.uleb128 0x3a
 1559 00f5 0B       		.uleb128 0xb
 1560 00f6 3B       		.uleb128 0x3b
 1561 00f7 0B       		.uleb128 0xb
ARM GAS  C:\Users\stijn\AppData\Local\Temp\ccEpl0Ij.s 			page 29


 1562 00f8 11       		.uleb128 0x11
 1563 00f9 01       		.uleb128 0x1
 1564 00fa 12       		.uleb128 0x12
 1565 00fb 06       		.uleb128 0x6
 1566 00fc 40       		.uleb128 0x40
 1567 00fd 18       		.uleb128 0x18
 1568 00fe 9642     		.uleb128 0x2116
 1569 0100 19       		.uleb128 0x19
 1570 0101 01       		.uleb128 0x1
 1571 0102 13       		.uleb128 0x13
 1572 0103 00       		.byte	0
 1573 0104 00       		.byte	0
 1574 0105 17       		.uleb128 0x17
 1575 0106 34       		.uleb128 0x34
 1576 0107 00       		.byte	0
 1577 0108 03       		.uleb128 0x3
 1578 0109 0E       		.uleb128 0xe
 1579 010a 3A       		.uleb128 0x3a
 1580 010b 0B       		.uleb128 0xb
 1581 010c 3B       		.uleb128 0x3b
 1582 010d 0B       		.uleb128 0xb
 1583 010e 49       		.uleb128 0x49
 1584 010f 13       		.uleb128 0x13
 1585 0110 02       		.uleb128 0x2
 1586 0111 18       		.uleb128 0x18
 1587 0112 00       		.byte	0
 1588 0113 00       		.byte	0
 1589 0114 18       		.uleb128 0x18
 1590 0115 0B       		.uleb128 0xb
 1591 0116 01       		.byte	0x1
 1592 0117 11       		.uleb128 0x11
 1593 0118 01       		.uleb128 0x1
 1594 0119 12       		.uleb128 0x12
 1595 011a 06       		.uleb128 0x6
 1596 011b 00       		.byte	0
 1597 011c 00       		.byte	0
 1598 011d 19       		.uleb128 0x19
 1599 011e 2E       		.uleb128 0x2e
 1600 011f 01       		.byte	0x1
 1601 0120 3F       		.uleb128 0x3f
 1602 0121 19       		.uleb128 0x19
 1603 0122 03       		.uleb128 0x3
 1604 0123 0E       		.uleb128 0xe
 1605 0124 3A       		.uleb128 0x3a
 1606 0125 0B       		.uleb128 0xb
 1607 0126 3B       		.uleb128 0x3b
 1608 0127 0B       		.uleb128 0xb
 1609 0128 27       		.uleb128 0x27
 1610 0129 19       		.uleb128 0x19
 1611 012a 49       		.uleb128 0x49
 1612 012b 13       		.uleb128 0x13
 1613 012c 3C       		.uleb128 0x3c
 1614 012d 19       		.uleb128 0x19
 1615 012e 00       		.byte	0
 1616 012f 00       		.byte	0
 1617 0130 1A       		.uleb128 0x1a
 1618 0131 18       		.uleb128 0x18
ARM GAS  C:\Users\stijn\AppData\Local\Temp\ccEpl0Ij.s 			page 30


 1619 0132 00       		.byte	0
 1620 0133 00       		.byte	0
 1621 0134 00       		.byte	0
 1622 0135 1B       		.uleb128 0x1b
 1623 0136 34       		.uleb128 0x34
 1624 0137 00       		.byte	0
 1625 0138 03       		.uleb128 0x3
 1626 0139 0E       		.uleb128 0xe
 1627 013a 3A       		.uleb128 0x3a
 1628 013b 0B       		.uleb128 0xb
 1629 013c 3B       		.uleb128 0x3b
 1630 013d 05       		.uleb128 0x5
 1631 013e 49       		.uleb128 0x49
 1632 013f 13       		.uleb128 0x13
 1633 0140 3F       		.uleb128 0x3f
 1634 0141 19       		.uleb128 0x19
 1635 0142 3C       		.uleb128 0x3c
 1636 0143 19       		.uleb128 0x19
 1637 0144 00       		.byte	0
 1638 0145 00       		.byte	0
 1639 0146 1C       		.uleb128 0x1c
 1640 0147 34       		.uleb128 0x34
 1641 0148 00       		.byte	0
 1642 0149 03       		.uleb128 0x3
 1643 014a 0E       		.uleb128 0xe
 1644 014b 3A       		.uleb128 0x3a
 1645 014c 0B       		.uleb128 0xb
 1646 014d 3B       		.uleb128 0x3b
 1647 014e 0B       		.uleb128 0xb
 1648 014f 49       		.uleb128 0x49
 1649 0150 13       		.uleb128 0x13
 1650 0151 3F       		.uleb128 0x3f
 1651 0152 19       		.uleb128 0x19
 1652 0153 3C       		.uleb128 0x3c
 1653 0154 19       		.uleb128 0x19
 1654 0155 00       		.byte	0
 1655 0156 00       		.byte	0
 1656 0157 00       		.byte	0
 1657              		.section	.debug_aranges,"",%progbits
 1658 0000 1C000000 		.4byte	0x1c
 1659 0004 0200     		.2byte	0x2
 1660 0006 00000000 		.4byte	.Ldebug_info0
 1661 000a 04       		.byte	0x4
 1662 000b 00       		.byte	0
 1663 000c 0000     		.2byte	0
 1664 000e 0000     		.2byte	0
 1665 0010 00000000 		.4byte	.LFB566
 1666 0014 2C000000 		.4byte	.LFE566-.LFB566
 1667 0018 00000000 		.4byte	0
 1668 001c 00000000 		.4byte	0
 1669              		.section	.debug_ranges,"",%progbits
 1670              	.Ldebug_ranges0:
 1671 0000 00000000 		.4byte	.LFB566
 1672 0004 2C000000 		.4byte	.LFE566
 1673 0008 00000000 		.4byte	0
 1674 000c 00000000 		.4byte	0
 1675              		.section	.debug_line,"",%progbits
ARM GAS  C:\Users\stijn\AppData\Local\Temp\ccEpl0Ij.s 			page 31


 1676              	.Ldebug_line0:
 1677 0000 E8020000 		.section	.debug_str,"MS",%progbits,1
 1677      0200C202 
 1677      00000201 
 1677      FB0E0D00 
 1677      01010101 
 1678              	.LASF196:
 1679 0000 7072696E 		.ascii	"printf\000"
 1679      746600
 1680              	.LASF56:
 1681 0007 70726F74 		.ascii	"protBusMasterMask\000"
 1681      4275734D 
 1681      61737465 
 1681      724D6173 
 1681      6B00
 1682              	.LASF192:
 1683 0019 474E5520 		.ascii	"GNU C11 5.4.1 20160609 (release) [ARM/embedded-5-br"
 1683      43313120 
 1683      352E342E 
 1683      31203230 
 1683      31363036 
 1684 004c 616E6368 		.ascii	"anch revision 237715] -mcpu=cortex-m4 -mfloat-abi=s"
 1684      20726576 
 1684      6973696F 
 1684      6E203233 
 1684      37373135 
 1685 007f 6F667466 		.ascii	"oftfp -mfpu=fpv4-sp-d16 -mthumb -g -O0 -ffunction-s"
 1685      70202D6D 
 1685      6670753D 
 1685      66707634 
 1685      2D73702D 
 1686 00b2 65637469 		.ascii	"ections -ffat-lto-objects\000"
 1686      6F6E7320 
 1686      2D666661 
 1686      742D6C74 
 1686      6F2D6F62 
 1687              	.LASF170:
 1688 00cc 72784275 		.ascii	"rxBufSize\000"
 1688      6653697A 
 1688      6500
 1689              	.LASF66:
 1690 00d6 666C6173 		.ascii	"flashCtlMainWs3Freq\000"
 1690      6843746C 
 1690      4D61696E 
 1690      57733346 
 1690      72657100 
 1691              	.LASF88:
 1692 00ea 6770696F 		.ascii	"gpioPrtCfgInOffset\000"
 1692      50727443 
 1692      6667496E 
 1692      4F666673 
 1692      657400
 1693              	.LASF156:
 1694 00fd 736C6176 		.ascii	"slaveRxBufferIdx\000"
 1694      65527842 
 1694      75666665 
 1694      72496478 
ARM GAS  C:\Users\stijn\AppData\Local\Temp\ccEpl0Ij.s 			page 32


 1694      00
 1695              	.LASF144:
 1696 010e 6D617374 		.ascii	"masterBuffer\000"
 1696      65724275 
 1696      66666572 
 1696      00
 1697              	.LASF32:
 1698 011b 63727970 		.ascii	"cryptoVersion\000"
 1698      746F5665 
 1698      7273696F 
 1698      6E00
 1699              	.LASF50:
 1700 0129 70657269 		.ascii	"periClockNr\000"
 1700      436C6F63 
 1700      6B4E7200 
 1701              	.LASF28:
 1702 0135 70617373 		.ascii	"passBase\000"
 1702      42617365 
 1702      00
 1703              	.LASF104:
 1704 013e 63707573 		.ascii	"cpussRam2Ctl0\000"
 1704      7352616D 
 1704      3243746C 
 1704      3000
 1705              	.LASF41:
 1706 014c 63707573 		.ascii	"cpussIpcIrqNr\000"
 1706      73497063 
 1706      4972714E 
 1706      7200
 1707              	.LASF3:
 1708 015a 5F5F7569 		.ascii	"__uint8_t\000"
 1708      6E74385F 
 1708      7400
 1709              	.LASF148:
 1710 0164 736C6176 		.ascii	"slaveStatus\000"
 1710      65537461 
 1710      74757300 
 1711              	.LASF43:
 1712 0170 63707573 		.ascii	"cpussFlashPaSize\000"
 1712      73466C61 
 1712      73685061 
 1712      53697A65 
 1712      00
 1713              	.LASF92:
 1714 0181 63707573 		.ascii	"cpussCm4ClockCtlOffset\000"
 1714      73436D34 
 1714      436C6F63 
 1714      6B43746C 
 1714      4F666673 
 1715              	.LASF185:
 1716 0198 78467265 		.ascii	"xFrequency\000"
 1716      7175656E 
 1716      637900
 1717              	.LASF21:
 1718 01a3 63707573 		.ascii	"cpussBase\000"
 1718      73426173 
 1718      6500
ARM GAS  C:\Users\stijn\AppData\Local\Temp\ccEpl0Ij.s 			page 33


 1719              	.LASF70:
 1720 01ad 64774368 		.ascii	"dwChCtlPrioPos\000"
 1720      43746C50 
 1720      72696F50 
 1720      6F7300
 1721              	.LASF126:
 1722 01bc 73617449 		.ascii	"satIntrMask\000"
 1722      6E74724D 
 1722      61736B00 
 1723              	.LASF189:
 1724 01c8 4144435F 		.ascii	"ADC_currentConfig\000"
 1724      63757272 
 1724      656E7443 
 1724      6F6E6669 
 1724      6700
 1725              	.LASF12:
 1726 01da 6C6F6E67 		.ascii	"long long unsigned int\000"
 1726      206C6F6E 
 1726      6720756E 
 1726      7369676E 
 1726      65642069 
 1727              	.LASF74:
 1728 01f1 70657269 		.ascii	"periTrCmdOffset\000"
 1728      5472436D 
 1728      644F6666 
 1728      73657400 
 1729              	.LASF165:
 1730 0201 72785269 		.ascii	"rxRingBuf\000"
 1730      6E674275 
 1730      6600
 1731              	.LASF98:
 1732 020b 63707573 		.ascii	"cpussSysTickCtlOffset\000"
 1732      73537973 
 1732      5469636B 
 1732      43746C4F 
 1732      66667365 
 1733              	.LASF141:
 1734 0221 6D617374 		.ascii	"masterStatus\000"
 1734      65725374 
 1734      61747573 
 1734      00
 1735              	.LASF172:
 1736 022e 74784275 		.ascii	"txBuf\000"
 1736      6600
 1737              	.LASF59:
 1738 0234 666C6173 		.ascii	"flashPipeRequired\000"
 1738      68506970 
 1738      65526571 
 1738      75697265 
 1738      6400
 1739              	.LASF155:
 1740 0246 736C6176 		.ascii	"slaveRxBufferSize\000"
 1740      65527842 
 1740      75666665 
 1740      7253697A 
 1740      6500
 1741              	.LASF161:
ARM GAS  C:\Users\stijn\AppData\Local\Temp\ccEpl0Ij.s 			page 34


 1742 0258 63795F73 		.ascii	"cy_stc_scb_i2c_context\000"
 1742      74635F73 
 1742      63625F69 
 1742      32635F63 
 1742      6F6E7465 
 1743              	.LASF63:
 1744 026f 666C6173 		.ascii	"flashCtlMainWs0Freq\000"
 1744      6843746C 
 1744      4D61696E 
 1744      57733046 
 1744      72657100 
 1745              	.LASF15:
 1746 0283 696E7431 		.ascii	"int16_t\000"
 1746      365F7400 
 1747              	.LASF132:
 1748 028b 63795F73 		.ascii	"cy_stc_sar_config_t\000"
 1748      74635F73 
 1748      61725F63 
 1748      6F6E6669 
 1748      675F7400 
 1749              	.LASF11:
 1750 029f 6C6F6E67 		.ascii	"long long int\000"
 1750      206C6F6E 
 1750      6720696E 
 1750      7400
 1751              	.LASF1:
 1752 02ad 7369676E 		.ascii	"signed char\000"
 1752      65642063 
 1752      68617200 
 1753              	.LASF79:
 1754 02b9 70657269 		.ascii	"periDivCmdTypeSelPos\000"
 1754      44697643 
 1754      6D645479 
 1754      70655365 
 1754      6C506F73 
 1755              	.LASF116:
 1756 02ce 63795F65 		.ascii	"cy_en_sar_range_detect_condition_t\000"
 1756      6E5F7361 
 1756      725F7261 
 1756      6E67655F 
 1756      64657465 
 1757              	.LASF181:
 1758 02f1 636C6B44 		.ascii	"clkDivider\000"
 1758      69766964 
 1758      657200
 1759              	.LASF37:
 1760 02fc 69706356 		.ascii	"ipcVersion\000"
 1760      65727369 
 1760      6F6E00
 1761              	.LASF99:
 1762 0307 63707573 		.ascii	"cpussCm0NmiCtlOffset\000"
 1762      73436D30 
 1762      4E6D6943 
 1762      746C4F66 
 1762      66736574 
 1763              	.LASF81:
 1764 031c 70657269 		.ascii	"periDivCmdPaTypeSelPos\000"
ARM GAS  C:\Users\stijn\AppData\Local\Temp\ccEpl0Ij.s 			page 35


 1764      44697643 
 1764      6D645061 
 1764      54797065 
 1764      53656C50 
 1765              	.LASF47:
 1766 0333 73727373 		.ascii	"srssNumClkpath\000"
 1766      4E756D43 
 1766      6C6B7061 
 1766      746800
 1767              	.LASF26:
 1768 0342 6873696F 		.ascii	"hsiomBase\000"
 1768      6D426173 
 1768      6500
 1769              	.LASF112:
 1770 034c 43595F53 		.ascii	"CY_SAR_RANGE_COND_BELOW\000"
 1770      41525F52 
 1770      414E4745 
 1770      5F434F4E 
 1770      445F4245 
 1771              	.LASF140:
 1772 0364 73746174 		.ascii	"state\000"
 1772      6500
 1773              	.LASF136:
 1774 036a 63795F63 		.ascii	"cy_cb_scb_i2c_handle_events_t\000"
 1774      625F7363 
 1774      625F6932 
 1774      635F6861 
 1774      6E646C65 
 1775              	.LASF8:
 1776 0388 6C6F6E67 		.ascii	"long int\000"
 1776      20696E74 
 1776      00
 1777              	.LASF143:
 1778 0391 6D617374 		.ascii	"masterRdDir\000"
 1778      65725264 
 1778      44697200 
 1779              	.LASF134:
 1780 039d 43595F53 		.ascii	"CY_SCB_I2C_NAK\000"
 1780      43425F49 
 1780      32435F4E 
 1780      414B00
 1781              	.LASF57:
 1782 03ac 63727970 		.ascii	"cryptoMemSize\000"
 1782      746F4D65 
 1782      6D53697A 
 1782      6500
 1783              	.LASF23:
 1784 03ba 70657269 		.ascii	"periBase\000"
 1784      42617365 
 1784      00
 1785              	.LASF55:
 1786 03c3 73797350 		.ascii	"sysPmSimoPresent\000"
 1786      6D53696D 
 1786      6F507265 
 1786      73656E74 
 1786      00
 1787              	.LASF114:
ARM GAS  C:\Users\stijn\AppData\Local\Temp\ccEpl0Ij.s 			page 36


 1788 03d4 43595F53 		.ascii	"CY_SAR_RANGE_COND_ABOVE\000"
 1788      41525F52 
 1788      414E4745 
 1788      5F434F4E 
 1788      445F4142 
 1789              	.LASF16:
 1790 03ec 75696E74 		.ascii	"uint16_t\000"
 1790      31365F74 
 1790      00
 1791              	.LASF110:
 1792 03f5 646F7562 		.ascii	"double\000"
 1792      6C6500
 1793              	.LASF84:
 1794 03fc 70657269 		.ascii	"periDiv16_5CtlOffset\000"
 1794      44697631 
 1794      365F3543 
 1794      746C4F66 
 1794      66736574 
 1795              	.LASF48:
 1796 0411 73727373 		.ascii	"srssNumPll\000"
 1796      4E756D50 
 1796      6C6C00
 1797              	.LASF182:
 1798 041c 4144435F 		.ascii	"ADC_CONFIG_STRUCT\000"
 1798      434F4E46 
 1798      49475F53 
 1798      54525543 
 1798      5400
 1799              	.LASF82:
 1800 042e 70657269 		.ascii	"periDiv8CtlOffset\000"
 1800      44697638 
 1800      43746C4F 
 1800      66667365 
 1800      7400
 1801              	.LASF6:
 1802 0440 73686F72 		.ascii	"short unsigned int\000"
 1802      7420756E 
 1802      7369676E 
 1802      65642069 
 1802      6E7400
 1803              	.LASF89:
 1804 0453 6770696F 		.ascii	"gpioPrtCfgOutOffset\000"
 1804      50727443 
 1804      66674F75 
 1804      744F6666 
 1804      73657400 
 1805              	.LASF158:
 1806 0467 63624164 		.ascii	"cbAddr\000"
 1806      647200
 1807              	.LASF22:
 1808 046e 666C6173 		.ascii	"flashcBase\000"
 1808      68634261 
 1808      736500
 1809              	.LASF9:
 1810 0479 5F5F7569 		.ascii	"__uint32_t\000"
 1810      6E743332 
 1810      5F7400
ARM GAS  C:\Users\stijn\AppData\Local\Temp\ccEpl0Ij.s 			page 37


 1811              	.LASF194:
 1812 0484 433A5C55 		.ascii	"C:\\Users\\stijn\\OneDrive\\Documenten\\PSoC Creato"
 1812      73657273 
 1812      5C737469 
 1812      6A6E5C4F 
 1812      6E654472 
 1813 04b2 725C4144 		.ascii	"r\\ADC Klodden\\RTOS_I2C_Test.cydsn\000"
 1813      43204B6C 
 1813      6F646465 
 1813      6E5C5254 
 1813      4F535F49 
 1814              	.LASF52:
 1815 04d4 70617373 		.ascii	"passSarChannels\000"
 1815      53617243 
 1815      68616E6E 
 1815      656C7300 
 1816              	.LASF179:
 1817 04e4 6877436F 		.ascii	"hwConfigStc\000"
 1817      6E666967 
 1817      53746300 
 1818              	.LASF4:
 1819 04f0 5F5F696E 		.ascii	"__int16_t\000"
 1819      7431365F 
 1819      7400
 1820              	.LASF171:
 1821 04fa 72784275 		.ascii	"rxBufIdx\000"
 1821      66496478 
 1821      00
 1822              	.LASF117:
 1823 0503 6374726C 		.ascii	"ctrl\000"
 1823      00
 1824              	.LASF95:
 1825 0508 63707573 		.ascii	"cpussCm4PwrCtlOffset\000"
 1825      73436D34 
 1825      50777243 
 1825      746C4F66 
 1825      66736574 
 1826              	.LASF173:
 1827 051d 74784275 		.ascii	"txBufSize\000"
 1827      6653697A 
 1827      6500
 1828              	.LASF90:
 1829 0527 6770696F 		.ascii	"gpioPrtCfgSioOffset\000"
 1829      50727443 
 1829      66675369 
 1829      6F4F6666 
 1829      73657400 
 1830              	.LASF94:
 1831 053b 63707573 		.ascii	"cpussCm0StatusOffset\000"
 1831      73436D30 
 1831      53746174 
 1831      75734F66 
 1831      66736574 
 1832              	.LASF13:
 1833 0550 756E7369 		.ascii	"unsigned int\000"
 1833      676E6564 
 1833      20696E74 
ARM GAS  C:\Users\stijn\AppData\Local\Temp\ccEpl0Ij.s 			page 38


 1833      00
 1834              	.LASF152:
 1835 055d 736C6176 		.ascii	"slaveTxBufferIdx\000"
 1835      65547842 
 1835      75666665 
 1835      72496478 
 1835      00
 1836              	.LASF39:
 1837 056e 70726F74 		.ascii	"protVersion\000"
 1837      56657273 
 1837      696F6E00 
 1838              	.LASF149:
 1839 057a 736C6176 		.ascii	"slaveRdBufEmpty\000"
 1839      65526442 
 1839      7566456D 
 1839      70747900 
 1840              	.LASF184:
 1841 058a 784C6173 		.ascii	"xLastWakeTime\000"
 1841      7457616B 
 1841      6554696D 
 1841      6500
 1842              	.LASF75:
 1843 0598 70657269 		.ascii	"periTrCmdGrSelMsk\000"
 1843      5472436D 
 1843      64477253 
 1843      656C4D73 
 1843      6B00
 1844              	.LASF10:
 1845 05aa 6C6F6E67 		.ascii	"long unsigned int\000"
 1845      20756E73 
 1845      69676E65 
 1845      6420696E 
 1845      7400
 1846              	.LASF191:
 1847 05bc 6D493243 		.ascii	"mI2C_context\000"
 1847      5F636F6E 
 1847      74657874 
 1847      00
 1848              	.LASF160:
 1849 05c9 63795F63 		.ascii	"cy_cb_scb_uart_handle_events_t\000"
 1849      625F7363 
 1849      625F7561 
 1849      72745F68 
 1849      616E646C 
 1850              	.LASF188:
 1851 05e8 55415254 		.ascii	"UART_context\000"
 1851      5F636F6E 
 1851      74657874 
 1851      00
 1852              	.LASF40:
 1853 05f5 63707573 		.ascii	"cpussIpcNr\000"
 1853      73497063 
 1853      4E7200
 1854              	.LASF42:
 1855 0600 63707573 		.ascii	"cpussDwChNr\000"
 1855      73447743 
 1855      684E7200 
ARM GAS  C:\Users\stijn\AppData\Local\Temp\ccEpl0Ij.s 			page 39


 1856              	.LASF65:
 1857 060c 666C6173 		.ascii	"flashCtlMainWs2Freq\000"
 1857      6843746C 
 1857      4D61696E 
 1857      57733246 
 1857      72657100 
 1858              	.LASF139:
 1859 0620 75736554 		.ascii	"useTxFifo\000"
 1859      78466966 
 1859      6F00
 1860              	.LASF119:
 1861 062a 73616D70 		.ascii	"sampleTime01\000"
 1861      6C655469 
 1861      6D653031 
 1861      00
 1862              	.LASF76:
 1863 0637 70657269 		.ascii	"periTrGrOffset\000"
 1863      54724772 
 1863      4F666673 
 1863      657400
 1864              	.LASF103:
 1865 0646 63707573 		.ascii	"cpussRam1Ctl0\000"
 1865      7352616D 
 1865      3143746C 
 1865      3000
 1866              	.LASF121:
 1867 0654 72616E67 		.ascii	"rangeThres\000"
 1867      65546872 
 1867      657300
 1868              	.LASF193:
 1869 065f 73657269 		.ascii	"serial.c\000"
 1869      616C2E63 
 1869      00
 1870              	.LASF157:
 1871 0668 63624576 		.ascii	"cbEvents\000"
 1871      656E7473 
 1871      00
 1872              	.LASF87:
 1873 0671 6770696F 		.ascii	"gpioPrtCfgOffset\000"
 1873      50727443 
 1873      66674F66 
 1873      66736574 
 1873      00
 1874              	.LASF35:
 1875 0682 6770696F 		.ascii	"gpioVersion\000"
 1875      56657273 
 1875      696F6E00 
 1876              	.LASF178:
 1877 068e 6E756D43 		.ascii	"numChannels\000"
 1877      68616E6E 
 1877      656C7300 
 1878              	.LASF107:
 1879 069a 63795F73 		.ascii	"cy_stc_device_t\000"
 1879      74635F64 
 1879      65766963 
 1879      655F7400 
 1880              	.LASF124:
ARM GAS  C:\Users\stijn\AppData\Local\Temp\ccEpl0Ij.s 			page 40


 1881 06aa 6368616E 		.ascii	"chanConfig\000"
 1881      436F6E66 
 1881      696700
 1882              	.LASF25:
 1883 06b5 70726F74 		.ascii	"protBase\000"
 1883      42617365 
 1883      00
 1884              	.LASF96:
 1885 06be 63707573 		.ascii	"cpussTrimRamCtlOffset\000"
 1885      73547269 
 1885      6D52616D 
 1885      43746C4F 
 1885      66667365 
 1886              	.LASF154:
 1887 06d4 736C6176 		.ascii	"slaveRxBuffer\000"
 1887      65527842 
 1887      75666665 
 1887      7200
 1888              	.LASF91:
 1889 06e2 63707573 		.ascii	"cpussCm0ClockCtlOffset\000"
 1889      73436D30 
 1889      436C6F63 
 1889      6B43746C 
 1889      4F666673 
 1890              	.LASF30:
 1891 06f9 63727970 		.ascii	"cryptoBase\000"
 1891      746F4261 
 1891      736500
 1892              	.LASF135:
 1893 0704 63795F65 		.ascii	"cy_en_scb_i2c_command_t\000"
 1893      6E5F7363 
 1893      625F6932 
 1893      635F636F 
 1893      6D6D616E 
 1894              	.LASF19:
 1895 071c 73697A65 		.ascii	"sizetype\000"
 1895      74797065 
 1895      00
 1896              	.LASF68:
 1897 0725 64774368 		.ascii	"dwChOffset\000"
 1897      4F666673 
 1897      657400
 1898              	.LASF146:
 1899 0730 6D617374 		.ascii	"masterBufferIdx\000"
 1899      65724275 
 1899      66666572 
 1899      49647800 
 1900              	.LASF120:
 1901 0740 73616D70 		.ascii	"sampleTime23\000"
 1901      6C655469 
 1901      6D653233 
 1901      00
 1902              	.LASF183:
 1903 074d 5469636B 		.ascii	"TickType_t\000"
 1903      54797065 
 1903      5F7400
 1904              	.LASF53:
ARM GAS  C:\Users\stijn\AppData\Local\Temp\ccEpl0Ij.s 			page 41


 1905 0758 65704D6F 		.ascii	"epMonitorNr\000"
 1905      6E69746F 
 1905      724E7200 
 1906              	.LASF130:
 1907 0764 636F6E66 		.ascii	"configRouting\000"
 1907      6967526F 
 1907      7574696E 
 1907      6700
 1908              	.LASF133:
 1909 0772 43595F53 		.ascii	"CY_SCB_I2C_ACK\000"
 1909      43425F49 
 1909      32435F41 
 1909      434B00
 1910              	.LASF72:
 1911 0781 64775374 		.ascii	"dwStatusChIdxPos\000"
 1911      61747573 
 1911      43684964 
 1911      78506F73 
 1911      00
 1912              	.LASF54:
 1913 0792 75646250 		.ascii	"udbPresent\000"
 1913      72657365 
 1913      6E7400
 1914              	.LASF164:
 1915 079d 72785374 		.ascii	"rxStatus\000"
 1915      61747573 
 1915      00
 1916              	.LASF34:
 1917 07a6 666C6173 		.ascii	"flashcVersion\000"
 1917      68635665 
 1917      7273696F 
 1917      6E00
 1918              	.LASF51:
 1919 07b4 736D6966 		.ascii	"smifDeviceNr\000"
 1919      44657669 
 1919      63654E72 
 1919      00
 1920              	.LASF127:
 1921 07c1 72616E67 		.ascii	"rangeIntrMask\000"
 1921      65496E74 
 1921      724D6173 
 1921      6B00
 1922              	.LASF102:
 1923 07cf 63707573 		.ascii	"cpussRam0Ctl0\000"
 1923      7352616D 
 1923      3043746C 
 1923      3000
 1924              	.LASF38:
 1925 07dd 70657269 		.ascii	"periVersion\000"
 1925      56657273 
 1925      696F6E00 
 1926              	.LASF109:
 1927 07e9 666C6F61 		.ascii	"float\000"
 1927      7400
 1928              	.LASF73:
 1929 07ef 64775374 		.ascii	"dwStatusChIdxMsk\000"
 1929      61747573 
ARM GAS  C:\Users\stijn\AppData\Local\Temp\ccEpl0Ij.s 			page 42


 1929      43684964 
 1929      784D736B 
 1929      00
 1930              	.LASF187:
 1931 0800 63795F64 		.ascii	"cy_device\000"
 1931      65766963 
 1931      6500
 1932              	.LASF101:
 1933 080a 63707573 		.ascii	"cpussRomCtl\000"
 1933      73526F6D 
 1933      43746C00 
 1934              	.LASF71:
 1935 0816 64774368 		.ascii	"dwChCtlPreemptablePos\000"
 1935      43746C50 
 1935      7265656D 
 1935      70746162 
 1935      6C65506F 
 1936              	.LASF174:
 1937 082c 74784C65 		.ascii	"txLeftToTransmit\000"
 1937      6674546F 
 1937      5472616E 
 1937      736D6974 
 1937      00
 1938              	.LASF123:
 1939 083d 6368616E 		.ascii	"chanEn\000"
 1939      456E00
 1940              	.LASF24:
 1941 0844 75646242 		.ascii	"udbBase\000"
 1941      61736500 
 1942              	.LASF113:
 1943 084c 43595F53 		.ascii	"CY_SAR_RANGE_COND_INSIDE\000"
 1943      41525F52 
 1943      414E4745 
 1943      5F434F4E 
 1943      445F494E 
 1944              	.LASF111:
 1945 0865 5F426F6F 		.ascii	"_Bool\000"
 1945      6C00
 1946              	.LASF17:
 1947 086b 696E7433 		.ascii	"int32_t\000"
 1947      325F7400 
 1948              	.LASF2:
 1949 0873 756E7369 		.ascii	"unsigned char\000"
 1949      676E6564 
 1949      20636861 
 1949      7200
 1950              	.LASF67:
 1951 0881 666C6173 		.ascii	"flashCtlMainWs4Freq\000"
 1951      6843746C 
 1951      4D61696E 
 1951      57733446 
 1951      72657100 
 1952              	.LASF186:
 1953 0895 49544D5F 		.ascii	"ITM_RxBuffer\000"
 1953      52784275 
 1953      66666572 
 1953      00
ARM GAS  C:\Users\stijn\AppData\Local\Temp\ccEpl0Ij.s 			page 43


 1954              	.LASF106:
 1955 08a2 6970634C 		.ascii	"ipcLockStatusOffset\000"
 1955      6F636B53 
 1955      74617475 
 1955      734F6666 
 1955      73657400 
 1956              	.LASF85:
 1957 08b6 70657269 		.ascii	"periDiv24_5CtlOffset\000"
 1957      44697632 
 1957      345F3543 
 1957      746C4F66 
 1957      66736574 
 1958              	.LASF0:
 1959 08cb 73686F72 		.ascii	"short int\000"
 1959      7420696E 
 1959      7400
 1960              	.LASF128:
 1961 08d5 6D757853 		.ascii	"muxSwitch\000"
 1961      77697463 
 1961      6800
 1962              	.LASF125:
 1963 08df 696E7472 		.ascii	"intrMask\000"
 1963      4D61736B 
 1963      00
 1964              	.LASF97:
 1965 08e8 63707573 		.ascii	"cpussTrimRomCtlOffset\000"
 1965      73547269 
 1965      6D526F6D 
 1965      43746C4F 
 1965      66667365 
 1966              	.LASF145:
 1967 08fe 6D617374 		.ascii	"masterBufferSize\000"
 1967      65724275 
 1967      66666572 
 1967      53697A65 
 1967      00
 1968              	.LASF78:
 1969 090f 70657269 		.ascii	"periDivCmdDivSelMsk\000"
 1969      44697643 
 1969      6D644469 
 1969      7653656C 
 1969      4D736B00 
 1970              	.LASF142:
 1971 0923 6D617374 		.ascii	"masterPause\000"
 1971      65725061 
 1971      75736500 
 1972              	.LASF137:
 1973 092f 63795F63 		.ascii	"cy_cb_scb_i2c_handle_addr_t\000"
 1973      625F7363 
 1973      625F6932 
 1973      635F6861 
 1973      6E646C65 
 1974              	.LASF147:
 1975 094b 6D617374 		.ascii	"masterNumBytes\000"
 1975      65724E75 
 1975      6D427974 
 1975      657300
ARM GAS  C:\Users\stijn\AppData\Local\Temp\ccEpl0Ij.s 			page 44


 1976              	.LASF153:
 1977 095a 736C6176 		.ascii	"slaveTxBufferCnt\000"
 1977      65547842 
 1977      75666665 
 1977      72436E74 
 1977      00
 1978              	.LASF62:
 1979 096b 666C6173 		.ascii	"flashEraseDelay\000"
 1979      68457261 
 1979      73654465 
 1979      6C617900 
 1980              	.LASF45:
 1981 097b 63707573 		.ascii	"cpussFmIrq\000"
 1981      73466D49 
 1981      727100
 1982              	.LASF77:
 1983 0986 70657269 		.ascii	"periTrGrSize\000"
 1983      54724772 
 1983      53697A65 
 1983      00
 1984              	.LASF159:
 1985 0993 63795F73 		.ascii	"cy_stc_scb_i2c_context_t\000"
 1985      74635F73 
 1985      63625F69 
 1985      32635F63 
 1985      6F6E7465 
 1986              	.LASF131:
 1987 09ac 76726566 		.ascii	"vrefMvValue\000"
 1987      4D765661 
 1987      6C756500 
 1988              	.LASF20:
 1989 09b8 6C6F6E67 		.ascii	"long double\000"
 1989      20646F75 
 1989      626C6500 
 1990              	.LASF108:
 1991 09c4 63686172 		.ascii	"char\000"
 1991      00
 1992              	.LASF64:
 1993 09c9 666C6173 		.ascii	"flashCtlMainWs1Freq\000"
 1993      6843746C 
 1993      4D61696E 
 1993      57733146 
 1993      72657100 
 1994              	.LASF190:
 1995 09dd 4144435F 		.ascii	"ADC_allConfigs\000"
 1995      616C6C43 
 1995      6F6E6669 
 1995      677300
 1996              	.LASF5:
 1997 09ec 5F5F7569 		.ascii	"__uint16_t\000"
 1997      6E743136 
 1997      5F7400
 1998              	.LASF83:
 1999 09f7 70657269 		.ascii	"periDiv16CtlOffset\000"
 1999      44697631 
 1999      3643746C 
 1999      4F666673 
ARM GAS  C:\Users\stijn\AppData\Local\Temp\ccEpl0Ij.s 			page 45


 1999      657400
 2000              	.LASF7:
 2001 0a0a 5F5F696E 		.ascii	"__int32_t\000"
 2001      7433325F 
 2001      7400
 2002              	.LASF36:
 2003 0a14 6873696F 		.ascii	"hsiomVersion\000"
 2003      6D566572 
 2003      73696F6E 
 2003      00
 2004              	.LASF61:
 2005 0a21 666C6173 		.ascii	"flashProgramDelay\000"
 2005      6850726F 
 2005      6772616D 
 2005      44656C61 
 2005      7900
 2006              	.LASF167:
 2007 0a33 72785269 		.ascii	"rxRingBufHead\000"
 2007      6E674275 
 2007      66486561 
 2007      6400
 2008              	.LASF166:
 2009 0a41 72785269 		.ascii	"rxRingBufSize\000"
 2009      6E674275 
 2009      6653697A 
 2009      6500
 2010              	.LASF180:
 2011 0a4f 6D697363 		.ascii	"miscConfig\000"
 2011      436F6E66 
 2011      696700
 2012              	.LASF69:
 2013 0a5a 64774368 		.ascii	"dwChSize\000"
 2013      53697A65 
 2013      00
 2014              	.LASF105:
 2015 0a63 69706353 		.ascii	"ipcStructSize\000"
 2015      74727563 
 2015      7453697A 
 2015      6500
 2016              	.LASF138:
 2017 0a71 75736552 		.ascii	"useRxFifo\000"
 2017      78466966 
 2017      6F00
 2018              	.LASF44:
 2019 0a7b 63707573 		.ascii	"cpussIpc0Irq\000"
 2019      73497063 
 2019      30497271 
 2019      00
 2020              	.LASF27:
 2021 0a88 6770696F 		.ascii	"gpioBase\000"
 2021      42617365 
 2021      00
 2022              	.LASF175:
 2023 0a91 696E6974 		.ascii	"initKey\000"
 2023      4B657900 
 2024              	.LASF169:
 2025 0a99 72784275 		.ascii	"rxBuf\000"
ARM GAS  C:\Users\stijn\AppData\Local\Temp\ccEpl0Ij.s 			page 46


 2025      6600
 2026              	.LASF150:
 2027 0a9f 736C6176 		.ascii	"slaveTxBuffer\000"
 2027      65547842 
 2027      75666665 
 2027      7200
 2028              	.LASF151:
 2029 0aad 736C6176 		.ascii	"slaveTxBufferSize\000"
 2029      65547842 
 2029      75666665 
 2029      7253697A 
 2029      6500
 2030              	.LASF176:
 2031 0abf 63795F73 		.ascii	"cy_stc_scb_uart_context_t\000"
 2031      74635F73 
 2031      63625F75 
 2031      6172745F 
 2031      636F6E74 
 2032              	.LASF49:
 2033 0ad9 73727373 		.ascii	"srssNumHfroot\000"
 2033      4E756D48 
 2033      66726F6F 
 2033      7400
 2034              	.LASF122:
 2035 0ae7 72616E67 		.ascii	"rangeCond\000"
 2035      65436F6E 
 2035      6400
 2036              	.LASF46:
 2037 0af1 63707573 		.ascii	"cpussNotConnectedIrq\000"
 2037      734E6F74 
 2037      436F6E6E 
 2037      65637465 
 2037      64497271 
 2038              	.LASF100:
 2039 0b06 63707573 		.ascii	"cpussCm4NmiCtlOffset\000"
 2039      73436D34 
 2039      4E6D6943 
 2039      746C4F66 
 2039      66736574 
 2040              	.LASF60:
 2041 0b1b 666C6173 		.ascii	"flashWriteDelay\000"
 2041      68577269 
 2041      74654465 
 2041      6C617900 
 2042              	.LASF118:
 2043 0b2b 73616D70 		.ascii	"sampleCtrl\000"
 2043      6C654374 
 2043      726C00
 2044              	.LASF14:
 2045 0b36 75696E74 		.ascii	"uint8_t\000"
 2045      385F7400 
 2046              	.LASF93:
 2047 0b3e 63707573 		.ascii	"cpussCm4StatusOffset\000"
 2047      73436D34 
 2047      53746174 
 2047      75734F66 
 2047      66736574 
ARM GAS  C:\Users\stijn\AppData\Local\Temp\ccEpl0Ij.s 			page 47


 2048              	.LASF86:
 2049 0b53 6770696F 		.ascii	"gpioPrtIntrCfgOffset\000"
 2049      50727449 
 2049      6E747243 
 2049      66674F66 
 2049      66736574 
 2050              	.LASF115:
 2051 0b68 43595F53 		.ascii	"CY_SAR_RANGE_COND_OUTSIDE\000"
 2051      41525F52 
 2051      414E4745 
 2051      5F434F4E 
 2051      445F4F55 
 2052              	.LASF168:
 2053 0b82 72785269 		.ascii	"rxRingBufTail\000"
 2053      6E674275 
 2053      66546169 
 2053      6C00
 2054              	.LASF177:
 2055 0b90 6368616E 		.ascii	"channelBase\000"
 2055      6E656C42 
 2055      61736500 
 2056              	.LASF195:
 2057 0b9c 55415254 		.ascii	"UARTTask\000"
 2057      5461736B 
 2057      00
 2058              	.LASF163:
 2059 0ba5 74785374 		.ascii	"txStatus\000"
 2059      61747573 
 2059      00
 2060              	.LASF129:
 2061 0bae 6D757853 		.ascii	"muxSwitchSqCtrl\000"
 2061      77697463 
 2061      68537143 
 2061      74726C00 
 2062              	.LASF33:
 2063 0bbe 64775665 		.ascii	"dwVersion\000"
 2063      7273696F 
 2063      6E00
 2064              	.LASF29:
 2065 0bc8 69706342 		.ascii	"ipcBase\000"
 2065      61736500 
 2066              	.LASF80:
 2067 0bd0 70657269 		.ascii	"periDivCmdPaDivSelPos\000"
 2067      44697643 
 2067      6D645061 
 2067      44697653 
 2067      656C506F 
 2068              	.LASF162:
 2069 0be6 63795F73 		.ascii	"cy_stc_scb_uart_context\000"
 2069      74635F73 
 2069      63625F75 
 2069      6172745F 
 2069      636F6E74 
 2070              	.LASF31:
 2071 0bfe 63707573 		.ascii	"cpussVersion\000"
 2071      73566572 
 2071      73696F6E 
ARM GAS  C:\Users\stijn\AppData\Local\Temp\ccEpl0Ij.s 			page 48


 2071      00
 2072              	.LASF18:
 2073 0c0b 75696E74 		.ascii	"uint32_t\000"
 2073      33325F74 
 2073      00
 2074              	.LASF58:
 2075 0c14 666C6173 		.ascii	"flashRwwRequired\000"
 2075      68527777 
 2075      52657175 
 2075      69726564 
 2075      00
 2076              		.ident	"GCC: (GNU Tools for ARM Embedded Processors) 5.4.1 20160609 (release) [ARM/embedded-5-bran
