ARM GAS  C:\Users\stijn\AppData\Local\Temp\ccUKNWPE.s 			page 1


   1              		.syntax unified
   2              		.cpu cortex-m4
   3              		.eabi_attribute 27, 1
   4              		.fpu fpv4-sp-d16
   5              		.eabi_attribute 20, 1
   6              		.eabi_attribute 21, 1
   7              		.eabi_attribute 23, 3
   8              		.eabi_attribute 24, 1
   9              		.eabi_attribute 25, 1
  10              		.eabi_attribute 26, 1
  11              		.eabi_attribute 30, 6
  12              		.eabi_attribute 34, 1
  13              		.eabi_attribute 18, 4
  14              		.thumb
  15              		.syntax unified
  16              		.file	"wait.c"
  17              		.text
  18              	.Ltext0:
  19              		.cfi_sections	.debug_frame
  20              		.section	.text.WaitOneUnit,"ax",%progbits
  21              		.align	2
  22              		.global	WaitOneUnit
  23              		.thumb
  24              		.thumb_func
  25              		.type	WaitOneUnit, %function
  26              	WaitOneUnit:
  27              	.LFB562:
  28              		.file 1 "wait.c"
   1:wait.c        **** /*  ____  ____      _    __  __  ____ ___
   2:wait.c        ****  * |  _ \|  _ \    / \  |  \/  |/ ___/ _ \
   3:wait.c        ****  * | | | | |_) |  / _ \ | |\/| | |  | | | |
   4:wait.c        ****  * | |_| |  _ <  / ___ \| |  | | |__| |_| |
   5:wait.c        ****  * |____/|_| \_\/_/   \_\_|  |_|\____\___/
   6:wait.c        ****  *                           research group
   7:wait.c        ****  *                             dramco.be/
   8:wait.c        ****  *
   9:wait.c        ****  *  KU Leuven - Technology Campus Gent,
  10:wait.c        ****  *  Gebroeders De Smetstraat 1,
  11:wait.c        ****  *  B-9000 Gent, Belgium
  12:wait.c        ****  *
  13:wait.c        ****  *         File: wait.c
  14:wait.c        ****  *      Created: 2019-04-11
  15:wait.c        ****  *       Author: Stijn Crul
  16:wait.c        ****  *      Version: 0.1
  17:wait.c        ****  *
  18:wait.c        ****  *  Description: wait library for PSOC6
  19:wait.c        ****  */
  20:wait.c        **** 
  21:wait.c        **** #include "wait.h"
  22:wait.c        **** #include "project.h"
  23:wait.c        **** 
  24:wait.c        **** bool WaitOneUnit(uint32_t *timeout){
  29              		.loc 1 24 0
  30              		.cfi_startproc
  31              		@ args = 0, pretend = 0, frame = 16
  32              		@ frame_needed = 1, uses_anonymous_args = 0
  33 0000 80B5     		push	{r7, lr}
ARM GAS  C:\Users\stijn\AppData\Local\Temp\ccUKNWPE.s 			page 2


  34              		.cfi_def_cfa_offset 8
  35              		.cfi_offset 7, -8
  36              		.cfi_offset 14, -4
  37 0002 84B0     		sub	sp, sp, #16
  38              		.cfi_def_cfa_offset 24
  39 0004 00AF     		add	r7, sp, #0
  40              		.cfi_def_cfa_register 7
  41 0006 7860     		str	r0, [r7, #4]
  25:wait.c        ****     uint32_t status = false;
  42              		.loc 1 25 0
  43 0008 0023     		movs	r3, #0
  44 000a FB60     		str	r3, [r7, #12]
  26:wait.c        **** 
  27:wait.c        ****     // If the timeout equal to 0. Ignore the timeout
  28:wait.c        ****     if (*timeout > 0UL){
  45              		.loc 1 28 0
  46 000c 7B68     		ldr	r3, [r7, #4]
  47 000e 1B68     		ldr	r3, [r3]
  48 0010 002B     		cmp	r3, #0
  49 0012 0DD0     		beq	.L2
  29:wait.c        ****         Cy_SysLib_DelayUs(CY_SCB_WAIT_1_UNIT);
  50              		.loc 1 29 0
  51 0014 0120     		movs	r0, #1
  52 0016 FFF7FEFF 		bl	Cy_SysLib_DelayUs
  30:wait.c        ****         --(*timeout);
  53              		.loc 1 30 0
  54 001a 7B68     		ldr	r3, [r7, #4]
  55 001c 1B68     		ldr	r3, [r3]
  56 001e 5A1E     		subs	r2, r3, #1
  57 0020 7B68     		ldr	r3, [r7, #4]
  58 0022 1A60     		str	r2, [r3]
  31:wait.c        **** 
  32:wait.c        ****         if (0UL == *timeout){
  59              		.loc 1 32 0
  60 0024 7B68     		ldr	r3, [r7, #4]
  61 0026 1B68     		ldr	r3, [r3]
  62 0028 002B     		cmp	r3, #0
  63 002a 01D1     		bne	.L2
  33:wait.c        ****             status = true;
  64              		.loc 1 33 0
  65 002c 0123     		movs	r3, #1
  66 002e FB60     		str	r3, [r7, #12]
  67              	.L2:
  34:wait.c        ****         }
  35:wait.c        ****     }
  36:wait.c        ****     return (status);
  68              		.loc 1 36 0
  69 0030 FB68     		ldr	r3, [r7, #12]
  70 0032 002B     		cmp	r3, #0
  71 0034 14BF     		ite	ne
  72 0036 0123     		movne	r3, #1
  73 0038 0023     		moveq	r3, #0
  74 003a DBB2     		uxtb	r3, r3
  37:wait.c        **** }
  75              		.loc 1 37 0
  76 003c 1846     		mov	r0, r3
  77 003e 1037     		adds	r7, r7, #16
ARM GAS  C:\Users\stijn\AppData\Local\Temp\ccUKNWPE.s 			page 3


  78              		.cfi_def_cfa_offset 8
  79 0040 BD46     		mov	sp, r7
  80              		.cfi_def_cfa_register 13
  81              		@ sp needed
  82 0042 80BD     		pop	{r7, pc}
  83              		.cfi_endproc
  84              	.LFE562:
  85              		.size	WaitOneUnit, .-WaitOneUnit
  86              		.text
  87              	.Letext0:
  88              		.file 2 "c:\\program files (x86)\\cypress\\psoc creator\\4.2\\psoc creator\\import\\gnu\\arm\\5.4.
  89              		.file 3 "c:\\program files (x86)\\cypress\\psoc creator\\4.2\\psoc creator\\import\\gnu\\arm\\5.4.
  90              		.file 4 "Generated_Source\\PSoC6\\pdl\\drivers/peripheral/device/cy_device.h"
  91              		.file 5 "Generated_Source\\PSoC6\\pdl\\drivers/peripheral/sar/cy_sar.h"
  92              		.file 6 "Generated_Source\\PSoC6\\pdl\\drivers/peripheral/scb/cy_scb_i2c.h"
  93              		.file 7 "Generated_Source\\PSoC6\\pdl\\drivers/peripheral/scb/cy_scb_uart.h"
  94              		.file 8 "Generated_Source\\PSoC6/ADC.h"
  95              		.file 9 "Generated_Source\\PSoC6\\pdl\\cmsis/include/core_cm4.h"
  96              		.file 10 "Generated_Source\\PSoC6/UART.h"
  97              		.file 11 "Generated_Source\\PSoC6/mI2C.h"
  98              		.section	.debug_info,"",%progbits
  99              	.Ldebug_info0:
 100 0000 BA090000 		.4byte	0x9ba
 101 0004 0400     		.2byte	0x4
 102 0006 00000000 		.4byte	.Ldebug_abbrev0
 103 000a 04       		.byte	0x4
 104 000b 01       		.uleb128 0x1
 105 000c 12000000 		.4byte	.LASF189
 106 0010 0C       		.byte	0xc
 107 0011 B6060000 		.4byte	.LASF190
 108 0015 5B040000 		.4byte	.LASF191
 109 0019 00000000 		.4byte	.Ldebug_ranges0+0
 110 001d 00000000 		.4byte	0
 111 0021 00000000 		.4byte	.Ldebug_line0
 112 0025 02       		.uleb128 0x2
 113 0026 01       		.byte	0x1
 114 0027 06       		.byte	0x6
 115 0028 9B020000 		.4byte	.LASF0
 116 002c 03       		.uleb128 0x3
 117 002d 53010000 		.4byte	.LASF2
 118 0031 02       		.byte	0x2
 119 0032 1D       		.byte	0x1d
 120 0033 37000000 		.4byte	0x37
 121 0037 02       		.uleb128 0x2
 122 0038 01       		.byte	0x1
 123 0039 08       		.byte	0x8
 124 003a 5A080000 		.4byte	.LASF1
 125 003e 03       		.uleb128 0x3
 126 003f C7040000 		.4byte	.LASF3
 127 0043 02       		.byte	0x2
 128 0044 29       		.byte	0x29
 129 0045 49000000 		.4byte	0x49
 130 0049 02       		.uleb128 0x2
 131 004a 02       		.byte	0x2
 132 004b 05       		.byte	0x5
 133 004c B2080000 		.4byte	.LASF4
 134 0050 03       		.uleb128 0x3
ARM GAS  C:\Users\stijn\AppData\Local\Temp\ccUKNWPE.s 			page 4


 135 0051 D3090000 		.4byte	.LASF5
 136 0055 02       		.byte	0x2
 137 0056 2B       		.byte	0x2b
 138 0057 5B000000 		.4byte	0x5b
 139 005b 02       		.uleb128 0x2
 140 005c 02       		.byte	0x2
 141 005d 07       		.byte	0x7
 142 005e 17040000 		.4byte	.LASF6
 143 0062 03       		.uleb128 0x3
 144 0063 F1090000 		.4byte	.LASF7
 145 0067 02       		.byte	0x2
 146 0068 3F       		.byte	0x3f
 147 0069 6D000000 		.4byte	0x6d
 148 006d 02       		.uleb128 0x2
 149 006e 04       		.byte	0x4
 150 006f 05       		.byte	0x5
 151 0070 5F030000 		.4byte	.LASF8
 152 0074 03       		.uleb128 0x3
 153 0075 50040000 		.4byte	.LASF9
 154 0079 02       		.byte	0x2
 155 007a 41       		.byte	0x41
 156 007b 7F000000 		.4byte	0x7f
 157 007f 02       		.uleb128 0x2
 158 0080 04       		.byte	0x4
 159 0081 07       		.byte	0x7
 160 0082 8D050000 		.4byte	.LASF10
 161 0086 02       		.uleb128 0x2
 162 0087 08       		.byte	0x8
 163 0088 05       		.byte	0x5
 164 0089 8D020000 		.4byte	.LASF11
 165 008d 02       		.uleb128 0x2
 166 008e 08       		.byte	0x8
 167 008f 07       		.byte	0x7
 168 0090 C8010000 		.4byte	.LASF12
 169 0094 04       		.uleb128 0x4
 170 0095 04       		.byte	0x4
 171 0096 05       		.byte	0x5
 172 0097 696E7400 		.ascii	"int\000"
 173 009b 02       		.uleb128 0x2
 174 009c 04       		.byte	0x4
 175 009d 07       		.byte	0x7
 176 009e 35050000 		.4byte	.LASF13
 177 00a2 03       		.uleb128 0x3
 178 00a3 240B0000 		.4byte	.LASF14
 179 00a7 03       		.byte	0x3
 180 00a8 18       		.byte	0x18
 181 00a9 2C000000 		.4byte	0x2c
 182 00ad 03       		.uleb128 0x3
 183 00ae 71020000 		.4byte	.LASF15
 184 00b2 03       		.byte	0x3
 185 00b3 20       		.byte	0x20
 186 00b4 3E000000 		.4byte	0x3e
 187 00b8 03       		.uleb128 0x3
 188 00b9 C3030000 		.4byte	.LASF16
 189 00bd 03       		.byte	0x3
 190 00be 24       		.byte	0x24
 191 00bf 50000000 		.4byte	0x50
ARM GAS  C:\Users\stijn\AppData\Local\Temp\ccUKNWPE.s 			page 5


 192 00c3 03       		.uleb128 0x3
 193 00c4 52080000 		.4byte	.LASF17
 194 00c8 03       		.byte	0x3
 195 00c9 2C       		.byte	0x2c
 196 00ca 62000000 		.4byte	0x62
 197 00ce 03       		.uleb128 0x3
 198 00cf F00B0000 		.4byte	.LASF18
 199 00d3 03       		.byte	0x3
 200 00d4 30       		.byte	0x30
 201 00d5 74000000 		.4byte	0x74
 202 00d9 02       		.uleb128 0x2
 203 00da 04       		.byte	0x4
 204 00db 07       		.byte	0x7
 205 00dc F7060000 		.4byte	.LASF19
 206 00e0 05       		.uleb128 0x5
 207 00e1 CE000000 		.4byte	0xce
 208 00e5 02       		.uleb128 0x2
 209 00e6 08       		.byte	0x8
 210 00e7 04       		.byte	0x4
 211 00e8 9F090000 		.4byte	.LASF20
 212 00ec 06       		.uleb128 0x6
 213 00ed B8       		.byte	0xb8
 214 00ee 04       		.byte	0x4
 215 00ef 34       		.byte	0x34
 216 00f0 FD040000 		.4byte	0x4fd
 217 00f4 07       		.uleb128 0x7
 218 00f5 91010000 		.4byte	.LASF21
 219 00f9 04       		.byte	0x4
 220 00fa 37       		.byte	0x37
 221 00fb CE000000 		.4byte	0xce
 222 00ff 00       		.byte	0
 223 0100 07       		.uleb128 0x7
 224 0101 45040000 		.4byte	.LASF22
 225 0105 04       		.byte	0x4
 226 0106 38       		.byte	0x38
 227 0107 CE000000 		.4byte	0xce
 228 010b 04       		.byte	0x4
 229 010c 07       		.uleb128 0x7
 230 010d 91030000 		.4byte	.LASF23
 231 0111 04       		.byte	0x4
 232 0112 39       		.byte	0x39
 233 0113 CE000000 		.4byte	0xce
 234 0117 08       		.byte	0x8
 235 0118 07       		.uleb128 0x7
 236 0119 2B080000 		.4byte	.LASF24
 237 011d 04       		.byte	0x4
 238 011e 3A       		.byte	0x3a
 239 011f CE000000 		.4byte	0xce
 240 0123 0C       		.byte	0xc
 241 0124 07       		.uleb128 0x7
 242 0125 97060000 		.4byte	.LASF25
 243 0129 04       		.byte	0x4
 244 012a 3B       		.byte	0x3b
 245 012b CE000000 		.4byte	0xce
 246 012f 10       		.byte	0x10
 247 0130 07       		.uleb128 0x7
 248 0131 19030000 		.4byte	.LASF26
ARM GAS  C:\Users\stijn\AppData\Local\Temp\ccUKNWPE.s 			page 6


 249 0135 04       		.byte	0x4
 250 0136 3C       		.byte	0x3c
 251 0137 CE000000 		.4byte	0xce
 252 013b 14       		.byte	0x14
 253 013c 07       		.uleb128 0x7
 254 013d 6F0A0000 		.4byte	.LASF27
 255 0141 04       		.byte	0x4
 256 0142 3D       		.byte	0x3d
 257 0143 CE000000 		.4byte	0xce
 258 0147 18       		.byte	0x18
 259 0148 07       		.uleb128 0x7
 260 0149 2E010000 		.4byte	.LASF28
 261 014d 04       		.byte	0x4
 262 014e 3E       		.byte	0x3e
 263 014f CE000000 		.4byte	0xce
 264 0153 1C       		.byte	0x1c
 265 0154 07       		.uleb128 0x7
 266 0155 AD0B0000 		.4byte	.LASF29
 267 0159 04       		.byte	0x4
 268 015a 3F       		.byte	0x3f
 269 015b CE000000 		.4byte	0xce
 270 015f 20       		.byte	0x20
 271 0160 07       		.uleb128 0x7
 272 0161 D4060000 		.4byte	.LASF30
 273 0165 04       		.byte	0x4
 274 0166 40       		.byte	0x40
 275 0167 CE000000 		.4byte	0xce
 276 016b 24       		.byte	0x24
 277 016c 07       		.uleb128 0x7
 278 016d E30B0000 		.4byte	.LASF31
 279 0171 04       		.byte	0x4
 280 0172 43       		.byte	0x43
 281 0173 A2000000 		.4byte	0xa2
 282 0177 28       		.byte	0x28
 283 0178 07       		.uleb128 0x7
 284 0179 14010000 		.4byte	.LASF32
 285 017d 04       		.byte	0x4
 286 017e 44       		.byte	0x44
 287 017f A2000000 		.4byte	0xa2
 288 0183 29       		.byte	0x29
 289 0184 07       		.uleb128 0x7
 290 0185 A30B0000 		.4byte	.LASF33
 291 0189 04       		.byte	0x4
 292 018a 45       		.byte	0x45
 293 018b A2000000 		.4byte	0xa2
 294 018f 2A       		.byte	0x2a
 295 0190 07       		.uleb128 0x7
 296 0191 8D070000 		.4byte	.LASF34
 297 0195 04       		.byte	0x4
 298 0196 46       		.byte	0x46
 299 0197 A2000000 		.4byte	0xa2
 300 019b 2B       		.byte	0x2b
 301 019c 07       		.uleb128 0x7
 302 019d 64060000 		.4byte	.LASF35
 303 01a1 04       		.byte	0x4
 304 01a2 47       		.byte	0x47
 305 01a3 A2000000 		.4byte	0xa2
ARM GAS  C:\Users\stijn\AppData\Local\Temp\ccUKNWPE.s 			page 7


 306 01a7 2C       		.byte	0x2c
 307 01a8 07       		.uleb128 0x7
 308 01a9 FB090000 		.4byte	.LASF36
 309 01ad 04       		.byte	0x4
 310 01ae 48       		.byte	0x48
 311 01af A2000000 		.4byte	0xa2
 312 01b3 2D       		.byte	0x2d
 313 01b4 07       		.uleb128 0x7
 314 01b5 EA020000 		.4byte	.LASF37
 315 01b9 04       		.byte	0x4
 316 01ba 49       		.byte	0x49
 317 01bb A2000000 		.4byte	0xa2
 318 01bf 2E       		.byte	0x2e
 319 01c0 07       		.uleb128 0x7
 320 01c1 C4070000 		.4byte	.LASF38
 321 01c5 04       		.byte	0x4
 322 01c6 4A       		.byte	0x4a
 323 01c7 A2000000 		.4byte	0xa2
 324 01cb 2F       		.byte	0x2f
 325 01cc 07       		.uleb128 0x7
 326 01cd 5F050000 		.4byte	.LASF39
 327 01d1 04       		.byte	0x4
 328 01d2 4B       		.byte	0x4b
 329 01d3 A2000000 		.4byte	0xa2
 330 01d7 30       		.byte	0x30
 331 01d8 07       		.uleb128 0x7
 332 01d9 E0050000 		.4byte	.LASF40
 333 01dd 04       		.byte	0x4
 334 01de 4E       		.byte	0x4e
 335 01df A2000000 		.4byte	0xa2
 336 01e3 31       		.byte	0x31
 337 01e4 07       		.uleb128 0x7
 338 01e5 45010000 		.4byte	.LASF41
 339 01e9 04       		.byte	0x4
 340 01ea 4F       		.byte	0x4f
 341 01eb A2000000 		.4byte	0xa2
 342 01ef 32       		.byte	0x32
 343 01f0 07       		.uleb128 0x7
 344 01f1 EB050000 		.4byte	.LASF42
 345 01f5 04       		.byte	0x4
 346 01f6 50       		.byte	0x50
 347 01f7 A2000000 		.4byte	0xa2
 348 01fb 33       		.byte	0x33
 349 01fc 07       		.uleb128 0x7
 350 01fd 69010000 		.4byte	.LASF43
 351 0201 04       		.byte	0x4
 352 0202 51       		.byte	0x51
 353 0203 A2000000 		.4byte	0xa2
 354 0207 34       		.byte	0x34
 355 0208 07       		.uleb128 0x7
 356 0209 620A0000 		.4byte	.LASF44
 357 020d 04       		.byte	0x4
 358 020e 52       		.byte	0x52
 359 020f AD000000 		.4byte	0xad
 360 0213 36       		.byte	0x36
 361 0214 07       		.uleb128 0x7
 362 0215 62090000 		.4byte	.LASF45
ARM GAS  C:\Users\stijn\AppData\Local\Temp\ccUKNWPE.s 			page 8


 363 0219 04       		.byte	0x4
 364 021a 53       		.byte	0x53
 365 021b AD000000 		.4byte	0xad
 366 021f 38       		.byte	0x38
 367 0220 07       		.uleb128 0x7
 368 0221 DF0A0000 		.4byte	.LASF46
 369 0225 04       		.byte	0x4
 370 0226 54       		.byte	0x54
 371 0227 AD000000 		.4byte	0xad
 372 022b 3A       		.byte	0x3a
 373 022c 07       		.uleb128 0x7
 374 022d 0A030000 		.4byte	.LASF47
 375 0231 04       		.byte	0x4
 376 0232 55       		.byte	0x55
 377 0233 A2000000 		.4byte	0xa2
 378 0237 3C       		.byte	0x3c
 379 0238 07       		.uleb128 0x7
 380 0239 E8030000 		.4byte	.LASF48
 381 023d 04       		.byte	0x4
 382 023e 56       		.byte	0x56
 383 023f A2000000 		.4byte	0xa2
 384 0243 3D       		.byte	0x3d
 385 0244 07       		.uleb128 0x7
 386 0245 C00A0000 		.4byte	.LASF49
 387 0249 04       		.byte	0x4
 388 024a 57       		.byte	0x57
 389 024b A2000000 		.4byte	0xa2
 390 024f 3E       		.byte	0x3e
 391 0250 07       		.uleb128 0x7
 392 0251 22010000 		.4byte	.LASF50
 393 0255 04       		.byte	0x4
 394 0256 58       		.byte	0x58
 395 0257 A2000000 		.4byte	0xa2
 396 025b 3F       		.byte	0x3f
 397 025c 07       		.uleb128 0x7
 398 025d 9B070000 		.4byte	.LASF51
 399 0261 04       		.byte	0x4
 400 0262 59       		.byte	0x59
 401 0263 A2000000 		.4byte	0xa2
 402 0267 40       		.byte	0x40
 403 0268 07       		.uleb128 0x7
 404 0269 AB040000 		.4byte	.LASF52
 405 026d 04       		.byte	0x4
 406 026e 5A       		.byte	0x5a
 407 026f A2000000 		.4byte	0xa2
 408 0273 41       		.byte	0x41
 409 0274 07       		.uleb128 0x7
 410 0275 3F070000 		.4byte	.LASF53
 411 0279 04       		.byte	0x4
 412 027a 5B       		.byte	0x5b
 413 027b A2000000 		.4byte	0xa2
 414 027f 42       		.byte	0x42
 415 0280 07       		.uleb128 0x7
 416 0281 79070000 		.4byte	.LASF54
 417 0285 04       		.byte	0x4
 418 0286 5C       		.byte	0x5c
 419 0287 A2000000 		.4byte	0xa2
ARM GAS  C:\Users\stijn\AppData\Local\Temp\ccUKNWPE.s 			page 9


 420 028b 43       		.byte	0x43
 421 028c 07       		.uleb128 0x7
 422 028d 9A030000 		.4byte	.LASF55
 423 0291 04       		.byte	0x4
 424 0292 5D       		.byte	0x5d
 425 0293 A2000000 		.4byte	0xa2
 426 0297 44       		.byte	0x44
 427 0298 07       		.uleb128 0x7
 428 0299 00000000 		.4byte	.LASF56
 429 029d 04       		.byte	0x4
 430 029e 5E       		.byte	0x5e
 431 029f CE000000 		.4byte	0xce
 432 02a3 48       		.byte	0x48
 433 02a4 07       		.uleb128 0x7
 434 02a5 83030000 		.4byte	.LASF57
 435 02a9 04       		.byte	0x4
 436 02aa 5F       		.byte	0x5f
 437 02ab CE000000 		.4byte	0xce
 438 02af 4C       		.byte	0x4c
 439 02b0 07       		.uleb128 0x7
 440 02b1 F90B0000 		.4byte	.LASF58
 441 02b5 04       		.byte	0x4
 442 02b6 60       		.byte	0x60
 443 02b7 A2000000 		.4byte	0xa2
 444 02bb 50       		.byte	0x50
 445 02bc 07       		.uleb128 0x7
 446 02bd 22020000 		.4byte	.LASF59
 447 02c1 04       		.byte	0x4
 448 02c2 61       		.byte	0x61
 449 02c3 A2000000 		.4byte	0xa2
 450 02c7 51       		.byte	0x51
 451 02c8 07       		.uleb128 0x7
 452 02c9 090B0000 		.4byte	.LASF60
 453 02cd 04       		.byte	0x4
 454 02ce 62       		.byte	0x62
 455 02cf A2000000 		.4byte	0xa2
 456 02d3 52       		.byte	0x52
 457 02d4 07       		.uleb128 0x7
 458 02d5 080A0000 		.4byte	.LASF61
 459 02d9 04       		.byte	0x4
 460 02da 63       		.byte	0x63
 461 02db A2000000 		.4byte	0xa2
 462 02df 53       		.byte	0x53
 463 02e0 07       		.uleb128 0x7
 464 02e1 52090000 		.4byte	.LASF62
 465 02e5 04       		.byte	0x4
 466 02e6 64       		.byte	0x64
 467 02e7 A2000000 		.4byte	0xa2
 468 02eb 54       		.byte	0x54
 469 02ec 07       		.uleb128 0x7
 470 02ed 5D020000 		.4byte	.LASF63
 471 02f1 04       		.byte	0x4
 472 02f2 65       		.byte	0x65
 473 02f3 A2000000 		.4byte	0xa2
 474 02f7 55       		.byte	0x55
 475 02f8 07       		.uleb128 0x7
 476 02f9 B0090000 		.4byte	.LASF64
ARM GAS  C:\Users\stijn\AppData\Local\Temp\ccUKNWPE.s 			page 10


 477 02fd 04       		.byte	0x4
 478 02fe 66       		.byte	0x66
 479 02ff A2000000 		.4byte	0xa2
 480 0303 56       		.byte	0x56
 481 0304 07       		.uleb128 0x7
 482 0305 F7050000 		.4byte	.LASF65
 483 0309 04       		.byte	0x4
 484 030a 67       		.byte	0x67
 485 030b A2000000 		.4byte	0xa2
 486 030f 57       		.byte	0x57
 487 0310 07       		.uleb128 0x7
 488 0311 CF000000 		.4byte	.LASF66
 489 0315 04       		.byte	0x4
 490 0316 68       		.byte	0x68
 491 0317 A2000000 		.4byte	0xa2
 492 031b 58       		.byte	0x58
 493 031c 07       		.uleb128 0x7
 494 031d 68080000 		.4byte	.LASF67
 495 0321 04       		.byte	0x4
 496 0322 69       		.byte	0x69
 497 0323 A2000000 		.4byte	0xa2
 498 0327 59       		.byte	0x59
 499 0328 07       		.uleb128 0x7
 500 0329 00070000 		.4byte	.LASF68
 501 032d 04       		.byte	0x4
 502 032e 6E       		.byte	0x6e
 503 032f B8000000 		.4byte	0xb8
 504 0333 5A       		.byte	0x5a
 505 0334 07       		.uleb128 0x7
 506 0335 410A0000 		.4byte	.LASF69
 507 0339 04       		.byte	0x4
 508 033a 6F       		.byte	0x6f
 509 033b B8000000 		.4byte	0xb8
 510 033f 5C       		.byte	0x5c
 511 0340 07       		.uleb128 0x7
 512 0341 9B010000 		.4byte	.LASF70
 513 0345 04       		.byte	0x4
 514 0346 70       		.byte	0x70
 515 0347 A2000000 		.4byte	0xa2
 516 034b 5E       		.byte	0x5e
 517 034c 07       		.uleb128 0x7
 518 034d FD070000 		.4byte	.LASF71
 519 0351 04       		.byte	0x4
 520 0352 71       		.byte	0x71
 521 0353 A2000000 		.4byte	0xa2
 522 0357 5F       		.byte	0x5f
 523 0358 07       		.uleb128 0x7
 524 0359 68070000 		.4byte	.LASF72
 525 035d 04       		.byte	0x4
 526 035e 72       		.byte	0x72
 527 035f A2000000 		.4byte	0xa2
 528 0363 60       		.byte	0x60
 529 0364 07       		.uleb128 0x7
 530 0365 D6070000 		.4byte	.LASF73
 531 0369 04       		.byte	0x4
 532 036a 73       		.byte	0x73
 533 036b CE000000 		.4byte	0xce
ARM GAS  C:\Users\stijn\AppData\Local\Temp\ccUKNWPE.s 			page 11


 534 036f 64       		.byte	0x64
 535 0370 07       		.uleb128 0x7
 536 0371 DF010000 		.4byte	.LASF74
 537 0375 04       		.byte	0x4
 538 0376 76       		.byte	0x76
 539 0377 B8000000 		.4byte	0xb8
 540 037b 68       		.byte	0x68
 541 037c 07       		.uleb128 0x7
 542 037d 7B050000 		.4byte	.LASF75
 543 0381 04       		.byte	0x4
 544 0382 77       		.byte	0x77
 545 0383 B8000000 		.4byte	0xb8
 546 0387 6A       		.byte	0x6a
 547 0388 07       		.uleb128 0x7
 548 0389 22060000 		.4byte	.LASF76
 549 038d 04       		.byte	0x4
 550 038e 78       		.byte	0x78
 551 038f B8000000 		.4byte	0xb8
 552 0393 6C       		.byte	0x6c
 553 0394 07       		.uleb128 0x7
 554 0395 6D090000 		.4byte	.LASF77
 555 0399 04       		.byte	0x4
 556 039a 79       		.byte	0x79
 557 039b B8000000 		.4byte	0xb8
 558 039f 6E       		.byte	0x6e
 559 03a0 07       		.uleb128 0x7
 560 03a1 F6080000 		.4byte	.LASF78
 561 03a5 04       		.byte	0x4
 562 03a6 7B       		.byte	0x7b
 563 03a7 A2000000 		.4byte	0xa2
 564 03ab 70       		.byte	0x70
 565 03ac 07       		.uleb128 0x7
 566 03ad A7020000 		.4byte	.LASF79
 567 03b1 04       		.byte	0x4
 568 03b2 7C       		.byte	0x7c
 569 03b3 A2000000 		.4byte	0xa2
 570 03b7 71       		.byte	0x71
 571 03b8 07       		.uleb128 0x7
 572 03b9 B50B0000 		.4byte	.LASF80
 573 03bd 04       		.byte	0x4
 574 03be 7D       		.byte	0x7d
 575 03bf A2000000 		.4byte	0xa2
 576 03c3 72       		.byte	0x72
 577 03c4 07       		.uleb128 0x7
 578 03c5 28070000 		.4byte	.LASF81
 579 03c9 04       		.byte	0x4
 580 03ca 7E       		.byte	0x7e
 581 03cb A2000000 		.4byte	0xa2
 582 03cf 73       		.byte	0x73
 583 03d0 07       		.uleb128 0x7
 584 03d1 05040000 		.4byte	.LASF82
 585 03d5 04       		.byte	0x4
 586 03d6 80       		.byte	0x80
 587 03d7 B8000000 		.4byte	0xb8
 588 03db 74       		.byte	0x74
 589 03dc 07       		.uleb128 0x7
 590 03dd DE090000 		.4byte	.LASF83
ARM GAS  C:\Users\stijn\AppData\Local\Temp\ccUKNWPE.s 			page 12


 591 03e1 04       		.byte	0x4
 592 03e2 81       		.byte	0x81
 593 03e3 B8000000 		.4byte	0xb8
 594 03e7 76       		.byte	0x76
 595 03e8 07       		.uleb128 0x7
 596 03e9 D3030000 		.4byte	.LASF84
 597 03ed 04       		.byte	0x4
 598 03ee 82       		.byte	0x82
 599 03ef B8000000 		.4byte	0xb8
 600 03f3 78       		.byte	0x78
 601 03f4 07       		.uleb128 0x7
 602 03f5 9D080000 		.4byte	.LASF85
 603 03f9 04       		.byte	0x4
 604 03fa 83       		.byte	0x83
 605 03fb B8000000 		.4byte	0xb8
 606 03ff 7A       		.byte	0x7a
 607 0400 07       		.uleb128 0x7
 608 0401 410B0000 		.4byte	.LASF86
 609 0405 04       		.byte	0x4
 610 0406 86       		.byte	0x86
 611 0407 A2000000 		.4byte	0xa2
 612 040b 7C       		.byte	0x7c
 613 040c 07       		.uleb128 0x7
 614 040d 53060000 		.4byte	.LASF87
 615 0411 04       		.byte	0x4
 616 0412 87       		.byte	0x87
 617 0413 A2000000 		.4byte	0xa2
 618 0417 7D       		.byte	0x7d
 619 0418 07       		.uleb128 0x7
 620 0419 E3000000 		.4byte	.LASF88
 621 041d 04       		.byte	0x4
 622 041e 88       		.byte	0x88
 623 041f A2000000 		.4byte	0xa2
 624 0423 7E       		.byte	0x7e
 625 0424 07       		.uleb128 0x7
 626 0425 2A040000 		.4byte	.LASF89
 627 0429 04       		.byte	0x4
 628 042a 89       		.byte	0x89
 629 042b A2000000 		.4byte	0xa2
 630 042f 7F       		.byte	0x7f
 631 0430 07       		.uleb128 0x7
 632 0431 0C050000 		.4byte	.LASF90
 633 0435 04       		.byte	0x4
 634 0436 8A       		.byte	0x8a
 635 0437 A2000000 		.4byte	0xa2
 636 043b 80       		.byte	0x80
 637 043c 07       		.uleb128 0x7
 638 043d BD060000 		.4byte	.LASF91
 639 0441 04       		.byte	0x4
 640 0442 8D       		.byte	0x8d
 641 0443 CE000000 		.4byte	0xce
 642 0447 84       		.byte	0x84
 643 0448 07       		.uleb128 0x7
 644 0449 7A010000 		.4byte	.LASF92
 645 044d 04       		.byte	0x4
 646 044e 8E       		.byte	0x8e
 647 044f CE000000 		.4byte	0xce
ARM GAS  C:\Users\stijn\AppData\Local\Temp\ccUKNWPE.s 			page 13


 648 0453 88       		.byte	0x88
 649 0454 07       		.uleb128 0x7
 650 0455 2C0B0000 		.4byte	.LASF93
 651 0459 04       		.byte	0x4
 652 045a 8F       		.byte	0x8f
 653 045b CE000000 		.4byte	0xce
 654 045f 8C       		.byte	0x8c
 655 0460 07       		.uleb128 0x7
 656 0461 20050000 		.4byte	.LASF94
 657 0465 04       		.byte	0x4
 658 0466 90       		.byte	0x90
 659 0467 CE000000 		.4byte	0xce
 660 046b 90       		.byte	0x90
 661 046c 07       		.uleb128 0x7
 662 046d DF040000 		.4byte	.LASF95
 663 0471 04       		.byte	0x4
 664 0472 91       		.byte	0x91
 665 0473 CE000000 		.4byte	0xce
 666 0477 94       		.byte	0x94
 667 0478 07       		.uleb128 0x7
 668 0479 A0060000 		.4byte	.LASF96
 669 047d 04       		.byte	0x4
 670 047e 92       		.byte	0x92
 671 047f CE000000 		.4byte	0xce
 672 0483 98       		.byte	0x98
 673 0484 07       		.uleb128 0x7
 674 0485 CF080000 		.4byte	.LASF97
 675 0489 04       		.byte	0x4
 676 048a 93       		.byte	0x93
 677 048b CE000000 		.4byte	0xce
 678 048f 9C       		.byte	0x9c
 679 0490 07       		.uleb128 0x7
 680 0491 F9010000 		.4byte	.LASF98
 681 0495 04       		.byte	0x4
 682 0496 94       		.byte	0x94
 683 0497 CE000000 		.4byte	0xce
 684 049b A0       		.byte	0xa0
 685 049c 07       		.uleb128 0x7
 686 049d F5020000 		.4byte	.LASF99
 687 04a1 04       		.byte	0x4
 688 04a2 95       		.byte	0x95
 689 04a3 B8000000 		.4byte	0xb8
 690 04a7 A4       		.byte	0xa4
 691 04a8 07       		.uleb128 0x7
 692 04a9 F40A0000 		.4byte	.LASF100
 693 04ad 04       		.byte	0x4
 694 04ae 96       		.byte	0x96
 695 04af B8000000 		.4byte	0xb8
 696 04b3 A6       		.byte	0xa6
 697 04b4 07       		.uleb128 0x7
 698 04b5 F1070000 		.4byte	.LASF101
 699 04b9 04       		.byte	0x4
 700 04ba 97       		.byte	0x97
 701 04bb B8000000 		.4byte	0xb8
 702 04bf A8       		.byte	0xa8
 703 04c0 07       		.uleb128 0x7
 704 04c1 B6070000 		.4byte	.LASF102
ARM GAS  C:\Users\stijn\AppData\Local\Temp\ccUKNWPE.s 			page 14


 705 04c5 04       		.byte	0x4
 706 04c6 98       		.byte	0x98
 707 04c7 B8000000 		.4byte	0xb8
 708 04cb AA       		.byte	0xaa
 709 04cc 07       		.uleb128 0x7
 710 04cd 31060000 		.4byte	.LASF103
 711 04d1 04       		.byte	0x4
 712 04d2 99       		.byte	0x99
 713 04d3 B8000000 		.4byte	0xb8
 714 04d7 AC       		.byte	0xac
 715 04d8 07       		.uleb128 0x7
 716 04d9 37010000 		.4byte	.LASF104
 717 04dd 04       		.byte	0x4
 718 04de 9A       		.byte	0x9a
 719 04df B8000000 		.4byte	0xb8
 720 04e3 AE       		.byte	0xae
 721 04e4 07       		.uleb128 0x7
 722 04e5 4A0A0000 		.4byte	.LASF105
 723 04e9 04       		.byte	0x4
 724 04ea 9D       		.byte	0x9d
 725 04eb B8000000 		.4byte	0xb8
 726 04ef B0       		.byte	0xb0
 727 04f0 07       		.uleb128 0x7
 728 04f1 89080000 		.4byte	.LASF106
 729 04f5 04       		.byte	0x4
 730 04f6 9E       		.byte	0x9e
 731 04f7 CE000000 		.4byte	0xce
 732 04fb B4       		.byte	0xb4
 733 04fc 00       		.byte	0
 734 04fd 03       		.uleb128 0x3
 735 04fe 7C060000 		.4byte	.LASF107
 736 0502 04       		.byte	0x4
 737 0503 9F       		.byte	0x9f
 738 0504 EC000000 		.4byte	0xec
 739 0508 02       		.uleb128 0x2
 740 0509 01       		.byte	0x1
 741 050a 08       		.byte	0x8
 742 050b AB090000 		.4byte	.LASF108
 743 050f 02       		.uleb128 0x2
 744 0510 04       		.byte	0x4
 745 0511 04       		.byte	0x4
 746 0512 D0070000 		.4byte	.LASF109
 747 0516 02       		.uleb128 0x2
 748 0517 08       		.byte	0x8
 749 0518 04       		.byte	0x4
 750 0519 CC030000 		.4byte	.LASF110
 751 051d 08       		.uleb128 0x8
 752 051e 04       		.byte	0x4
 753 051f CE000000 		.4byte	0xce
 754 0523 09       		.uleb128 0x9
 755 0524 04       		.byte	0x4
 756 0525 02       		.uleb128 0x2
 757 0526 01       		.byte	0x1
 758 0527 02       		.byte	0x2
 759 0528 4C080000 		.4byte	.LASF111
 760 052c 0A       		.uleb128 0xa
 761 052d 01       		.byte	0x1
ARM GAS  C:\Users\stijn\AppData\Local\Temp\ccUKNWPE.s 			page 15


 762 052e 37000000 		.4byte	0x37
 763 0532 05       		.byte	0x5
 764 0533 1304     		.2byte	0x413
 765 0535 52050000 		.4byte	0x552
 766 0539 0B       		.uleb128 0xb
 767 053a 23030000 		.4byte	.LASF112
 768 053e 00       		.byte	0
 769 053f 0B       		.uleb128 0xb
 770 0540 33080000 		.4byte	.LASF113
 771 0544 01       		.byte	0x1
 772 0545 0B       		.uleb128 0xb
 773 0546 AB030000 		.4byte	.LASF114
 774 054a 02       		.byte	0x2
 775 054b 0B       		.uleb128 0xb
 776 054c 560B0000 		.4byte	.LASF115
 777 0550 03       		.byte	0x3
 778 0551 00       		.byte	0
 779 0552 0C       		.uleb128 0xc
 780 0553 BC020000 		.4byte	.LASF116
 781 0557 05       		.byte	0x5
 782 0558 1804     		.2byte	0x418
 783 055a 2C050000 		.4byte	0x52c
 784 055e 0D       		.uleb128 0xd
 785 055f 78       		.byte	0x78
 786 0560 05       		.byte	0x5
 787 0561 0205     		.2byte	0x502
 788 0563 2B060000 		.4byte	0x62b
 789 0567 0E       		.uleb128 0xe
 790 0568 DA040000 		.4byte	.LASF117
 791 056c 05       		.byte	0x5
 792 056d 0405     		.2byte	0x504
 793 056f CE000000 		.4byte	0xce
 794 0573 00       		.byte	0
 795 0574 0E       		.uleb128 0xe
 796 0575 190B0000 		.4byte	.LASF118
 797 0579 05       		.byte	0x5
 798 057a 0505     		.2byte	0x505
 799 057c CE000000 		.4byte	0xce
 800 0580 04       		.byte	0x4
 801 0581 0E       		.uleb128 0xe
 802 0582 15060000 		.4byte	.LASF119
 803 0586 05       		.byte	0x5
 804 0587 0605     		.2byte	0x506
 805 0589 CE000000 		.4byte	0xce
 806 058d 08       		.byte	0x8
 807 058e 0E       		.uleb128 0xe
 808 058f 1B070000 		.4byte	.LASF120
 809 0593 05       		.byte	0x5
 810 0594 0705     		.2byte	0x507
 811 0596 CE000000 		.4byte	0xce
 812 059a 0C       		.byte	0xc
 813 059b 0E       		.uleb128 0xe
 814 059c 3F060000 		.4byte	.LASF121
 815 05a0 05       		.byte	0x5
 816 05a1 0805     		.2byte	0x508
 817 05a3 CE000000 		.4byte	0xce
 818 05a7 10       		.byte	0x10
ARM GAS  C:\Users\stijn\AppData\Local\Temp\ccUKNWPE.s 			page 16


 819 05a8 0E       		.uleb128 0xe
 820 05a9 CE0A0000 		.4byte	.LASF122
 821 05ad 05       		.byte	0x5
 822 05ae 0905     		.2byte	0x509
 823 05b0 52050000 		.4byte	0x552
 824 05b4 14       		.byte	0x14
 825 05b5 0E       		.uleb128 0xe
 826 05b6 24080000 		.4byte	.LASF123
 827 05ba 05       		.byte	0x5
 828 05bb 0A05     		.2byte	0x50a
 829 05bd CE000000 		.4byte	0xce
 830 05c1 18       		.byte	0x18
 831 05c2 0E       		.uleb128 0xe
 832 05c3 8C060000 		.4byte	.LASF124
 833 05c7 05       		.byte	0x5
 834 05c8 0B05     		.2byte	0x50b
 835 05ca 2B060000 		.4byte	0x62b
 836 05ce 1C       		.byte	0x1c
 837 05cf 0E       		.uleb128 0xe
 838 05d0 C6080000 		.4byte	.LASF125
 839 05d4 05       		.byte	0x5
 840 05d5 0C05     		.2byte	0x50c
 841 05d7 CE000000 		.4byte	0xce
 842 05db 5C       		.byte	0x5c
 843 05dc 0E       		.uleb128 0xe
 844 05dd AA010000 		.4byte	.LASF126
 845 05e1 05       		.byte	0x5
 846 05e2 0D05     		.2byte	0x50d
 847 05e4 CE000000 		.4byte	0xce
 848 05e8 60       		.byte	0x60
 849 05e9 0E       		.uleb128 0xe
 850 05ea A8070000 		.4byte	.LASF127
 851 05ee 05       		.byte	0x5
 852 05ef 0E05     		.2byte	0x50e
 853 05f1 CE000000 		.4byte	0xce
 854 05f5 64       		.byte	0x64
 855 05f6 0E       		.uleb128 0xe
 856 05f7 BC080000 		.4byte	.LASF128
 857 05fb 05       		.byte	0x5
 858 05fc 0F05     		.2byte	0x50f
 859 05fe CE000000 		.4byte	0xce
 860 0602 68       		.byte	0x68
 861 0603 0E       		.uleb128 0xe
 862 0604 930B0000 		.4byte	.LASF129
 863 0608 05       		.byte	0x5
 864 0609 1005     		.2byte	0x510
 865 060b CE000000 		.4byte	0xce
 866 060f 6C       		.byte	0x6c
 867 0610 0E       		.uleb128 0xe
 868 0611 4B070000 		.4byte	.LASF130
 869 0615 05       		.byte	0x5
 870 0616 1105     		.2byte	0x511
 871 0618 25050000 		.4byte	0x525
 872 061c 70       		.byte	0x70
 873 061d 0E       		.uleb128 0xe
 874 061e 93090000 		.4byte	.LASF131
 875 0622 05       		.byte	0x5
ARM GAS  C:\Users\stijn\AppData\Local\Temp\ccUKNWPE.s 			page 17


 876 0623 1205     		.2byte	0x512
 877 0625 CE000000 		.4byte	0xce
 878 0629 74       		.byte	0x74
 879 062a 00       		.byte	0
 880 062b 0F       		.uleb128 0xf
 881 062c CE000000 		.4byte	0xce
 882 0630 3B060000 		.4byte	0x63b
 883 0634 10       		.uleb128 0x10
 884 0635 D9000000 		.4byte	0xd9
 885 0639 0F       		.byte	0xf
 886 063a 00       		.byte	0
 887 063b 0C       		.uleb128 0xc
 888 063c 79020000 		.4byte	.LASF132
 889 0640 05       		.byte	0x5
 890 0641 1305     		.2byte	0x513
 891 0643 5E050000 		.4byte	0x55e
 892 0647 0A       		.uleb128 0xa
 893 0648 01       		.byte	0x1
 894 0649 37000000 		.4byte	0x37
 895 064d 06       		.byte	0x6
 896 064e 2402     		.2byte	0x224
 897 0650 61060000 		.4byte	0x661
 898 0654 0B       		.uleb128 0xb
 899 0655 59070000 		.4byte	.LASF133
 900 0659 00       		.byte	0
 901 065a 0B       		.uleb128 0xb
 902 065b 74030000 		.4byte	.LASF134
 903 065f 01       		.byte	0x1
 904 0660 00       		.byte	0
 905 0661 0C       		.uleb128 0xc
 906 0662 DF060000 		.4byte	.LASF135
 907 0666 06       		.byte	0x6
 908 0667 2702     		.2byte	0x227
 909 0669 47060000 		.4byte	0x647
 910 066d 0C       		.uleb128 0xc
 911 066e 41030000 		.4byte	.LASF136
 912 0672 06       		.byte	0x6
 913 0673 3902     		.2byte	0x239
 914 0675 79060000 		.4byte	0x679
 915 0679 08       		.uleb128 0x8
 916 067a 04       		.byte	0x4
 917 067b 7F060000 		.4byte	0x67f
 918 067f 11       		.uleb128 0x11
 919 0680 8A060000 		.4byte	0x68a
 920 0684 12       		.uleb128 0x12
 921 0685 CE000000 		.4byte	0xce
 922 0689 00       		.byte	0
 923 068a 0C       		.uleb128 0xc
 924 068b 16090000 		.4byte	.LASF137
 925 068f 06       		.byte	0x6
 926 0690 4402     		.2byte	0x244
 927 0692 96060000 		.4byte	0x696
 928 0696 08       		.uleb128 0x8
 929 0697 04       		.byte	0x4
 930 0698 9C060000 		.4byte	0x69c
 931 069c 13       		.uleb128 0x13
 932 069d 61060000 		.4byte	0x661
ARM GAS  C:\Users\stijn\AppData\Local\Temp\ccUKNWPE.s 			page 18


 933 06a1 AB060000 		.4byte	0x6ab
 934 06a5 12       		.uleb128 0x12
 935 06a6 CE000000 		.4byte	0xce
 936 06aa 00       		.byte	0
 937 06ab 14       		.uleb128 0x14
 938 06ac 46020000 		.4byte	.LASF161
 939 06b0 4C       		.byte	0x4c
 940 06b1 06       		.byte	0x6
 941 06b2 C302     		.2byte	0x2c3
 942 06b4 CA070000 		.4byte	0x7ca
 943 06b8 0E       		.uleb128 0xe
 944 06b9 580A0000 		.4byte	.LASF138
 945 06bd 06       		.byte	0x6
 946 06be C602     		.2byte	0x2c6
 947 06c0 25050000 		.4byte	0x525
 948 06c4 00       		.byte	0
 949 06c5 0E       		.uleb128 0xe
 950 06c6 0B060000 		.4byte	.LASF139
 951 06ca 06       		.byte	0x6
 952 06cb C702     		.2byte	0x2c7
 953 06cd 25050000 		.4byte	0x525
 954 06d1 01       		.byte	0x1
 955 06d2 0E       		.uleb128 0xe
 956 06d3 3B030000 		.4byte	.LASF140
 957 06d7 06       		.byte	0x6
 958 06d8 C902     		.2byte	0x2c9
 959 06da E0000000 		.4byte	0xe0
 960 06de 04       		.byte	0x4
 961 06df 0E       		.uleb128 0xe
 962 06e0 0F020000 		.4byte	.LASF141
 963 06e4 06       		.byte	0x6
 964 06e5 CB02     		.2byte	0x2cb
 965 06e7 E0000000 		.4byte	0xe0
 966 06eb 08       		.byte	0x8
 967 06ec 0E       		.uleb128 0xe
 968 06ed 0A090000 		.4byte	.LASF142
 969 06f1 06       		.byte	0x6
 970 06f2 CC02     		.2byte	0x2cc
 971 06f4 25050000 		.4byte	0x525
 972 06f8 0C       		.byte	0xc
 973 06f9 0E       		.uleb128 0xe
 974 06fa 68030000 		.4byte	.LASF143
 975 06fe 06       		.byte	0x6
 976 06ff CD02     		.2byte	0x2cd
 977 0701 25050000 		.4byte	0x525
 978 0705 0D       		.byte	0xd
 979 0706 0E       		.uleb128 0xe
 980 0707 07010000 		.4byte	.LASF144
 981 070b 06       		.byte	0x6
 982 070c CF02     		.2byte	0x2cf
 983 070e CA070000 		.4byte	0x7ca
 984 0712 10       		.byte	0x10
 985 0713 0E       		.uleb128 0xe
 986 0714 E5080000 		.4byte	.LASF145
 987 0718 06       		.byte	0x6
 988 0719 D002     		.2byte	0x2d0
 989 071b CE000000 		.4byte	0xce
ARM GAS  C:\Users\stijn\AppData\Local\Temp\ccUKNWPE.s 			page 19


 990 071f 14       		.byte	0x14
 991 0720 0E       		.uleb128 0xe
 992 0721 0B070000 		.4byte	.LASF146
 993 0725 06       		.byte	0x6
 994 0726 D102     		.2byte	0x2d1
 995 0728 E0000000 		.4byte	0xe0
 996 072c 18       		.byte	0x18
 997 072d 0E       		.uleb128 0xe
 998 072e 32090000 		.4byte	.LASF147
 999 0732 06       		.byte	0x6
 1000 0733 D202     		.2byte	0x2d2
 1001 0735 E0000000 		.4byte	0xe0
 1002 0739 1C       		.byte	0x1c
 1003 073a 0E       		.uleb128 0xe
 1004 073b 5D010000 		.4byte	.LASF148
 1005 073f 06       		.byte	0x6
 1006 0740 D402     		.2byte	0x2d4
 1007 0742 E0000000 		.4byte	0xe0
 1008 0746 20       		.byte	0x20
 1009 0747 0E       		.uleb128 0xe
 1010 0748 6B050000 		.4byte	.LASF149
 1011 074c 06       		.byte	0x6
 1012 074d D502     		.2byte	0x2d5
 1013 074f D0070000 		.4byte	0x7d0
 1014 0753 24       		.byte	0x24
 1015 0754 0E       		.uleb128 0xe
 1016 0755 860A0000 		.4byte	.LASF150
 1017 0759 06       		.byte	0x6
 1018 075a D702     		.2byte	0x2d7
 1019 075c CA070000 		.4byte	0x7ca
 1020 0760 28       		.byte	0x28
 1021 0761 0E       		.uleb128 0xe
 1022 0762 940A0000 		.4byte	.LASF151
 1023 0766 06       		.byte	0x6
 1024 0767 D802     		.2byte	0x2d8
 1025 0769 CE000000 		.4byte	0xce
 1026 076d 2C       		.byte	0x2c
 1027 076e 0E       		.uleb128 0xe
 1028 076f 4E050000 		.4byte	.LASF152
 1029 0773 06       		.byte	0x6
 1030 0774 D902     		.2byte	0x2d9
 1031 0776 E0000000 		.4byte	0xe0
 1032 077a 30       		.byte	0x30
 1033 077b 0E       		.uleb128 0xe
 1034 077c 41090000 		.4byte	.LASF153
 1035 0780 06       		.byte	0x6
 1036 0781 DA02     		.2byte	0x2da
 1037 0783 E0000000 		.4byte	0xe0
 1038 0787 34       		.byte	0x34
 1039 0788 0E       		.uleb128 0xe
 1040 0789 FE040000 		.4byte	.LASF154
 1041 078d 06       		.byte	0x6
 1042 078e DC02     		.2byte	0x2dc
 1043 0790 CA070000 		.4byte	0x7ca
 1044 0794 38       		.byte	0x38
 1045 0795 0E       		.uleb128 0xe
 1046 0796 34020000 		.4byte	.LASF155
ARM GAS  C:\Users\stijn\AppData\Local\Temp\ccUKNWPE.s 			page 20


 1047 079a 06       		.byte	0x6
 1048 079b DD02     		.2byte	0x2dd
 1049 079d CE000000 		.4byte	0xce
 1050 07a1 3C       		.byte	0x3c
 1051 07a2 0E       		.uleb128 0xe
 1052 07a3 F6000000 		.4byte	.LASF156
 1053 07a7 06       		.byte	0x6
 1054 07a8 DE02     		.2byte	0x2de
 1055 07aa E0000000 		.4byte	0xe0
 1056 07ae 40       		.byte	0x40
 1057 07af 0E       		.uleb128 0xe
 1058 07b0 4A060000 		.4byte	.LASF157
 1059 07b4 06       		.byte	0x6
 1060 07b5 E402     		.2byte	0x2e4
 1061 07b7 6D060000 		.4byte	0x66d
 1062 07bb 44       		.byte	0x44
 1063 07bc 0E       		.uleb128 0xe
 1064 07bd 3E040000 		.4byte	.LASF158
 1065 07c1 06       		.byte	0x6
 1066 07c2 EB02     		.2byte	0x2eb
 1067 07c4 8A060000 		.4byte	0x68a
 1068 07c8 48       		.byte	0x48
 1069 07c9 00       		.byte	0
 1070 07ca 08       		.uleb128 0x8
 1071 07cb 04       		.byte	0x4
 1072 07cc A2000000 		.4byte	0xa2
 1073 07d0 05       		.uleb128 0x5
 1074 07d1 25050000 		.4byte	0x525
 1075 07d5 0C       		.uleb128 0xc
 1076 07d6 7A090000 		.4byte	.LASF159
 1077 07da 06       		.byte	0x6
 1078 07db EE02     		.2byte	0x2ee
 1079 07dd AB060000 		.4byte	0x6ab
 1080 07e1 0C       		.uleb128 0xc
 1081 07e2 AC050000 		.4byte	.LASF160
 1082 07e6 07       		.byte	0x7
 1083 07e7 D901     		.2byte	0x1d9
 1084 07e9 79060000 		.4byte	0x679
 1085 07ed 14       		.uleb128 0x14
 1086 07ee CB0B0000 		.4byte	.LASF162
 1087 07f2 38       		.byte	0x38
 1088 07f3 07       		.byte	0x7
 1089 07f4 7502     		.2byte	0x275
 1090 07f6 B1080000 		.4byte	0x8b1
 1091 07fa 0E       		.uleb128 0xe
 1092 07fb 8A0B0000 		.4byte	.LASF163
 1093 07ff 07       		.byte	0x7
 1094 0800 7802     		.2byte	0x278
 1095 0802 E0000000 		.4byte	0xe0
 1096 0806 00       		.byte	0
 1097 0807 0E       		.uleb128 0xe
 1098 0808 84070000 		.4byte	.LASF164
 1099 080c 07       		.byte	0x7
 1100 080d 7902     		.2byte	0x279
 1101 080f E0000000 		.4byte	0xe0
 1102 0813 04       		.byte	0x4
 1103 0814 0E       		.uleb128 0xe
ARM GAS  C:\Users\stijn\AppData\Local\Temp\ccUKNWPE.s 			page 21


 1104 0815 EF010000 		.4byte	.LASF165
 1105 0819 07       		.byte	0x7
 1106 081a 7B02     		.2byte	0x27b
 1107 081c 23050000 		.4byte	0x523
 1108 0820 08       		.byte	0x8
 1109 0821 0E       		.uleb128 0xe
 1110 0822 280A0000 		.4byte	.LASF166
 1111 0826 07       		.byte	0x7
 1112 0827 7C02     		.2byte	0x27c
 1113 0829 CE000000 		.4byte	0xce
 1114 082d 0C       		.byte	0xc
 1115 082e 0E       		.uleb128 0xe
 1116 082f 1A0A0000 		.4byte	.LASF167
 1117 0833 07       		.byte	0x7
 1118 0834 7D02     		.2byte	0x27d
 1119 0836 E0000000 		.4byte	0xe0
 1120 083a 10       		.byte	0x10
 1121 083b 0E       		.uleb128 0xe
 1122 083c 700B0000 		.4byte	.LASF168
 1123 0840 07       		.byte	0x7
 1124 0841 7E02     		.2byte	0x27e
 1125 0843 E0000000 		.4byte	0xe0
 1126 0847 14       		.byte	0x14
 1127 0848 0E       		.uleb128 0xe
 1128 0849 800A0000 		.4byte	.LASF169
 1129 084d 07       		.byte	0x7
 1130 084e 8002     		.2byte	0x280
 1131 0850 23050000 		.4byte	0x523
 1132 0854 18       		.byte	0x18
 1133 0855 0E       		.uleb128 0xe
 1134 0856 C5000000 		.4byte	.LASF170
 1135 085a 07       		.byte	0x7
 1136 085b 8102     		.2byte	0x281
 1137 085d CE000000 		.4byte	0xce
 1138 0861 1C       		.byte	0x1c
 1139 0862 0E       		.uleb128 0xe
 1140 0863 D1040000 		.4byte	.LASF171
 1141 0867 07       		.byte	0x7
 1142 0868 8202     		.2byte	0x282
 1143 086a E0000000 		.4byte	0xe0
 1144 086e 20       		.byte	0x20
 1145 086f 0E       		.uleb128 0xe
 1146 0870 1C020000 		.4byte	.LASF172
 1147 0874 07       		.byte	0x7
 1148 0875 8402     		.2byte	0x284
 1149 0877 23050000 		.4byte	0x523
 1150 087b 24       		.byte	0x24
 1151 087c 0E       		.uleb128 0xe
 1152 087d F4040000 		.4byte	.LASF173
 1153 0881 07       		.byte	0x7
 1154 0882 8502     		.2byte	0x285
 1155 0884 CE000000 		.4byte	0xce
 1156 0888 28       		.byte	0x28
 1157 0889 0E       		.uleb128 0xe
 1158 088a 13080000 		.4byte	.LASF174
 1159 088e 07       		.byte	0x7
 1160 088f 8602     		.2byte	0x286
ARM GAS  C:\Users\stijn\AppData\Local\Temp\ccUKNWPE.s 			page 22


 1161 0891 E0000000 		.4byte	0xe0
 1162 0895 2C       		.byte	0x2c
 1163 0896 0E       		.uleb128 0xe
 1164 0897 4A060000 		.4byte	.LASF157
 1165 089b 07       		.byte	0x7
 1166 089c 8B02     		.2byte	0x28b
 1167 089e E1070000 		.4byte	0x7e1
 1168 08a2 30       		.byte	0x30
 1169 08a3 0E       		.uleb128 0xe
 1170 08a4 780A0000 		.4byte	.LASF175
 1171 08a8 07       		.byte	0x7
 1172 08a9 8E02     		.2byte	0x28e
 1173 08ab CE000000 		.4byte	0xce
 1174 08af 34       		.byte	0x34
 1175 08b0 00       		.byte	0
 1176 08b1 0C       		.uleb128 0xc
 1177 08b2 A60A0000 		.4byte	.LASF176
 1178 08b6 07       		.byte	0x7
 1179 08b7 9102     		.2byte	0x291
 1180 08b9 ED070000 		.4byte	0x7ed
 1181 08bd 06       		.uleb128 0x6
 1182 08be 14       		.byte	0x14
 1183 08bf 08       		.byte	0x8
 1184 08c0 3B       		.byte	0x3b
 1185 08c1 02090000 		.4byte	0x902
 1186 08c5 07       		.uleb128 0x7
 1187 08c6 7E0B0000 		.4byte	.LASF177
 1188 08ca 08       		.byte	0x8
 1189 08cb 3D       		.byte	0x3d
 1190 08cc CE000000 		.4byte	0xce
 1191 08d0 00       		.byte	0
 1192 08d1 07       		.uleb128 0x7
 1193 08d2 70060000 		.4byte	.LASF178
 1194 08d6 08       		.byte	0x8
 1195 08d7 3E       		.byte	0x3e
 1196 08d8 CE000000 		.4byte	0xce
 1197 08dc 04       		.byte	0x4
 1198 08dd 07       		.uleb128 0x7
 1199 08de BB040000 		.4byte	.LASF179
 1200 08e2 08       		.byte	0x8
 1201 08e3 3F       		.byte	0x3f
 1202 08e4 02090000 		.4byte	0x902
 1203 08e8 08       		.byte	0x8
 1204 08e9 07       		.uleb128 0x7
 1205 08ea 360A0000 		.4byte	.LASF180
 1206 08ee 08       		.byte	0x8
 1207 08ef 40       		.byte	0x40
 1208 08f0 CE000000 		.4byte	0xce
 1209 08f4 0C       		.byte	0xc
 1210 08f5 07       		.uleb128 0x7
 1211 08f6 DF020000 		.4byte	.LASF181
 1212 08fa 08       		.byte	0x8
 1213 08fb 45       		.byte	0x45
 1214 08fc CE000000 		.4byte	0xce
 1215 0900 10       		.byte	0x10
 1216 0901 00       		.byte	0
 1217 0902 08       		.uleb128 0x8
ARM GAS  C:\Users\stijn\AppData\Local\Temp\ccUKNWPE.s 			page 23


 1218 0903 04       		.byte	0x4
 1219 0904 08090000 		.4byte	0x908
 1220 0908 15       		.uleb128 0x15
 1221 0909 3B060000 		.4byte	0x63b
 1222 090d 03       		.uleb128 0x3
 1223 090e F3030000 		.4byte	.LASF182
 1224 0912 08       		.byte	0x8
 1225 0913 48       		.byte	0x48
 1226 0914 BD080000 		.4byte	0x8bd
 1227 0918 16       		.uleb128 0x16
 1228 0919 42050000 		.4byte	.LASF192
 1229 091d 01       		.byte	0x1
 1230 091e 18       		.byte	0x18
 1231 091f 25050000 		.4byte	0x525
 1232 0923 00000000 		.4byte	.LFB562
 1233 0927 44000000 		.4byte	.LFE562-.LFB562
 1234 092b 01       		.uleb128 0x1
 1235 092c 9C       		.byte	0x9c
 1236 092d 4E090000 		.4byte	0x94e
 1237 0931 17       		.uleb128 0x17
 1238 0932 CB050000 		.4byte	.LASF193
 1239 0936 01       		.byte	0x1
 1240 0937 18       		.byte	0x18
 1241 0938 1D050000 		.4byte	0x51d
 1242 093c 02       		.uleb128 0x2
 1243 093d 91       		.byte	0x91
 1244 093e 6C       		.sleb128 -20
 1245 093f 18       		.uleb128 0x18
 1246 0940 D80A0000 		.4byte	.LASF194
 1247 0944 01       		.byte	0x1
 1248 0945 19       		.byte	0x19
 1249 0946 CE000000 		.4byte	0xce
 1250 094a 02       		.uleb128 0x2
 1251 094b 91       		.byte	0x91
 1252 094c 74       		.sleb128 -12
 1253 094d 00       		.byte	0
 1254 094e 19       		.uleb128 0x19
 1255 094f 7C080000 		.4byte	.LASF183
 1256 0953 09       		.byte	0x9
 1257 0954 F907     		.2byte	0x7f9
 1258 0956 5A090000 		.4byte	0x95a
 1259 095a 05       		.uleb128 0x5
 1260 095b C3000000 		.4byte	0xc3
 1261 095f 1A       		.uleb128 0x1a
 1262 0960 E7070000 		.4byte	.LASF184
 1263 0964 04       		.byte	0x4
 1264 0965 A7       		.byte	0xa7
 1265 0966 6A090000 		.4byte	0x96a
 1266 096a 08       		.uleb128 0x8
 1267 096b 04       		.byte	0x4
 1268 096c 70090000 		.4byte	0x970
 1269 0970 15       		.uleb128 0x15
 1270 0971 FD040000 		.4byte	0x4fd
 1271 0975 1A       		.uleb128 0x1a
 1272 0976 D3050000 		.4byte	.LASF185
 1273 097a 0A       		.byte	0xa
 1274 097b 87       		.byte	0x87
ARM GAS  C:\Users\stijn\AppData\Local\Temp\ccUKNWPE.s 			page 24


 1275 097c B1080000 		.4byte	0x8b1
 1276 0980 19       		.uleb128 0x19
 1277 0981 B6010000 		.4byte	.LASF186
 1278 0985 08       		.byte	0x8
 1279 0986 6001     		.2byte	0x160
 1280 0988 CE000000 		.4byte	0xce
 1281 098c 0F       		.uleb128 0xf
 1282 098d 9C090000 		.4byte	0x99c
 1283 0991 9C090000 		.4byte	0x99c
 1284 0995 10       		.uleb128 0x10
 1285 0996 D9000000 		.4byte	0xd9
 1286 099a 00       		.byte	0
 1287 099b 00       		.byte	0
 1288 099c 15       		.uleb128 0x15
 1289 099d 0D090000 		.4byte	0x90d
 1290 09a1 19       		.uleb128 0x19
 1291 09a2 C4090000 		.4byte	.LASF187
 1292 09a6 08       		.byte	0x8
 1293 09a7 6401     		.2byte	0x164
 1294 09a9 AD090000 		.4byte	0x9ad
 1295 09ad 15       		.uleb128 0x15
 1296 09ae 8C090000 		.4byte	0x98c
 1297 09b2 1A       		.uleb128 0x1a
 1298 09b3 9F050000 		.4byte	.LASF188
 1299 09b7 0B       		.byte	0xb
 1300 09b8 7F       		.byte	0x7f
 1301 09b9 D5070000 		.4byte	0x7d5
 1302 09bd 00       		.byte	0
 1303              		.section	.debug_abbrev,"",%progbits
 1304              	.Ldebug_abbrev0:
 1305 0000 01       		.uleb128 0x1
 1306 0001 11       		.uleb128 0x11
 1307 0002 01       		.byte	0x1
 1308 0003 25       		.uleb128 0x25
 1309 0004 0E       		.uleb128 0xe
 1310 0005 13       		.uleb128 0x13
 1311 0006 0B       		.uleb128 0xb
 1312 0007 03       		.uleb128 0x3
 1313 0008 0E       		.uleb128 0xe
 1314 0009 1B       		.uleb128 0x1b
 1315 000a 0E       		.uleb128 0xe
 1316 000b 55       		.uleb128 0x55
 1317 000c 17       		.uleb128 0x17
 1318 000d 11       		.uleb128 0x11
 1319 000e 01       		.uleb128 0x1
 1320 000f 10       		.uleb128 0x10
 1321 0010 17       		.uleb128 0x17
 1322 0011 00       		.byte	0
 1323 0012 00       		.byte	0
 1324 0013 02       		.uleb128 0x2
 1325 0014 24       		.uleb128 0x24
 1326 0015 00       		.byte	0
 1327 0016 0B       		.uleb128 0xb
 1328 0017 0B       		.uleb128 0xb
 1329 0018 3E       		.uleb128 0x3e
 1330 0019 0B       		.uleb128 0xb
 1331 001a 03       		.uleb128 0x3
ARM GAS  C:\Users\stijn\AppData\Local\Temp\ccUKNWPE.s 			page 25


 1332 001b 0E       		.uleb128 0xe
 1333 001c 00       		.byte	0
 1334 001d 00       		.byte	0
 1335 001e 03       		.uleb128 0x3
 1336 001f 16       		.uleb128 0x16
 1337 0020 00       		.byte	0
 1338 0021 03       		.uleb128 0x3
 1339 0022 0E       		.uleb128 0xe
 1340 0023 3A       		.uleb128 0x3a
 1341 0024 0B       		.uleb128 0xb
 1342 0025 3B       		.uleb128 0x3b
 1343 0026 0B       		.uleb128 0xb
 1344 0027 49       		.uleb128 0x49
 1345 0028 13       		.uleb128 0x13
 1346 0029 00       		.byte	0
 1347 002a 00       		.byte	0
 1348 002b 04       		.uleb128 0x4
 1349 002c 24       		.uleb128 0x24
 1350 002d 00       		.byte	0
 1351 002e 0B       		.uleb128 0xb
 1352 002f 0B       		.uleb128 0xb
 1353 0030 3E       		.uleb128 0x3e
 1354 0031 0B       		.uleb128 0xb
 1355 0032 03       		.uleb128 0x3
 1356 0033 08       		.uleb128 0x8
 1357 0034 00       		.byte	0
 1358 0035 00       		.byte	0
 1359 0036 05       		.uleb128 0x5
 1360 0037 35       		.uleb128 0x35
 1361 0038 00       		.byte	0
 1362 0039 49       		.uleb128 0x49
 1363 003a 13       		.uleb128 0x13
 1364 003b 00       		.byte	0
 1365 003c 00       		.byte	0
 1366 003d 06       		.uleb128 0x6
 1367 003e 13       		.uleb128 0x13
 1368 003f 01       		.byte	0x1
 1369 0040 0B       		.uleb128 0xb
 1370 0041 0B       		.uleb128 0xb
 1371 0042 3A       		.uleb128 0x3a
 1372 0043 0B       		.uleb128 0xb
 1373 0044 3B       		.uleb128 0x3b
 1374 0045 0B       		.uleb128 0xb
 1375 0046 01       		.uleb128 0x1
 1376 0047 13       		.uleb128 0x13
 1377 0048 00       		.byte	0
 1378 0049 00       		.byte	0
 1379 004a 07       		.uleb128 0x7
 1380 004b 0D       		.uleb128 0xd
 1381 004c 00       		.byte	0
 1382 004d 03       		.uleb128 0x3
 1383 004e 0E       		.uleb128 0xe
 1384 004f 3A       		.uleb128 0x3a
 1385 0050 0B       		.uleb128 0xb
 1386 0051 3B       		.uleb128 0x3b
 1387 0052 0B       		.uleb128 0xb
 1388 0053 49       		.uleb128 0x49
ARM GAS  C:\Users\stijn\AppData\Local\Temp\ccUKNWPE.s 			page 26


 1389 0054 13       		.uleb128 0x13
 1390 0055 38       		.uleb128 0x38
 1391 0056 0B       		.uleb128 0xb
 1392 0057 00       		.byte	0
 1393 0058 00       		.byte	0
 1394 0059 08       		.uleb128 0x8
 1395 005a 0F       		.uleb128 0xf
 1396 005b 00       		.byte	0
 1397 005c 0B       		.uleb128 0xb
 1398 005d 0B       		.uleb128 0xb
 1399 005e 49       		.uleb128 0x49
 1400 005f 13       		.uleb128 0x13
 1401 0060 00       		.byte	0
 1402 0061 00       		.byte	0
 1403 0062 09       		.uleb128 0x9
 1404 0063 0F       		.uleb128 0xf
 1405 0064 00       		.byte	0
 1406 0065 0B       		.uleb128 0xb
 1407 0066 0B       		.uleb128 0xb
 1408 0067 00       		.byte	0
 1409 0068 00       		.byte	0
 1410 0069 0A       		.uleb128 0xa
 1411 006a 04       		.uleb128 0x4
 1412 006b 01       		.byte	0x1
 1413 006c 0B       		.uleb128 0xb
 1414 006d 0B       		.uleb128 0xb
 1415 006e 49       		.uleb128 0x49
 1416 006f 13       		.uleb128 0x13
 1417 0070 3A       		.uleb128 0x3a
 1418 0071 0B       		.uleb128 0xb
 1419 0072 3B       		.uleb128 0x3b
 1420 0073 05       		.uleb128 0x5
 1421 0074 01       		.uleb128 0x1
 1422 0075 13       		.uleb128 0x13
 1423 0076 00       		.byte	0
 1424 0077 00       		.byte	0
 1425 0078 0B       		.uleb128 0xb
 1426 0079 28       		.uleb128 0x28
 1427 007a 00       		.byte	0
 1428 007b 03       		.uleb128 0x3
 1429 007c 0E       		.uleb128 0xe
 1430 007d 1C       		.uleb128 0x1c
 1431 007e 0B       		.uleb128 0xb
 1432 007f 00       		.byte	0
 1433 0080 00       		.byte	0
 1434 0081 0C       		.uleb128 0xc
 1435 0082 16       		.uleb128 0x16
 1436 0083 00       		.byte	0
 1437 0084 03       		.uleb128 0x3
 1438 0085 0E       		.uleb128 0xe
 1439 0086 3A       		.uleb128 0x3a
 1440 0087 0B       		.uleb128 0xb
 1441 0088 3B       		.uleb128 0x3b
 1442 0089 05       		.uleb128 0x5
 1443 008a 49       		.uleb128 0x49
 1444 008b 13       		.uleb128 0x13
 1445 008c 00       		.byte	0
ARM GAS  C:\Users\stijn\AppData\Local\Temp\ccUKNWPE.s 			page 27


 1446 008d 00       		.byte	0
 1447 008e 0D       		.uleb128 0xd
 1448 008f 13       		.uleb128 0x13
 1449 0090 01       		.byte	0x1
 1450 0091 0B       		.uleb128 0xb
 1451 0092 0B       		.uleb128 0xb
 1452 0093 3A       		.uleb128 0x3a
 1453 0094 0B       		.uleb128 0xb
 1454 0095 3B       		.uleb128 0x3b
 1455 0096 05       		.uleb128 0x5
 1456 0097 01       		.uleb128 0x1
 1457 0098 13       		.uleb128 0x13
 1458 0099 00       		.byte	0
 1459 009a 00       		.byte	0
 1460 009b 0E       		.uleb128 0xe
 1461 009c 0D       		.uleb128 0xd
 1462 009d 00       		.byte	0
 1463 009e 03       		.uleb128 0x3
 1464 009f 0E       		.uleb128 0xe
 1465 00a0 3A       		.uleb128 0x3a
 1466 00a1 0B       		.uleb128 0xb
 1467 00a2 3B       		.uleb128 0x3b
 1468 00a3 05       		.uleb128 0x5
 1469 00a4 49       		.uleb128 0x49
 1470 00a5 13       		.uleb128 0x13
 1471 00a6 38       		.uleb128 0x38
 1472 00a7 0B       		.uleb128 0xb
 1473 00a8 00       		.byte	0
 1474 00a9 00       		.byte	0
 1475 00aa 0F       		.uleb128 0xf
 1476 00ab 01       		.uleb128 0x1
 1477 00ac 01       		.byte	0x1
 1478 00ad 49       		.uleb128 0x49
 1479 00ae 13       		.uleb128 0x13
 1480 00af 01       		.uleb128 0x1
 1481 00b0 13       		.uleb128 0x13
 1482 00b1 00       		.byte	0
 1483 00b2 00       		.byte	0
 1484 00b3 10       		.uleb128 0x10
 1485 00b4 21       		.uleb128 0x21
 1486 00b5 00       		.byte	0
 1487 00b6 49       		.uleb128 0x49
 1488 00b7 13       		.uleb128 0x13
 1489 00b8 2F       		.uleb128 0x2f
 1490 00b9 0B       		.uleb128 0xb
 1491 00ba 00       		.byte	0
 1492 00bb 00       		.byte	0
 1493 00bc 11       		.uleb128 0x11
 1494 00bd 15       		.uleb128 0x15
 1495 00be 01       		.byte	0x1
 1496 00bf 27       		.uleb128 0x27
 1497 00c0 19       		.uleb128 0x19
 1498 00c1 01       		.uleb128 0x1
 1499 00c2 13       		.uleb128 0x13
 1500 00c3 00       		.byte	0
 1501 00c4 00       		.byte	0
 1502 00c5 12       		.uleb128 0x12
ARM GAS  C:\Users\stijn\AppData\Local\Temp\ccUKNWPE.s 			page 28


 1503 00c6 05       		.uleb128 0x5
 1504 00c7 00       		.byte	0
 1505 00c8 49       		.uleb128 0x49
 1506 00c9 13       		.uleb128 0x13
 1507 00ca 00       		.byte	0
 1508 00cb 00       		.byte	0
 1509 00cc 13       		.uleb128 0x13
 1510 00cd 15       		.uleb128 0x15
 1511 00ce 01       		.byte	0x1
 1512 00cf 27       		.uleb128 0x27
 1513 00d0 19       		.uleb128 0x19
 1514 00d1 49       		.uleb128 0x49
 1515 00d2 13       		.uleb128 0x13
 1516 00d3 01       		.uleb128 0x1
 1517 00d4 13       		.uleb128 0x13
 1518 00d5 00       		.byte	0
 1519 00d6 00       		.byte	0
 1520 00d7 14       		.uleb128 0x14
 1521 00d8 13       		.uleb128 0x13
 1522 00d9 01       		.byte	0x1
 1523 00da 03       		.uleb128 0x3
 1524 00db 0E       		.uleb128 0xe
 1525 00dc 0B       		.uleb128 0xb
 1526 00dd 0B       		.uleb128 0xb
 1527 00de 3A       		.uleb128 0x3a
 1528 00df 0B       		.uleb128 0xb
 1529 00e0 3B       		.uleb128 0x3b
 1530 00e1 05       		.uleb128 0x5
 1531 00e2 01       		.uleb128 0x1
 1532 00e3 13       		.uleb128 0x13
 1533 00e4 00       		.byte	0
 1534 00e5 00       		.byte	0
 1535 00e6 15       		.uleb128 0x15
 1536 00e7 26       		.uleb128 0x26
 1537 00e8 00       		.byte	0
 1538 00e9 49       		.uleb128 0x49
 1539 00ea 13       		.uleb128 0x13
 1540 00eb 00       		.byte	0
 1541 00ec 00       		.byte	0
 1542 00ed 16       		.uleb128 0x16
 1543 00ee 2E       		.uleb128 0x2e
 1544 00ef 01       		.byte	0x1
 1545 00f0 3F       		.uleb128 0x3f
 1546 00f1 19       		.uleb128 0x19
 1547 00f2 03       		.uleb128 0x3
 1548 00f3 0E       		.uleb128 0xe
 1549 00f4 3A       		.uleb128 0x3a
 1550 00f5 0B       		.uleb128 0xb
 1551 00f6 3B       		.uleb128 0x3b
 1552 00f7 0B       		.uleb128 0xb
 1553 00f8 27       		.uleb128 0x27
 1554 00f9 19       		.uleb128 0x19
 1555 00fa 49       		.uleb128 0x49
 1556 00fb 13       		.uleb128 0x13
 1557 00fc 11       		.uleb128 0x11
 1558 00fd 01       		.uleb128 0x1
 1559 00fe 12       		.uleb128 0x12
ARM GAS  C:\Users\stijn\AppData\Local\Temp\ccUKNWPE.s 			page 29


 1560 00ff 06       		.uleb128 0x6
 1561 0100 40       		.uleb128 0x40
 1562 0101 18       		.uleb128 0x18
 1563 0102 9642     		.uleb128 0x2116
 1564 0104 19       		.uleb128 0x19
 1565 0105 01       		.uleb128 0x1
 1566 0106 13       		.uleb128 0x13
 1567 0107 00       		.byte	0
 1568 0108 00       		.byte	0
 1569 0109 17       		.uleb128 0x17
 1570 010a 05       		.uleb128 0x5
 1571 010b 00       		.byte	0
 1572 010c 03       		.uleb128 0x3
 1573 010d 0E       		.uleb128 0xe
 1574 010e 3A       		.uleb128 0x3a
 1575 010f 0B       		.uleb128 0xb
 1576 0110 3B       		.uleb128 0x3b
 1577 0111 0B       		.uleb128 0xb
 1578 0112 49       		.uleb128 0x49
 1579 0113 13       		.uleb128 0x13
 1580 0114 02       		.uleb128 0x2
 1581 0115 18       		.uleb128 0x18
 1582 0116 00       		.byte	0
 1583 0117 00       		.byte	0
 1584 0118 18       		.uleb128 0x18
 1585 0119 34       		.uleb128 0x34
 1586 011a 00       		.byte	0
 1587 011b 03       		.uleb128 0x3
 1588 011c 0E       		.uleb128 0xe
 1589 011d 3A       		.uleb128 0x3a
 1590 011e 0B       		.uleb128 0xb
 1591 011f 3B       		.uleb128 0x3b
 1592 0120 0B       		.uleb128 0xb
 1593 0121 49       		.uleb128 0x49
 1594 0122 13       		.uleb128 0x13
 1595 0123 02       		.uleb128 0x2
 1596 0124 18       		.uleb128 0x18
 1597 0125 00       		.byte	0
 1598 0126 00       		.byte	0
 1599 0127 19       		.uleb128 0x19
 1600 0128 34       		.uleb128 0x34
 1601 0129 00       		.byte	0
 1602 012a 03       		.uleb128 0x3
 1603 012b 0E       		.uleb128 0xe
 1604 012c 3A       		.uleb128 0x3a
 1605 012d 0B       		.uleb128 0xb
 1606 012e 3B       		.uleb128 0x3b
 1607 012f 05       		.uleb128 0x5
 1608 0130 49       		.uleb128 0x49
 1609 0131 13       		.uleb128 0x13
 1610 0132 3F       		.uleb128 0x3f
 1611 0133 19       		.uleb128 0x19
 1612 0134 3C       		.uleb128 0x3c
 1613 0135 19       		.uleb128 0x19
 1614 0136 00       		.byte	0
 1615 0137 00       		.byte	0
 1616 0138 1A       		.uleb128 0x1a
ARM GAS  C:\Users\stijn\AppData\Local\Temp\ccUKNWPE.s 			page 30


 1617 0139 34       		.uleb128 0x34
 1618 013a 00       		.byte	0
 1619 013b 03       		.uleb128 0x3
 1620 013c 0E       		.uleb128 0xe
 1621 013d 3A       		.uleb128 0x3a
 1622 013e 0B       		.uleb128 0xb
 1623 013f 3B       		.uleb128 0x3b
 1624 0140 0B       		.uleb128 0xb
 1625 0141 49       		.uleb128 0x49
 1626 0142 13       		.uleb128 0x13
 1627 0143 3F       		.uleb128 0x3f
 1628 0144 19       		.uleb128 0x19
 1629 0145 3C       		.uleb128 0x3c
 1630 0146 19       		.uleb128 0x19
 1631 0147 00       		.byte	0
 1632 0148 00       		.byte	0
 1633 0149 00       		.byte	0
 1634              		.section	.debug_aranges,"",%progbits
 1635 0000 1C000000 		.4byte	0x1c
 1636 0004 0200     		.2byte	0x2
 1637 0006 00000000 		.4byte	.Ldebug_info0
 1638 000a 04       		.byte	0x4
 1639 000b 00       		.byte	0
 1640 000c 0000     		.2byte	0
 1641 000e 0000     		.2byte	0
 1642 0010 00000000 		.4byte	.LFB562
 1643 0014 44000000 		.4byte	.LFE562-.LFB562
 1644 0018 00000000 		.4byte	0
 1645 001c 00000000 		.4byte	0
 1646              		.section	.debug_ranges,"",%progbits
 1647              	.Ldebug_ranges0:
 1648 0000 00000000 		.4byte	.LFB562
 1649 0004 44000000 		.4byte	.LFE562
 1650 0008 00000000 		.4byte	0
 1651 000c 00000000 		.4byte	0
 1652              		.section	.debug_line,"",%progbits
 1653              	.Ldebug_line0:
 1654 0000 77020000 		.section	.debug_str,"MS",%progbits,1
 1654      02005A02 
 1654      00000201 
 1654      FB0E0D00 
 1654      01010101 
 1655              	.LASF56:
 1656 0000 70726F74 		.ascii	"protBusMasterMask\000"
 1656      4275734D 
 1656      61737465 
 1656      724D6173 
 1656      6B00
 1657              	.LASF189:
 1658 0012 474E5520 		.ascii	"GNU C11 5.4.1 20160609 (release) [ARM/embedded-5-br"
 1658      43313120 
 1658      352E342E 
 1658      31203230 
 1658      31363036 
 1659 0045 616E6368 		.ascii	"anch revision 237715] -mcpu=cortex-m4 -mfloat-abi=s"
 1659      20726576 
 1659      6973696F 
ARM GAS  C:\Users\stijn\AppData\Local\Temp\ccUKNWPE.s 			page 31


 1659      6E203233 
 1659      37373135 
 1660 0078 6F667466 		.ascii	"oftfp -mfpu=fpv4-sp-d16 -mthumb -g -O0 -ffunction-s"
 1660      70202D6D 
 1660      6670753D 
 1660      66707634 
 1660      2D73702D 
 1661 00ab 65637469 		.ascii	"ections -ffat-lto-objects\000"
 1661      6F6E7320 
 1661      2D666661 
 1661      742D6C74 
 1661      6F2D6F62 
 1662              	.LASF170:
 1663 00c5 72784275 		.ascii	"rxBufSize\000"
 1663      6653697A 
 1663      6500
 1664              	.LASF66:
 1665 00cf 666C6173 		.ascii	"flashCtlMainWs3Freq\000"
 1665      6843746C 
 1665      4D61696E 
 1665      57733346 
 1665      72657100 
 1666              	.LASF88:
 1667 00e3 6770696F 		.ascii	"gpioPrtCfgInOffset\000"
 1667      50727443 
 1667      6667496E 
 1667      4F666673 
 1667      657400
 1668              	.LASF156:
 1669 00f6 736C6176 		.ascii	"slaveRxBufferIdx\000"
 1669      65527842 
 1669      75666665 
 1669      72496478 
 1669      00
 1670              	.LASF144:
 1671 0107 6D617374 		.ascii	"masterBuffer\000"
 1671      65724275 
 1671      66666572 
 1671      00
 1672              	.LASF32:
 1673 0114 63727970 		.ascii	"cryptoVersion\000"
 1673      746F5665 
 1673      7273696F 
 1673      6E00
 1674              	.LASF50:
 1675 0122 70657269 		.ascii	"periClockNr\000"
 1675      436C6F63 
 1675      6B4E7200 
 1676              	.LASF28:
 1677 012e 70617373 		.ascii	"passBase\000"
 1677      42617365 
 1677      00
 1678              	.LASF104:
 1679 0137 63707573 		.ascii	"cpussRam2Ctl0\000"
 1679      7352616D 
 1679      3243746C 
 1679      3000
ARM GAS  C:\Users\stijn\AppData\Local\Temp\ccUKNWPE.s 			page 32


 1680              	.LASF41:
 1681 0145 63707573 		.ascii	"cpussIpcIrqNr\000"
 1681      73497063 
 1681      4972714E 
 1681      7200
 1682              	.LASF2:
 1683 0153 5F5F7569 		.ascii	"__uint8_t\000"
 1683      6E74385F 
 1683      7400
 1684              	.LASF148:
 1685 015d 736C6176 		.ascii	"slaveStatus\000"
 1685      65537461 
 1685      74757300 
 1686              	.LASF43:
 1687 0169 63707573 		.ascii	"cpussFlashPaSize\000"
 1687      73466C61 
 1687      73685061 
 1687      53697A65 
 1687      00
 1688              	.LASF92:
 1689 017a 63707573 		.ascii	"cpussCm4ClockCtlOffset\000"
 1689      73436D34 
 1689      436C6F63 
 1689      6B43746C 
 1689      4F666673 
 1690              	.LASF21:
 1691 0191 63707573 		.ascii	"cpussBase\000"
 1691      73426173 
 1691      6500
 1692              	.LASF70:
 1693 019b 64774368 		.ascii	"dwChCtlPrioPos\000"
 1693      43746C50 
 1693      72696F50 
 1693      6F7300
 1694              	.LASF126:
 1695 01aa 73617449 		.ascii	"satIntrMask\000"
 1695      6E74724D 
 1695      61736B00 
 1696              	.LASF186:
 1697 01b6 4144435F 		.ascii	"ADC_currentConfig\000"
 1697      63757272 
 1697      656E7443 
 1697      6F6E6669 
 1697      6700
 1698              	.LASF12:
 1699 01c8 6C6F6E67 		.ascii	"long long unsigned int\000"
 1699      206C6F6E 
 1699      6720756E 
 1699      7369676E 
 1699      65642069 
 1700              	.LASF74:
 1701 01df 70657269 		.ascii	"periTrCmdOffset\000"
 1701      5472436D 
 1701      644F6666 
 1701      73657400 
 1702              	.LASF165:
 1703 01ef 72785269 		.ascii	"rxRingBuf\000"
ARM GAS  C:\Users\stijn\AppData\Local\Temp\ccUKNWPE.s 			page 33


 1703      6E674275 
 1703      6600
 1704              	.LASF98:
 1705 01f9 63707573 		.ascii	"cpussSysTickCtlOffset\000"
 1705      73537973 
 1705      5469636B 
 1705      43746C4F 
 1705      66667365 
 1706              	.LASF141:
 1707 020f 6D617374 		.ascii	"masterStatus\000"
 1707      65725374 
 1707      61747573 
 1707      00
 1708              	.LASF172:
 1709 021c 74784275 		.ascii	"txBuf\000"
 1709      6600
 1710              	.LASF59:
 1711 0222 666C6173 		.ascii	"flashPipeRequired\000"
 1711      68506970 
 1711      65526571 
 1711      75697265 
 1711      6400
 1712              	.LASF155:
 1713 0234 736C6176 		.ascii	"slaveRxBufferSize\000"
 1713      65527842 
 1713      75666665 
 1713      7253697A 
 1713      6500
 1714              	.LASF161:
 1715 0246 63795F73 		.ascii	"cy_stc_scb_i2c_context\000"
 1715      74635F73 
 1715      63625F69 
 1715      32635F63 
 1715      6F6E7465 
 1716              	.LASF63:
 1717 025d 666C6173 		.ascii	"flashCtlMainWs0Freq\000"
 1717      6843746C 
 1717      4D61696E 
 1717      57733046 
 1717      72657100 
 1718              	.LASF15:
 1719 0271 696E7431 		.ascii	"int16_t\000"
 1719      365F7400 
 1720              	.LASF132:
 1721 0279 63795F73 		.ascii	"cy_stc_sar_config_t\000"
 1721      74635F73 
 1721      61725F63 
 1721      6F6E6669 
 1721      675F7400 
 1722              	.LASF11:
 1723 028d 6C6F6E67 		.ascii	"long long int\000"
 1723      206C6F6E 
 1723      6720696E 
 1723      7400
 1724              	.LASF0:
 1725 029b 7369676E 		.ascii	"signed char\000"
 1725      65642063 
ARM GAS  C:\Users\stijn\AppData\Local\Temp\ccUKNWPE.s 			page 34


 1725      68617200 
 1726              	.LASF79:
 1727 02a7 70657269 		.ascii	"periDivCmdTypeSelPos\000"
 1727      44697643 
 1727      6D645479 
 1727      70655365 
 1727      6C506F73 
 1728              	.LASF116:
 1729 02bc 63795F65 		.ascii	"cy_en_sar_range_detect_condition_t\000"
 1729      6E5F7361 
 1729      725F7261 
 1729      6E67655F 
 1729      64657465 
 1730              	.LASF181:
 1731 02df 636C6B44 		.ascii	"clkDivider\000"
 1731      69766964 
 1731      657200
 1732              	.LASF37:
 1733 02ea 69706356 		.ascii	"ipcVersion\000"
 1733      65727369 
 1733      6F6E00
 1734              	.LASF99:
 1735 02f5 63707573 		.ascii	"cpussCm0NmiCtlOffset\000"
 1735      73436D30 
 1735      4E6D6943 
 1735      746C4F66 
 1735      66736574 
 1736              	.LASF47:
 1737 030a 73727373 		.ascii	"srssNumClkpath\000"
 1737      4E756D43 
 1737      6C6B7061 
 1737      746800
 1738              	.LASF26:
 1739 0319 6873696F 		.ascii	"hsiomBase\000"
 1739      6D426173 
 1739      6500
 1740              	.LASF112:
 1741 0323 43595F53 		.ascii	"CY_SAR_RANGE_COND_BELOW\000"
 1741      41525F52 
 1741      414E4745 
 1741      5F434F4E 
 1741      445F4245 
 1742              	.LASF140:
 1743 033b 73746174 		.ascii	"state\000"
 1743      6500
 1744              	.LASF136:
 1745 0341 63795F63 		.ascii	"cy_cb_scb_i2c_handle_events_t\000"
 1745      625F7363 
 1745      625F6932 
 1745      635F6861 
 1745      6E646C65 
 1746              	.LASF8:
 1747 035f 6C6F6E67 		.ascii	"long int\000"
 1747      20696E74 
 1747      00
 1748              	.LASF143:
 1749 0368 6D617374 		.ascii	"masterRdDir\000"
ARM GAS  C:\Users\stijn\AppData\Local\Temp\ccUKNWPE.s 			page 35


 1749      65725264 
 1749      44697200 
 1750              	.LASF134:
 1751 0374 43595F53 		.ascii	"CY_SCB_I2C_NAK\000"
 1751      43425F49 
 1751      32435F4E 
 1751      414B00
 1752              	.LASF57:
 1753 0383 63727970 		.ascii	"cryptoMemSize\000"
 1753      746F4D65 
 1753      6D53697A 
 1753      6500
 1754              	.LASF23:
 1755 0391 70657269 		.ascii	"periBase\000"
 1755      42617365 
 1755      00
 1756              	.LASF55:
 1757 039a 73797350 		.ascii	"sysPmSimoPresent\000"
 1757      6D53696D 
 1757      6F507265 
 1757      73656E74 
 1757      00
 1758              	.LASF114:
 1759 03ab 43595F53 		.ascii	"CY_SAR_RANGE_COND_ABOVE\000"
 1759      41525F52 
 1759      414E4745 
 1759      5F434F4E 
 1759      445F4142 
 1760              	.LASF16:
 1761 03c3 75696E74 		.ascii	"uint16_t\000"
 1761      31365F74 
 1761      00
 1762              	.LASF110:
 1763 03cc 646F7562 		.ascii	"double\000"
 1763      6C6500
 1764              	.LASF84:
 1765 03d3 70657269 		.ascii	"periDiv16_5CtlOffset\000"
 1765      44697631 
 1765      365F3543 
 1765      746C4F66 
 1765      66736574 
 1766              	.LASF48:
 1767 03e8 73727373 		.ascii	"srssNumPll\000"
 1767      4E756D50 
 1767      6C6C00
 1768              	.LASF182:
 1769 03f3 4144435F 		.ascii	"ADC_CONFIG_STRUCT\000"
 1769      434F4E46 
 1769      49475F53 
 1769      54525543 
 1769      5400
 1770              	.LASF82:
 1771 0405 70657269 		.ascii	"periDiv8CtlOffset\000"
 1771      44697638 
 1771      43746C4F 
 1771      66667365 
 1771      7400
ARM GAS  C:\Users\stijn\AppData\Local\Temp\ccUKNWPE.s 			page 36


 1772              	.LASF6:
 1773 0417 73686F72 		.ascii	"short unsigned int\000"
 1773      7420756E 
 1773      7369676E 
 1773      65642069 
 1773      6E7400
 1774              	.LASF89:
 1775 042a 6770696F 		.ascii	"gpioPrtCfgOutOffset\000"
 1775      50727443 
 1775      66674F75 
 1775      744F6666 
 1775      73657400 
 1776              	.LASF158:
 1777 043e 63624164 		.ascii	"cbAddr\000"
 1777      647200
 1778              	.LASF22:
 1779 0445 666C6173 		.ascii	"flashcBase\000"
 1779      68634261 
 1779      736500
 1780              	.LASF9:
 1781 0450 5F5F7569 		.ascii	"__uint32_t\000"
 1781      6E743332 
 1781      5F7400
 1782              	.LASF191:
 1783 045b 433A5C55 		.ascii	"C:\\Users\\stijn\\OneDrive\\Documenten\\PSoC Creato"
 1783      73657273 
 1783      5C737469 
 1783      6A6E5C4F 
 1783      6E654472 
 1784 0489 725C4144 		.ascii	"r\\ADC Klodden\\RTOS_I2C_Test.cydsn\000"
 1784      43204B6C 
 1784      6F646465 
 1784      6E5C5254 
 1784      4F535F49 
 1785              	.LASF52:
 1786 04ab 70617373 		.ascii	"passSarChannels\000"
 1786      53617243 
 1786      68616E6E 
 1786      656C7300 
 1787              	.LASF179:
 1788 04bb 6877436F 		.ascii	"hwConfigStc\000"
 1788      6E666967 
 1788      53746300 
 1789              	.LASF3:
 1790 04c7 5F5F696E 		.ascii	"__int16_t\000"
 1790      7431365F 
 1790      7400
 1791              	.LASF171:
 1792 04d1 72784275 		.ascii	"rxBufIdx\000"
 1792      66496478 
 1792      00
 1793              	.LASF117:
 1794 04da 6374726C 		.ascii	"ctrl\000"
 1794      00
 1795              	.LASF95:
 1796 04df 63707573 		.ascii	"cpussCm4PwrCtlOffset\000"
 1796      73436D34 
ARM GAS  C:\Users\stijn\AppData\Local\Temp\ccUKNWPE.s 			page 37


 1796      50777243 
 1796      746C4F66 
 1796      66736574 
 1797              	.LASF173:
 1798 04f4 74784275 		.ascii	"txBufSize\000"
 1798      6653697A 
 1798      6500
 1799              	.LASF154:
 1800 04fe 736C6176 		.ascii	"slaveRxBuffer\000"
 1800      65527842 
 1800      75666665 
 1800      7200
 1801              	.LASF90:
 1802 050c 6770696F 		.ascii	"gpioPrtCfgSioOffset\000"
 1802      50727443 
 1802      66675369 
 1802      6F4F6666 
 1802      73657400 
 1803              	.LASF94:
 1804 0520 63707573 		.ascii	"cpussCm0StatusOffset\000"
 1804      73436D30 
 1804      53746174 
 1804      75734F66 
 1804      66736574 
 1805              	.LASF13:
 1806 0535 756E7369 		.ascii	"unsigned int\000"
 1806      676E6564 
 1806      20696E74 
 1806      00
 1807              	.LASF192:
 1808 0542 57616974 		.ascii	"WaitOneUnit\000"
 1808      4F6E6555 
 1808      6E697400 
 1809              	.LASF152:
 1810 054e 736C6176 		.ascii	"slaveTxBufferIdx\000"
 1810      65547842 
 1810      75666665 
 1810      72496478 
 1810      00
 1811              	.LASF39:
 1812 055f 70726F74 		.ascii	"protVersion\000"
 1812      56657273 
 1812      696F6E00 
 1813              	.LASF149:
 1814 056b 736C6176 		.ascii	"slaveRdBufEmpty\000"
 1814      65526442 
 1814      7566456D 
 1814      70747900 
 1815              	.LASF75:
 1816 057b 70657269 		.ascii	"periTrCmdGrSelMsk\000"
 1816      5472436D 
 1816      64477253 
 1816      656C4D73 
 1816      6B00
 1817              	.LASF10:
 1818 058d 6C6F6E67 		.ascii	"long unsigned int\000"
 1818      20756E73 
ARM GAS  C:\Users\stijn\AppData\Local\Temp\ccUKNWPE.s 			page 38


 1818      69676E65 
 1818      6420696E 
 1818      7400
 1819              	.LASF188:
 1820 059f 6D493243 		.ascii	"mI2C_context\000"
 1820      5F636F6E 
 1820      74657874 
 1820      00
 1821              	.LASF160:
 1822 05ac 63795F63 		.ascii	"cy_cb_scb_uart_handle_events_t\000"
 1822      625F7363 
 1822      625F7561 
 1822      72745F68 
 1822      616E646C 
 1823              	.LASF193:
 1824 05cb 74696D65 		.ascii	"timeout\000"
 1824      6F757400 
 1825              	.LASF185:
 1826 05d3 55415254 		.ascii	"UART_context\000"
 1826      5F636F6E 
 1826      74657874 
 1826      00
 1827              	.LASF40:
 1828 05e0 63707573 		.ascii	"cpussIpcNr\000"
 1828      73497063 
 1828      4E7200
 1829              	.LASF42:
 1830 05eb 63707573 		.ascii	"cpussDwChNr\000"
 1830      73447743 
 1830      684E7200 
 1831              	.LASF65:
 1832 05f7 666C6173 		.ascii	"flashCtlMainWs2Freq\000"
 1832      6843746C 
 1832      4D61696E 
 1832      57733246 
 1832      72657100 
 1833              	.LASF139:
 1834 060b 75736554 		.ascii	"useTxFifo\000"
 1834      78466966 
 1834      6F00
 1835              	.LASF119:
 1836 0615 73616D70 		.ascii	"sampleTime01\000"
 1836      6C655469 
 1836      6D653031 
 1836      00
 1837              	.LASF76:
 1838 0622 70657269 		.ascii	"periTrGrOffset\000"
 1838      54724772 
 1838      4F666673 
 1838      657400
 1839              	.LASF103:
 1840 0631 63707573 		.ascii	"cpussRam1Ctl0\000"
 1840      7352616D 
 1840      3143746C 
 1840      3000
 1841              	.LASF121:
 1842 063f 72616E67 		.ascii	"rangeThres\000"
ARM GAS  C:\Users\stijn\AppData\Local\Temp\ccUKNWPE.s 			page 39


 1842      65546872 
 1842      657300
 1843              	.LASF157:
 1844 064a 63624576 		.ascii	"cbEvents\000"
 1844      656E7473 
 1844      00
 1845              	.LASF87:
 1846 0653 6770696F 		.ascii	"gpioPrtCfgOffset\000"
 1846      50727443 
 1846      66674F66 
 1846      66736574 
 1846      00
 1847              	.LASF35:
 1848 0664 6770696F 		.ascii	"gpioVersion\000"
 1848      56657273 
 1848      696F6E00 
 1849              	.LASF178:
 1850 0670 6E756D43 		.ascii	"numChannels\000"
 1850      68616E6E 
 1850      656C7300 
 1851              	.LASF107:
 1852 067c 63795F73 		.ascii	"cy_stc_device_t\000"
 1852      74635F64 
 1852      65766963 
 1852      655F7400 
 1853              	.LASF124:
 1854 068c 6368616E 		.ascii	"chanConfig\000"
 1854      436F6E66 
 1854      696700
 1855              	.LASF25:
 1856 0697 70726F74 		.ascii	"protBase\000"
 1856      42617365 
 1856      00
 1857              	.LASF96:
 1858 06a0 63707573 		.ascii	"cpussTrimRamCtlOffset\000"
 1858      73547269 
 1858      6D52616D 
 1858      43746C4F 
 1858      66667365 
 1859              	.LASF190:
 1860 06b6 77616974 		.ascii	"wait.c\000"
 1860      2E6300
 1861              	.LASF91:
 1862 06bd 63707573 		.ascii	"cpussCm0ClockCtlOffset\000"
 1862      73436D30 
 1862      436C6F63 
 1862      6B43746C 
 1862      4F666673 
 1863              	.LASF30:
 1864 06d4 63727970 		.ascii	"cryptoBase\000"
 1864      746F4261 
 1864      736500
 1865              	.LASF135:
 1866 06df 63795F65 		.ascii	"cy_en_scb_i2c_command_t\000"
 1866      6E5F7363 
 1866      625F6932 
 1866      635F636F 
ARM GAS  C:\Users\stijn\AppData\Local\Temp\ccUKNWPE.s 			page 40


 1866      6D6D616E 
 1867              	.LASF19:
 1868 06f7 73697A65 		.ascii	"sizetype\000"
 1868      74797065 
 1868      00
 1869              	.LASF68:
 1870 0700 64774368 		.ascii	"dwChOffset\000"
 1870      4F666673 
 1870      657400
 1871              	.LASF146:
 1872 070b 6D617374 		.ascii	"masterBufferIdx\000"
 1872      65724275 
 1872      66666572 
 1872      49647800 
 1873              	.LASF120:
 1874 071b 73616D70 		.ascii	"sampleTime23\000"
 1874      6C655469 
 1874      6D653233 
 1874      00
 1875              	.LASF81:
 1876 0728 70657269 		.ascii	"periDivCmdPaTypeSelPos\000"
 1876      44697643 
 1876      6D645061 
 1876      54797065 
 1876      53656C50 
 1877              	.LASF53:
 1878 073f 65704D6F 		.ascii	"epMonitorNr\000"
 1878      6E69746F 
 1878      724E7200 
 1879              	.LASF130:
 1880 074b 636F6E66 		.ascii	"configRouting\000"
 1880      6967526F 
 1880      7574696E 
 1880      6700
 1881              	.LASF133:
 1882 0759 43595F53 		.ascii	"CY_SCB_I2C_ACK\000"
 1882      43425F49 
 1882      32435F41 
 1882      434B00
 1883              	.LASF72:
 1884 0768 64775374 		.ascii	"dwStatusChIdxPos\000"
 1884      61747573 
 1884      43684964 
 1884      78506F73 
 1884      00
 1885              	.LASF54:
 1886 0779 75646250 		.ascii	"udbPresent\000"
 1886      72657365 
 1886      6E7400
 1887              	.LASF164:
 1888 0784 72785374 		.ascii	"rxStatus\000"
 1888      61747573 
 1888      00
 1889              	.LASF34:
 1890 078d 666C6173 		.ascii	"flashcVersion\000"
 1890      68635665 
 1890      7273696F 
ARM GAS  C:\Users\stijn\AppData\Local\Temp\ccUKNWPE.s 			page 41


 1890      6E00
 1891              	.LASF51:
 1892 079b 736D6966 		.ascii	"smifDeviceNr\000"
 1892      44657669 
 1892      63654E72 
 1892      00
 1893              	.LASF127:
 1894 07a8 72616E67 		.ascii	"rangeIntrMask\000"
 1894      65496E74 
 1894      724D6173 
 1894      6B00
 1895              	.LASF102:
 1896 07b6 63707573 		.ascii	"cpussRam0Ctl0\000"
 1896      7352616D 
 1896      3043746C 
 1896      3000
 1897              	.LASF38:
 1898 07c4 70657269 		.ascii	"periVersion\000"
 1898      56657273 
 1898      696F6E00 
 1899              	.LASF109:
 1900 07d0 666C6F61 		.ascii	"float\000"
 1900      7400
 1901              	.LASF73:
 1902 07d6 64775374 		.ascii	"dwStatusChIdxMsk\000"
 1902      61747573 
 1902      43684964 
 1902      784D736B 
 1902      00
 1903              	.LASF184:
 1904 07e7 63795F64 		.ascii	"cy_device\000"
 1904      65766963 
 1904      6500
 1905              	.LASF101:
 1906 07f1 63707573 		.ascii	"cpussRomCtl\000"
 1906      73526F6D 
 1906      43746C00 
 1907              	.LASF71:
 1908 07fd 64774368 		.ascii	"dwChCtlPreemptablePos\000"
 1908      43746C50 
 1908      7265656D 
 1908      70746162 
 1908      6C65506F 
 1909              	.LASF174:
 1910 0813 74784C65 		.ascii	"txLeftToTransmit\000"
 1910      6674546F 
 1910      5472616E 
 1910      736D6974 
 1910      00
 1911              	.LASF123:
 1912 0824 6368616E 		.ascii	"chanEn\000"
 1912      456E00
 1913              	.LASF24:
 1914 082b 75646242 		.ascii	"udbBase\000"
 1914      61736500 
 1915              	.LASF113:
 1916 0833 43595F53 		.ascii	"CY_SAR_RANGE_COND_INSIDE\000"
ARM GAS  C:\Users\stijn\AppData\Local\Temp\ccUKNWPE.s 			page 42


 1916      41525F52 
 1916      414E4745 
 1916      5F434F4E 
 1916      445F494E 
 1917              	.LASF111:
 1918 084c 5F426F6F 		.ascii	"_Bool\000"
 1918      6C00
 1919              	.LASF17:
 1920 0852 696E7433 		.ascii	"int32_t\000"
 1920      325F7400 
 1921              	.LASF1:
 1922 085a 756E7369 		.ascii	"unsigned char\000"
 1922      676E6564 
 1922      20636861 
 1922      7200
 1923              	.LASF67:
 1924 0868 666C6173 		.ascii	"flashCtlMainWs4Freq\000"
 1924      6843746C 
 1924      4D61696E 
 1924      57733446 
 1924      72657100 
 1925              	.LASF183:
 1926 087c 49544D5F 		.ascii	"ITM_RxBuffer\000"
 1926      52784275 
 1926      66666572 
 1926      00
 1927              	.LASF106:
 1928 0889 6970634C 		.ascii	"ipcLockStatusOffset\000"
 1928      6F636B53 
 1928      74617475 
 1928      734F6666 
 1928      73657400 
 1929              	.LASF85:
 1930 089d 70657269 		.ascii	"periDiv24_5CtlOffset\000"
 1930      44697632 
 1930      345F3543 
 1930      746C4F66 
 1930      66736574 
 1931              	.LASF4:
 1932 08b2 73686F72 		.ascii	"short int\000"
 1932      7420696E 
 1932      7400
 1933              	.LASF128:
 1934 08bc 6D757853 		.ascii	"muxSwitch\000"
 1934      77697463 
 1934      6800
 1935              	.LASF125:
 1936 08c6 696E7472 		.ascii	"intrMask\000"
 1936      4D61736B 
 1936      00
 1937              	.LASF97:
 1938 08cf 63707573 		.ascii	"cpussTrimRomCtlOffset\000"
 1938      73547269 
 1938      6D526F6D 
 1938      43746C4F 
 1938      66667365 
 1939              	.LASF145:
ARM GAS  C:\Users\stijn\AppData\Local\Temp\ccUKNWPE.s 			page 43


 1940 08e5 6D617374 		.ascii	"masterBufferSize\000"
 1940      65724275 
 1940      66666572 
 1940      53697A65 
 1940      00
 1941              	.LASF78:
 1942 08f6 70657269 		.ascii	"periDivCmdDivSelMsk\000"
 1942      44697643 
 1942      6D644469 
 1942      7653656C 
 1942      4D736B00 
 1943              	.LASF142:
 1944 090a 6D617374 		.ascii	"masterPause\000"
 1944      65725061 
 1944      75736500 
 1945              	.LASF137:
 1946 0916 63795F63 		.ascii	"cy_cb_scb_i2c_handle_addr_t\000"
 1946      625F7363 
 1946      625F6932 
 1946      635F6861 
 1946      6E646C65 
 1947              	.LASF147:
 1948 0932 6D617374 		.ascii	"masterNumBytes\000"
 1948      65724E75 
 1948      6D427974 
 1948      657300
 1949              	.LASF153:
 1950 0941 736C6176 		.ascii	"slaveTxBufferCnt\000"
 1950      65547842 
 1950      75666665 
 1950      72436E74 
 1950      00
 1951              	.LASF62:
 1952 0952 666C6173 		.ascii	"flashEraseDelay\000"
 1952      68457261 
 1952      73654465 
 1952      6C617900 
 1953              	.LASF45:
 1954 0962 63707573 		.ascii	"cpussFmIrq\000"
 1954      73466D49 
 1954      727100
 1955              	.LASF77:
 1956 096d 70657269 		.ascii	"periTrGrSize\000"
 1956      54724772 
 1956      53697A65 
 1956      00
 1957              	.LASF159:
 1958 097a 63795F73 		.ascii	"cy_stc_scb_i2c_context_t\000"
 1958      74635F73 
 1958      63625F69 
 1958      32635F63 
 1958      6F6E7465 
 1959              	.LASF131:
 1960 0993 76726566 		.ascii	"vrefMvValue\000"
 1960      4D765661 
 1960      6C756500 
 1961              	.LASF20:
ARM GAS  C:\Users\stijn\AppData\Local\Temp\ccUKNWPE.s 			page 44


 1962 099f 6C6F6E67 		.ascii	"long double\000"
 1962      20646F75 
 1962      626C6500 
 1963              	.LASF108:
 1964 09ab 63686172 		.ascii	"char\000"
 1964      00
 1965              	.LASF64:
 1966 09b0 666C6173 		.ascii	"flashCtlMainWs1Freq\000"
 1966      6843746C 
 1966      4D61696E 
 1966      57733146 
 1966      72657100 
 1967              	.LASF187:
 1968 09c4 4144435F 		.ascii	"ADC_allConfigs\000"
 1968      616C6C43 
 1968      6F6E6669 
 1968      677300
 1969              	.LASF5:
 1970 09d3 5F5F7569 		.ascii	"__uint16_t\000"
 1970      6E743136 
 1970      5F7400
 1971              	.LASF83:
 1972 09de 70657269 		.ascii	"periDiv16CtlOffset\000"
 1972      44697631 
 1972      3643746C 
 1972      4F666673 
 1972      657400
 1973              	.LASF7:
 1974 09f1 5F5F696E 		.ascii	"__int32_t\000"
 1974      7433325F 
 1974      7400
 1975              	.LASF36:
 1976 09fb 6873696F 		.ascii	"hsiomVersion\000"
 1976      6D566572 
 1976      73696F6E 
 1976      00
 1977              	.LASF61:
 1978 0a08 666C6173 		.ascii	"flashProgramDelay\000"
 1978      6850726F 
 1978      6772616D 
 1978      44656C61 
 1978      7900
 1979              	.LASF167:
 1980 0a1a 72785269 		.ascii	"rxRingBufHead\000"
 1980      6E674275 
 1980      66486561 
 1980      6400
 1981              	.LASF166:
 1982 0a28 72785269 		.ascii	"rxRingBufSize\000"
 1982      6E674275 
 1982      6653697A 
 1982      6500
 1983              	.LASF180:
 1984 0a36 6D697363 		.ascii	"miscConfig\000"
 1984      436F6E66 
 1984      696700
 1985              	.LASF69:
ARM GAS  C:\Users\stijn\AppData\Local\Temp\ccUKNWPE.s 			page 45


 1986 0a41 64774368 		.ascii	"dwChSize\000"
 1986      53697A65 
 1986      00
 1987              	.LASF105:
 1988 0a4a 69706353 		.ascii	"ipcStructSize\000"
 1988      74727563 
 1988      7453697A 
 1988      6500
 1989              	.LASF138:
 1990 0a58 75736552 		.ascii	"useRxFifo\000"
 1990      78466966 
 1990      6F00
 1991              	.LASF44:
 1992 0a62 63707573 		.ascii	"cpussIpc0Irq\000"
 1992      73497063 
 1992      30497271 
 1992      00
 1993              	.LASF27:
 1994 0a6f 6770696F 		.ascii	"gpioBase\000"
 1994      42617365 
 1994      00
 1995              	.LASF175:
 1996 0a78 696E6974 		.ascii	"initKey\000"
 1996      4B657900 
 1997              	.LASF169:
 1998 0a80 72784275 		.ascii	"rxBuf\000"
 1998      6600
 1999              	.LASF150:
 2000 0a86 736C6176 		.ascii	"slaveTxBuffer\000"
 2000      65547842 
 2000      75666665 
 2000      7200
 2001              	.LASF151:
 2002 0a94 736C6176 		.ascii	"slaveTxBufferSize\000"
 2002      65547842 
 2002      75666665 
 2002      7253697A 
 2002      6500
 2003              	.LASF176:
 2004 0aa6 63795F73 		.ascii	"cy_stc_scb_uart_context_t\000"
 2004      74635F73 
 2004      63625F75 
 2004      6172745F 
 2004      636F6E74 
 2005              	.LASF49:
 2006 0ac0 73727373 		.ascii	"srssNumHfroot\000"
 2006      4E756D48 
 2006      66726F6F 
 2006      7400
 2007              	.LASF122:
 2008 0ace 72616E67 		.ascii	"rangeCond\000"
 2008      65436F6E 
 2008      6400
 2009              	.LASF194:
 2010 0ad8 73746174 		.ascii	"status\000"
 2010      757300
 2011              	.LASF46:
ARM GAS  C:\Users\stijn\AppData\Local\Temp\ccUKNWPE.s 			page 46


 2012 0adf 63707573 		.ascii	"cpussNotConnectedIrq\000"
 2012      734E6F74 
 2012      436F6E6E 
 2012      65637465 
 2012      64497271 
 2013              	.LASF100:
 2014 0af4 63707573 		.ascii	"cpussCm4NmiCtlOffset\000"
 2014      73436D34 
 2014      4E6D6943 
 2014      746C4F66 
 2014      66736574 
 2015              	.LASF60:
 2016 0b09 666C6173 		.ascii	"flashWriteDelay\000"
 2016      68577269 
 2016      74654465 
 2016      6C617900 
 2017              	.LASF118:
 2018 0b19 73616D70 		.ascii	"sampleCtrl\000"
 2018      6C654374 
 2018      726C00
 2019              	.LASF14:
 2020 0b24 75696E74 		.ascii	"uint8_t\000"
 2020      385F7400 
 2021              	.LASF93:
 2022 0b2c 63707573 		.ascii	"cpussCm4StatusOffset\000"
 2022      73436D34 
 2022      53746174 
 2022      75734F66 
 2022      66736574 
 2023              	.LASF86:
 2024 0b41 6770696F 		.ascii	"gpioPrtIntrCfgOffset\000"
 2024      50727449 
 2024      6E747243 
 2024      66674F66 
 2024      66736574 
 2025              	.LASF115:
 2026 0b56 43595F53 		.ascii	"CY_SAR_RANGE_COND_OUTSIDE\000"
 2026      41525F52 
 2026      414E4745 
 2026      5F434F4E 
 2026      445F4F55 
 2027              	.LASF168:
 2028 0b70 72785269 		.ascii	"rxRingBufTail\000"
 2028      6E674275 
 2028      66546169 
 2028      6C00
 2029              	.LASF177:
 2030 0b7e 6368616E 		.ascii	"channelBase\000"
 2030      6E656C42 
 2030      61736500 
 2031              	.LASF163:
 2032 0b8a 74785374 		.ascii	"txStatus\000"
 2032      61747573 
 2032      00
 2033              	.LASF129:
 2034 0b93 6D757853 		.ascii	"muxSwitchSqCtrl\000"
 2034      77697463 
ARM GAS  C:\Users\stijn\AppData\Local\Temp\ccUKNWPE.s 			page 47


 2034      68537143 
 2034      74726C00 
 2035              	.LASF33:
 2036 0ba3 64775665 		.ascii	"dwVersion\000"
 2036      7273696F 
 2036      6E00
 2037              	.LASF29:
 2038 0bad 69706342 		.ascii	"ipcBase\000"
 2038      61736500 
 2039              	.LASF80:
 2040 0bb5 70657269 		.ascii	"periDivCmdPaDivSelPos\000"
 2040      44697643 
 2040      6D645061 
 2040      44697653 
 2040      656C506F 
 2041              	.LASF162:
 2042 0bcb 63795F73 		.ascii	"cy_stc_scb_uart_context\000"
 2042      74635F73 
 2042      63625F75 
 2042      6172745F 
 2042      636F6E74 
 2043              	.LASF31:
 2044 0be3 63707573 		.ascii	"cpussVersion\000"
 2044      73566572 
 2044      73696F6E 
 2044      00
 2045              	.LASF18:
 2046 0bf0 75696E74 		.ascii	"uint32_t\000"
 2046      33325F74 
 2046      00
 2047              	.LASF58:
 2048 0bf9 666C6173 		.ascii	"flashRwwRequired\000"
 2048      68527777 
 2048      52657175 
 2048      69726564 
 2048      00
 2049              		.ident	"GCC: (GNU Tools for ARM Embedded Processors) 5.4.1 20160609 (release) [ARM/embedded-5-bran
