#***************************************************************************

#sjplacer

#Version:            1.1

#Build Date:         Dec  5 2017 15:35:27

#File Generated:     Apr 18 2019 13:33:16

#Purpose:            

#Copyright (C) 2010-2011 by Softjin Technologies Pvt Ltd. All rights reserved.

#***************************************************************************

Executing : C:\Program Files (x86)\Cypress\PSoC Creator\4.2\PSoC Creator\bin/sjplacer.exe --proj-name RTOS_I2C_Test --netlist-vh2 RTOS_I2C_Test_p.vh2 --arch p6_udb2x6 --arch-file C:\Users\stijn\OneDrive\Documenten\PSoC Creator\4.2\Devices\arch/udbdsi2_2x6_12.cydata --ip-file C:\Users\stijn\OneDrive\Documenten\PSoC Creator\4.2\Devices\psoc6/0/ip_blocks.cydata --rrg-file C:\Users\stijn\OneDrive\Documenten\PSoC Creator\4.2\Devices\psoc6/0/route_arch-rrg.cydata --irq-file C:\Users\stijn\OneDrive\Documenten\PSoC Creator\4.2\Devices\psoc6/0/irqconn.cydata --drq-file C:\Users\stijn\OneDrive\Documenten\PSoC Creator\4.2\Devices\psoc6/0/triggerconn.cydata --dsi-conn-file C:\Users\stijn\OneDrive\Documenten\PSoC Creator\4.2\Devices\psoc6/0/dsiconn.cydata --pins-file pins_124-BGA.xml --lib-file RTOS_I2C_Test_p.lib --sdc-file RTOS_I2C_Test.sdc --io-pcf RTOS_I2C_Test.pci --outdir .

		Softjin Techologies Placer, Version 1.1

Build Date : Dec  5 2017	15:33:41

D2004: Option and Settings Summary
=============================================================
Netlist vh2 file          - RTOS_I2C_Test_p.vh2
Architecture file         - C:\Users\stijn\OneDrive\Documenten\PSoC Creator\4.2\Devices\arch/udbdsi2_2x6_12.cydata
Package                   - 
Defparam file             - 
SDC file                  - RTOS_I2C_Test.sdc
Output directory          - .
Timing library            - RTOS_I2C_Test_p.lib
IO Placement file         - RTOS_I2C_Test.pci

D2050: Starting reading inputs for placer
=============================================================
D2065: Reading netlist file : "RTOS_I2C_Test_p.vh2"
D2065: Reading arch file : "C:\Users\stijn\OneDrive\Documenten\PSoC Creator\4.2\Devices\arch/udbdsi2_2x6_12.cydata"
D2051: Reading of inputs for placer completed successfully

D2053: Starting placement of the design
=============================================================

Phase 2
Phase 3

Design Statistics after Packing
    Number of Combinational MCs 	:	0
    Number of Sequential MCs    	:	6
    Number of DPs               	:	0
    Number of Controls          	:	1
    Number of Status            	:	0
    Number of SyncCells         	:	0
    Number of count7cells       	:	0

Device Utilization Summary after Packing
    Macrocells                  :	6/96
    UDBS                        :	1/12
    IOs                         :	17/104


D2088: Phase 3, elapsed time : 0.0 (sec)

Phase 4
D2088: Phase 4, elapsed time : 0.0 (sec)

Phase 6

######################################################################
Placement Timing Summary

The timing summary is based on estimated routing delays after
placement. For final timing report, please carry out the timing
analysis after routing.
======================================================================

######################################################################
                     Clock Summary 
======================================================================
Number of clocks: 13
Clock: ADC_intSarClock      | Frequency: N/A       | Target:   1.0 MHz
Clock: AMuxClk_App          | Frequency: 183.7 MHz | Target:  12.5 MHz
Clock: CyClk_Fast           | Frequency: N/A       | Target: 100.0 MHz
Clock: CyClk_HF0            | Frequency: N/A       | Target: 100.0 MHz
Clock: CyClk_LF             | Frequency: N/A       | Target:   0.0 MHz
Clock: CyClk_Peri           | Frequency: N/A       | Target:  50.0 MHz
Clock: CyClk_Slow           | Frequency: N/A       | Target:  50.0 MHz
Clock: CyFLL                | Frequency: N/A       | Target: 100.0 MHz
Clock: CyILO                | Frequency: N/A       | Target:   0.0 MHz
Clock: CyIMO                | Frequency: N/A       | Target:   8.0 MHz
Clock: CyPeriClk_App        | Frequency: N/A       | Target:  50.0 MHz
Clock: UART_SCBCLK          | Frequency: N/A       | Target:   1.4 MHz
Clock: mI2C_SCBCLK          | Frequency: N/A       | Target:   8.3 MHz

======================================================================
                     End of Clock Summary
######################################################################

D2088: Phase 6, elapsed time : 0.0 (sec)

Phase 7
######################################################################
                     Clock Summary 
======================================================================
Number of clocks: 13
Clock: ADC_intSarClock      | Frequency: N/A       | Target:   1.0 MHz
Clock: AMuxClk_App          | Frequency: 183.7 MHz | Target:  12.5 MHz
Clock: CyClk_Fast           | Frequency: N/A       | Target: 100.0 MHz
Clock: CyClk_HF0            | Frequency: N/A       | Target: 100.0 MHz
Clock: CyClk_LF             | Frequency: N/A       | Target:   0.0 MHz
Clock: CyClk_Peri           | Frequency: N/A       | Target:  50.0 MHz
Clock: CyClk_Slow           | Frequency: N/A       | Target:  50.0 MHz
Clock: CyFLL                | Frequency: N/A       | Target: 100.0 MHz
Clock: CyILO                | Frequency: N/A       | Target:   0.0 MHz
Clock: CyIMO                | Frequency: N/A       | Target:   8.0 MHz
Clock: CyPeriClk_App        | Frequency: N/A       | Target:  50.0 MHz
Clock: UART_SCBCLK          | Frequency: N/A       | Target:   1.4 MHz
Clock: mI2C_SCBCLK          | Frequency: N/A       | Target:   8.3 MHz

======================================================================
                     End of Clock Summary
######################################################################
D2088: Phase 7, elapsed time : 0.0 (sec)

Final Design Statistics
    Number of Combinational MCs 	:	0
    Number of Sequential MCs    	:	6
    Number of DPs               	:	0
    Number of Controls          	:	1
    Number of Status            	:	0
    Number of SyncCells         	:	0
    Number of count7cells       	:	0
    Number of IOs       	:	17

Device Utilization Summary
    Macrocells                  :	6/96
    IOs                         :	17/104



######################################################################
Placement Timing Summary

The timing summary is based on estimated routing delays after
placement. For final timing report, please carry out the timing
analysis after routing.
======================================================================


######################################################################
                     Clock Summary 
======================================================================
Number of clocks: 13
Clock: ADC_intSarClock      | Frequency: N/A       | Target:   1.0 MHz
Clock: AMuxClk_App          | Frequency: 183.7 MHz | Target:  13.7 MHz
Clock: CyClk_Fast           | Frequency: N/A       | Target: 100.0 MHz
Clock: CyClk_HF0            | Frequency: N/A       | Target: 100.0 MHz
Clock: CyClk_LF             | Frequency: N/A       | Target:   0.0 MHz
Clock: CyClk_Peri           | Frequency: N/A       | Target:  50.0 MHz
Clock: CyClk_Slow           | Frequency: N/A       | Target:  50.0 MHz
Clock: CyFLL                | Frequency: N/A       | Target: 100.0 MHz
Clock: CyILO                | Frequency: N/A       | Target:   0.0 MHz
Clock: CyIMO                | Frequency: N/A       | Target:   8.0 MHz
Clock: CyPeriClk_App        | Frequency: N/A       | Target:  50.0 MHz
Clock: UART_SCBCLK          | Frequency: N/A       | Target:   1.4 MHz
Clock: mI2C_SCBCLK          | Frequency: N/A       | Target:   8.3 MHz

======================================================================
                     End of Clock Summary
######################################################################

Phase 8
D2088: Phase 8, elapsed time : 0.0 (sec)

D2054: Placement of the design completed successfully

I2076: Total run-time: 0.5 sec.

